{"C:\\Users\\TUTU GODFREY\\Desktop\\week2\\eventmanager\\server\\trans\\test\\test.js":{"path":"C:\\Users\\TUTU GODFREY\\Desktop\\week2\\eventmanager\\server\\trans\\test\\test.js","statementMap":{"0":{"start":{"line":3,"column":12},"end":{"line":3,"column":27}},"1":{"start":{"line":5,"column":13},"end":{"line":5,"column":42}},"2":{"start":{"line":7,"column":16},"end":{"line":7,"column":36}},"3":{"start":{"line":9,"column":17},"end":{"line":9,"column":50}},"4":{"start":{"line":11,"column":11},"end":{"line":11,"column":30}},"5":{"start":{"line":13,"column":12},"end":{"line":13,"column":40}},"6":{"start":{"line":15,"column":39},"end":{"line":15,"column":93}},"7":{"start":{"line":17,"column":13},"end":{"line":17,"column":32}},"8":{"start":{"line":18,"column":13},"end":{"line":18,"column":34}},"9":{"start":{"line":20,"column":0},"end":{"line":20,"column":39}},"10":{"start":{"line":22,"column":0},"end":{"line":35,"column":3}},"11":{"start":{"line":23,"column":2},"end":{"line":34,"column":5}},"12":{"start":{"line":24,"column":4},"end":{"line":26,"column":7}},"13":{"start":{"line":25,"column":6},"end":{"line":25,"column":48}},"14":{"start":{"line":27,"column":4},"end":{"line":29,"column":7}},"15":{"start":{"line":28,"column":6},"end":{"line":28,"column":39}},"16":{"start":{"line":31,"column":4},"end":{"line":33,"column":7}},"17":{"start":{"line":32,"column":6},"end":{"line":32,"column":56}}},"fnMap":{"0":{"name":"_interopRequireDefault","decl":{"start":{"line":15,"column":9},"end":{"line":15,"column":31}},"loc":{"start":{"line":15,"column":37},"end":{"line":15,"column":95}},"line":15},"1":{"name":"(anonymous_1)","decl":{"start":{"line":22,"column":19},"end":{"line":22,"column":20}},"loc":{"start":{"line":22,"column":31},"end":{"line":35,"column":1}},"line":22},"2":{"name":"(anonymous_2)","decl":{"start":{"line":23,"column":24},"end":{"line":23,"column":25}},"loc":{"start":{"line":23,"column":36},"end":{"line":34,"column":3}},"line":23},"3":{"name":"(anonymous_3)","decl":{"start":{"line":24,"column":35},"end":{"line":24,"column":36}},"loc":{"start":{"line":24,"column":47},"end":{"line":26,"column":5}},"line":24},"4":{"name":"(anonymous_4)","decl":{"start":{"line":27,"column":33},"end":{"line":27,"column":34}},"loc":{"start":{"line":27,"column":45},"end":{"line":29,"column":5}},"line":27},"5":{"name":"(anonymous_5)","decl":{"start":{"line":31,"column":48},"end":{"line":31,"column":49}},"loc":{"start":{"line":31,"column":60},"end":{"line":33,"column":5}},"line":31}},"branchMap":{"0":{"loc":{"start":{"line":15,"column":46},"end":{"line":15,"column":92}},"type":"cond-expr","locations":[{"start":{"line":15,"column":70},"end":{"line":15,"column":73}},{"start":{"line":15,"column":76},"end":{"line":15,"column":92}}],"line":15},"1":{"loc":{"start":{"line":15,"column":46},"end":{"line":15,"column":67}},"type":"binary-expr","locations":[{"start":{"line":15,"column":46},"end":{"line":15,"column":49}},{"start":{"line":15,"column":53},"end":{"line":15,"column":67}}],"line":15}},"s":{"0":1,"1":1,"2":1,"3":1,"4":1,"5":1,"6":3,"7":1,"8":1,"9":1,"10":1,"11":1,"12":1,"13":1,"14":1,"15":1,"16":1,"17":1},"f":{"0":3,"1":1,"2":1,"3":1,"4":1,"5":1},"b":{"0":[1,2],"1":[3,3]},"_coverageSchema":"332fd63041d2c1bcb487cc26dd0d5f7d97098a6c","hash":"c99a18fbd5f789e09e8b38891002cb6af363c8f6","contentHash":"69c0f33c0aa156145d1b9bc50b7952b5_11.6.0"},"C:\\Users\\TUTU GODFREY\\Desktop\\week2\\eventmanager\\server\\trans\\app.js":{"path":"C:\\Users\\TUTU GODFREY\\Desktop\\week2\\eventmanager\\server\\trans\\app.js","statementMap":{"0":{"start":{"line":3,"column":0},"end":{"line":5,"column":3}},"1":{"start":{"line":7,"column":19},"end":{"line":7,"column":563}},"2":{"start":{"line":7,"column":76},"end":{"line":7,"column":347}},"3":{"start":{"line":7,"column":134},"end":{"line":7,"column":142}},"4":{"start":{"line":7,"column":144},"end":{"line":7,"column":199}},"5":{"start":{"line":7,"column":200},"end":{"line":7,"column":231}},"6":{"start":{"line":7,"column":232},"end":{"line":7,"column":286}},"7":{"start":{"line":7,"column":259},"end":{"line":7,"column":286}},"8":{"start":{"line":7,"column":287},"end":{"line":7,"column":345}},"9":{"start":{"line":7,"column":350},"end":{"line":7,"column":559}},"10":{"start":{"line":7,"column":407},"end":{"line":7,"column":475}},"11":{"start":{"line":7,"column":423},"end":{"line":7,"column":475}},"12":{"start":{"line":7,"column":476},"end":{"line":7,"column":536}},"13":{"start":{"line":7,"column":493},"end":{"line":7,"column":536}},"14":{"start":{"line":7,"column":537},"end":{"line":7,"column":556}},"15":{"start":{"line":9,"column":15},"end":{"line":9,"column":33}},"16":{"start":{"line":11,"column":16},"end":{"line":11,"column":48}},"17":{"start":{"line":13,"column":18},"end":{"line":13,"column":40}},"18":{"start":{"line":15,"column":19},"end":{"line":15,"column":54}},"19":{"start":{"line":17,"column":14},"end":{"line":17,"column":31}},"20":{"start":{"line":19,"column":15},"end":{"line":19,"column":46}},"21":{"start":{"line":21,"column":13},"end":{"line":21,"column":38}},"22":{"start":{"line":23,"column":14},"end":{"line":23,"column":44}},"23":{"start":{"line":25,"column":39},"end":{"line":25,"column":93}},"24":{"start":{"line":27,"column":50},"end":{"line":27,"column":151}},"25":{"start":{"line":27,"column":92},"end":{"line":27,"column":149}},"26":{"start":{"line":29,"column":12},"end":{"line":29,"column":33}},"27":{"start":{"line":32,"column":13},"end":{"line":55,"column":3}},"28":{"start":{"line":34,"column":4},"end":{"line":34,"column":34}},"29":{"start":{"line":36,"column":4},"end":{"line":36,"column":37}},"30":{"start":{"line":37,"column":4},"end":{"line":37,"column":43}},"31":{"start":{"line":38,"column":4},"end":{"line":38,"column":35}},"32":{"start":{"line":39,"column":4},"end":{"line":39,"column":23}},"33":{"start":{"line":42,"column":2},"end":{"line":52,"column":6}},"34":{"start":{"line":45,"column":6},"end":{"line":45,"column":32}},"35":{"start":{"line":46,"column":6},"end":{"line":46,"column":50}},"36":{"start":{"line":47,"column":6},"end":{"line":47,"column":67}},"37":{"start":{"line":48,"column":6},"end":{"line":48,"column":43}},"38":{"start":{"line":49,"column":6},"end":{"line":49,"column":34}},"39":{"start":{"line":50,"column":6},"end":{"line":50,"column":22}},"40":{"start":{"line":54,"column":2},"end":{"line":54,"column":16}},"41":{"start":{"line":57,"column":0},"end":{"line":57,"column":25}}},"fnMap":{"0":{"name":"(anonymous_0)","decl":{"start":{"line":7,"column":19},"end":{"line":7,"column":20}},"loc":{"start":{"line":7,"column":31},"end":{"line":7,"column":561}},"line":7},"1":{"name":"defineProperties","decl":{"start":{"line":7,"column":42},"end":{"line":7,"column":58}},"loc":{"start":{"line":7,"column":74},"end":{"line":7,"column":349}},"line":7},"2":{"name":"(anonymous_2)","decl":{"start":{"line":7,"column":357},"end":{"line":7,"column":358}},"loc":{"start":{"line":7,"column":405},"end":{"line":7,"column":558}},"line":7},"3":{"name":"_interopRequireDefault","decl":{"start":{"line":25,"column":9},"end":{"line":25,"column":31}},"loc":{"start":{"line":25,"column":37},"end":{"line":25,"column":95}},"line":25},"4":{"name":"_classCallCheck","decl":{"start":{"line":27,"column":9},"end":{"line":27,"column":24}},"loc":{"start":{"line":27,"column":48},"end":{"line":27,"column":153}},"line":27},"5":{"name":"(anonymous_5)","decl":{"start":{"line":32,"column":13},"end":{"line":32,"column":14}},"loc":{"start":{"line":32,"column":25},"end":{"line":55,"column":1}},"line":32},"6":{"name":"Server","decl":{"start":{"line":33,"column":11},"end":{"line":33,"column":17}},"loc":{"start":{"line":33,"column":20},"end":{"line":40,"column":3}},"line":33},"7":{"name":"expressServer","decl":{"start":{"line":44,"column":20},"end":{"line":44,"column":33}},"loc":{"start":{"line":44,"column":36},"end":{"line":51,"column":5}},"line":44}},"branchMap":{"0":{"loc":{"start":{"line":7,"column":168},"end":{"line":7,"column":198}},"type":"binary-expr","locations":[{"start":{"line":7,"column":168},"end":{"line":7,"column":189}},{"start":{"line":7,"column":193},"end":{"line":7,"column":198}}],"line":7},"1":{"loc":{"start":{"line":7,"column":232},"end":{"line":7,"column":286}},"type":"if","locations":[{"start":{"line":7,"column":232},"end":{"line":7,"column":286}},{"start":{"line":7,"column":232},"end":{"line":7,"column":286}}],"line":7},"2":{"loc":{"start":{"line":7,"column":407},"end":{"line":7,"column":475}},"type":"if","locations":[{"start":{"line":7,"column":407},"end":{"line":7,"column":475}},{"start":{"line":7,"column":407},"end":{"line":7,"column":475}}],"line":7},"3":{"loc":{"start":{"line":7,"column":476},"end":{"line":7,"column":536}},"type":"if","locations":[{"start":{"line":7,"column":476},"end":{"line":7,"column":536}},{"start":{"line":7,"column":476},"end":{"line":7,"column":536}}],"line":7},"4":{"loc":{"start":{"line":25,"column":46},"end":{"line":25,"column":92}},"type":"cond-expr","locations":[{"start":{"line":25,"column":70},"end":{"line":25,"column":73}},{"start":{"line":25,"column":76},"end":{"line":25,"column":92}}],"line":25},"5":{"loc":{"start":{"line":25,"column":46},"end":{"line":25,"column":67}},"type":"binary-expr","locations":[{"start":{"line":25,"column":46},"end":{"line":25,"column":49}},{"start":{"line":25,"column":53},"end":{"line":25,"column":67}}],"line":25},"6":{"loc":{"start":{"line":27,"column":50},"end":{"line":27,"column":151}},"type":"if","locations":[{"start":{"line":27,"column":50},"end":{"line":27,"column":151}},{"start":{"line":27,"column":50},"end":{"line":27,"column":151}}],"line":27}},"s":{"0":1,"1":1,"2":1,"3":1,"4":1,"5":1,"6":1,"7":1,"8":1,"9":1,"10":1,"11":1,"12":1,"13":0,"14":1,"15":1,"16":1,"17":1,"18":1,"19":1,"20":1,"21":1,"22":1,"23":4,"24":2,"25":0,"26":1,"27":1,"28":2,"29":2,"30":2,"31":2,"32":2,"33":1,"34":1,"35":1,"36":1,"37":1,"38":1,"39":1,"40":1,"41":1},"f":{"0":1,"1":1,"2":1,"3":4,"4":2,"5":1,"6":2,"7":1},"b":{"0":[1,1],"1":[1,0],"2":[1,0],"3":[0,1],"4":[1,3],"5":[4,4],"6":[0,2]},"_coverageSchema":"332fd63041d2c1bcb487cc26dd0d5f7d97098a6c","hash":"95f05b5dc5e13d3eb71f8d62d91e43270146759e","contentHash":"f6aa62fcc62f74f2b8e3fed3c1690a8c_11.6.0"},"C:\\Users\\TUTU GODFREY\\Desktop\\week2\\eventmanager\\server\\trans\\routes\\index.js":{"path":"C:\\Users\\TUTU GODFREY\\Desktop\\week2\\eventmanager\\server\\trans\\routes\\index.js","statementMap":{"0":{"start":{"line":3,"column":0},"end":{"line":5,"column":3}},"1":{"start":{"line":7,"column":19},"end":{"line":7,"column":563}},"2":{"start":{"line":7,"column":76},"end":{"line":7,"column":347}},"3":{"start":{"line":7,"column":134},"end":{"line":7,"column":142}},"4":{"start":{"line":7,"column":144},"end":{"line":7,"column":199}},"5":{"start":{"line":7,"column":200},"end":{"line":7,"column":231}},"6":{"start":{"line":7,"column":232},"end":{"line":7,"column":286}},"7":{"start":{"line":7,"column":259},"end":{"line":7,"column":286}},"8":{"start":{"line":7,"column":287},"end":{"line":7,"column":345}},"9":{"start":{"line":7,"column":350},"end":{"line":7,"column":559}},"10":{"start":{"line":7,"column":407},"end":{"line":7,"column":475}},"11":{"start":{"line":7,"column":423},"end":{"line":7,"column":475}},"12":{"start":{"line":7,"column":476},"end":{"line":7,"column":536}},"13":{"start":{"line":7,"column":493},"end":{"line":7,"column":536}},"14":{"start":{"line":7,"column":537},"end":{"line":7,"column":556}},"15":{"start":{"line":11,"column":14},"end":{"line":11,"column":31}},"16":{"start":{"line":13,"column":15},"end":{"line":13,"column":46}},"17":{"start":{"line":15,"column":15},"end":{"line":15,"column":33}},"18":{"start":{"line":17,"column":16},"end":{"line":17,"column":48}},"19":{"start":{"line":19,"column":14},"end":{"line":19,"column":31}},"20":{"start":{"line":21,"column":15},"end":{"line":21,"column":46}},"21":{"start":{"line":23,"column":20},"end":{"line":23,"column":43}},"22":{"start":{"line":25,"column":21},"end":{"line":25,"column":58}},"23":{"start":{"line":27,"column":12},"end":{"line":27,"column":27}},"24":{"start":{"line":29,"column":13},"end":{"line":29,"column":42}},"25":{"start":{"line":31,"column":29},"end":{"line":31,"column":78}},"26":{"start":{"line":33,"column":30},"end":{"line":33,"column":76}},"27":{"start":{"line":35,"column":23},"end":{"line":35,"column":66}},"28":{"start":{"line":37,"column":24},"end":{"line":37,"column":64}},"29":{"start":{"line":39,"column":23},"end":{"line":39,"column":66}},"30":{"start":{"line":41,"column":24},"end":{"line":41,"column":64}},"31":{"start":{"line":43,"column":31},"end":{"line":43,"column":82}},"32":{"start":{"line":45,"column":32},"end":{"line":45,"column":80}},"33":{"start":{"line":47,"column":39},"end":{"line":47,"column":93}},"34":{"start":{"line":49,"column":50},"end":{"line":49,"column":151}},"35":{"start":{"line":49,"column":92},"end":{"line":49,"column":149}},"36":{"start":{"line":57,"column":19},"end":{"line":62,"column":2}},"37":{"start":{"line":60,"column":4},"end":{"line":60,"column":32}},"38":{"start":{"line":63,"column":21},"end":{"line":68,"column":2}},"39":{"start":{"line":66,"column":4},"end":{"line":66,"column":32}},"40":{"start":{"line":69,"column":20},"end":{"line":74,"column":2}},"41":{"start":{"line":72,"column":4},"end":{"line":72,"column":32}},"42":{"start":{"line":76,"column":18},"end":{"line":76,"column":66}},"43":{"start":{"line":77,"column":20},"end":{"line":77,"column":70}},"44":{"start":{"line":78,"column":19},"end":{"line":78,"column":68}},"45":{"start":{"line":81,"column":0},"end":{"line":81,"column":26}},"46":{"start":{"line":82,"column":19},"end":{"line":82,"column":56}},"47":{"start":{"line":83,"column":13},"end":{"line":83,"column":44}},"48":{"start":{"line":84,"column":12},"end":{"line":84,"column":43}},"49":{"start":{"line":85,"column":20},"end":{"line":85,"column":59}},"50":{"start":{"line":86,"column":13},"end":{"line":159,"column":3}},"51":{"start":{"line":88,"column":4},"end":{"line":88,"column":34}},"52":{"start":{"line":90,"column":4},"end":{"line":90,"column":23}},"53":{"start":{"line":91,"column":4},"end":{"line":91,"column":25}},"54":{"start":{"line":92,"column":4},"end":{"line":92,"column":37}},"55":{"start":{"line":93,"column":4},"end":{"line":93,"column":49}},"56":{"start":{"line":96,"column":2},"end":{"line":156,"column":6}},"57":{"start":{"line":99,"column":6},"end":{"line":101,"column":9}},"58":{"start":{"line":100,"column":8},"end":{"line":100,"column":97}},"59":{"start":{"line":105,"column":6},"end":{"line":105,"column":82}},"60":{"start":{"line":107,"column":6},"end":{"line":107,"column":51}},"61":{"start":{"line":108,"column":6},"end":{"line":108,"column":58}},"62":{"start":{"line":109,"column":6},"end":{"line":109,"column":45}},"63":{"start":{"line":110,"column":6},"end":{"line":110,"column":39}},"64":{"start":{"line":112,"column":6},"end":{"line":127,"column":9}},"65":{"start":{"line":113,"column":20},"end":{"line":113,"column":55}},"66":{"start":{"line":115,"column":8},"end":{"line":126,"column":9}},"67":{"start":{"line":117,"column":10},"end":{"line":123,"column":13}},"68":{"start":{"line":118,"column":12},"end":{"line":122,"column":13}},"69":{"start":{"line":119,"column":14},"end":{"line":119,"column":52}},"70":{"start":{"line":121,"column":14},"end":{"line":121,"column":21}},"71":{"start":{"line":125,"column":10},"end":{"line":125,"column":54}},"72":{"start":{"line":130,"column":6},"end":{"line":130,"column":64}},"73":{"start":{"line":131,"column":6},"end":{"line":131,"column":68}},"74":{"start":{"line":133,"column":6},"end":{"line":133,"column":108}},"75":{"start":{"line":134,"column":6},"end":{"line":134,"column":73}},"76":{"start":{"line":135,"column":6},"end":{"line":135,"column":82}},"77":{"start":{"line":136,"column":6},"end":{"line":136,"column":85}},"78":{"start":{"line":137,"column":6},"end":{"line":137,"column":91}},"79":{"start":{"line":138,"column":6},"end":{"line":138,"column":85}},"80":{"start":{"line":139,"column":6},"end":{"line":139,"column":88}},"81":{"start":{"line":143,"column":6},"end":{"line":143,"column":93}},"82":{"start":{"line":144,"column":6},"end":{"line":144,"column":71}},"83":{"start":{"line":145,"column":6},"end":{"line":145,"column":60}},"84":{"start":{"line":146,"column":6},"end":{"line":146,"column":84}},"85":{"start":{"line":147,"column":6},"end":{"line":147,"column":74}},"86":{"start":{"line":148,"column":6},"end":{"line":148,"column":74}},"87":{"start":{"line":149,"column":6},"end":{"line":149,"column":73}},"88":{"start":{"line":152,"column":6},"end":{"line":152,"column":79}},"89":{"start":{"line":153,"column":6},"end":{"line":153,"column":79}},"90":{"start":{"line":154,"column":6},"end":{"line":154,"column":84}},"91":{"start":{"line":158,"column":2},"end":{"line":158,"column":16}},"92":{"start":{"line":161,"column":0},"end":{"line":161,"column":25}}},"fnMap":{"0":{"name":"(anonymous_0)","decl":{"start":{"line":7,"column":19},"end":{"line":7,"column":20}},"loc":{"start":{"line":7,"column":31},"end":{"line":7,"column":561}},"line":7},"1":{"name":"defineProperties","decl":{"start":{"line":7,"column":42},"end":{"line":7,"column":58}},"loc":{"start":{"line":7,"column":74},"end":{"line":7,"column":349}},"line":7},"2":{"name":"(anonymous_2)","decl":{"start":{"line":7,"column":357},"end":{"line":7,"column":358}},"loc":{"start":{"line":7,"column":405},"end":{"line":7,"column":558}},"line":7},"3":{"name":"_interopRequireDefault","decl":{"start":{"line":47,"column":9},"end":{"line":47,"column":31}},"loc":{"start":{"line":47,"column":37},"end":{"line":47,"column":95}},"line":47},"4":{"name":"_classCallCheck","decl":{"start":{"line":49,"column":9},"end":{"line":49,"column":24}},"loc":{"start":{"line":49,"column":48},"end":{"line":49,"column":153}},"line":49},"5":{"name":"filename","decl":{"start":{"line":59,"column":21},"end":{"line":59,"column":29}},"loc":{"start":{"line":59,"column":45},"end":{"line":61,"column":3}},"line":59},"6":{"name":"filename","decl":{"start":{"line":65,"column":21},"end":{"line":65,"column":29}},"loc":{"start":{"line":65,"column":45},"end":{"line":67,"column":3}},"line":65},"7":{"name":"filename","decl":{"start":{"line":71,"column":21},"end":{"line":71,"column":29}},"loc":{"start":{"line":71,"column":45},"end":{"line":73,"column":3}},"line":71},"8":{"name":"(anonymous_8)","decl":{"start":{"line":86,"column":13},"end":{"line":86,"column":14}},"loc":{"start":{"line":86,"column":25},"end":{"line":159,"column":1}},"line":86},"9":{"name":"Routes","decl":{"start":{"line":87,"column":11},"end":{"line":87,"column":17}},"loc":{"start":{"line":87,"column":20},"end":{"line":94,"column":3}},"line":87},"10":{"name":"routes","decl":{"start":{"line":98,"column":20},"end":{"line":98,"column":26}},"loc":{"start":{"line":98,"column":32},"end":{"line":155,"column":5}},"line":98},"11":{"name":"(anonymous_11)","decl":{"start":{"line":99,"column":19},"end":{"line":99,"column":20}},"loc":{"start":{"line":99,"column":39},"end":{"line":101,"column":7}},"line":99},"12":{"name":"(anonymous_12)","decl":{"start":{"line":112,"column":26},"end":{"line":112,"column":27}},"loc":{"start":{"line":112,"column":52},"end":{"line":127,"column":7}},"line":112},"13":{"name":"(anonymous_13)","decl":{"start":{"line":117,"column":71},"end":{"line":117,"column":72}},"loc":{"start":{"line":117,"column":94},"end":{"line":123,"column":11}},"line":117}},"branchMap":{"0":{"loc":{"start":{"line":7,"column":168},"end":{"line":7,"column":198}},"type":"binary-expr","locations":[{"start":{"line":7,"column":168},"end":{"line":7,"column":189}},{"start":{"line":7,"column":193},"end":{"line":7,"column":198}}],"line":7},"1":{"loc":{"start":{"line":7,"column":232},"end":{"line":7,"column":286}},"type":"if","locations":[{"start":{"line":7,"column":232},"end":{"line":7,"column":286}},{"start":{"line":7,"column":232},"end":{"line":7,"column":286}}],"line":7},"2":{"loc":{"start":{"line":7,"column":407},"end":{"line":7,"column":475}},"type":"if","locations":[{"start":{"line":7,"column":407},"end":{"line":7,"column":475}},{"start":{"line":7,"column":407},"end":{"line":7,"column":475}}],"line":7},"3":{"loc":{"start":{"line":7,"column":476},"end":{"line":7,"column":536}},"type":"if","locations":[{"start":{"line":7,"column":476},"end":{"line":7,"column":536}},{"start":{"line":7,"column":476},"end":{"line":7,"column":536}}],"line":7},"4":{"loc":{"start":{"line":47,"column":46},"end":{"line":47,"column":92}},"type":"cond-expr","locations":[{"start":{"line":47,"column":70},"end":{"line":47,"column":73}},{"start":{"line":47,"column":76},"end":{"line":47,"column":92}}],"line":47},"5":{"loc":{"start":{"line":47,"column":46},"end":{"line":47,"column":67}},"type":"binary-expr","locations":[{"start":{"line":47,"column":46},"end":{"line":47,"column":49}},{"start":{"line":47,"column":53},"end":{"line":47,"column":67}}],"line":47},"6":{"loc":{"start":{"line":49,"column":50},"end":{"line":49,"column":151}},"type":"if","locations":[{"start":{"line":49,"column":50},"end":{"line":49,"column":151}},{"start":{"line":49,"column":50},"end":{"line":49,"column":151}}],"line":49},"7":{"loc":{"start":{"line":113,"column":20},"end":{"line":113,"column":55}},"type":"binary-expr","locations":[{"start":{"line":113,"column":20},"end":{"line":113,"column":34}},{"start":{"line":113,"column":38},"end":{"line":113,"column":55}}],"line":113},"8":{"loc":{"start":{"line":115,"column":8},"end":{"line":126,"column":9}},"type":"if","locations":[{"start":{"line":115,"column":8},"end":{"line":126,"column":9}},{"start":{"line":115,"column":8},"end":{"line":126,"column":9}}],"line":115},"9":{"loc":{"start":{"line":118,"column":12},"end":{"line":122,"column":13}},"type":"if","locations":[{"start":{"line":118,"column":12},"end":{"line":122,"column":13}},{"start":{"line":118,"column":12},"end":{"line":122,"column":13}}],"line":118}},"s":{"0":1,"1":1,"2":1,"3":1,"4":1,"5":1,"6":1,"7":1,"8":1,"9":1,"10":1,"11":1,"12":1,"13":0,"14":1,"15":1,"16":1,"17":1,"18":1,"19":1,"20":1,"21":1,"22":1,"23":1,"24":1,"25":1,"26":1,"27":1,"28":1,"29":1,"30":1,"31":1,"32":1,"33":9,"34":1,"35":0,"36":1,"37":2,"38":1,"39":1,"40":1,"41":1,"42":1,"43":1,"44":1,"45":1,"46":1,"47":1,"48":1,"49":1,"50":1,"51":1,"52":1,"53":1,"54":1,"55":1,"56":1,"57":1,"58":1,"59":1,"60":1,"61":1,"62":1,"63":1,"64":1,"65":6,"66":6,"67":6,"68":6,"69":0,"70":6,"71":0,"72":1,"73":1,"74":1,"75":1,"76":1,"77":1,"78":1,"79":1,"80":1,"81":1,"82":1,"83":1,"84":1,"85":1,"86":1,"87":1,"88":1,"89":1,"90":1,"91":1,"92":1},"f":{"0":1,"1":1,"2":1,"3":9,"4":1,"5":2,"6":1,"7":1,"8":1,"9":1,"10":1,"11":1,"12":6,"13":6},"b":{"0":[1,1],"1":[1,0],"2":[1,0],"3":[0,1],"4":[4,5],"5":[9,9],"6":[0,1],"7":[6,6],"8":[6,0],"9":[0,6]},"_coverageSchema":"332fd63041d2c1bcb487cc26dd0d5f7d97098a6c","hash":"9641c36cf1cf5056880d1ea1abe7ada1603c0ae0","contentHash":"41e85b002c98d70f278d827c1418161c_11.6.0"},"C:\\Users\\TUTU GODFREY\\Desktop\\week2\\eventmanager\\server\\trans\\controllers\\eventCenterController.js":{"path":"C:\\Users\\TUTU GODFREY\\Desktop\\week2\\eventmanager\\server\\trans\\controllers\\eventCenterController.js","statementMap":{"0":{"start":{"line":3,"column":0},"end":{"line":5,"column":3}},"1":{"start":{"line":7,"column":19},"end":{"line":7,"column":563}},"2":{"start":{"line":7,"column":76},"end":{"line":7,"column":347}},"3":{"start":{"line":7,"column":134},"end":{"line":7,"column":142}},"4":{"start":{"line":7,"column":144},"end":{"line":7,"column":199}},"5":{"start":{"line":7,"column":200},"end":{"line":7,"column":231}},"6":{"start":{"line":7,"column":232},"end":{"line":7,"column":286}},"7":{"start":{"line":7,"column":259},"end":{"line":7,"column":286}},"8":{"start":{"line":7,"column":287},"end":{"line":7,"column":345}},"9":{"start":{"line":7,"column":350},"end":{"line":7,"column":559}},"10":{"start":{"line":7,"column":407},"end":{"line":7,"column":475}},"11":{"start":{"line":7,"column":423},"end":{"line":7,"column":475}},"12":{"start":{"line":7,"column":476},"end":{"line":7,"column":536}},"13":{"start":{"line":7,"column":493},"end":{"line":7,"column":536}},"14":{"start":{"line":7,"column":537},"end":{"line":7,"column":556}},"15":{"start":{"line":9,"column":14},"end":{"line":9,"column":36}},"16":{"start":{"line":11,"column":15},"end":{"line":11,"column":46}},"17":{"start":{"line":13,"column":20},"end":{"line":13,"column":55}},"18":{"start":{"line":15,"column":39},"end":{"line":15,"column":93}},"19":{"start":{"line":17,"column":50},"end":{"line":17,"column":151}},"20":{"start":{"line":17,"column":92},"end":{"line":17,"column":149}},"21":{"start":{"line":19,"column":14},"end":{"line":19,"column":38}},"22":{"start":{"line":21,"column":28},"end":{"line":202,"column":3}},"23":{"start":{"line":23,"column":4},"end":{"line":23,"column":49}},"24":{"start":{"line":26,"column":2},"end":{"line":199,"column":6}},"25":{"start":{"line":32,"column":6},"end":{"line":59,"column":7}},"26":{"start":{"line":33,"column":8},"end":{"line":58,"column":11}},"27":{"start":{"line":39,"column":10},"end":{"line":54,"column":11}},"28":{"start":{"line":40,"column":30},"end":{"line":40,"column":73}},"29":{"start":{"line":41,"column":12},"end":{"line":53,"column":15}},"30":{"start":{"line":50,"column":14},"end":{"line":50,"column":50}},"31":{"start":{"line":52,"column":14},"end":{"line":52,"column":49}},"32":{"start":{"line":55,"column":10},"end":{"line":55,"column":92}},"33":{"start":{"line":57,"column":10},"end":{"line":57,"column":45}},"34":{"start":{"line":60,"column":6},"end":{"line":60,"column":93}},"35":{"start":{"line":68,"column":6},"end":{"line":77,"column":9}},"36":{"start":{"line":69,"column":8},"end":{"line":71,"column":9}},"37":{"start":{"line":70,"column":10},"end":{"line":70,"column":44}},"38":{"start":{"line":73,"column":8},"end":{"line":76,"column":11}},"39":{"start":{"line":85,"column":21},"end":{"line":85,"column":54}},"40":{"start":{"line":86,"column":6},"end":{"line":99,"column":9}},"41":{"start":{"line":91,"column":8},"end":{"line":93,"column":9}},"42":{"start":{"line":92,"column":10},"end":{"line":92,"column":44}},"43":{"start":{"line":95,"column":8},"end":{"line":98,"column":11}},"44":{"start":{"line":107,"column":6},"end":{"line":121,"column":9}},"45":{"start":{"line":112,"column":8},"end":{"line":114,"column":9}},"46":{"start":{"line":113,"column":10},"end":{"line":113,"column":51}},"47":{"start":{"line":115,"column":8},"end":{"line":115,"column":82}},"48":{"start":{"line":117,"column":8},"end":{"line":120,"column":11}},"49":{"start":{"line":128,"column":6},"end":{"line":141,"column":9}},"50":{"start":{"line":133,"column":8},"end":{"line":135,"column":9}},"51":{"start":{"line":134,"column":10},"end":{"line":134,"column":45}},"52":{"start":{"line":137,"column":8},"end":{"line":140,"column":11}},"53":{"start":{"line":146,"column":6},"end":{"line":170,"column":7}},"54":{"start":{"line":147,"column":23},"end":{"line":147,"column":56}},"55":{"start":{"line":148,"column":8},"end":{"line":169,"column":11}},"56":{"start":{"line":153,"column":10},"end":{"line":165,"column":11}},"57":{"start":{"line":154,"column":12},"end":{"line":164,"column":15}},"58":{"start":{"line":161,"column":14},"end":{"line":161,"column":57}},"59":{"start":{"line":163,"column":14},"end":{"line":163,"column":70}},"60":{"start":{"line":166,"column":10},"end":{"line":166,"column":77}},"61":{"start":{"line":168,"column":10},"end":{"line":168,"column":45}},"62":{"start":{"line":171,"column":6},"end":{"line":171,"column":73}},"63":{"start":{"line":176,"column":6},"end":{"line":196,"column":7}},"64":{"start":{"line":177,"column":23},"end":{"line":177,"column":56}},"65":{"start":{"line":178,"column":8},"end":{"line":195,"column":11}},"66":{"start":{"line":183,"column":10},"end":{"line":191,"column":11}},"67":{"start":{"line":184,"column":12},"end":{"line":190,"column":15}},"68":{"start":{"line":189,"column":14},"end":{"line":189,"column":82}},"69":{"start":{"line":192,"column":10},"end":{"line":192,"column":71}},"70":{"start":{"line":194,"column":10},"end":{"line":194,"column":45}},"71":{"start":{"line":197,"column":6},"end":{"line":197,"column":93}},"72":{"start":{"line":201,"column":2},"end":{"line":201,"column":31}},"73":{"start":{"line":203,"column":0},"end":{"line":203,"column":40}}},"fnMap":{"0":{"name":"(anonymous_0)","decl":{"start":{"line":7,"column":19},"end":{"line":7,"column":20}},"loc":{"start":{"line":7,"column":31},"end":{"line":7,"column":561}},"line":7},"1":{"name":"defineProperties","decl":{"start":{"line":7,"column":42},"end":{"line":7,"column":58}},"loc":{"start":{"line":7,"column":74},"end":{"line":7,"column":349}},"line":7},"2":{"name":"(anonymous_2)","decl":{"start":{"line":7,"column":357},"end":{"line":7,"column":358}},"loc":{"start":{"line":7,"column":405},"end":{"line":7,"column":558}},"line":7},"3":{"name":"_interopRequireDefault","decl":{"start":{"line":15,"column":9},"end":{"line":15,"column":31}},"loc":{"start":{"line":15,"column":37},"end":{"line":15,"column":95}},"line":15},"4":{"name":"_classCallCheck","decl":{"start":{"line":17,"column":9},"end":{"line":17,"column":24}},"loc":{"start":{"line":17,"column":48},"end":{"line":17,"column":153}},"line":17},"5":{"name":"(anonymous_5)","decl":{"start":{"line":21,"column":28},"end":{"line":21,"column":29}},"loc":{"start":{"line":21,"column":40},"end":{"line":202,"column":1}},"line":21},"6":{"name":"EventCenterController","decl":{"start":{"line":22,"column":11},"end":{"line":22,"column":32}},"loc":{"start":{"line":22,"column":35},"end":{"line":24,"column":3}},"line":22},"7":{"name":"addEventCenter","decl":{"start":{"line":31,"column":20},"end":{"line":31,"column":34}},"loc":{"start":{"line":31,"column":45},"end":{"line":61,"column":5}},"line":31},"8":{"name":"(anonymous_8)","decl":{"start":{"line":38,"column":16},"end":{"line":38,"column":17}},"loc":{"start":{"line":38,"column":39},"end":{"line":56,"column":9}},"line":38},"9":{"name":"(anonymous_9)","decl":{"start":{"line":49,"column":20},"end":{"line":49,"column":21}},"loc":{"start":{"line":49,"column":38},"end":{"line":51,"column":13}},"line":49},"10":{"name":"(anonymous_10)","decl":{"start":{"line":51,"column":21},"end":{"line":51,"column":22}},"loc":{"start":{"line":51,"column":38},"end":{"line":53,"column":13}},"line":51},"11":{"name":"(anonymous_11)","decl":{"start":{"line":56,"column":17},"end":{"line":56,"column":18}},"loc":{"start":{"line":56,"column":34},"end":{"line":58,"column":9}},"line":56},"12":{"name":"getEventCenters","decl":{"start":{"line":67,"column":20},"end":{"line":67,"column":35}},"loc":{"start":{"line":67,"column":46},"end":{"line":78,"column":5}},"line":67},"13":{"name":"(anonymous_13)","decl":{"start":{"line":68,"column":36},"end":{"line":68,"column":37}},"loc":{"start":{"line":68,"column":59},"end":{"line":72,"column":7}},"line":68},"14":{"name":"(anonymous_14)","decl":{"start":{"line":72,"column":15},"end":{"line":72,"column":16}},"loc":{"start":{"line":72,"column":32},"end":{"line":77,"column":7}},"line":72},"15":{"name":"getEventCenter","decl":{"start":{"line":84,"column":20},"end":{"line":84,"column":34}},"loc":{"start":{"line":84,"column":45},"end":{"line":100,"column":5}},"line":84},"16":{"name":"(anonymous_16)","decl":{"start":{"line":90,"column":14},"end":{"line":90,"column":15}},"loc":{"start":{"line":90,"column":37},"end":{"line":94,"column":7}},"line":90},"17":{"name":"(anonymous_17)","decl":{"start":{"line":94,"column":15},"end":{"line":94,"column":16}},"loc":{"start":{"line":94,"column":32},"end":{"line":99,"column":7}},"line":94},"18":{"name":"getCenterByName","decl":{"start":{"line":106,"column":20},"end":{"line":106,"column":35}},"loc":{"start":{"line":106,"column":46},"end":{"line":122,"column":5}},"line":106},"19":{"name":"(anonymous_19)","decl":{"start":{"line":111,"column":14},"end":{"line":111,"column":15}},"loc":{"start":{"line":111,"column":37},"end":{"line":116,"column":7}},"line":111},"20":{"name":"(anonymous_20)","decl":{"start":{"line":116,"column":15},"end":{"line":116,"column":16}},"loc":{"start":{"line":116,"column":32},"end":{"line":121,"column":7}},"line":116},"21":{"name":"getCenterByLocation","decl":{"start":{"line":127,"column":20},"end":{"line":127,"column":39}},"loc":{"start":{"line":127,"column":50},"end":{"line":142,"column":5}},"line":127},"22":{"name":"(anonymous_22)","decl":{"start":{"line":132,"column":14},"end":{"line":132,"column":15}},"loc":{"start":{"line":132,"column":38},"end":{"line":136,"column":7}},"line":132},"23":{"name":"(anonymous_23)","decl":{"start":{"line":136,"column":15},"end":{"line":136,"column":16}},"loc":{"start":{"line":136,"column":32},"end":{"line":141,"column":7}},"line":136},"24":{"name":"updateEventCenter","decl":{"start":{"line":145,"column":20},"end":{"line":145,"column":37}},"loc":{"start":{"line":145,"column":48},"end":{"line":172,"column":5}},"line":145},"25":{"name":"(anonymous_25)","decl":{"start":{"line":152,"column":16},"end":{"line":152,"column":17}},"loc":{"start":{"line":152,"column":39},"end":{"line":167,"column":9}},"line":152},"26":{"name":"(anonymous_26)","decl":{"start":{"line":160,"column":20},"end":{"line":160,"column":21}},"loc":{"start":{"line":160,"column":45},"end":{"line":162,"column":13}},"line":160},"27":{"name":"(anonymous_27)","decl":{"start":{"line":162,"column":21},"end":{"line":162,"column":22}},"loc":{"start":{"line":162,"column":33},"end":{"line":164,"column":13}},"line":162},"28":{"name":"(anonymous_28)","decl":{"start":{"line":167,"column":17},"end":{"line":167,"column":18}},"loc":{"start":{"line":167,"column":34},"end":{"line":169,"column":9}},"line":167},"29":{"name":"deleteEventCenter","decl":{"start":{"line":175,"column":20},"end":{"line":175,"column":37}},"loc":{"start":{"line":175,"column":48},"end":{"line":198,"column":5}},"line":175},"30":{"name":"(anonymous_30)","decl":{"start":{"line":182,"column":16},"end":{"line":182,"column":17}},"loc":{"start":{"line":182,"column":39},"end":{"line":193,"column":9}},"line":182},"31":{"name":"(anonymous_31)","decl":{"start":{"line":188,"column":20},"end":{"line":188,"column":21}},"loc":{"start":{"line":188,"column":32},"end":{"line":190,"column":13}},"line":188},"32":{"name":"(anonymous_32)","decl":{"start":{"line":193,"column":17},"end":{"line":193,"column":18}},"loc":{"start":{"line":193,"column":34},"end":{"line":195,"column":9}},"line":193}},"branchMap":{"0":{"loc":{"start":{"line":7,"column":168},"end":{"line":7,"column":198}},"type":"binary-expr","locations":[{"start":{"line":7,"column":168},"end":{"line":7,"column":189}},{"start":{"line":7,"column":193},"end":{"line":7,"column":198}}],"line":7},"1":{"loc":{"start":{"line":7,"column":232},"end":{"line":7,"column":286}},"type":"if","locations":[{"start":{"line":7,"column":232},"end":{"line":7,"column":286}},{"start":{"line":7,"column":232},"end":{"line":7,"column":286}}],"line":7},"2":{"loc":{"start":{"line":7,"column":407},"end":{"line":7,"column":475}},"type":"if","locations":[{"start":{"line":7,"column":407},"end":{"line":7,"column":475}},{"start":{"line":7,"column":407},"end":{"line":7,"column":475}}],"line":7},"3":{"loc":{"start":{"line":7,"column":476},"end":{"line":7,"column":536}},"type":"if","locations":[{"start":{"line":7,"column":476},"end":{"line":7,"column":536}},{"start":{"line":7,"column":476},"end":{"line":7,"column":536}}],"line":7},"4":{"loc":{"start":{"line":15,"column":46},"end":{"line":15,"column":92}},"type":"cond-expr","locations":[{"start":{"line":15,"column":70},"end":{"line":15,"column":73}},{"start":{"line":15,"column":76},"end":{"line":15,"column":92}}],"line":15},"5":{"loc":{"start":{"line":15,"column":46},"end":{"line":15,"column":67}},"type":"binary-expr","locations":[{"start":{"line":15,"column":46},"end":{"line":15,"column":49}},{"start":{"line":15,"column":53},"end":{"line":15,"column":67}}],"line":15},"6":{"loc":{"start":{"line":17,"column":50},"end":{"line":17,"column":151}},"type":"if","locations":[{"start":{"line":17,"column":50},"end":{"line":17,"column":151}},{"start":{"line":17,"column":50},"end":{"line":17,"column":151}}],"line":17},"7":{"loc":{"start":{"line":32,"column":6},"end":{"line":59,"column":7}},"type":"if","locations":[{"start":{"line":32,"column":6},"end":{"line":59,"column":7}},{"start":{"line":32,"column":6},"end":{"line":59,"column":7}}],"line":32},"8":{"loc":{"start":{"line":39,"column":10},"end":{"line":54,"column":11}},"type":"if","locations":[{"start":{"line":39,"column":10},"end":{"line":54,"column":11}},{"start":{"line":39,"column":10},"end":{"line":54,"column":11}}],"line":39},"9":{"loc":{"start":{"line":69,"column":8},"end":{"line":71,"column":9}},"type":"if","locations":[{"start":{"line":69,"column":8},"end":{"line":71,"column":9}},{"start":{"line":69,"column":8},"end":{"line":71,"column":9}}],"line":69},"10":{"loc":{"start":{"line":91,"column":8},"end":{"line":93,"column":9}},"type":"if","locations":[{"start":{"line":91,"column":8},"end":{"line":93,"column":9}},{"start":{"line":91,"column":8},"end":{"line":93,"column":9}}],"line":91},"11":{"loc":{"start":{"line":112,"column":8},"end":{"line":114,"column":9}},"type":"if","locations":[{"start":{"line":112,"column":8},"end":{"line":114,"column":9}},{"start":{"line":112,"column":8},"end":{"line":114,"column":9}}],"line":112},"12":{"loc":{"start":{"line":133,"column":8},"end":{"line":135,"column":9}},"type":"if","locations":[{"start":{"line":133,"column":8},"end":{"line":135,"column":9}},{"start":{"line":133,"column":8},"end":{"line":135,"column":9}}],"line":133},"13":{"loc":{"start":{"line":146,"column":6},"end":{"line":170,"column":7}},"type":"if","locations":[{"start":{"line":146,"column":6},"end":{"line":170,"column":7}},{"start":{"line":146,"column":6},"end":{"line":170,"column":7}}],"line":146},"14":{"loc":{"start":{"line":153,"column":10},"end":{"line":165,"column":11}},"type":"if","locations":[{"start":{"line":153,"column":10},"end":{"line":165,"column":11}},{"start":{"line":153,"column":10},"end":{"line":165,"column":11}}],"line":153},"15":{"loc":{"start":{"line":155,"column":26},"end":{"line":155,"column":71}},"type":"binary-expr","locations":[{"start":{"line":155,"column":26},"end":{"line":155,"column":45}},{"start":{"line":155,"column":49},"end":{"line":155,"column":71}}],"line":155},"16":{"loc":{"start":{"line":156,"column":24},"end":{"line":156,"column":65}},"type":"binary-expr","locations":[{"start":{"line":156,"column":24},"end":{"line":156,"column":41}},{"start":{"line":156,"column":45},"end":{"line":156,"column":65}}],"line":156},"17":{"loc":{"start":{"line":157,"column":20},"end":{"line":157,"column":53}},"type":"binary-expr","locations":[{"start":{"line":157,"column":20},"end":{"line":157,"column":33}},{"start":{"line":157,"column":37},"end":{"line":157,"column":53}}],"line":157},"18":{"loc":{"start":{"line":158,"column":20},"end":{"line":158,"column":53}},"type":"binary-expr","locations":[{"start":{"line":158,"column":20},"end":{"line":158,"column":33}},{"start":{"line":158,"column":37},"end":{"line":158,"column":53}}],"line":158},"19":{"loc":{"start":{"line":159,"column":26},"end":{"line":159,"column":71}},"type":"binary-expr","locations":[{"start":{"line":159,"column":26},"end":{"line":159,"column":45}},{"start":{"line":159,"column":49},"end":{"line":159,"column":71}}],"line":159},"20":{"loc":{"start":{"line":176,"column":6},"end":{"line":196,"column":7}},"type":"if","locations":[{"start":{"line":176,"column":6},"end":{"line":196,"column":7}},{"start":{"line":176,"column":6},"end":{"line":196,"column":7}}],"line":176},"21":{"loc":{"start":{"line":183,"column":10},"end":{"line":191,"column":11}},"type":"if","locations":[{"start":{"line":183,"column":10},"end":{"line":191,"column":11}},{"start":{"line":183,"column":10},"end":{"line":191,"column":11}}],"line":183}},"s":{"0":1,"1":1,"2":1,"3":7,"4":7,"5":7,"6":7,"7":7,"8":7,"9":1,"10":1,"11":1,"12":1,"13":0,"14":1,"15":1,"16":1,"17":1,"18":1,"19":1,"20":0,"21":1,"22":1,"23":1,"24":1,"25":1,"26":1,"27":1,"28":1,"29":1,"30":1,"31":0,"32":0,"33":0,"34":0,"35":0,"36":0,"37":0,"38":0,"39":0,"40":0,"41":0,"42":0,"43":0,"44":0,"45":0,"46":0,"47":0,"48":0,"49":0,"50":0,"51":0,"52":0,"53":1,"54":1,"55":1,"56":1,"57":1,"58":1,"59":0,"60":0,"61":0,"62":0,"63":0,"64":0,"65":0,"66":0,"67":0,"68":0,"69":0,"70":0,"71":0,"72":1,"73":1},"f":{"0":1,"1":1,"2":1,"3":1,"4":1,"5":1,"6":1,"7":1,"8":1,"9":1,"10":0,"11":0,"12":0,"13":0,"14":0,"15":0,"16":0,"17":0,"18":0,"19":0,"20":0,"21":0,"22":0,"23":0,"24":1,"25":1,"26":1,"27":0,"28":0,"29":0,"30":0,"31":0,"32":0},"b":{"0":[7,7],"1":[7,0],"2":[1,0],"3":[0,1],"4":[1,0],"5":[1,1],"6":[0,1],"7":[1,0],"8":[1,0],"9":[0,0],"10":[0,0],"11":[0,0],"12":[0,0],"13":[1,0],"14":[1,0],"15":[1,0],"16":[1,0],"17":[1,0],"18":[1,0],"19":[1,0],"20":[0,0],"21":[0,0]},"_coverageSchema":"332fd63041d2c1bcb487cc26dd0d5f7d97098a6c","hash":"c0f30c0e3e16e16949c8dc4547031517f7e8a666","contentHash":"75f9f3a1d14fe1f4edd282065ce08a61_11.6.0"},"C:\\Users\\TUTU GODFREY\\Desktop\\week2\\eventmanager\\server\\trans\\models\\index.js":{"path":"C:\\Users\\TUTU GODFREY\\Desktop\\week2\\eventmanager\\server\\trans\\models\\index.js","statementMap":{"0":{"start":{"line":3,"column":0},"end":{"line":5,"column":3}},"1":{"start":{"line":7,"column":14},"end":{"line":7,"column":31}},"2":{"start":{"line":9,"column":15},"end":{"line":9,"column":46}},"3":{"start":{"line":11,"column":10},"end":{"line":11,"column":23}},"4":{"start":{"line":13,"column":11},"end":{"line":13,"column":38}},"5":{"start":{"line":15,"column":12},"end":{"line":15,"column":27}},"6":{"start":{"line":17,"column":13},"end":{"line":17,"column":42}},"7":{"start":{"line":19,"column":17},"end":{"line":19,"column":37}},"8":{"start":{"line":21,"column":18},"end":{"line":21,"column":52}},"9":{"start":{"line":23,"column":39},"end":{"line":23,"column":93}},"10":{"start":{"line":25,"column":0},"end":{"line":25,"column":26}},"11":{"start":{"line":26,"column":15},"end":{"line":26,"column":50}},"12":{"start":{"line":27,"column":10},"end":{"line":27,"column":47}},"13":{"start":{"line":28,"column":13},"end":{"line":28,"column":91}},"14":{"start":{"line":29,"column":0},"end":{"line":29,"column":17}},"15":{"start":{"line":30,"column":9},"end":{"line":30,"column":11}},"16":{"start":{"line":31,"column":16},"end":{"line":31,"column":22}},"17":{"start":{"line":32,"column":0},"end":{"line":36,"column":1}},"18":{"start":{"line":33,"column":2},"end":{"line":33,"column":84}},"19":{"start":{"line":35,"column":2},"end":{"line":35,"column":97}},"20":{"start":{"line":37,"column":0},"end":{"line":42,"column":3}},"21":{"start":{"line":38,"column":2},"end":{"line":38,"column":82}},"22":{"start":{"line":40,"column":14},"end":{"line":40,"column":71}},"23":{"start":{"line":41,"column":2},"end":{"line":41,"column":25}},"24":{"start":{"line":44,"column":0},"end":{"line":48,"column":3}},"25":{"start":{"line":45,"column":2},"end":{"line":47,"column":3}},"26":{"start":{"line":46,"column":4},"end":{"line":46,"column":32}},"27":{"start":{"line":50,"column":0},"end":{"line":50,"column":25}},"28":{"start":{"line":51,"column":0},"end":{"line":51,"column":35}},"29":{"start":{"line":52,"column":0},"end":{"line":52,"column":21}}},"fnMap":{"0":{"name":"_interopRequireDefault","decl":{"start":{"line":23,"column":9},"end":{"line":23,"column":31}},"loc":{"start":{"line":23,"column":37},"end":{"line":23,"column":95}},"line":23},"1":{"name":"(anonymous_1)","decl":{"start":{"line":37,"column":43},"end":{"line":37,"column":44}},"loc":{"start":{"line":37,"column":59},"end":{"line":39,"column":1}},"line":37},"2":{"name":"(anonymous_2)","decl":{"start":{"line":39,"column":11},"end":{"line":39,"column":12}},"loc":{"start":{"line":39,"column":27},"end":{"line":42,"column":1}},"line":39},"3":{"name":"(anonymous_3)","decl":{"start":{"line":44,"column":24},"end":{"line":44,"column":25}},"loc":{"start":{"line":44,"column":45},"end":{"line":48,"column":1}},"line":44}},"branchMap":{"0":{"loc":{"start":{"line":23,"column":46},"end":{"line":23,"column":92}},"type":"cond-expr","locations":[{"start":{"line":23,"column":70},"end":{"line":23,"column":73}},{"start":{"line":23,"column":76},"end":{"line":23,"column":92}}],"line":23},"1":{"loc":{"start":{"line":23,"column":46},"end":{"line":23,"column":67}},"type":"binary-expr","locations":[{"start":{"line":23,"column":46},"end":{"line":23,"column":49}},{"start":{"line":23,"column":53},"end":{"line":23,"column":67}}],"line":23},"2":{"loc":{"start":{"line":27,"column":10},"end":{"line":27,"column":47}},"type":"binary-expr","locations":[{"start":{"line":27,"column":10},"end":{"line":27,"column":30}},{"start":{"line":27,"column":34},"end":{"line":27,"column":47}}],"line":27},"3":{"loc":{"start":{"line":32,"column":0},"end":{"line":36,"column":1}},"type":"if","locations":[{"start":{"line":32,"column":0},"end":{"line":36,"column":1}},{"start":{"line":32,"column":0},"end":{"line":36,"column":1}}],"line":32},"4":{"loc":{"start":{"line":38,"column":9},"end":{"line":38,"column":81}},"type":"binary-expr","locations":[{"start":{"line":38,"column":9},"end":{"line":38,"column":32}},{"start":{"line":38,"column":36},"end":{"line":38,"column":53}},{"start":{"line":38,"column":57},"end":{"line":38,"column":81}}],"line":38},"5":{"loc":{"start":{"line":45,"column":2},"end":{"line":47,"column":3}},"type":"if","locations":[{"start":{"line":45,"column":2},"end":{"line":47,"column":3}},{"start":{"line":45,"column":2},"end":{"line":47,"column":3}}],"line":45}},"s":{"0":1,"1":1,"2":1,"3":1,"4":1,"5":1,"6":1,"7":1,"8":1,"9":4,"10":1,"11":1,"12":1,"13":1,"14":1,"15":1,"16":1,"17":1,"18":1,"19":0,"20":1,"21":10,"22":4,"23":4,"24":1,"25":4,"26":0,"27":1,"28":1,"29":1},"f":{"0":4,"1":10,"2":4,"3":4},"b":{"0":[0,4],"1":[4,4],"2":[1,0],"3":[1,0],"4":[10,10,9],"5":[0,4]},"_coverageSchema":"332fd63041d2c1bcb487cc26dd0d5f7d97098a6c","hash":"1d62d37554cc19e0a8e7e5beeeafa1939a8ef4d3","contentHash":"ddeeead07028a681e66e8c5a56097253_11.6.0"},"C:\\Users\\TUTU GODFREY\\Desktop\\week2\\eventmanager\\server\\trans\\models\\centers.js":{"path":"C:\\Users\\TUTU GODFREY\\Desktop\\week2\\eventmanager\\server\\trans\\models\\centers.js","statementMap":{"0":{"start":{"line":3,"column":0},"end":{"line":5,"column":3}},"1":{"start":{"line":7,"column":0},"end":{"line":40,"column":2}},"2":{"start":{"line":8,"column":16},"end":{"line":37,"column":4}},"3":{"start":{"line":39,"column":2},"end":{"line":39,"column":17}}},"fnMap":{"0":{"name":"(anonymous_0)","decl":{"start":{"line":7,"column":18},"end":{"line":7,"column":19}},"loc":{"start":{"line":7,"column":50},"end":{"line":40,"column":1}},"line":7}},"branchMap":{},"s":{"0":1,"1":1,"2":1,"3":1},"f":{"0":1},"b":{},"_coverageSchema":"332fd63041d2c1bcb487cc26dd0d5f7d97098a6c","hash":"e778636decf4cee693ed11a68f04924dc6c16a72","contentHash":"bd1ed03f474d3dc381b8692f9faf89e2_11.6.0"},"C:\\Users\\TUTU GODFREY\\Desktop\\week2\\eventmanager\\server\\trans\\models\\events.js":{"path":"C:\\Users\\TUTU GODFREY\\Desktop\\week2\\eventmanager\\server\\trans\\models\\events.js","statementMap":{"0":{"start":{"line":3,"column":0},"end":{"line":5,"column":3}},"1":{"start":{"line":7,"column":0},"end":{"line":39,"column":2}},"2":{"start":{"line":8,"column":15},"end":{"line":37,"column":4}},"3":{"start":{"line":38,"column":2},"end":{"line":38,"column":16}}},"fnMap":{"0":{"name":"(anonymous_0)","decl":{"start":{"line":7,"column":18},"end":{"line":7,"column":19}},"loc":{"start":{"line":7,"column":50},"end":{"line":39,"column":1}},"line":7}},"branchMap":{},"s":{"0":1,"1":1,"2":1,"3":1},"f":{"0":1},"b":{},"_coverageSchema":"332fd63041d2c1bcb487cc26dd0d5f7d97098a6c","hash":"b591fa866a0fff692a33c5bf258c6e53fa9811db","contentHash":"0e149fb6a80663999790beee2b5b95b1_11.6.0"},"C:\\Users\\TUTU GODFREY\\Desktop\\week2\\eventmanager\\server\\trans\\models\\notification.js":{"path":"C:\\Users\\TUTU GODFREY\\Desktop\\week2\\eventmanager\\server\\trans\\models\\notification.js","statementMap":{"0":{"start":{"line":3,"column":0},"end":{"line":5,"column":3}},"1":{"start":{"line":7,"column":0},"end":{"line":19,"column":2}},"2":{"start":{"line":8,"column":22},"end":{"line":17,"column":4}},"3":{"start":{"line":18,"column":2},"end":{"line":18,"column":23}}},"fnMap":{"0":{"name":"(anonymous_0)","decl":{"start":{"line":7,"column":18},"end":{"line":7,"column":19}},"loc":{"start":{"line":7,"column":50},"end":{"line":19,"column":1}},"line":7}},"branchMap":{},"s":{"0":1,"1":1,"2":1,"3":1},"f":{"0":1},"b":{},"_coverageSchema":"332fd63041d2c1bcb487cc26dd0d5f7d97098a6c","hash":"c58c5f542fa859d151ee02190239c6ef1566a215","contentHash":"0340303a49bca02d2567250282f35d43_11.6.0"},"C:\\Users\\TUTU GODFREY\\Desktop\\week2\\eventmanager\\server\\trans\\models\\users.js":{"path":"C:\\Users\\TUTU GODFREY\\Desktop\\week2\\eventmanager\\server\\trans\\models\\users.js","statementMap":{"0":{"start":{"line":3,"column":0},"end":{"line":5,"column":3}},"1":{"start":{"line":7,"column":0},"end":{"line":47,"column":2}},"2":{"start":{"line":8,"column":14},"end":{"line":44,"column":4}},"3":{"start":{"line":46,"column":2},"end":{"line":46,"column":15}}},"fnMap":{"0":{"name":"(anonymous_0)","decl":{"start":{"line":7,"column":18},"end":{"line":7,"column":19}},"loc":{"start":{"line":7,"column":50},"end":{"line":47,"column":1}},"line":7}},"branchMap":{},"s":{"0":1,"1":1,"2":1,"3":1},"f":{"0":1},"b":{},"_coverageSchema":"332fd63041d2c1bcb487cc26dd0d5f7d97098a6c","hash":"36d3ead1a59fd93f0562d9e9def78a45b57dd5f6","contentHash":"b89a01733a1a67dca9ebd1b52f27e1af_11.6.0"},"C:\\Users\\TUTU GODFREY\\Desktop\\week2\\eventmanager\\server\\trans\\funcs\\HelperFuncts.js":{"path":"C:\\Users\\TUTU GODFREY\\Desktop\\week2\\eventmanager\\server\\trans\\funcs\\HelperFuncts.js","statementMap":{"0":{"start":{"line":3,"column":0},"end":{"line":5,"column":3}},"1":{"start":{"line":7,"column":19},"end":{"line":7,"column":563}},"2":{"start":{"line":7,"column":76},"end":{"line":7,"column":347}},"3":{"start":{"line":7,"column":134},"end":{"line":7,"column":142}},"4":{"start":{"line":7,"column":144},"end":{"line":7,"column":199}},"5":{"start":{"line":7,"column":200},"end":{"line":7,"column":231}},"6":{"start":{"line":7,"column":232},"end":{"line":7,"column":286}},"7":{"start":{"line":7,"column":259},"end":{"line":7,"column":286}},"8":{"start":{"line":7,"column":287},"end":{"line":7,"column":345}},"9":{"start":{"line":7,"column":350},"end":{"line":7,"column":559}},"10":{"start":{"line":7,"column":407},"end":{"line":7,"column":475}},"11":{"start":{"line":7,"column":423},"end":{"line":7,"column":475}},"12":{"start":{"line":7,"column":476},"end":{"line":7,"column":536}},"13":{"start":{"line":7,"column":493},"end":{"line":7,"column":536}},"14":{"start":{"line":7,"column":537},"end":{"line":7,"column":556}},"15":{"start":{"line":9,"column":50},"end":{"line":9,"column":151}},"16":{"start":{"line":9,"column":92},"end":{"line":9,"column":149}},"17":{"start":{"line":14,"column":19},"end":{"line":105,"column":3}},"18":{"start":{"line":16,"column":4},"end":{"line":16,"column":40}},"19":{"start":{"line":19,"column":2},"end":{"line":102,"column":6}},"20":{"start":{"line":22,"column":18},"end":{"line":22,"column":38}},"21":{"start":{"line":23,"column":20},"end":{"line":23,"column":36}},"22":{"start":{"line":24,"column":23},"end":{"line":24,"column":42}},"23":{"start":{"line":25,"column":6},"end":{"line":25,"column":24}},"24":{"start":{"line":32,"column":38},"end":{"line":32,"column":42}},"25":{"start":{"line":33,"column":30},"end":{"line":33,"column":35}},"26":{"start":{"line":34,"column":27},"end":{"line":34,"column":36}},"27":{"start":{"line":36,"column":6},"end":{"line":57,"column":7}},"28":{"start":{"line":37,"column":8},"end":{"line":43,"column":9}},"29":{"start":{"line":38,"column":30},"end":{"line":38,"column":41}},"30":{"start":{"line":40,"column":10},"end":{"line":42,"column":11}},"31":{"start":{"line":41,"column":12},"end":{"line":41,"column":33}},"32":{"start":{"line":45,"column":8},"end":{"line":45,"column":33}},"33":{"start":{"line":46,"column":8},"end":{"line":46,"column":29}},"34":{"start":{"line":48,"column":8},"end":{"line":56,"column":9}},"35":{"start":{"line":49,"column":10},"end":{"line":51,"column":11}},"36":{"start":{"line":50,"column":12},"end":{"line":50,"column":31}},"37":{"start":{"line":53,"column":10},"end":{"line":55,"column":11}},"38":{"start":{"line":54,"column":12},"end":{"line":54,"column":33}},"39":{"start":{"line":62,"column":39},"end":{"line":62,"column":43}},"40":{"start":{"line":63,"column":31},"end":{"line":63,"column":36}},"41":{"start":{"line":64,"column":28},"end":{"line":64,"column":37}},"42":{"start":{"line":66,"column":6},"end":{"line":87,"column":7}},"43":{"start":{"line":67,"column":8},"end":{"line":73,"column":9}},"44":{"start":{"line":68,"column":30},"end":{"line":68,"column":42}},"45":{"start":{"line":70,"column":10},"end":{"line":72,"column":11}},"46":{"start":{"line":71,"column":12},"end":{"line":71,"column":33}},"47":{"start":{"line":75,"column":8},"end":{"line":75,"column":34}},"48":{"start":{"line":76,"column":8},"end":{"line":76,"column":30}},"49":{"start":{"line":78,"column":8},"end":{"line":86,"column":9}},"50":{"start":{"line":79,"column":10},"end":{"line":81,"column":11}},"51":{"start":{"line":80,"column":12},"end":{"line":80,"column":32}},"52":{"start":{"line":83,"column":10},"end":{"line":85,"column":11}},"53":{"start":{"line":84,"column":12},"end":{"line":84,"column":34}},"54":{"start":{"line":89,"column":6},"end":{"line":89,"column":62}},"55":{"start":{"line":97,"column":6},"end":{"line":99,"column":7}},"56":{"start":{"line":98,"column":8},"end":{"line":98,"column":35}},"57":{"start":{"line":100,"column":6},"end":{"line":100,"column":18}},"58":{"start":{"line":104,"column":2},"end":{"line":104,"column":22}},"59":{"start":{"line":107,"column":16},"end":{"line":120,"column":1}},"60":{"start":{"line":108,"column":2},"end":{"line":119,"column":3}},"61":{"start":{"line":109,"column":4},"end":{"line":109,"column":43}},"62":{"start":{"line":111,"column":18},"end":{"line":111,"column":42}},"63":{"start":{"line":112,"column":4},"end":{"line":118,"column":5}},"64":{"start":{"line":113,"column":6},"end":{"line":113,"column":44}},"65":{"start":{"line":115,"column":26},"end":{"line":115,"column":46}},"66":{"start":{"line":116,"column":20},"end":{"line":116,"column":65}},"67":{"start":{"line":117,"column":6},"end":{"line":117,"column":21}},"68":{"start":{"line":122,"column":0},"end":{"line":122,"column":31}}},"fnMap":{"0":{"name":"(anonymous_0)","decl":{"start":{"line":7,"column":19},"end":{"line":7,"column":20}},"loc":{"start":{"line":7,"column":31},"end":{"line":7,"column":561}},"line":7},"1":{"name":"defineProperties","decl":{"start":{"line":7,"column":42},"end":{"line":7,"column":58}},"loc":{"start":{"line":7,"column":74},"end":{"line":7,"column":349}},"line":7},"2":{"name":"(anonymous_2)","decl":{"start":{"line":7,"column":357},"end":{"line":7,"column":358}},"loc":{"start":{"line":7,"column":405},"end":{"line":7,"column":558}},"line":7},"3":{"name":"_classCallCheck","decl":{"start":{"line":9,"column":9},"end":{"line":9,"column":24}},"loc":{"start":{"line":9,"column":48},"end":{"line":9,"column":153}},"line":9},"4":{"name":"(anonymous_4)","decl":{"start":{"line":14,"column":19},"end":{"line":14,"column":20}},"loc":{"start":{"line":14,"column":31},"end":{"line":105,"column":1}},"line":14},"5":{"name":"HelperFuncts","decl":{"start":{"line":15,"column":11},"end":{"line":15,"column":23}},"loc":{"start":{"line":15,"column":26},"end":{"line":17,"column":3}},"line":15},"6":{"name":"getField","decl":{"start":{"line":21,"column":20},"end":{"line":21,"column":28}},"loc":{"start":{"line":21,"column":52},"end":{"line":26,"column":5}},"line":21},"7":{"name":"getObject","decl":{"start":{"line":31,"column":20},"end":{"line":31,"column":29}},"loc":{"start":{"line":31,"column":56},"end":{"line":58,"column":5}},"line":31},"8":{"name":"getObjectByField","decl":{"start":{"line":61,"column":20},"end":{"line":61,"column":36}},"loc":{"start":{"line":61,"column":78},"end":{"line":90,"column":5}},"line":61},"9":{"name":"getFields","decl":{"start":{"line":96,"column":20},"end":{"line":96,"column":29}},"loc":{"start":{"line":96,"column":51},"end":{"line":101,"column":5}},"line":96},"10":{"name":"getImgUrl","decl":{"start":{"line":107,"column":45},"end":{"line":107,"column":54}},"loc":{"start":{"line":107,"column":61},"end":{"line":120,"column":1}},"line":107}},"branchMap":{"0":{"loc":{"start":{"line":7,"column":168},"end":{"line":7,"column":198}},"type":"binary-expr","locations":[{"start":{"line":7,"column":168},"end":{"line":7,"column":189}},{"start":{"line":7,"column":193},"end":{"line":7,"column":198}}],"line":7},"1":{"loc":{"start":{"line":7,"column":232},"end":{"line":7,"column":286}},"type":"if","locations":[{"start":{"line":7,"column":232},"end":{"line":7,"column":286}},{"start":{"line":7,"column":232},"end":{"line":7,"column":286}}],"line":7},"2":{"loc":{"start":{"line":7,"column":407},"end":{"line":7,"column":475}},"type":"if","locations":[{"start":{"line":7,"column":407},"end":{"line":7,"column":475}},{"start":{"line":7,"column":407},"end":{"line":7,"column":475}}],"line":7},"3":{"loc":{"start":{"line":7,"column":476},"end":{"line":7,"column":536}},"type":"if","locations":[{"start":{"line":7,"column":476},"end":{"line":7,"column":536}},{"start":{"line":7,"column":476},"end":{"line":7,"column":536}}],"line":7},"4":{"loc":{"start":{"line":9,"column":50},"end":{"line":9,"column":151}},"type":"if","locations":[{"start":{"line":9,"column":50},"end":{"line":9,"column":151}},{"start":{"line":9,"column":50},"end":{"line":9,"column":151}}],"line":9},"5":{"loc":{"start":{"line":40,"column":10},"end":{"line":42,"column":11}},"type":"if","locations":[{"start":{"line":40,"column":10},"end":{"line":42,"column":11}},{"start":{"line":40,"column":10},"end":{"line":42,"column":11}}],"line":40},"6":{"loc":{"start":{"line":49,"column":10},"end":{"line":51,"column":11}},"type":"if","locations":[{"start":{"line":49,"column":10},"end":{"line":51,"column":11}},{"start":{"line":49,"column":10},"end":{"line":51,"column":11}}],"line":49},"7":{"loc":{"start":{"line":49,"column":14},"end":{"line":49,"column":60}},"type":"binary-expr","locations":[{"start":{"line":49,"column":14},"end":{"line":49,"column":40}},{"start":{"line":49,"column":44},"end":{"line":49,"column":60}}],"line":49},"8":{"loc":{"start":{"line":53,"column":10},"end":{"line":55,"column":11}},"type":"if","locations":[{"start":{"line":53,"column":10},"end":{"line":55,"column":11}},{"start":{"line":53,"column":10},"end":{"line":55,"column":11}}],"line":53},"9":{"loc":{"start":{"line":70,"column":10},"end":{"line":72,"column":11}},"type":"if","locations":[{"start":{"line":70,"column":10},"end":{"line":72,"column":11}},{"start":{"line":70,"column":10},"end":{"line":72,"column":11}}],"line":70},"10":{"loc":{"start":{"line":79,"column":10},"end":{"line":81,"column":11}},"type":"if","locations":[{"start":{"line":79,"column":10},"end":{"line":81,"column":11}},{"start":{"line":79,"column":10},"end":{"line":81,"column":11}}],"line":79},"11":{"loc":{"start":{"line":79,"column":14},"end":{"line":79,"column":62}},"type":"binary-expr","locations":[{"start":{"line":79,"column":14},"end":{"line":79,"column":41}},{"start":{"line":79,"column":45},"end":{"line":79,"column":62}}],"line":79},"12":{"loc":{"start":{"line":83,"column":10},"end":{"line":85,"column":11}},"type":"if","locations":[{"start":{"line":83,"column":10},"end":{"line":85,"column":11}},{"start":{"line":83,"column":10},"end":{"line":85,"column":11}}],"line":83},"13":{"loc":{"start":{"line":97,"column":6},"end":{"line":99,"column":7}},"type":"if","locations":[{"start":{"line":97,"column":6},"end":{"line":99,"column":7}},{"start":{"line":97,"column":6},"end":{"line":99,"column":7}}],"line":97},"14":{"loc":{"start":{"line":108,"column":2},"end":{"line":119,"column":3}},"type":"if","locations":[{"start":{"line":108,"column":2},"end":{"line":119,"column":3}},{"start":{"line":108,"column":2},"end":{"line":119,"column":3}}],"line":108},"15":{"loc":{"start":{"line":112,"column":4},"end":{"line":118,"column":5}},"type":"if","locations":[{"start":{"line":112,"column":4},"end":{"line":118,"column":5}},{"start":{"line":112,"column":4},"end":{"line":118,"column":5}}],"line":112}},"s":{"0":1,"1":1,"2":1,"3":4,"4":4,"5":4,"6":4,"7":4,"8":4,"9":1,"10":1,"11":1,"12":1,"13":0,"14":1,"15":0,"16":0,"17":1,"18":0,"19":1,"20":0,"21":0,"22":0,"23":0,"24":0,"25":0,"26":0,"27":0,"28":0,"29":0,"30":0,"31":0,"32":0,"33":0,"34":0,"35":0,"36":0,"37":0,"38":0,"39":0,"40":0,"41":0,"42":0,"43":0,"44":0,"45":0,"46":0,"47":0,"48":0,"49":0,"50":0,"51":0,"52":0,"53":0,"54":0,"55":0,"56":0,"57":0,"58":1,"59":1,"60":4,"61":0,"62":4,"63":4,"64":0,"65":4,"66":4,"67":4,"68":1},"f":{"0":1,"1":1,"2":1,"3":0,"4":1,"5":0,"6":0,"7":0,"8":0,"9":0,"10":4},"b":{"0":[4,4],"1":[4,0],"2":[1,0],"3":[0,1],"4":[0,0],"5":[0,0],"6":[0,0],"7":[0,0],"8":[0,0],"9":[0,0],"10":[0,0],"11":[0,0],"12":[0,0],"13":[0,0],"14":[0,4],"15":[0,4]},"_coverageSchema":"332fd63041d2c1bcb487cc26dd0d5f7d97098a6c","hash":"6163798ba3db9ddb52a45a8184da3aadce3c2b39","contentHash":"fe66e9c3b3f46b0960cd910224741c3c_11.6.0"},"C:\\Users\\TUTU GODFREY\\Desktop\\week2\\eventmanager\\server\\trans\\controllers\\eventController.js":{"path":"C:\\Users\\TUTU GODFREY\\Desktop\\week2\\eventmanager\\server\\trans\\controllers\\eventController.js","statementMap":{"0":{"start":{"line":3,"column":0},"end":{"line":5,"column":3}},"1":{"start":{"line":7,"column":19},"end":{"line":7,"column":563}},"2":{"start":{"line":7,"column":76},"end":{"line":7,"column":347}},"3":{"start":{"line":7,"column":134},"end":{"line":7,"column":142}},"4":{"start":{"line":7,"column":144},"end":{"line":7,"column":199}},"5":{"start":{"line":7,"column":200},"end":{"line":7,"column":231}},"6":{"start":{"line":7,"column":232},"end":{"line":7,"column":286}},"7":{"start":{"line":7,"column":259},"end":{"line":7,"column":286}},"8":{"start":{"line":7,"column":287},"end":{"line":7,"column":345}},"9":{"start":{"line":7,"column":350},"end":{"line":7,"column":559}},"10":{"start":{"line":7,"column":407},"end":{"line":7,"column":475}},"11":{"start":{"line":7,"column":423},"end":{"line":7,"column":475}},"12":{"start":{"line":7,"column":476},"end":{"line":7,"column":536}},"13":{"start":{"line":7,"column":493},"end":{"line":7,"column":536}},"14":{"start":{"line":7,"column":537},"end":{"line":7,"column":556}},"15":{"start":{"line":9,"column":14},"end":{"line":9,"column":36}},"16":{"start":{"line":11,"column":15},"end":{"line":11,"column":46}},"17":{"start":{"line":13,"column":20},"end":{"line":13,"column":54}},"18":{"start":{"line":15,"column":39},"end":{"line":15,"column":93}},"19":{"start":{"line":17,"column":50},"end":{"line":17,"column":151}},"20":{"start":{"line":17,"column":92},"end":{"line":17,"column":149}},"21":{"start":{"line":19,"column":13},"end":{"line":19,"column":36}},"22":{"start":{"line":20,"column":14},"end":{"line":20,"column":38}},"23":{"start":{"line":21,"column":12},"end":{"line":21,"column":34}},"24":{"start":{"line":23,"column":23},"end":{"line":239,"column":3}},"25":{"start":{"line":25,"column":4},"end":{"line":25,"column":44}},"26":{"start":{"line":28,"column":2},"end":{"line":236,"column":6}},"27":{"start":{"line":33,"column":21},"end":{"line":33,"column":48}},"28":{"start":{"line":34,"column":6},"end":{"line":72,"column":9}},"29":{"start":{"line":39,"column":8},"end":{"line":69,"column":9}},"30":{"start":{"line":40,"column":10},"end":{"line":66,"column":13}},"31":{"start":{"line":46,"column":12},"end":{"line":63,"column":13}},"32":{"start":{"line":48,"column":32},"end":{"line":48,"column":75}},"33":{"start":{"line":49,"column":14},"end":{"line":60,"column":17}},"34":{"start":{"line":57,"column":16},"end":{"line":57,"column":51}},"35":{"start":{"line":59,"column":16},"end":{"line":59,"column":62}},"36":{"start":{"line":62,"column":14},"end":{"line":62,"column":186}},"37":{"start":{"line":65,"column":12},"end":{"line":65,"column":47}},"38":{"start":{"line":68,"column":10},"end":{"line":68,"column":64}},"39":{"start":{"line":71,"column":8},"end":{"line":71,"column":43}},"40":{"start":{"line":80,"column":19},"end":{"line":80,"column":44}},"41":{"start":{"line":81,"column":20},"end":{"line":81,"column":48}},"42":{"start":{"line":82,"column":6},"end":{"line":119,"column":9}},"43":{"start":{"line":87,"column":8},"end":{"line":116,"column":9}},"44":{"start":{"line":88,"column":10},"end":{"line":113,"column":13}},"45":{"start":{"line":94,"column":12},"end":{"line":110,"column":13}},"46":{"start":{"line":95,"column":14},"end":{"line":107,"column":17}},"47":{"start":{"line":104,"column":16},"end":{"line":104,"column":58}},"48":{"start":{"line":106,"column":16},"end":{"line":106,"column":51}},"49":{"start":{"line":109,"column":14},"end":{"line":109,"column":80}},"50":{"start":{"line":112,"column":12},"end":{"line":112,"column":47}},"51":{"start":{"line":115,"column":10},"end":{"line":115,"column":78}},"52":{"start":{"line":118,"column":8},"end":{"line":118,"column":43}},"53":{"start":{"line":127,"column":21},"end":{"line":127,"column":50}},"54":{"start":{"line":128,"column":6},"end":{"line":152,"column":9}},"55":{"start":{"line":133,"column":8},"end":{"line":149,"column":9}},"56":{"start":{"line":134,"column":10},"end":{"line":146,"column":13}},"57":{"start":{"line":139,"column":12},"end":{"line":143,"column":13}},"58":{"start":{"line":140,"column":14},"end":{"line":140,"column":43}},"59":{"start":{"line":142,"column":14},"end":{"line":142,"column":82}},"60":{"start":{"line":145,"column":12},"end":{"line":145,"column":87}},"61":{"start":{"line":148,"column":10},"end":{"line":148,"column":64}},"62":{"start":{"line":151,"column":8},"end":{"line":151,"column":43}},"63":{"start":{"line":160,"column":19},"end":{"line":160,"column":46}},"64":{"start":{"line":161,"column":6},"end":{"line":179,"column":9}},"65":{"start":{"line":166,"column":8},"end":{"line":176,"column":9}},"66":{"start":{"line":167,"column":10},"end":{"line":173,"column":13}},"67":{"start":{"line":172,"column":12},"end":{"line":172,"column":52}},"68":{"start":{"line":175,"column":10},"end":{"line":175,"column":76}},"69":{"start":{"line":178,"column":8},"end":{"line":178,"column":67}},"70":{"start":{"line":186,"column":6},"end":{"line":194,"column":9}},"71":{"start":{"line":187,"column":8},"end":{"line":191,"column":9}},"72":{"start":{"line":188,"column":10},"end":{"line":188,"column":39}},"73":{"start":{"line":190,"column":10},"end":{"line":190,"column":62}},"74":{"start":{"line":193,"column":8},"end":{"line":193,"column":38}},"75":{"start":{"line":202,"column":20},"end":{"line":202,"column":48}},"76":{"start":{"line":203,"column":6},"end":{"line":215,"column":9}},"77":{"start":{"line":208,"column":8},"end":{"line":212,"column":9}},"78":{"start":{"line":209,"column":10},"end":{"line":209,"column":38}},"79":{"start":{"line":211,"column":10},"end":{"line":211,"column":63}},"80":{"start":{"line":214,"column":8},"end":{"line":214,"column":43}},"81":{"start":{"line":223,"column":20},"end":{"line":223,"column":48}},"82":{"start":{"line":224,"column":19},"end":{"line":224,"column":44}},"83":{"start":{"line":225,"column":6},"end":{"line":234,"column":9}},"84":{"start":{"line":231,"column":8},"end":{"line":231,"column":77}},"85":{"start":{"line":233,"column":8},"end":{"line":233,"column":43}},"86":{"start":{"line":238,"column":2},"end":{"line":238,"column":26}},"87":{"start":{"line":241,"column":0},"end":{"line":241,"column":35}}},"fnMap":{"0":{"name":"(anonymous_0)","decl":{"start":{"line":7,"column":19},"end":{"line":7,"column":20}},"loc":{"start":{"line":7,"column":31},"end":{"line":7,"column":561}},"line":7},"1":{"name":"defineProperties","decl":{"start":{"line":7,"column":42},"end":{"line":7,"column":58}},"loc":{"start":{"line":7,"column":74},"end":{"line":7,"column":349}},"line":7},"2":{"name":"(anonymous_2)","decl":{"start":{"line":7,"column":357},"end":{"line":7,"column":358}},"loc":{"start":{"line":7,"column":405},"end":{"line":7,"column":558}},"line":7},"3":{"name":"_interopRequireDefault","decl":{"start":{"line":15,"column":9},"end":{"line":15,"column":31}},"loc":{"start":{"line":15,"column":37},"end":{"line":15,"column":95}},"line":15},"4":{"name":"_classCallCheck","decl":{"start":{"line":17,"column":9},"end":{"line":17,"column":24}},"loc":{"start":{"line":17,"column":48},"end":{"line":17,"column":153}},"line":17},"5":{"name":"(anonymous_5)","decl":{"start":{"line":23,"column":23},"end":{"line":23,"column":24}},"loc":{"start":{"line":23,"column":35},"end":{"line":239,"column":1}},"line":23},"6":{"name":"EventsController","decl":{"start":{"line":24,"column":11},"end":{"line":24,"column":27}},"loc":{"start":{"line":24,"column":30},"end":{"line":26,"column":3}},"line":24},"7":{"name":"addEvent","decl":{"start":{"line":32,"column":20},"end":{"line":32,"column":28}},"loc":{"start":{"line":32,"column":39},"end":{"line":73,"column":5}},"line":32},"8":{"name":"(anonymous_8)","decl":{"start":{"line":38,"column":14},"end":{"line":38,"column":15}},"loc":{"start":{"line":38,"column":37},"end":{"line":70,"column":7}},"line":38},"9":{"name":"(anonymous_9)","decl":{"start":{"line":45,"column":18},"end":{"line":45,"column":19}},"loc":{"start":{"line":45,"column":40},"end":{"line":64,"column":11}},"line":45},"10":{"name":"(anonymous_10)","decl":{"start":{"line":56,"column":22},"end":{"line":56,"column":23}},"loc":{"start":{"line":56,"column":39},"end":{"line":58,"column":15}},"line":56},"11":{"name":"(anonymous_11)","decl":{"start":{"line":58,"column":23},"end":{"line":58,"column":24}},"loc":{"start":{"line":58,"column":40},"end":{"line":60,"column":15}},"line":58},"12":{"name":"(anonymous_12)","decl":{"start":{"line":64,"column":19},"end":{"line":64,"column":20}},"loc":{"start":{"line":64,"column":36},"end":{"line":66,"column":11}},"line":64},"13":{"name":"(anonymous_13)","decl":{"start":{"line":70,"column":15},"end":{"line":70,"column":16}},"loc":{"start":{"line":70,"column":32},"end":{"line":72,"column":7}},"line":70},"14":{"name":"updateEvent","decl":{"start":{"line":79,"column":20},"end":{"line":79,"column":31}},"loc":{"start":{"line":79,"column":42},"end":{"line":120,"column":5}},"line":79},"15":{"name":"(anonymous_15)","decl":{"start":{"line":86,"column":14},"end":{"line":86,"column":15}},"loc":{"start":{"line":86,"column":30},"end":{"line":117,"column":7}},"line":86},"16":{"name":"(anonymous_16)","decl":{"start":{"line":93,"column":18},"end":{"line":93,"column":19}},"loc":{"start":{"line":93,"column":35},"end":{"line":111,"column":11}},"line":93},"17":{"name":"(anonymous_17)","decl":{"start":{"line":103,"column":22},"end":{"line":103,"column":23}},"loc":{"start":{"line":103,"column":46},"end":{"line":105,"column":15}},"line":103},"18":{"name":"(anonymous_18)","decl":{"start":{"line":105,"column":23},"end":{"line":105,"column":24}},"loc":{"start":{"line":105,"column":40},"end":{"line":107,"column":15}},"line":105},"19":{"name":"(anonymous_19)","decl":{"start":{"line":111,"column":19},"end":{"line":111,"column":20}},"loc":{"start":{"line":111,"column":36},"end":{"line":113,"column":11}},"line":111},"20":{"name":"(anonymous_20)","decl":{"start":{"line":117,"column":15},"end":{"line":117,"column":16}},"loc":{"start":{"line":117,"column":32},"end":{"line":119,"column":7}},"line":117},"21":{"name":"getCenterEvents","decl":{"start":{"line":126,"column":20},"end":{"line":126,"column":35}},"loc":{"start":{"line":126,"column":46},"end":{"line":153,"column":5}},"line":126},"22":{"name":"(anonymous_22)","decl":{"start":{"line":132,"column":14},"end":{"line":132,"column":15}},"loc":{"start":{"line":132,"column":37},"end":{"line":150,"column":7}},"line":132},"23":{"name":"(anonymous_23)","decl":{"start":{"line":138,"column":18},"end":{"line":138,"column":19}},"loc":{"start":{"line":138,"column":36},"end":{"line":144,"column":11}},"line":138},"24":{"name":"(anonymous_24)","decl":{"start":{"line":144,"column":19},"end":{"line":144,"column":20}},"loc":{"start":{"line":144,"column":36},"end":{"line":146,"column":11}},"line":144},"25":{"name":"(anonymous_25)","decl":{"start":{"line":150,"column":15},"end":{"line":150,"column":16}},"loc":{"start":{"line":150,"column":32},"end":{"line":152,"column":7}},"line":150},"26":{"name":"getUsersEvents","decl":{"start":{"line":159,"column":20},"end":{"line":159,"column":34}},"loc":{"start":{"line":159,"column":45},"end":{"line":180,"column":5}},"line":159},"27":{"name":"(anonymous_27)","decl":{"start":{"line":165,"column":14},"end":{"line":165,"column":15}},"loc":{"start":{"line":165,"column":30},"end":{"line":177,"column":7}},"line":165},"28":{"name":"(anonymous_28)","decl":{"start":{"line":171,"column":18},"end":{"line":171,"column":19}},"loc":{"start":{"line":171,"column":40},"end":{"line":173,"column":11}},"line":171},"29":{"name":"(anonymous_29)","decl":{"start":{"line":177,"column":15},"end":{"line":177,"column":16}},"loc":{"start":{"line":177,"column":32},"end":{"line":179,"column":7}},"line":177},"30":{"name":"getEvents","decl":{"start":{"line":185,"column":20},"end":{"line":185,"column":29}},"loc":{"start":{"line":185,"column":40},"end":{"line":195,"column":5}},"line":185},"31":{"name":"(anonymous_31)","decl":{"start":{"line":186,"column":35},"end":{"line":186,"column":36}},"loc":{"start":{"line":186,"column":53},"end":{"line":192,"column":7}},"line":186},"32":{"name":"(anonymous_32)","decl":{"start":{"line":192,"column":15},"end":{"line":192,"column":16}},"loc":{"start":{"line":192,"column":32},"end":{"line":194,"column":7}},"line":192},"33":{"name":"getEvent","decl":{"start":{"line":201,"column":20},"end":{"line":201,"column":28}},"loc":{"start":{"line":201,"column":39},"end":{"line":216,"column":5}},"line":201},"34":{"name":"(anonymous_34)","decl":{"start":{"line":207,"column":14},"end":{"line":207,"column":15}},"loc":{"start":{"line":207,"column":31},"end":{"line":213,"column":7}},"line":207},"35":{"name":"(anonymous_35)","decl":{"start":{"line":213,"column":15},"end":{"line":213,"column":16}},"loc":{"start":{"line":213,"column":32},"end":{"line":215,"column":7}},"line":213},"36":{"name":"deleteEvent","decl":{"start":{"line":222,"column":20},"end":{"line":222,"column":31}},"loc":{"start":{"line":222,"column":42},"end":{"line":235,"column":5}},"line":222},"37":{"name":"(anonymous_37)","decl":{"start":{"line":230,"column":14},"end":{"line":230,"column":15}},"loc":{"start":{"line":230,"column":31},"end":{"line":232,"column":7}},"line":230},"38":{"name":"(anonymous_38)","decl":{"start":{"line":232,"column":15},"end":{"line":232,"column":16}},"loc":{"start":{"line":232,"column":32},"end":{"line":234,"column":7}},"line":232}},"branchMap":{"0":{"loc":{"start":{"line":7,"column":168},"end":{"line":7,"column":198}},"type":"binary-expr","locations":[{"start":{"line":7,"column":168},"end":{"line":7,"column":189}},{"start":{"line":7,"column":193},"end":{"line":7,"column":198}}],"line":7},"1":{"loc":{"start":{"line":7,"column":232},"end":{"line":7,"column":286}},"type":"if","locations":[{"start":{"line":7,"column":232},"end":{"line":7,"column":286}},{"start":{"line":7,"column":232},"end":{"line":7,"column":286}}],"line":7},"2":{"loc":{"start":{"line":7,"column":407},"end":{"line":7,"column":475}},"type":"if","locations":[{"start":{"line":7,"column":407},"end":{"line":7,"column":475}},{"start":{"line":7,"column":407},"end":{"line":7,"column":475}}],"line":7},"3":{"loc":{"start":{"line":7,"column":476},"end":{"line":7,"column":536}},"type":"if","locations":[{"start":{"line":7,"column":476},"end":{"line":7,"column":536}},{"start":{"line":7,"column":476},"end":{"line":7,"column":536}}],"line":7},"4":{"loc":{"start":{"line":15,"column":46},"end":{"line":15,"column":92}},"type":"cond-expr","locations":[{"start":{"line":15,"column":70},"end":{"line":15,"column":73}},{"start":{"line":15,"column":76},"end":{"line":15,"column":92}}],"line":15},"5":{"loc":{"start":{"line":15,"column":46},"end":{"line":15,"column":67}},"type":"binary-expr","locations":[{"start":{"line":15,"column":46},"end":{"line":15,"column":49}},{"start":{"line":15,"column":53},"end":{"line":15,"column":67}}],"line":15},"6":{"loc":{"start":{"line":17,"column":50},"end":{"line":17,"column":151}},"type":"if","locations":[{"start":{"line":17,"column":50},"end":{"line":17,"column":151}},{"start":{"line":17,"column":50},"end":{"line":17,"column":151}}],"line":17},"7":{"loc":{"start":{"line":39,"column":8},"end":{"line":69,"column":9}},"type":"if","locations":[{"start":{"line":39,"column":8},"end":{"line":69,"column":9}},{"start":{"line":39,"column":8},"end":{"line":69,"column":9}}],"line":39},"8":{"loc":{"start":{"line":46,"column":12},"end":{"line":63,"column":13}},"type":"if","locations":[{"start":{"line":46,"column":12},"end":{"line":63,"column":13}},{"start":{"line":46,"column":12},"end":{"line":63,"column":13}}],"line":46},"9":{"loc":{"start":{"line":87,"column":8},"end":{"line":116,"column":9}},"type":"if","locations":[{"start":{"line":87,"column":8},"end":{"line":116,"column":9}},{"start":{"line":87,"column":8},"end":{"line":116,"column":9}}],"line":87},"10":{"loc":{"start":{"line":94,"column":12},"end":{"line":110,"column":13}},"type":"if","locations":[{"start":{"line":94,"column":12},"end":{"line":110,"column":13}},{"start":{"line":94,"column":12},"end":{"line":110,"column":13}}],"line":94},"11":{"loc":{"start":{"line":96,"column":27},"end":{"line":96,"column":64}},"type":"binary-expr","locations":[{"start":{"line":96,"column":27},"end":{"line":96,"column":45}},{"start":{"line":96,"column":49},"end":{"line":96,"column":64}}],"line":96},"12":{"loc":{"start":{"line":97,"column":27},"end":{"line":97,"column":64}},"type":"binary-expr","locations":[{"start":{"line":97,"column":27},"end":{"line":97,"column":45}},{"start":{"line":97,"column":49},"end":{"line":97,"column":64}}],"line":97},"13":{"loc":{"start":{"line":98,"column":28},"end":{"line":98,"column":67}},"type":"binary-expr","locations":[{"start":{"line":98,"column":28},"end":{"line":98,"column":47}},{"start":{"line":98,"column":51},"end":{"line":98,"column":67}}],"line":98},"14":{"loc":{"start":{"line":99,"column":24},"end":{"line":99,"column":55}},"type":"binary-expr","locations":[{"start":{"line":99,"column":24},"end":{"line":99,"column":39}},{"start":{"line":99,"column":43},"end":{"line":99,"column":55}}],"line":99},"15":{"loc":{"start":{"line":100,"column":25},"end":{"line":100,"column":58}},"type":"binary-expr","locations":[{"start":{"line":100,"column":25},"end":{"line":100,"column":41}},{"start":{"line":100,"column":45},"end":{"line":100,"column":58}}],"line":100},"16":{"loc":{"start":{"line":101,"column":24},"end":{"line":101,"column":55}},"type":"binary-expr","locations":[{"start":{"line":101,"column":24},"end":{"line":101,"column":39}},{"start":{"line":101,"column":43},"end":{"line":101,"column":55}}],"line":101},"17":{"loc":{"start":{"line":102,"column":26},"end":{"line":102,"column":61}},"type":"binary-expr","locations":[{"start":{"line":102,"column":26},"end":{"line":102,"column":43}},{"start":{"line":102,"column":47},"end":{"line":102,"column":61}}],"line":102},"18":{"loc":{"start":{"line":133,"column":8},"end":{"line":149,"column":9}},"type":"if","locations":[{"start":{"line":133,"column":8},"end":{"line":149,"column":9}},{"start":{"line":133,"column":8},"end":{"line":149,"column":9}}],"line":133},"19":{"loc":{"start":{"line":139,"column":12},"end":{"line":143,"column":13}},"type":"if","locations":[{"start":{"line":139,"column":12},"end":{"line":143,"column":13}},{"start":{"line":139,"column":12},"end":{"line":143,"column":13}}],"line":139},"20":{"loc":{"start":{"line":166,"column":8},"end":{"line":176,"column":9}},"type":"if","locations":[{"start":{"line":166,"column":8},"end":{"line":176,"column":9}},{"start":{"line":166,"column":8},"end":{"line":176,"column":9}}],"line":166},"21":{"loc":{"start":{"line":187,"column":8},"end":{"line":191,"column":9}},"type":"if","locations":[{"start":{"line":187,"column":8},"end":{"line":191,"column":9}},{"start":{"line":187,"column":8},"end":{"line":191,"column":9}}],"line":187},"22":{"loc":{"start":{"line":208,"column":8},"end":{"line":212,"column":9}},"ty
[...]
line":101,"column":1}},"line":20},"6":{"name":"Notifications","decl":{"start":{"line":21,"column":10},"end":{"line":21,"column":23}},"loc":{"start":{"line":21,"column":26},"end":{"line":23,"column":2}},"line":21},"7":{"name":"createNotification","decl":{"start":{"line":29,"column":18},"end":{"line":29,"column":36}},"loc":{"start":{"line":29,"column":47},"end":{"line":60,"column":3}},"line":29},"8":{"name":"(anonymous_8)","decl":{"start":{"line":40,"column":12},"end":{"line":40,"column":13}},"loc":{"start":{"line":40,"column":28},"end":{"line":54,"column":5}},"line":40},"9":{"name":"(anonymous_9)","decl":{"start":{"line":46,"column":14},"end":{"line":46,"column":15}},"loc":{"start":{"line":46,"column":33},"end":{"line":48,"column":7}},"line":46},"10":{"name":"(anonymous_10)","decl":{"start":{"line":48,"column":15},"end":{"line":48,"column":16}},"loc":{"start":{"line":48,"column":32},"end":{"line":50,"column":7}},"line":48},"11":{"name":"(anonymous_11)","decl":{"start":{"line":54,"column":13},"end":{"line":54,"column":14}},"loc":{"start":{"line":54,"column":30},"end":{"line":56,"column":5}},"line":54},"12":{"name":"getNotifications","decl":{"start":{"line":63,"column":18},"end":{"line":63,"column":34}},"loc":{"start":{"line":63,"column":45},"end":{"line":86,"column":3}},"line":63},"13":{"name":"(anonymous_13)","decl":{"start":{"line":69,"column":11},"end":{"line":69,"column":12}},"loc":{"start":{"line":69,"column":27},"end":{"line":83,"column":4}},"line":69},"14":{"name":"(anonymous_14)","decl":{"start":{"line":75,"column":13},"end":{"line":75,"column":14}},"loc":{"start":{"line":75,"column":38},"end":{"line":77,"column":6}},"line":75},"15":{"name":"(anonymous_15)","decl":{"start":{"line":77,"column":14},"end":{"line":77,"column":15}},"loc":{"start":{"line":77,"column":31},"end":{"line":79,"column":6}},"line":77},"16":{"name":"(anonymous_16)","decl":{"start":{"line":83,"column":12},"end":{"line":83,"column":13}},"loc":{"start":{"line":83,"column":29},"end":{"line":85,"column":4}},"line":83},"17":{"name":"getAllNotifications","decl":{"start":{"line":91,"column":18},"end":{"line":91,"column":37}},"loc":{"start":{"line":91,"column":48},"end":{"line":97,"column":3}},"line":91},"18":{"name":"(anonymous_18)","decl":{"start":{"line":92,"column":35},"end":{"line":92,"column":36}},"loc":{"start":{"line":92,"column":60},"end":{"line":94,"column":4}},"line":92},"19":{"name":"(anonymous_19)","decl":{"start":{"line":94,"column":12},"end":{"line":94,"column":13}},"loc":{"start":{"line":94,"column":29},"end":{"line":96,"column":4}},"line":94}},"branchMap":{"0":{"loc":{"start":{"line":7,"column":168},"end":{"line":7,"column":198}},"type":"binary-expr","locations":[{"start":{"line":7,"column":168},"end":{"line":7,"column":189}},{"start":{"line":7,"column":193},"end":{"line":7,"column":198}}],"line":7},"1":{"loc":{"start":{"line":7,"column":232},"end":{"line":7,"column":286}},"type":"if","locations":[{"start":{"line":7,"column":232},"end":{"line":7,"column":286}},{"start":{"line":7,"column":232},"end":{"line":7,"column":286}}],"line":7},"2":{"loc":{"start":{"line":7,"column":407},"end":{"line":7,"column":475}},"type":"if","locations":[{"start":{"line":7,"column":407},"end":{"line":7,"column":475}},{"start":{"line":7,"column":407},"end":{"line":7,"column":475}}],"line":7},"3":{"loc":{"start":{"line":7,"column":476},"end":{"line":7,"column":536}},"type":"if","locations":[{"start":{"line":7,"column":476},"end":{"line":7,"column":536}},{"start":{"line":7,"column":476},"end":{"line":7,"column":536}}],"line":7},"4":{"loc":{"start":{"line":13,"column":46},"end":{"line":13,"column":92}},"type":"cond-expr","locations":[{"start":{"line":13,"column":70},"end":{"line":13,"column":73}},{"start":{"line":13,"column":76},"end":{"line":13,"column":92}}],"line":13},"5":{"loc":{"start":{"line":13,"column":46},"end":{"line":13,"column":67}},"type":"binary-expr","locations":[{"start":{"line":13,"column":46},"end":{"line":13,"column":49}},{"start":{"line":13,"column":53},"end":{"line":13,"column":67}}],"line":13},"6":{"loc":{"start":{"line":15,"column":50},"end":{"line":15,"column":151}},"type":"if","locations":[{"start":{"line":15,"column":50},"end":{"line":15,"column":151}},{"start":{"line":15,"column":50},"end":{"line":15,"column":151}}],"line":15},"7":{"loc":{"start":{"line":32,"column":3},"end":{"line":59,"column":4}},"type":"if","locations":[{"start":{"line":32,"column":3},"end":{"line":59,"column":4}},{"start":{"line":32,"column":3},"end":{"line":59,"column":4}}],"line":32},"8":{"loc":{"start":{"line":41,"column":5},"end":{"line":53,"column":6}},"type":"if","locations":[{"start":{"line":41,"column":5},"end":{"line":53,"column":6}},{"start":{"line":41,"column":5},"end":{"line":53,"column":6}}],"line":41},"9":{"loc":{"start":{"line":70,"column":4},"end":{"line":82,"column":5}},"type":"if","locations":[{"start":{"line":70,"column":4},"end":{"line":82,"column":5}},{"start":{"line":70,"column":4},"end":{"line":82,"column":5}}],"line":70}},"s":{"0":1,"1":1,"2":1,"3":3,"4":3,"5":3,"6":3,"7":3,"8":3,"9":1,"10":1,"11":1,"12":1,"13":0,"14":1,"15":1,"16":1,"17":1,"18":1,"19":0,"20":1,"21":1,"22":1,"23":1,"24":1,"25":1,"26":1,"27":1,"28":1,"29":1,"30":1,"31":1,"32":1,"33":1,"34":1,"35":0,"36":0,"37":0,"38":0,"39":1,"40":1,"41":1,"42":1,"43":1,"44":0,"45":0,"46":0,"47":0,"48":0,"49":0,"50":1,"51":1},"f":{"0":1,"1":1,"2":1,"3":1,"4":1,"5":1,"6":1,"7":1,"8":1,"9":1,"10":0,"11":0,"12":1,"13":1,"14":1,"15":0,"16":0,"17":0,"18":0,"19":0},"b":{"0":[3,3],"1":[3,0],"2":[1,0],"3":[0,1],"4":[1,0],"5":[1,1],"6":[0,1],"7":[1,0],"8":[1,0],"9":[1,0]},"_coverageSchema":"332fd63041d2c1bcb487cc26dd0d5f7d97098a6c","hash":"09a393f9ea82cd1cc5bbc254ec17f4166ff603e4","contentHash":"d7ccc34e6e64dc2da8340f75e2ed2af0_11.6.0"},"C:\\Users\\TUTU GODFREY\\Desktop\\week2\\eventmanager\\server\\trans\\test\\testApi.js":{"path":"C:\\Users\\TUTU GODFREY\\Desktop\\week2\\eventmanager\\server\\trans\\test\\testApi.js","statementMap":{"0":{"start":{"line":3,"column":12},"end":{"line":3,"column":27}},"1":{"start":{"line":5,"column":13},"end":{"line":5,"column":42}},"2":{"start":{"line":7,"column":16},"end":{"line":7,"column":36}},"3":{"start":{"line":9,"column":17},"end":{"line":9,"column":50}},"4":{"start":{"line":11,"column":11},"end":{"line":11,"column":30}},"5":{"start":{"line":13,"column":12},"end":{"line":13,"column":40}},"6":{"start":{"line":15,"column":13},"end":{"line":15,"column":41}},"7":{"start":{"line":17,"column":14},"end":{"line":17,"column":44}},"8":{"start":{"line":19,"column":39},"end":{"line":19,"column":93}},"9":{"start":{"line":21,"column":12},"end":{"line":21,"column":33}},"10":{"start":{"line":22,"column":13},"end":{"line":22,"column":35}},"11":{"start":{"line":23,"column":14},"end":{"line":23,"column":37}},"12":{"start":{"line":24,"column":20},"end":{"line":24,"column":49}},"13":{"start":{"line":26,"column":13},"end":{"line":26,"column":32}},"14":{"start":{"line":27,"column":13},"end":{"line":27,"column":34}},"15":{"start":{"line":29,"column":10},"end":{"line":29,"column":32}},"16":{"start":{"line":30,"column":0},"end":{"line":30,"column":39}},"17":{"start":{"line":32,"column":16},"end":{"line":32,"column":18}},"18":{"start":{"line":33,"column":18},"end":{"line":33,"column":20}},"19":{"start":{"line":34,"column":19},"end":{"line":34,"column":21}},"20":{"start":{"line":35,"column":18},"end":{"line":35,"column":20}},"21":{"start":{"line":36,"column":12},"end":{"line":36,"column":14}},"22":{"start":{"line":38,"column":0},"end":{"line":175,"column":3}},"23":{"start":{"line":39,"column":2},"end":{"line":49,"column":5}},"24":{"start":{"line":40,"column":4},"end":{"line":48,"column":7}},"25":{"start":{"line":41,"column":6},"end":{"line":41,"column":49}},"26":{"start":{"line":43,"column":6},"end":{"line":43,"column":41}},"27":{"start":{"line":45,"column":6},"end":{"line":45,"column":42}},"28":{"start":{"line":47,"column":6},"end":{"line":47,"column":18}},"29":{"start":{"line":52,"column":2},"end":{"line":58,"column":5}},"30":{"start":{"line":53,"column":4},"end":{"line":57,"column":7}},"31":{"start":{"line":54,"column":6},"end":{"line":56,"column":9}},"32":{"start":{"line":55,"column":8},"end":{"line":55,"column":44}},"33":{"start":{"line":60,"column":2},"end":{"line":105,"column":5}},"34":{"start":{"line":61,"column":4},"end":{"line":69,"column":7}},"35":{"start":{"line":62,"column":6},"end":{"line":68,"column":9}},"36":{"start":{"line":65,"column":8},"end":{"line":65,"column":43}},"37":{"start":{"line":66,"column":8},"end":{"line":66,"column":40}},"38":{"start":{"line":67,"column":8},"end":{"line":67,"column":44}},"39":{"start":{"line":71,"column":4},"end":{"line":80,"column":7}},"40":{"start":{"line":72,"column":6},"end":{"line":79,"column":9}},"41":{"start":{"line":76,"column":8},"end":{"line":76,"column":46}},"42":{"start":{"line":77,"column":8},"end":{"line":77,"column":40}},"43":{"start":{"line":78,"column":8},"end":{"line":78,"column":44}},"44":{"start":{"line":82,"column":4},"end":{"line":88,"column":7}},"45":{"start":{"line":83,"column":6},"end":{"line":87,"column":9}},"46":{"start":{"line":84,"column":8},"end":{"line":84,"column":45}},"47":{"start":{"line":85,"column":8},"end":{"line":85,"column":40}},"48":{"start":{"line":86,"column":8},"end":{"line":86,"column":44}},"49":{"start":{"line":90,"column":4},"end":{"line":104,"column":7}},"50":{"start":{"line":91,"column":25},"end":{"line":99,"column":7}},"51":{"start":{"line":100,"column":6},"end":{"line":103,"column":9}},"52":{"start":{"line":101,"column":8},"end":{"line":101,"column":40}},"53":{"start":{"line":102,"column":8},"end":{"line":102,"column":44}},"54":{"start":{"line":106,"column":2},"end":{"line":145,"column":5}},"55":{"start":{"line":107,"column":4},"end":{"line":113,"column":7}},"56":{"start":{"line":108,"column":6},"end":{"line":112,"column":9}},"57":{"start":{"line":109,"column":8},"end":{"line":109,"column":45}},"58":{"start":{"line":110,"column":8},"end":{"line":110,"column":40}},"59":{"start":{"line":111,"column":8},"end":{"line":111,"column":44}},"60":{"start":{"line":115,"column":4},"end":{"line":124,"column":7}},"61":{"start":{"line":116,"column":6},"end":{"line":123,"column":9}},"62":{"start":{"line":120,"column":8},"end":{"line":120,"column":46}},"63":{"start":{"line":121,"column":8},"end":{"line":121,"column":40}},"64":{"start":{"line":122,"column":8},"end":{"line":122,"column":44}},"65":{"start":{"line":126,"column":4},"end":{"line":132,"column":7}},"66":{"start":{"line":127,"column":6},"end":{"line":131,"column":9}},"67":{"start":{"line":128,"column":8},"end":{"line":128,"column":39}},"68":{"start":{"line":129,"column":8},"end":{"line":129,"column":40}},"69":{"start":{"line":130,"column":8},"end":{"line":130,"column":44}},"70":{"start":{"line":134,"column":4},"end":{"line":144,"column":7}},"71":{"start":{"line":135,"column":24},"end":{"line":139,"column":7}},"72":{"start":{"line":140,"column":6},"end":{"line":143,"column":9}},"73":{"start":{"line":141,"column":8},"end":{"line":141,"column":40}},"74":{"start":{"line":142,"column":8},"end":{"line":142,"column":44}},"75":{"start":{"line":146,"column":2},"end":{"line":174,"column":5}},"76":{"start":{"line":147,"column":4},"end":{"line":156,"column":7}},"77":{"start":{"line":148,"column":6},"end":{"line":155,"column":9}},"78":{"start":{"line":152,"column":8},"end":{"line":152,"column":46}},"79":{"start":{"line":153,"column":8},"end":{"line":153,"column":40}},"80":{"start":{"line":154,"column":8},"end":{"line":154,"column":44}},"81":{"start":{"line":158,"column":4},"end":{"line":167,"column":7}},"82":{"start":{"line":159,"column":25},"end":{"line":163,"column":7}},"83":{"start":{"line":164,"column":6},"end":{"line":166,"column":9}},"84":{"start":{"line":165,"column":8},"end":{"line":165,"column":40}},"85":{"start":{"line":169,"column":4},"end":{"line":173,"column":7}},"86":{"start":{"line":170,"column":6},"end":{"line":172,"column":9}},"87":{"start":{"line":171,"column":8},"end":{"line":171,"column":40}}},"fnMap":{"0":{"name":"_interopRequireDefault","decl":{"start":{"line":19,"column":9},"end":{"line":19,"column":31}},"loc":{"start":{"line":19,"column":37},"end":{"line":19,"column":95}},"line":19},"1":{"name":"(anonymous_1)","decl":{"start":{"line":38,"column":23},"end":{"line":38,"column":24}},"loc":{"start":{"line":38,"column":35},"end":{"line":175,"column":1}},"line":38},"2":{"name":"(anonymous_2)","decl":{"start":{"line":39,"column":27},"end":{"line":39,"column":28}},"loc":{"start":{"line":39,"column":39},"end":{"line":49,"column":3}},"line":39},"3":{"name":"(anonymous_3)","decl":{"start":{"line":40,"column":46},"end":{"line":40,"column":47}},"loc":{"start":{"line":40,"column":58},"end":{"line":42,"column":5}},"line":40},"4":{"name":"(anonymous_4)","decl":{"start":{"line":42,"column":12},"end":{"line":42,"column":13}},"loc":{"start":{"line":42,"column":24},"end":{"line":44,"column":5}},"line":42},"5":{"name":"(anonymous_5)","decl":{"start":{"line":44,"column":12},"end":{"line":44,"column":13}},"loc":{"start":{"line":44,"column":24},"end":{"line":46,"column":5}},"line":44},"6":{"name":"(anonymous_6)","decl":{"start":{"line":46,"column":13},"end":{"line":46,"column":14}},"loc":{"start":{"line":46,"column":30},"end":{"line":48,"column":5}},"line":46},"7":{"name":"(anonymous_7)","decl":{"start":{"line":52,"column":19},"end":{"line":52,"column":20}},"loc":{"start":{"line":52,"column":31},"end":{"line":58,"column":3}},"line":52},"8":{"name":"(anonymous_8)","decl":{"start":{"line":53,"column":40},"end":{"line":53,"column":41}},"loc":{"start":{"line":53,"column":52},"end":{"line":57,"column":5}},"line":53},"9":{"name":"(anonymous_9)","decl":{"start":{"line":54,"column":55},"end":{"line":54,"column":56}},"loc":{"start":{"line":54,"column":70},"end":{"line":56,"column":7}},"line":54},"10":{"name":"(anonymous_10)","decl":{"start":{"line":60,"column":25},"end":{"line":60,"column":26}},"loc":{"start":{"line":60,"column":37},"end":{"line":105,"column":3}},"line":60},"11":{"name":"(anonymous_11)","decl":{"start":{"line":61,"column":39},"end":{"line":61,"column":40}},"loc":{"start":{"line":61,"column":51},"end":{"line":69,"column":5}},"line":61},"12":{"name":"(anonymous_12)","decl":{"start":{"line":64,"column":91},"end":{"line":64,"column":92}},"loc":{"start":{"line":64,"column":106},"end":{"line":68,"column":7}},"line":64},"13":{"name":"(anonymous_13)","decl":{"start":{"line":71,"column":56},"end":{"line":71,"column":57}},"loc":{"start":{"line":71,"column":68},"end":{"line":80,"column":5}},"line":71},"14":{"name":"(anonymous_14)","decl":{"start":{"line":75,"column":14},"end":{"line":75,"column":15}},"loc":{"start":{"line":75,"column":29},"end":{"line":79,"column":7}},"line":75},"15":{"name":"(anonymous_15)","decl":{"start":{"line":82,"column":37},"end":{"line":82,"column":38}},"loc":{"start":{"line":82,"column":49},"end":{"line":88,"column":5}},"line":82},"16":{"name":"(anonymous_16)","decl":{"start":{"line":83,"column":470},"end":{"line":83,"column":471}},"loc":{"start":{"line":83,"column":485},"end":{"line":87,"column":7}},"line":83},"17":{"name":"(anonymous_17)","decl":{"start":{"line":90,"column":40},"end":{"line":90,"column":41}},"loc":{"start":{"line":90,"column":52},"end":{"line":104,"column":5}},"line":90},"18":{"name":"(anonymous_18)","decl":{"start":{"line":100,"column":136},"end":{"line":100,"column":137}},"loc":{"start":{"line":100,"column":151},"end":{"line":103,"column":7}},"line":100},"19":{"name":"(anonymous_19)","decl":{"start":{"line":106,"column":28},"end":{"line":106,"column":29}},"loc":{"start":{"line":106,"column":40},"end":{"line":145,"column":3}},"line":106},"20":{"name":"(anonymous_20)","decl":{"start":{"line":107,"column":41},"end":{"line":107,"column":42}},"loc":{"start":{"line":107,"column":53},"end":{"line":113,"column":5}},"line":107},"21":{"name":"(anonymous_21)","decl":{"start":{"line":108,"column":484},"end":{"line":108,"column":485}},"loc":{"start":{"line":108,"column":499},"end":{"line":112,"column":7}},"line":108},"22":{"name":"(anonymous_22)","decl":{"start":{"line":115,"column":58},"end":{"line":115,"column":59}},"loc":{"start":{"line":115,"column":70},"end":{"line":124,"column":5}},"line":115},"23":{"name":"(anonymous_23)","decl":{"start":{"line":119,"column":14},"end":{"line":119,"column":15}},"loc":{"start":{"line":119,"column":29},"end":{"line":123,"column":7}},"line":119},"24":{"name":"(anonymous_24)","decl":{"start":{"line":126,"column":30},"end":{"line":126,"column":31}},"loc":{"start":{"line":126,"column":42},"end":{"line":132,"column":5}},"line":126},"25":{"name":"(anonymous_25)","decl":{"start":{"line":127,"column":450},"end":{"line":127,"column":451}},"loc":{"start":{"line":127,"column":465},"end":{"line":131,"column":7}},"line":127},"26":{"name":"(anonymous_26)","decl":{"start":{"line":134,"column":33},"end":{"line":134,"column":34}},"loc":{"start":{"line":134,"column":45},"end":{"line":144,"column":5}},"line":134},"27":{"name":"(anonymous_27)","decl":{"start":{"line":140,"column":128},"end":{"line":140,"column":129}},"loc":{"start":{"line":140,"column":143},"end":{"line":143,"column":7}},"line":140},"28":{"name":"(anonymous_28)","decl":{"start":{"line":146,"column":28},"end":{"line":146,"column":29}},"loc":{"start":{"line":146,"column":40},"end":{"line":174,"column":3}},"line":146},"29":{"name":"(anonymous_29)","decl":{"start":{"line":147,"column":56},"end":{"line":147,"column":57}},"loc":{"start":{"line":147,"column":68},"end":{"line":156,"column":5}},"line":147},"30":{"name":"(anonymous_30)","decl":{"start":{"line":151,"column":14},"end":{"line":151,"column":15}},"loc":{"start":{"line":151,"column":29},"end":{"line":155,"column":7}},"line":151},"31":{"name":"(anonymous_31)","decl":{"start":{"line":158,"column":34},"end":{"line":158,"column":35}},"loc":{"start":{"line":158,"column":46},"end":{"line":167,"column":5}},"line":158},"32":{"name":"(anonymous_32)","decl":{"start":{"line":164,"column":125},"end":{"line":164,"column":126}},"loc":{"start":{"line":164,"column":140},"end":{"line":166,"column":7}},"line":164},"33":{"name":"(anonymous_33)","decl":{"start":{"line":169,"column":27},"end":{"line":169,"column":28}},"loc":{"start":{"line":169,"column":39},"end":{"line":173,"column":5}},"line":169},"34":{"name":"(anonymous_34)","decl":{"start":{"line":170,"column":123},"end":{"line":170,"column":124}},"loc":{"start":{"line":170,"column":138},"end":{"line":172,"column":7}},"line":170}},"branchMap":{"0":{"loc":{"start":{"line":19,"column":46},"end":{"line":19,"column":92}},"type":"cond-expr","locations":[{"start":{"line":19,"column":70},"end":{"line":19,"column":73}},{"start":{"line":19,"column":76},"end":{"line":19,"column":92}}],"line":19},"1":{"loc":{"start":{"line":19,"column":46},"end":{"line":19,"column":67}},"type":"binary-expr","locations":[{"start":{"line":19,"column":46},"end":{"line":19,"column":49}},{"start":{"line":19,"column":53},"end":{"line":19,"column":67}}],"line":19}},"s":{"0":1,"1":1,"2":1,"3":1,"4":1,"5":1,"6":1,"7":1,"8":4,"9":1,"10":1,"11":1,"12":1,"13":1,"14":1,"15":1,"16":1,"17":1,"18":1,"19":1,"20":1,"21":1,"22":1,"23":1,"24":1,"25":1,"26":1,"27":1,"28":0,"29":1,"30":1,"31":1,"32":1,"33":1,"34":1,"35":1,"36":1,"37":1,"38":1,"39":1,"40":1,"41":1,"42":1,"43":1,"44":1,"45":1,"46":1,"47":1,"48":1,"49":1,"50":1,"51":1,"52":1,"53":1,"54":1,"55":1,"56":1,"57":1,"58":1,"59":1,"60":1,"61":1,"62":1,"63":1,"64":1,"65":1,"66":1,"67":1,"68":1,"69":1,"70":1,"71":1,"72":1,"73":1,"74":1,"75":1,"76":1,"77":1,"78":1,"79":1,"80":1,"81":1,"82":1,"83":1,"84":1,"85":1,"86":1,"87":1},"f":{"0":4,"1":1,"2":1,"3":1,"4":1,"5":1,"6":0,"7":1,"8":1,"9":1,"10":1,"11":1,"12":1,"13":1,"14":1,"15":1,"16":1,"17":1,"18":1,"19":1,"20":1,"21":1,"22":1,"23":1,"24":1,"25":1,"26":1,"27":1,"28":1,"29":1,"30":1,"31":1,"32":1,"33":1,"34":1},"b":{"0":[2,2],"1":[4,4]},"_coverageSchema":"332fd63041d2c1bcb487cc26dd0d5f7d97098a6c","hash":"08ffa51916a56d2bd6871c9b3c4325e42d858d16","contentHash":"aa73b4b4f569b1f94498b0d3d38970e0_11.6.0"}}