{"C:\\Users\\TUTU GODFREY\\Desktop\\week2\\eventmanager\\server\\trans\\test\\test.js":{"path":"C:\\Users\\TUTU GODFREY\\Desktop\\week2\\eventmanager\\server\\trans\\test\\test.js","statementMap":{"0":{"start":{"line":3,"column":12},"end":{"line":3,"column":27}},"1":{"start":{"line":5,"column":13},"end":{"line":5,"column":42}},"2":{"start":{"line":7,"column":16},"end":{"line":7,"column":36}},"3":{"start":{"line":9,"column":17},"end":{"line":9,"column":50}},"4":{"start":{"line":11,"column":11},"end":{"line":11,"column":30}},"5":{"start":{"line":13,"column":12},"end":{"line":13,"column":40}},"6":{"start":{"line":15,"column":39},"end":{"line":15,"column":93}},"7":{"start":{"line":17,"column":13},"end":{"line":17,"column":32}},"8":{"start":{"line":18,"column":13},"end":{"line":18,"column":34}},"9":{"start":{"line":20,"column":0},"end":{"line":20,"column":39}},"10":{"start":{"line":22,"column":0},"end":{"line":40,"column":1}},"11":{"start":{"line":24,"column":2},"end":{"line":24,"column":102}},"12":{"start":{"line":26,"column":2},"end":{"line":39,"column":5}},"13":{"start":{"line":27,"column":4},"end":{"line":38,"column":7}},"14":{"start":{"line":28,"column":6},"end":{"line":30,"column":9}},"15":{"start":{"line":29,"column":8},"end":{"line":29,"column":50}},"16":{"start":{"line":31,"column":6},"end":{"line":33,"column":9}},"17":{"start":{"line":32,"column":8},"end":{"line":32,"column":41}},"18":{"start":{"line":35,"column":6},"end":{"line":37,"column":9}},"19":{"start":{"line":36,"column":8},"end":{"line":36,"column":58}}},"fnMap":{"0":{"name":"_interopRequireDefault","decl":{"start":{"line":15,"column":9},"end":{"line":15,"column":31}},"loc":{"start":{"line":15,"column":37},"end":{"line":15,"column":95}},"line":15},"1":{"name":"(anonymous_1)","decl":{"start":{"line":26,"column":21},"end":{"line":26,"column":22}},"loc":{"start":{"line":26,"column":33},"end":{"line":39,"column":3}},"line":26},"2":{"name":"(anonymous_2)","decl":{"start":{"line":27,"column":26},"end":{"line":27,"column":27}},"loc":{"start":{"line":27,"column":38},"end":{"line":38,"column":5}},"line":27},"3":{"name":"(anonymous_3)","decl":{"start":{"line":28,"column":37},"end":{"line":28,"column":38}},"loc":{"start":{"line":28,"column":49},"end":{"line":30,"column":7}},"line":28},"4":{"name":"(anonymous_4)","decl":{"start":{"line":31,"column":35},"end":{"line":31,"column":36}},"loc":{"start":{"line":31,"column":47},"end":{"line":33,"column":7}},"line":31},"5":{"name":"(anonymous_5)","decl":{"start":{"line":35,"column":50},"end":{"line":35,"column":51}},"loc":{"start":{"line":35,"column":62},"end":{"line":37,"column":7}},"line":35}},"branchMap":{"0":{"loc":{"start":{"line":15,"column":46},"end":{"line":15,"column":92}},"type":"cond-expr","locations":[{"start":{"line":15,"column":70},"end":{"line":15,"column":73}},{"start":{"line":15,"column":76},"end":{"line":15,"column":92}}],"line":15},"1":{"loc":{"start":{"line":15,"column":46},"end":{"line":15,"column":67}},"type":"binary-expr","locations":[{"start":{"line":15,"column":46},"end":{"line":15,"column":49}},{"start":{"line":15,"column":53},"end":{"line":15,"column":67}}],"line":15},"2":{"loc":{"start":{"line":22,"column":0},"end":{"line":40,"column":1}},"type":"if","locations":[{"start":{"line":22,"column":0},"end":{"line":40,"column":1}},{"start":{"line":22,"column":0},"end":{"line":40,"column":1}}],"line":22}},"s":{"0":1,"1":1,"2":1,"3":1,"4":1,"5":1,"6":3,"7":1,"8":1,"9":1,"10":1,"11":0,"12":1,"13":1,"14":1,"15":1,"16":1,"17":1,"18":1,"19":1},"f":{"0":3,"1":1,"2":1,"3":1,"4":1,"5":1},"b":{"0":[1,2],"1":[3,3],"2":[0,1]},"_coverageSchema":"332fd63041d2c1bcb487cc26dd0d5f7d97098a6c","hash":"b3607efcf55902ee14640ab59cf6e62de99cd2af","contentHash":"1635b80a6d1cb6a3665b1300423f0f5f_11.6.0"},"C:\\Users\\TUTU GODFREY\\Desktop\\week2\\eventmanager\\server\\trans\\app.js":{"path":"C:\\Users\\TUTU GODFREY\\Desktop\\week2\\eventmanager\\server\\trans\\app.js","statementMap":{"0":{"start":{"line":3,"column":0},"end":{"line":5,"column":3}},"1":{"start":{"line":7,"column":19},"end":{"line":7,"column":563}},"2":{"start":{"line":7,"column":76},"end":{"line":7,"column":347}},"3":{"start":{"line":7,"column":134},"end":{"line":7,"column":142}},"4":{"start":{"line":7,"column":144},"end":{"line":7,"column":199}},"5":{"start":{"line":7,"column":200},"end":{"line":7,"column":231}},"6":{"start":{"line":7,"column":232},"end":{"line":7,"column":286}},"7":{"start":{"line":7,"column":259},"end":{"line":7,"column":286}},"8":{"start":{"line":7,"column":287},"end":{"line":7,"column":345}},"9":{"start":{"line":7,"column":350},"end":{"line":7,"column":559}},"10":{"start":{"line":7,"column":407},"end":{"line":7,"column":475}},"11":{"start":{"line":7,"column":423},"end":{"line":7,"column":475}},"12":{"start":{"line":7,"column":476},"end":{"line":7,"column":536}},"13":{"start":{"line":7,"column":493},"end":{"line":7,"column":536}},"14":{"start":{"line":7,"column":537},"end":{"line":7,"column":556}},"15":{"start":{"line":9,"column":15},"end":{"line":9,"column":33}},"16":{"start":{"line":11,"column":16},"end":{"line":11,"column":48}},"17":{"start":{"line":13,"column":18},"end":{"line":13,"column":40}},"18":{"start":{"line":15,"column":19},"end":{"line":15,"column":54}},"19":{"start":{"line":17,"column":14},"end":{"line":17,"column":31}},"20":{"start":{"line":19,"column":15},"end":{"line":19,"column":46}},"21":{"start":{"line":21,"column":13},"end":{"line":21,"column":38}},"22":{"start":{"line":23,"column":14},"end":{"line":23,"column":44}},"23":{"start":{"line":25,"column":39},"end":{"line":25,"column":93}},"24":{"start":{"line":27,"column":50},"end":{"line":27,"column":151}},"25":{"start":{"line":27,"column":92},"end":{"line":27,"column":149}},"26":{"start":{"line":29,"column":12},"end":{"line":29,"column":33}},"27":{"start":{"line":32,"column":13},"end":{"line":55,"column":3}},"28":{"start":{"line":34,"column":4},"end":{"line":34,"column":34}},"29":{"start":{"line":36,"column":4},"end":{"line":36,"column":37}},"30":{"start":{"line":37,"column":4},"end":{"line":37,"column":43}},"31":{"start":{"line":38,"column":4},"end":{"line":38,"column":35}},"32":{"start":{"line":39,"column":4},"end":{"line":39,"column":23}},"33":{"start":{"line":42,"column":2},"end":{"line":52,"column":6}},"34":{"start":{"line":45,"column":6},"end":{"line":45,"column":32}},"35":{"start":{"line":46,"column":6},"end":{"line":46,"column":50}},"36":{"start":{"line":47,"column":6},"end":{"line":47,"column":67}},"37":{"start":{"line":48,"column":6},"end":{"line":48,"column":43}},"38":{"start":{"line":49,"column":6},"end":{"line":49,"column":34}},"39":{"start":{"line":50,"column":6},"end":{"line":50,"column":22}},"40":{"start":{"line":54,"column":2},"end":{"line":54,"column":16}},"41":{"start":{"line":57,"column":0},"end":{"line":57,"column":25}}},"fnMap":{"0":{"name":"(anonymous_0)","decl":{"start":{"line":7,"column":19},"end":{"line":7,"column":20}},"loc":{"start":{"line":7,"column":31},"end":{"line":7,"column":561}},"line":7},"1":{"name":"defineProperties","decl":{"start":{"line":7,"column":42},"end":{"line":7,"column":58}},"loc":{"start":{"line":7,"column":74},"end":{"line":7,"column":349}},"line":7},"2":{"name":"(anonymous_2)","decl":{"start":{"line":7,"column":357},"end":{"line":7,"column":358}},"loc":{"start":{"line":7,"column":405},"end":{"line":7,"column":558}},"line":7},"3":{"name":"_interopRequireDefault","decl":{"start":{"line":25,"column":9},"end":{"line":25,"column":31}},"loc":{"start":{"line":25,"column":37},"end":{"line":25,"column":95}},"line":25},"4":{"name":"_classCallCheck","decl":{"start":{"line":27,"column":9},"end":{"line":27,"column":24}},"loc":{"start":{"line":27,"column":48},"end":{"line":27,"column":153}},"line":27},"5":{"name":"(anonymous_5)","decl":{"start":{"line":32,"column":13},"end":{"line":32,"column":14}},"loc":{"start":{"line":32,"column":25},"end":{"line":55,"column":1}},"line":32},"6":{"name":"Server","decl":{"start":{"line":33,"column":11},"end":{"line":33,"column":17}},"loc":{"start":{"line":33,"column":20},"end":{"line":40,"column":3}},"line":33},"7":{"name":"expressServer","decl":{"start":{"line":44,"column":20},"end":{"line":44,"column":33}},"loc":{"start":{"line":44,"column":36},"end":{"line":51,"column":5}},"line":44}},"branchMap":{"0":{"loc":{"start":{"line":7,"column":168},"end":{"line":7,"column":198}},"type":"binary-expr","locations":[{"start":{"line":7,"column":168},"end":{"line":7,"column":189}},{"start":{"line":7,"column":193},"end":{"line":7,"column":198}}],"line":7},"1":{"loc":{"start":{"line":7,"column":232},"end":{"line":7,"column":286}},"type":"if","locations":[{"start":{"line":7,"column":232},"end":{"line":7,"column":286}},{"start":{"line":7,"column":232},"end":{"line":7,"column":286}}],"line":7},"2":{"loc":{"start":{"line":7,"column":407},"end":{"line":7,"column":475}},"type":"if","locations":[{"start":{"line":7,"column":407},"end":{"line":7,"column":475}},{"start":{"line":7,"column":407},"end":{"line":7,"column":475}}],"line":7},"3":{"loc":{"start":{"line":7,"column":476},"end":{"line":7,"column":536}},"type":"if","locations":[{"start":{"line":7,"column":476},"end":{"line":7,"column":536}},{"start":{"line":7,"column":476},"end":{"line":7,"column":536}}],"line":7},"4":{"loc":{"start":{"line":25,"column":46},"end":{"line":25,"column":92}},"type":"cond-expr","locations":[{"start":{"line":25,"column":70},"end":{"line":25,"column":73}},{"start":{"line":25,"column":76},"end":{"line":25,"column":92}}],"line":25},"5":{"loc":{"start":{"line":25,"column":46},"end":{"line":25,"column":67}},"type":"binary-expr","locations":[{"start":{"line":25,"column":46},"end":{"line":25,"column":49}},{"start":{"line":25,"column":53},"end":{"line":25,"column":67}}],"line":25},"6":{"loc":{"start":{"line":27,"column":50},"end":{"line":27,"column":151}},"type":"if","locations":[{"start":{"line":27,"column":50},"end":{"line":27,"column":151}},{"start":{"line":27,"column":50},"end":{"line":27,"column":151}}],"line":27}},"s":{"0":1,"1":1,"2":1,"3":1,"4":1,"5":1,"6":1,"7":1,"8":1,"9":1,"10":1,"11":1,"12":1,"13":0,"14":1,"15":1,"16":1,"17":1,"18":1,"19":1,"20":1,"21":1,"22":1,"23":4,"24":2,"25":0,"26":1,"27":1,"28":2,"29":2,"30":2,"31":2,"32":2,"33":1,"34":1,"35":1,"36":1,"37":1,"38":1,"39":1,"40":1,"41":1},"f":{"0":1,"1":1,"2":1,"3":4,"4":2,"5":1,"6":2,"7":1},"b":{"0":[1,1],"1":[1,0],"2":[1,0],"3":[0,1],"4":[1,3],"5":[4,4],"6":[0,2]},"_coverageSchema":"332fd63041d2c1bcb487cc26dd0d5f7d97098a6c","hash":"95f05b5dc5e13d3eb71f8d62d91e43270146759e","contentHash":"f6aa62fcc62f74f2b8e3fed3c1690a8c_11.6.0"},"C:\\Users\\TUTU GODFREY\\Desktop\\week2\\eventmanager\\server\\trans\\routes\\index.js":{"path":"C:\\Users\\TUTU GODFREY\\Desktop\\week2\\eventmanager\\server\\trans\\routes\\index.js","statementMap":{"0":{"start":{"line":3,"column":0},"end":{"line":5,"column":3}},"1":{"start":{"line":7,"column":19},"end":{"line":7,"column":563}},"2":{"start":{"line":7,"column":76},"end":{"line":7,"column":347}},"3":{"start":{"line":7,"column":134},"end":{"line":7,"column":142}},"4":{"start":{"line":7,"column":144},"end":{"line":7,"column":199}},"5":{"start":{"line":7,"column":200},"end":{"line":7,"column":231}},"6":{"start":{"line":7,"column":232},"end":{"line":7,"column":286}},"7":{"start":{"line":7,"column":259},"end":{"line":7,"column":286}},"8":{"start":{"line":7,"column":287},"end":{"line":7,"column":345}},"9":{"start":{"line":7,"column":350},"end":{"line":7,"column":559}},"10":{"start":{"line":7,"column":407},"end":{"line":7,"column":475}},"11":{"start":{"line":7,"column":423},"end":{"line":7,"column":475}},"12":{"start":{"line":7,"column":476},"end":{"line":7,"column":536}},"13":{"start":{"line":7,"column":493},"end":{"line":7,"column":536}},"14":{"start":{"line":7,"column":537},"end":{"line":7,"column":556}},"15":{"start":{"line":11,"column":14},"end":{"line":11,"column":31}},"16":{"start":{"line":13,"column":15},"end":{"line":13,"column":46}},"17":{"start":{"line":15,"column":15},"end":{"line":15,"column":33}},"18":{"start":{"line":17,"column":16},"end":{"line":17,"column":48}},"19":{"start":{"line":19,"column":14},"end":{"line":19,"column":31}},"20":{"start":{"line":21,"column":15},"end":{"line":21,"column":46}},"21":{"start":{"line":23,"column":20},"end":{"line":23,"column":43}},"22":{"start":{"line":25,"column":21},"end":{"line":25,"column":58}},"23":{"start":{"line":27,"column":12},"end":{"line":27,"column":27}},"24":{"start":{"line":29,"column":13},"end":{"line":29,"column":42}},"25":{"start":{"line":31,"column":24},"end":{"line":31,"column":53}},"26":{"start":{"line":33,"column":25},"end":{"line":33,"column":66}},"27":{"start":{"line":35,"column":15},"end":{"line":35,"column":61}},"28":{"start":{"line":37,"column":16},"end":{"line":37,"column":48}},"29":{"start":{"line":39,"column":29},"end":{"line":39,"column":78}},"30":{"start":{"line":41,"column":30},"end":{"line":41,"column":76}},"31":{"start":{"line":43,"column":23},"end":{"line":43,"column":66}},"32":{"start":{"line":45,"column":24},"end":{"line":45,"column":64}},"33":{"start":{"line":47,"column":23},"end":{"line":47,"column":66}},"34":{"start":{"line":49,"column":24},"end":{"line":49,"column":64}},"35":{"start":{"line":51,"column":31},"end":{"line":51,"column":82}},"36":{"start":{"line":53,"column":32},"end":{"line":53,"column":80}},"37":{"start":{"line":55,"column":39},"end":{"line":55,"column":93}},"38":{"start":{"line":57,"column":50},"end":{"line":57,"column":151}},"39":{"start":{"line":57,"column":92},"end":{"line":57,"column":149}},"40":{"start":{"line":65,"column":19},"end":{"line":70,"column":2}},"41":{"start":{"line":68,"column":4},"end":{"line":68,"column":32}},"42":{"start":{"line":71,"column":21},"end":{"line":76,"column":2}},"43":{"start":{"line":74,"column":4},"end":{"line":74,"column":32}},"44":{"start":{"line":77,"column":20},"end":{"line":82,"column":2}},"45":{"start":{"line":80,"column":4},"end":{"line":80,"column":32}},"46":{"start":{"line":84,"column":18},"end":{"line":84,"column":66}},"47":{"start":{"line":85,"column":20},"end":{"line":85,"column":70}},"48":{"start":{"line":86,"column":19},"end":{"line":86,"column":68}},"49":{"start":{"line":88,"column":0},"end":{"line":88,"column":26}},"50":{"start":{"line":89,"column":19},"end":{"line":89,"column":56}},"51":{"start":{"line":90,"column":13},"end":{"line":90,"column":44}},"52":{"start":{"line":91,"column":12},"end":{"line":91,"column":43}},"53":{"start":{"line":92,"column":20},"end":{"line":92,"column":59}},"54":{"start":{"line":93,"column":13},"end":{"line":162,"column":3}},"55":{"start":{"line":95,"column":4},"end":{"line":95,"column":34}},"56":{"start":{"line":97,"column":4},"end":{"line":97,"column":23}},"57":{"start":{"line":98,"column":4},"end":{"line":98,"column":25}},"58":{"start":{"line":99,"column":4},"end":{"line":99,"column":37}},"59":{"start":{"line":100,"column":4},"end":{"line":100,"column":49}},"60":{"start":{"line":103,"column":2},"end":{"line":159,"column":6}},"61":{"start":{"line":106,"column":6},"end":{"line":108,"column":9}},"62":{"start":{"line":107,"column":8},"end":{"line":107,"column":97}},"63":{"start":{"line":109,"column":6},"end":{"line":109,"column":117}},"64":{"start":{"line":112,"column":6},"end":{"line":112,"column":89}},"65":{"start":{"line":113,"column":6},"end":{"line":113,"column":58}},"66":{"start":{"line":114,"column":6},"end":{"line":114,"column":65}},"67":{"start":{"line":115,"column":6},"end":{"line":115,"column":52}},"68":{"start":{"line":116,"column":6},"end":{"line":116,"column":49}},"69":{"start":{"line":119,"column":6},"end":{"line":133,"column":9}},"70":{"start":{"line":120,"column":20},"end":{"line":120,"column":55}},"71":{"start":{"line":121,"column":8},"end":{"line":132,"column":9}},"72":{"start":{"line":123,"column":10},"end":{"line":129,"column":13}},"73":{"start":{"line":124,"column":12},"end":{"line":128,"column":13}},"74":{"start":{"line":125,"column":14},"end":{"line":125,"column":52}},"75":{"start":{"line":127,"column":14},"end":{"line":127,"column":21}},"76":{"start":{"line":131,"column":10},"end":{"line":131,"column":54}},"77":{"start":{"line":135,"column":6},"end":{"line":135,"column":64}},"78":{"start":{"line":136,"column":6},"end":{"line":136,"column":68}},"79":{"start":{"line":137,"column":6},"end":{"line":137,"column":108}},"80":{"start":{"line":138,"column":6},"end":{"line":138,"column":73}},"81":{"start":{"line":139,"column":6},"end":{"line":139,"column":82}},"82":{"start":{"line":140,"column":6},"end":{"line":140,"column":85}},"83":{"start":{"line":141,"column":6},"end":{"line":141,"column":91}},"84":{"start":{"line":142,"column":6},"end":{"line":142,"column":85}},"85":{"start":{"line":143,"column":6},"end":{"line":143,"column":88}},"86":{"start":{"line":146,"column":6},"end":{"line":146,"column":93}},"87":{"start":{"line":147,"column":6},"end":{"line":147,"column":71}},"88":{"start":{"line":148,"column":6},"end":{"line":148,"column":60}},"89":{"start":{"line":149,"column":6},"end":{"line":149,"column":84}},"90":{"start":{"line":150,"column":6},"end":{"line":150,"column":74}},"91":{"start":{"line":151,"column":6},"end":{"line":151,"column":74}},"92":{"start":{"line":152,"column":6},"end":{"line":152,"column":73}},"93":{"start":{"line":155,"column":6},"end":{"line":155,"column":79}},"94":{"start":{"line":156,"column":6},"end":{"line":156,"column":79}},"95":{"start":{"line":157,"column":6},"end":{"line":157,"column":84}},"96":{"start":{"line":161,"column":2},"end":{"line":161,"column":16}},"97":{"start":{"line":164,"column":0},"end":{"line":164,"column":25}}},"fnMap":{"0":{"name":"(anonymous_0)","decl":{"start":{"line":7,"column":19},"end":{"line":7,"column":20}},"loc":{"start":{"line":7,"column":31},"end":{"line":7,"column":561}},"line":7},"1":{"name":"defineProperties","decl":{"start":{"line":7,"column":42},"end":{"line":7,"column":58}},"loc":{"start":{"line":7,"column":74},"end":{"line":7,"column":349}},"line":7},"2":{"name":"(anonymous_2)","decl":{"start":{"line":7,"column":357},"end":{"line":7,"column":358}},"loc":{"start":{"line":7,"column":405},"end":{"line":7,"column":558}},"line":7},"3":{"name":"_interopRequireDefault","decl":{"start":{"line":55,"column":9},"end":{"line":55,"column":31}},"loc":{"start":{"line":55,"column":37},"end":{"line":55,"column":95}},"line":55},"4":{"name":"_classCallCheck","decl":{"start":{"line":57,"column":9},"end":{"line":57,"column":24}},"loc":{"start":{"line":57,"column":48},"end":{"line":57,"column":153}},"line":57},"5":{"name":"filename","decl":{"start":{"line":67,"column":21},"end":{"line":67,"column":29}},"loc":{"start":{"line":67,"column":45},"end":{"line":69,"column":3}},"line":67},"6":{"name":"filename","decl":{"start":{"line":73,"column":21},"end":{"line":73,"column":29}},"loc":{"start":{"line":73,"column":45},"end":{"line":75,"column":3}},"line":73},"7":{"name":"filename","decl":{"start":{"line":79,"column":21},"end":{"line":79,"column":29}},"loc":{"start":{"line":79,"column":45},"end":{"line":81,"column":3}},"line":79},"8":{"name":"(anonymous_8)","decl":{"start":{"line":93,"column":13},"end":{"line":93,"column":14}},"loc":{"start":{"line":93,"column":25},"end":{"line":162,"column":1}},"line":93},"9":{"name":"Routes","decl":{"start":{"line":94,"column":11},"end":{"line":94,"column":17}},"loc":{"start":{"line":94,"column":20},"end":{"line":101,"column":3}},"line":94},"10":{"name":"routes","decl":{"start":{"line":105,"column":20},"end":{"line":105,"column":26}},"loc":{"start":{"line":105,"column":32},"end":{"line":158,"column":5}},"line":105},"11":{"name":"(anonymous_11)","decl":{"start":{"line":106,"column":19},"end":{"line":106,"column":20}},"loc":{"start":{"line":106,"column":39},"end":{"line":108,"column":7}},"line":106},"12":{"name":"(anonymous_12)","decl":{"start":{"line":119,"column":26},"end":{"line":119,"column":27}},"loc":{"start":{"line":119,"column":52},"end":{"line":133,"column":7}},"line":119},"13":{"name":"(anonymous_13)","decl":{"start":{"line":123,"column":71},"end":{"line":123,"column":72}},"loc":{"start":{"line":123,"column":94},"end":{"line":129,"column":11}},"line":123}},"branchMap":{"0":{"loc":{"start":{"line":7,"column":168},"end":{"line":7,"column":198}},"type":"binary-expr","locations":[{"start":{"line":7,"column":168},"end":{"line":7,"column":189}},{"start":{"line":7,"column":193},"end":{"line":7,"column":198}}],"line":7},"1":{"loc":{"start":{"line":7,"column":232},"end":{"line":7,"column":286}},"type":"if","locations":[{"start":{"line":7,"column":232},"end":{"line":7,"column":286}},{"start":{"line":7,"column":232},"end":{"line":7,"column":286}}],"line":7},"2":{"loc":{"start":{"line":7,"column":407},"end":{"line":7,"column":475}},"type":"if","locations":[{"start":{"line":7,"column":407},"end":{"line":7,"column":475}},{"start":{"line":7,"column":407},"end":{"line":7,"column":475}}],"line":7},"3":{"loc":{"start":{"line":7,"column":476},"end":{"line":7,"column":536}},"type":"if","locations":[{"start":{"line":7,"column":476},"end":{"line":7,"column":536}},{"start":{"line":7,"column":476},"end":{"line":7,"column":536}}],"line":7},"4":{"loc":{"start":{"line":55,"column":46},"end":{"line":55,"column":92}},"type":"cond-expr","locations":[{"start":{"line":55,"column":70},"end":{"line":55,"column":73}},{"start":{"line":55,"column":76},"end":{"line":55,"column":92}}],"line":55},"5":{"loc":{"start":{"line":55,"column":46},"end":{"line":55,"column":67}},"type":"binary-expr","locations":[{"start":{"line":55,"column":46},"end":{"line":55,"column":49}},{"start":{"line":55,"column":53},"end":{"line":55,"column":67}}],"line":55},"6":{"loc":{"start":{"line":57,"column":50},"end":{"line":57,"column":151}},"type":"if","locations":[{"start":{"line":57,"column":50},"end":{"line":57,"column":151}},{"start":{"line":57,"column":50},"end":{"line":57,"column":151}}],"line":57},"7":{"loc":{"start":{"line":120,"column":20},"end":{"line":120,"column":55}},"type":"binary-expr","locations":[{"start":{"line":120,"column":20},"end":{"line":120,"column":34}},{"start":{"line":120,"column":38},"end":{"line":120,"column":55}}],"line":120},"8":{"loc":{"start":{"line":121,"column":8},"end":{"line":132,"column":9}},"type":"if","locations":[{"start":{"line":121,"column":8},"end":{"line":132,"column":9}},{"start":{"line":121,"column":8},"end":{"line":132,"column":9}}],"line":121},"9":{"loc":{"start":{"line":124,"column":12},"end":{"line":128,"column":13}},"type":"if","locations":[{"start":{"line":124,"column":12},"end":{"line":128,"column":13}},{"start":{"line":124,"column":12},"end":{"line":128,"column":13}}],"line":124}},"s":{"0":1,"1":1,"2":1,"3":1,"4":1,"5":1,"6":1,"7":1,"8":1,"9":1,"10":1,"11":1,"12":1,"13":0,"14":1,"15":1,"16":1,"17":1,"18":1,"19":1,"20":1,"21":1,"22":1,"23":1,"24":1,"25":1,"26":1,"27":1,"28":1,"29":1,"30":1,"31":1,"32":1,"33":1,"34":1,"35":1,"36":1,"37":11,"38":1,"39":0,"40":1,"41":2,"42":1,"43":1,"44":1,"45":1,"46":1,"47":1,"48":1,"49":1,"50":1,"51":1,"52":1,"53":1,"54":1,"55":1,"56":1,"57":1,"58":1,"59":1,"60":1,"61":1,"62":1,"63":1,"64":1,"65":1,"66":1,"67":1,"68":1,"69":1,"70":6,"71":6,"72":6,"73":6,"74":0,"75":6,"76":0,"77":1,"78":1,"79":1,"80":1,"81":1,"82":1,"83":1,"84":1,"85":1,"86":1,"87":1,"88":1,"89":1,"90":1,"91":1,"92":1,"93":1,"94":1,"95":1,"96":1,"97":1},"f":{"0":1,"1":1,"2":1,"3":11,"4":1,"5":2,"6":1,"7":1,"8":1,"9":1,"10":1,"11":1,"12":6,"13":6},"b":{"0":[1,1],"1":[1,0],"2":[1,0],"3":[0,1],"4":[4,7],"5":[11,11],"6":[0,1],"7":[6,6],"8":[6,0],"9":[0,6]},"_coverageSchema":"332fd63041d2c1bcb487cc26dd0d5f7d97098a6c","hash":"55658b474d85749badca03290a1c6e508387e94c","contentHash":"a5407c6860031bc40f9cb05e3dd863c7_11.6.0"},"C:\\Users\\TUTU GODFREY\\Desktop\\week2\\eventmanager\\server\\trans\\controllers\\eventCenterController.js":{"path":"C:\\Users\\TUTU GODFREY\\Desktop\\week2\\eventmanager\\server\\trans\\controllers\\eventCenterController.js","statementMap":{"0":{"start":{"line":3,"column":0},"end":{"line":5,"column":3}},"1":{"start":{"line":7,"column":19},"end":{"line":7,"column":563}},"2":{"start":{"line":7,"column":76},"end":{"line":7,"column":347}},"3":{"start":{"line":7,"column":134},"end":{"line":7,"column":142}},"4":{"start":{"line":7,"column":144},"end":{"line":7,"column":199}},"5":{"start":{"line":7,"column":200},"end":{"line":7,"column":231}},"6":{"start":{"line":7,"column":232},"end":{"line":7,"column":286}},"7":{"start":{"line":7,"column":259},"end":{"line":7,"column":286}},"8":{"start":{"line":7,"column":287},"end":{"line":7,"column":345}},"9":{"start":{"line":7,"column":350},"end":{"line":7,"column":559}},"10":{"start":{"line":7,"column":407},"end":{"line":7,"column":475}},"11":{"start":{"line":7,"column":423},"end":{"line":7,"column":475}},"12":{"start":{"line":7,"column":476},"end":{"line":7,"column":536}},"13":{"start":{"line":7,"column":493},"end":{"line":7,"column":536}},"14":{"start":{"line":7,"column":537},"end":{"line":7,"column":556}},"15":{"start":{"line":9,"column":14},"end":{"line":9,"column":36}},"16":{"start":{"line":11,"column":15},"end":{"line":11,"column":46}},"17":{"start":{"line":13,"column":20},"end":{"line":13,"column":54}},"18":{"start":{"line":15,"column":39},"end":{"line":15,"column":93}},"19":{"start":{"line":17,"column":50},"end":{"line":17,"column":151}},"20":{"start":{"line":17,"column":92},"end":{"line":17,"column":149}},"21":{"start":{"line":19,"column":14},"end":{"line":19,"column":38}},"22":{"start":{"line":21,"column":28},"end":{"line":202,"column":3}},"23":{"start":{"line":23,"column":4},"end":{"line":23,"column":49}},"24":{"start":{"line":26,"column":2},"end":{"line":199,"column":6}},"25":{"start":{"line":32,"column":6},"end":{"line":59,"column":7}},"26":{"start":{"line":33,"column":8},"end":{"line":58,"column":11}},"27":{"start":{"line":39,"column":10},"end":{"line":54,"column":11}},"28":{"start":{"line":40,"column":30},"end":{"line":40,"column":73}},"29":{"start":{"line":41,"column":12},"end":{"line":53,"column":15}},"30":{"start":{"line":50,"column":14},"end":{"line":50,"column":50}},"31":{"start":{"line":52,"column":14},"end":{"line":52,"column":49}},"32":{"start":{"line":55,"column":10},"end":{"line":55,"column":92}},"33":{"start":{"line":57,"column":10},"end":{"line":57,"column":45}},"34":{"start":{"line":60,"column":6},"end":{"line":60,"column":93}},"35":{"start":{"line":68,"column":6},"end":{"line":77,"column":9}},"36":{"start":{"line":69,"column":8},"end":{"line":71,"column":9}},"37":{"start":{"line":70,"column":10},"end":{"line":70,"column":44}},"38":{"start":{"line":73,"column":8},"end":{"line":76,"column":11}},"39":{"start":{"line":85,"column":21},"end":{"line":85,"column":54}},"40":{"start":{"line":86,"column":6},"end":{"line":99,"column":9}},"41":{"start":{"line":91,"column":8},"end":{"line":93,"column":9}},"42":{"start":{"line":92,"column":10},"end":{"line":92,"column":44}},"43":{"start":{"line":95,"column":8},"end":{"line":98,"column":11}},"44":{"start":{"line":107,"column":6},"end":{"line":121,"column":9}},"45":{"start":{"line":112,"column":8},"end":{"line":114,"column":9}},"46":{"start":{"line":113,"column":10},"end":{"line":113,"column":51}},"47":{"start":{"line":115,"column":8},"end":{"line":115,"column":82}},"48":{"start":{"line":117,"column":8},"end":{"line":120,"column":11}},"49":{"start":{"line":128,"column":6},"end":{"line":141,"column":9}},"50":{"start":{"line":133,"column":8},"end":{"line":135,"column":9}},"51":{"start":{"line":134,"column":10},"end":{"line":134,"column":45}},"52":{"start":{"line":137,"column":8},"end":{"line":140,"column":11}},"53":{"start":{"line":146,"column":6},"end":{"line":170,"column":7}},"54":{"start":{"line":147,"column":23},"end":{"line":147,"column":56}},"55":{"start":{"line":148,"column":8},"end":{"line":169,"column":11}},"56":{"start":{"line":153,"column":10},"end":{"line":165,"column":11}},"57":{"start":{"line":154,"column":12},"end":{"line":164,"column":15}},"58":{"start":{"line":161,"column":14},"end":{"line":161,"column":57}},"59":{"start":{"line":163,"column":14},"end":{"line":163,"column":70}},"60":{"start":{"line":166,"column":10},"end":{"line":166,"column":77}},"61":{"start":{"line":168,"column":10},"end":{"line":168,"column":45}},"62":{"start":{"line":171,"column":6},"end":{"line":171,"column":73}},"63":{"start":{"line":176,"column":6},"end":{"line":196,"column":7}},"64":{"start":{"line":177,"column":23},"end":{"line":177,"column":56}},"65":{"start":{"line":178,"column":8},"end":{"line":195,"column":11}},"66":{"start":{"line":183,"column":10},"end":{"line":191,"column":11}},"67":{"start":{"line":184,"column":12},"end":{"line":190,"column":15}},"68":{"start":{"line":189,"column":14},"end":{"line":189,"column":82}},"69":{"start":{"line":192,"column":10},"end":{"line":192,"column":71}},"70":{"start":{"line":194,"column":10},"end":{"line":194,"column":45}},"71":{"start":{"line":197,"column":6},"end":{"line":197,"column":93}},"72":{"start":{"line":201,"column":2},"end":{"line":201,"column":31}},"73":{"start":{"line":203,"column":0},"end":{"line":203,"column":40}}},"fnMap":{"0":{"name":"(anonymous_0)","decl":{"start":{"line":7,"column":19},"end":{"line":7,"column":20}},"loc":{"start":{"line":7,"column":31},"end":{"line":7,"column":561}},"line":7},"1":{"name":"defineProperties","decl":{"start":{"line":7,"column":42},"end":{"line":7,"column":58}},"loc":{"start":{"line":7,"column":74},"end":{"line":7,"column":349}},"line":7},"2":{"name":"(anonymous_2)","decl":{"start":{"line":7,"column":357},"end":{"line":7,"column":358}},"loc":{"start":{"line":7,"column":405},"end":{"line":7,"column":558}},"line":7},"3":{"name":"_interopRequireDefault","decl":{"start":{"line":15,"column":9},"end":{"line":15,"column":31}},"loc":{"start":{"line":15,"column":37},"end":{"line":15,"column":95}},"line":15},"4":{"name":"_classCallCheck","decl":{"start":{"line":17,"column":9},"end":{"line":17,"column":24}},"loc":{"start":{"line":17,"column":48},"end":{"line":17,"column":153}},"line":17},"5":{"name":"(anonymous_5)","decl":{"start":{"line":21,"column":28},"end":{"line":21,"column":29}},"loc":{"start":{"line":21,"column":40},"end":{"line":202,"column":1}},"line":21},"6":{"name":"EventCenterController","decl":{"start":{"line":22,"column":11},"end":{"line":22,"column":32}},"loc":{"start":{"line":22,"column":35},"end":{"line":24,"column":3}},"line":22},"7":{"name":"addEventCenter","decl":{"start":{"line":31,"column":20},"end":{"line":31,"column":34}},"loc":{"start":{"line":31,"column":45},"end":{"line":61,"column":5}},"line":31},"8":{"name":"(anonymous_8)","decl":{"start":{"line":38,"column":16},"end":{"line":38,"column":17}},"loc":{"start":{"line":38,"column":39},"end":{"line":56,"column":9}},"line":38},"9":{"name":"(anonymous_9)","decl":{"start":{"line":49,"column":20},"end":{"line":49,"column":21}},"loc":{"start":{"line":49,"column":38},"end":{"line":51,"column":13}},"line":49},"10":{"name":"(anonymous_10)","decl":{"start":{"line":51,"column":21},"end":{"line":51,"column":22}},"loc":{"start":{"line":51,"column":38},"end":{"line":53,"column":13}},"line":51},"11":{"name":"(anonymous_11)","decl":{"start":{"line":56,"column":17},"end":{"line":56,"column":18}},"loc":{"start":{"line":56,"column":34},"end":{"line":58,"column":9}},"line":56},"12":{"name":"getEventCenters","decl":{"start":{"line":67,"column":20},"end":{"line":67,"column":35}},"loc":{"start":{"line":67,"column":46},"end":{"line":78,"column":5}},"line":67},"13":{"name":"(anonymous_13)","decl":{"start":{"line":68,"column":36},"end":{"line":68,"column":37}},"loc":{"start":{"line":68,"column":59},"end":{"line":72,"column":7}},"line":68},"14":{"name":"(anonymous_14)","decl":{"start":{"line":72,"column":15},"end":{"line":72,"column":16}},"loc":{"start":{"line":72,"column":32},"end":{"line":77,"column":7}},"line":72},"15":{"name":"getEventCenter","decl":{"start":{"line":84,"column":20},"end":{"line":84,"column":34}},"loc":{"start":{"line":84,"column":45},"end":{"line":100,"column":5}},"line":84},"16":{"name":"(anonymous_16)","decl":{"start":{"line":90,"column":14},"end":{"line":90,"column":15}},"loc":{"start":{"line":90,"column":37},"end":{"line":94,"column":7}},"line":90},"17":{"name":"(anonymous_17)","decl":{"start":{"line":94,"column":15},"end":{"line":94,"column":16}},"loc":{"start":{"line":94,"column":32},"end":{"line":99,"column":7}},"line":94},"18":{"name":"getCenterByName","decl":{"start":{"line":106,"column":20},"end":{"line":106,"column":35}},"loc":{"start":{"line":106,"column":46},"end":{"line":122,"column":5}},"line":106},"19":{"name":"(anonymous_19)","decl":{"start":{"line":111,"column":14},"end":{"line":111,"column":15}},"loc":{"start":{"line":111,"column":37},"end":{"line":116,"column":7}},"line":111},"20":{"name":"(anonymous_20)","decl":{"start":{"line":116,"column":15},"end":{"line":116,"column":16}},"loc":{"start":{"line":116,"column":32},"end":{"line":121,"column":7}},"line":116},"21":{"name":"getCenterByLocation","decl":{"start":{"line":127,"column":20},"end":{"line":127,"column":39}},"loc":{"start":{"line":127,"column":50},"end":{"line":142,"column":5}},"line":127},"22":{"name":"(anonymous_22)","decl":{"start":{"line":132,"column":14},"end":{"line":132,"column":15}},"loc":{"start":{"line":132,"column":38},"end":{"line":136,"column":7}},"line":132},"23":{"name":"(anonymous_23)","decl":{"start":{"line":136,"column":15},"end":{"line":136,"column":16}},"loc":{"start":{"line":136,"column":32},"end":{"line":141,"column":7}},"line":136},"24":{"name":"updateEventCenter","decl":{"start":{"line":145,"column":20},"end":{"line":145,"column":37}},"loc":{"start":{"line":145,"column":48},"end":{"line":172,"column":5}},"line":145},"25":{"name":"(anonymous_25)","decl":{"start":{"line":152,"column":16},"end":{"line":152,"column":17}},"loc":{"start":{"line":152,"column":39},"end":{"line":167,"column":9}},"line":152},"26":{"name":"(anonymous_26)","decl":{"start":{"line":160,"column":20},"end":{"line":160,"column":21}},"loc":{"start":{"line":160,"column":45},"end":{"line":162,"column":13}},"line":160},"27":{"name":"(anonymous_27)","decl":{"start":{"line":162,"column":21},"end":{"line":162,"column":22}},"loc":{"start":{"line":162,"column":33},"end":{"line":164,"column":13}},"line":162},"28":{"name":"(anonymous_28)","decl":{"start":{"line":167,"column":17},"end":{"line":167,"column":18}},"loc":{"start":{"line":167,"column":34},"end":{"line":169,"column":9}},"line":167},"29":{"name":"deleteEventCenter","decl":{"start":{"line":175,"column":20},"end":{"line":175,"column":37}},"loc":{"start":{"line":175,"column":48},"end":{"line":198,"column":5}},"line":175},"30":{"name":"(anonymous_30)","decl":{"start":{"line":182,"column":16},"end":{"line":182,"column":17}},"loc":{"start":{"line":182,"column":39},"end":{"line":193,"column":9}},"line":182},"31":{"name":"(anonymous_31)","decl":{"start":{"line":188,"column":20},"end":{"line":188,"column":21}},"loc":{"start":{"line":188,"column":32},"end":{"line":190,"column":13}},"line":188},"32":{"name":"(anonymous_32)","decl":{"start":{"line":193,"column":17},"end":{"line":193,"column":18}},"loc":{"start":{"line":193,"column":34},"end":{"line":195,"column":9}},"line":193}},"branchMap":{"0":{"loc":{"start":{"line":7,"column":168},"end":{"line":7,"column":198}},"type":"binary-expr","locations":[{"start":{"line":7,"column":168},"end":{"line":7,"column":189}},{"start":{"line":7,"column":193},"end":{"line":7,"column":198}}],"line":7},"1":{"loc":{"start":{"line":7,"column":232},"end":{"line":7,"column":286}},"type":"if","locations":[{"start":{"line":7,"column":232},"end":{"line":7,"column":286}},{"start":{"line":7,"column":232},"end":{"line":7,"column":286}}],"line":7},"2":{"loc":{"start":{"line":7,"column":407},"end":{"line":7,"column":475}},"type":"if","locations":[{"start":{"line":7,"column":407},"end":{"line":7,"column":475}},{"start":{"line":7,"column":407},"end":{"line":7,"column":475}}],"line":7},"3":{"loc":{"start":{"line":7,"column":476},"end":{"line":7,"column":536}},"type":"if","locations":[{"start":{"line":7,"column":476},"end":{"line":7,"column":536}},{"start":{"line":7,"column":476},"end":{"line":7,"column":536}}],"line":7},"4":{"loc":{"start":{"line":15,"column":46},"end":{"line":15,"column":92}},"type":"cond-expr","locations":[{"start":{"line":15,"column":70},"end":{"line":15,"column":73}},{"start":{"line":15,"column":76},"end":{"line":15,"column":92}}],"line":15},"5":{"loc":{"start":{"line":15,"column":46},"end":{"line":15,"column":67}},"type":"binary-expr","locations":[{"start":{"line":15,"column":46},"end":{"line":15,"column":49}},{"start":{"line":15,"column":53},"end":{"line":15,"column":67}}],"line":15},"6":{"loc":{"start":{"line":17,"column":50},"end":{"line":17,"column":151}},"type":"if","locations":[{"start":{"line":17,"column":50},"end":{"line":17,"column":151}},{"start":{"line":17,"column":50},"end":{"line":17,"column":151}}],"line":17},"7":{"loc":{"start":{"line":32,"column":6},"end":{"line":59,"column":7}},"type":"if","locations":[{"start":{"line":32,"column":6},"end":{"line":59,"column":7}},{"start":{"line":32,"column":6},"end":{"line":59,"column":7}}],"line":32},"8":{"loc":{"start":{"line":39,"column":10},"end":{"line":54,"column":11}},"type":"if","locations":[{"start":{"line":39,"column":10},"end":{"line":54,"column":11}},{"start":{"line":39,"column":10},"end":{"line":54,"column":11}}],"line":39},"9":{"loc":{"start":{"line":69,"column":8},"end":{"line":71,"column":9}},"type":"if","locations":[{"start":{"line":69,"column":8},"end":{"line":71,"column":9}},{"start":{"line":69,"column":8},"end":{"line":71,"column":9}}],"line":69},"10":{"loc":{"start":{"line":91,"column":8},"end":{"line":93,"column":9}},"type":"if","locations":[{"start":{"line":91,"column":8},"end":{"line":93,"column":9}},{"start":{"line":91,"column":8},"end":{"line":93,"column":9}}],"line":91},"11":{"loc":{"start":{"line":112,"column":8},"end":{"line":114,"column":9}},"type":"if","locations":[{"start":{"line":112,"column":8},"end":{"line":114,"column":9}},{"start":{"line":112,"column":8},"end":{"line":114,"column":9}}],"line":112},"12":{"loc":{"start":{"line":133,"column":8},"end":{"line":135,"column":9}},"type":"if","locations":[{"start":{"line":133,"column":8},"end":{"line":135,"column":9}},{"start":{"line":133,"column":8},"end":{"line":135,"column":9}}],"line":133},"13":{"loc":{"start":{"line":146,"column":6},"end":{"line":170,"column":7}},"type":"if","locations":[{"start":{"line":146,"column":6},"end":{"line":170,"column":7}},{"start":{"line":146,"column":6},"end":{"line":170,"column":7}}],"line":146},"14":{"loc":{"start":{"line":153,"column":10},"end":{"line":165,"column":11}},"type":"if","locations":[{"start":{"line":153,"column":10},"end":{"line":165,"column":11}},{"start":{"line":153,"column":10},"end":{"line":165,"column":11}}],"line":153},"15":{"loc":{"start":{"line":155,"column":26},"end":{"line":155,"column":71}},"type":"binary-expr","locations":[{"start":{"line":155,"column":26},"end":{"line":155,"column":45}},{"start":{"line":155,"column":49},"end":{"line":155,"column":71}}],"line":155},"16":{"loc":{"start":{"line":156,"column":24},"end":{"line":156,"column":65}},"type":"binary-expr","locations":[{"start":{"line":156,"column":24},"end":{"line":156,"column":41}},{"start":{"line":156,"column":45},"end":{"line":156,"column":65}}],"line":156},"17":{"loc":{"start":{"line":157,"column":20},"end":{"line":157,"column":53}},"type":"binary-expr","locations":[{"start":{"line":157,"column":20},"end":{"line":157,"column":33}},{"start":{"line":157,"column":37},"end":{"line":157,"column":53}}],"line":157},"18":{"loc":{"start":{"line":158,"column":20},"end":{"line":158,"column":53}},"type":"binary-expr","locations":[{"start":{"line":158,"column":20},"end":{"line":158,"column":33}},{"start":{"line":158,"column":37},"end":{"line":158,"column":53}}],"line":158},"19":{"loc":{"start":{"line":159,"column":26},"end":{"line":159,"column":71}},"type":"binary-expr","locations":[{"start":{"line":159,"column":26},"end":{"line":159,"column":45}},{"start":{"line":159,"column":49},"end":{"line":159,"column":71}}],"line":159},"20":{"loc":{"start":{"line":176,"column":6},"end":{"line":196,"column":7}},"type":"if","locations":[{"start":{"line":176,"column":6},"end":{"line":196,"column":7}},{"start":{"line":176,"column":6},"end":{"line":196,"column":7}}],"line":176},"21":{"loc":{"start":{"line":183,"column":10},"end":{"line":191,"column":11}},"type":"if","locations":[{"start":{"line":183,"column":10},"end":{"line":191,"column":11}},{"start":{"line":183,"column":10},"end":{"line":191,"column":11}}],"line":183}},"s":{"0":1,"1":1,"2":1,"3":7,"4":7,"5":7,"6":7,"7":7,"8":7,"9":1,"10":1,"11":1,"12":1,"13":0,"14":1,"15":1,"16":1,"17":1,"18":1,"19":1,"20":0,"21":1,"22":1,"23":1,"24":1,"25":1,"26":1,"27":1,"28":1,"29":1,"30":1,"31":0,"32":0,"33":0,"34":0,"35":0,"36":0,"37":0,"38":0,"39":0,"40":0,"41":0,"42":0,"43":0,"44":0,"45":0,"46":0,"47":0,"48":0,"49":0,"50":0,"51":0,"52":0,"53":1,"54":1,"55":1,"56":1,"57":1,"58":1,"59":0,"60":0,"61":0,"62":0,"63":0,"64":0,"65":0,"66":0,"67":0,"68":0,"69":0,"70":0,"71":0,"72":1,"73":1},"f":{"0":1,"1":1,"2":1,"3":1,"4":1,"5":1,"6":1,"7":1,"8":1,"9":1,"10":0,"11":0,"12":0,"13":0,"14":0,"15":0,"16":0,"17":0,"18":0,"19":0,"20":0,"21":0,"22":0,"23":0,"24":1,"25":1,"26":1,"27":0,"28":0,"29":0,"30":0,"31":0,"32":0},"b":{"0":[7,7],"1":[7,0],"2":[1,0],"3":[0,1],"4":[1,0],"5":[1,1],"6":[0,1],"7":[1,0],"8":[1,0],"9":[0,0],"10":[0,0],"11":[0,0],"12":[0,0],"13":[1,0],"14":[1,0],"15":[1,0],"16":[1,0],"17":[1,0],"18":[1,0],"19":[1,0],"20":[0,0],"21":[0,0]},"_coverageSchema":"332fd63041d2c1bcb487cc26dd0d5f7d97098a6c","hash":"11a277d9e5045981024a450b6de4b05986ed7081","contentHash":"1d81de43dad8936594e9e6699898e758_11.6.0"},"C:\\Users\\TUTU GODFREY\\Desktop\\week2\\eventmanager\\server\\trans\\models\\index.js":{"path":"C:\\Users\\TUTU GODFREY\\Desktop\\week2\\eventmanager\\server\\trans\\models\\index.js","statementMap":{"0":{"start":{"line":3,"column":0},"end":{"line":5,"column":3}},"1":{"start":{"line":7,"column":14},"end":{"line":7,"column":31}},"2":{"start":{"line":9,"column":15},"end":{"line":9,"column":46}},"3":{"start":{"line":11,"column":10},"end":{"line":11,"column":23}},"4":{"start":{"line":13,"column":11},"end":{"line":13,"column":38}},"5":{"start":{"line":15,"column":12},"end":{"line":15,"column":27}},"6":{"start":{"line":17,"column":13},"end":{"line":17,"column":42}},"7":{"start":{"line":19,"column":17},"end":{"line":19,"column":37}},"8":{"start":{"line":21,"column":18},"end":{"line":21,"column":52}},"9":{"start":{"line":23,"column":39},"end":{"line":23,"column":93}},"10":{"start":{"line":25,"column":0},"end":{"line":25,"column":26}},"11":{"start":{"line":26,"column":15},"end":{"line":26,"column":50}},"12":{"start":{"line":27,"column":10},"end":{"line":27,"column":47}},"13":{"start":{"line":29,"column":13},"end":{"line":29,"column":91}},"14":{"start":{"line":31,"column":0},"end":{"line":31,"column":17}},"15":{"start":{"line":32,"column":9},"end":{"line":32,"column":11}},"16":{"start":{"line":33,"column":16},"end":{"line":33,"column":22}},"17":{"start":{"line":34,"column":0},"end":{"line":42,"column":1}},"18":{"start":{"line":35,"column":2},"end":{"line":37,"column":5}},"19":{"start":{"line":39,"column":2},"end":{"line":41,"column":5}},"20":{"start":{"line":43,"column":0},"end":{"line":49,"column":3}},"21":{"start":{"line":44,"column":2},"end":{"line":44,"column":82}},"22":{"start":{"line":47,"column":14},"end":{"line":47,"column":71}},"23":{"start":{"line":48,"column":2},"end":{"line":48,"column":25}},"24":{"start":{"line":51,"column":0},"end":{"line":55,"column":3}},"25":{"start":{"line":52,"column":2},"end":{"line":54,"column":3}},"26":{"start":{"line":53,"column":4},"end":{"line":53,"column":32}},"27":{"start":{"line":57,"column":0},"end":{"line":57,"column":25}},"28":{"start":{"line":58,"column":0},"end":{"line":58,"column":35}},"29":{"start":{"line":59,"column":0},"end":{"line":59,"column":21}}},"fnMap":{"0":{"name":"_interopRequireDefault","decl":{"start":{"line":23,"column":9},"end":{"line":23,"column":31}},"loc":{"start":{"line":23,"column":37},"end":{"line":23,"column":95}},"line":23},"1":{"name":"(anonymous_1)","decl":{"start":{"line":43,"column":43},"end":{"line":43,"column":44}},"loc":{"start":{"line":43,"column":59},"end":{"line":45,"column":1}},"line":43},"2":{"name":"(anonymous_2)","decl":{"start":{"line":45,"column":11},"end":{"line":45,"column":12}},"loc":{"start":{"line":45,"column":27},"end":{"line":49,"column":1}},"line":45},"3":{"name":"(anonymous_3)","decl":{"start":{"line":51,"column":24},"end":{"line":51,"column":25}},"loc":{"start":{"line":51,"column":45},"end":{"line":55,"column":1}},"line":51}},"branchMap":{"0":{"loc":{"start":{"line":23,"column":46},"end":{"line":23,"column":92}},"type":"cond-expr","locations":[{"start":{"line":23,"column":70},"end":{"line":23,"column":73}},{"start":{"line":23,"column":76},"end":{"line":23,"column":92}}],"line":23},"1":{"loc":{"start":{"line":23,"column":46},"end":{"line":23,"column":67}},"type":"binary-expr","locations":[{"start":{"line":23,"column":46},"end":{"line":23,"column":49}},{"start":{"line":23,"column":53},"end":{"line":23,"column":67}}],"line":23},"2":{"loc":{"start":{"line":27,"column":10},"end":{"line":27,"column":47}},"type":"binary-expr","locations":[{"start":{"line":27,"column":10},"end":{"line":27,"column":30}},{"start":{"line":27,"column":34},"end":{"line":27,"column":47}}],"line":27},"3":{"loc":{"start":{"line":34,"column":0},"end":{"line":42,"column":1}},"type":"if","locations":[{"start":{"line":34,"column":0},"end":{"line":42,"column":1}},{"start":{"line":34,"column":0},"end":{"line":42,"column":1}}],"line":34},"4":{"loc":{"start":{"line":44,"column":9},"end":{"line":44,"column":81}},"type":"binary-expr","locations":[{"start":{"line":44,"column":9},"end":{"line":44,"column":32}},{"start":{"line":44,"column":36},"end":{"line":44,"column":53}},{"start":{"line":44,"column":57},"end":{"line":44,"column":81}}],"line":44},"5":{"loc":{"start":{"line":52,"column":2},"end":{"line":54,"column":3}},"type":"if","locations":[{"start":{"line":52,"column":2},"end":{"line":54,"column":3}},{"start":{"line":52,"column":2},"end":{"line":54,"column":3}}],"line":52}},"s":{"0":1,"1":1,"2":1,"3":1,"4":1,"5":1,"6":1,"7":1,"8":1,"9":4,"10":1,"11":1,"12":1,"13":1,"14":1,"15":1,"16":1,"17":1,"18":1,"19":0,"20":1,"21":10,"22":4,"23":4,"24":1,"25":4,"26":0,"27":1,"28":1,"29":1},"f":{"0":4,"1":10,"2":4,"3":4},"b":{"0":[0,4],"1":[4,4],"2":[1,0],"3":[1,0],"4":[10,10,9],"5":[0,4]},"_coverageSchema":"332fd63041d2c1bcb487cc26dd0d5f7d97098a6c","hash":"37fb10b71539a4a703a9d52404275edf7d8ff47d","contentHash":"fe4d0e467c51c1756729bc5842893180_11.6.0"},"C:\\Users\\TUTU GODFREY\\Desktop\\week2\\eventmanager\\server\\trans\\models\\centers.js":{"path":"C:\\Users\\TUTU GODFREY\\Desktop\\week2\\eventmanager\\server\\trans\\models\\centers.js","statementMap":{"0":{"start":{"line":3,"column":0},"end":{"line":5,"column":3}},"1":{"start":{"line":7,"column":0},"end":{"line":39,"column":2}},"2":{"start":{"line":8,"column":16},"end":{"line":37,"column":4}},"3":{"start":{"line":38,"column":2},"end":{"line":38,"column":17}}},"fnMap":{"0":{"name":"(anonymous_0)","decl":{"start":{"line":7,"column":18},"end":{"line":7,"column":19}},"loc":{"start":{"line":7,"column":50},"end":{"line":39,"column":1}},"line":7}},"branchMap":{},"s":{"0":1,"1":1,"2":1,"3":1},"f":{"0":1},"b":{},"_coverageSchema":"332fd63041d2c1bcb487cc26dd0d5f7d97098a6c","hash":"3ce94d093944244eca88c547df94644a2aad1cd4","contentHash":"8d19afe2f27710d10664eb116c1a492c_11.6.0"},"C:\\Users\\TUTU GODFREY\\Desktop\\week2\\eventmanager\\server\\trans\\models\\events.js":{"path":"C:\\Users\\TUTU GODFREY\\Desktop\\week2\\eventmanager\\server\\trans\\models\\events.js","statementMap":{"0":{"start":{"line":3,"column":0},"end":{"line":5,"column":3}},"1":{"start":{"line":7,"column":0},"end":{"line":39,"column":2}},"2":{"start":{"line":8,"column":15},"end":{"line":37,"column":4}},"3":{"start":{"line":38,"column":2},"end":{"line":38,"column":16}}},"fnMap":{"0":{"name":"(anonymous_0)","decl":{"start":{"line":7,"column":18},"end":{"line":7,"column":19}},"loc":{"start":{"line":7,"column":50},"end":{"line":39,"column":1}},"line":7}},"branchMap":{},"s":{"0":1,"1":1,"2":1,"3":1},"f":{"0":1},"b":{},"_coverageSchema":"332fd63041d2c1bcb487cc26dd0d5f7d97098a6c","hash":"b591fa866a0fff692a33c5bf258c6e53fa9811db","contentHash":"0e149fb6a80663999790beee2b5b95b1_11.6.0"},"C:\\Users\\TUTU GODFREY\\Desktop\\week2\\eventmanager\\server\\trans\\models\\notification.js":{"path":"C:\\Users\\TUTU GODFREY\\Desktop\\week2\\eventmanager\\server\\trans\\models\\notification.js","statementMap":{"0":{"start":{"line":3,"column":0},"end":{"line":5,"column":3}},"1":{"start":{"line":7,"column":0},"end":{"line":19,"column":2}},"2":{"start":{"line":8,"column":22},"end":{"line":17,"column":4}},"3":{"start":{"line":18,"column":2},"end":{"line":18,"column":23}}},"fnMap":{"0":{"name":"(anonymous_0)","decl":{"start":{"line":7,"column":18},"end":{"line":7,"column":19}},"loc":{"start":{"line":7,"column":50},"end":{"line":19,"column":1}},"line":7}},"branchMap":{},"s":{"0":1,"1":1,"2":1,"3":1},"f":{"0":1},"b":{},"_coverageSchema":"332fd63041d2c1bcb487cc26dd0d5f7d97098a6c","hash":"c58c5f542fa859d151ee02190239c6ef1566a215","contentHash":"0340303a49bca02d2567250282f35d43_11.6.0"},"C:\\Users\\TUTU GODFREY\\Desktop\\week2\\eventmanager\\server\\trans\\models\\users.js":{"path":"C:\\Users\\TUTU GODFREY\\Desktop\\week2\\eventmanager\\server\\trans\\models\\users.js","statementMap":{"0":{"start":{"line":3,"column":0},"end":{"line":5,"column":3}},"1":{"start":{"line":7,"column":0},"end":{"line":46,"column":2}},"2":{"start":{"line":8,"column":14},"end":{"line":44,"column":4}},"3":{"start":{"line":45,"column":2},"end":{"line":45,"column":15}}},"fnMap":{"0":{"name":"(anonymous_0)","decl":{"start":{"line":7,"column":18},"end":{"line":7,"column":19}},"loc":{"start":{"line":7,"column":50},"end":{"line":46,"column":1}},"line":7}},"branchMap":{},"s":{"0":1,"1":1,"2":1,"3":1},"f":{"0":1},"b":{},"_coverageSchema":"332fd63041d2c1bcb487cc26dd0d5f7d97098a6c","hash":"192ade823aecd4537d8952582e7ebbf89982b11e","contentHash":"9192b41ece383ca245ce3b9d69d4621d_11.6.0"},"C:\\Users\\TUTU GODFREY\\Desktop\\week2\\eventmanager\\server\\trans\\funcs\\HelperFuncts.js":{"path":"C:\\Users\\TUTU GODFREY\\Desktop\\week2\\eventmanager\\server\\trans\\funcs\\HelperFuncts.js","statementMap":{"0":{"start":{"line":3,"column":0},"end":{"line":5,"column":3}},"1":{"start":{"line":7,"column":19},"end":{"line":7,"column":563}},"2":{"start":{"line":7,"column":76},"end":{"line":7,"column":347}},"3":{"start":{"line":7,"column":134},"end":{"line":7,"column":142}},"4":{"start":{"line":7,"column":144},"end":{"line":7,"column":199}},"5":{"start":{"line":7,"column":200},"end":{"line":7,"column":231}},"6":{"start":{"line":7,"column":232},"end":{"line":7,"column":286}},"7":{"start":{"line":7,"column":259},"end":{"line":7,"column":286}},"8":{"start":{"line":7,"column":287},"end":{"line":7,"column":345}},"9":{"start":{"line":7,"column":350},"end":{"line":7,"column":559}},"10":{"start":{"line":7,"column":407},"end":{"line":7,"column":475}},"11":{"start":{"line":7,"column":423},"end":{"line":7,"column":475}},"12":{"start":{"line":7,"column":476},"end":{"line":7,"column":536}},"13":{"start":{"line":7,"column":493},"end":{"line":7,"column":536}},"14":{"start":{"line":7,"column":537},"end":{"line":7,"column":556}},"15":{"start":{"line":9,"column":50},"end":{"line":9,"column":151}},"16":{"start":{"line":9,"column":92},"end":{"line":9,"column":149}},"17":{"start":{"line":14,"column":19},"end":{"line":86,"column":3}},"18":{"start":{"line":16,"column":4},"end":{"line":16,"column":40}},"19":{"start":{"line":19,"column":2},"end":{"line":83,"column":6}},"20":{"start":{"line":30,"column":18},"end":{"line":30,"column":38}},"21":{"start":{"line":31,"column":20},"end":{"line":31,"column":36}},"22":{"start":{"line":32,"column":23},"end":{"line":32,"column":42}},"23":{"start":{"line":33,"column":6},"end":{"line":33,"column":24}},"24":{"start":{"line":44,"column":6},"end":{"line":46,"column":7}},"25":{"start":{"line":45,"column":8},"end":{"line":45,"column":41}},"26":{"start":{"line":47,"column":6},"end":{"line":47,"column":32}},"27":{"start":{"line":61,"column":6},"end":{"line":66,"column":9}},"28":{"start":{"line":62,"column":8},"end":{"line":64,"column":9}},"29":{"start":{"line":63,"column":10},"end":{"line":63,"column":31}},"30":{"start":{"line":65,"column":8},"end":{"line":65,"column":64}},"31":{"start":{"line":78,"column":6},"end":{"line":80,"column":7}},"32":{"start":{"line":79,"column":8},"end":{"line":79,"column":35}},"33":{"start":{"line":81,"column":6},"end":{"line":81,"column":23}},"34":{"start":{"line":85,"column":2},"end":{"line":85,"column":22}},"35":{"start":{"line":88,"column":16},"end":{"line":99,"column":1}},"36":{"start":{"line":89,"column":2},"end":{"line":91,"column":3}},"37":{"start":{"line":90,"column":4},"end":{"line":90,"column":43}},"38":{"start":{"line":92,"column":16},"end":{"line":92,"column":40}},"39":{"start":{"line":93,"column":2},"end":{"line":95,"column":3}},"40":{"start":{"line":94,"column":4},"end":{"line":94,"column":42}},"41":{"start":{"line":96,"column":22},"end":{"line":96,"column":42}},"42":{"start":{"line":97,"column":16},"end":{"line":97,"column":61}},"43":{"start":{"line":98,"column":2},"end":{"line":98,"column":17}},"44":{"start":{"line":100,"column":0},"end":{"line":100,"column":31}}},"fnMap":{"0":{"name":"(anonymous_0)","decl":{"start":{"line":7,"column":19},"end":{"line":7,"column":20}},"loc":{"start":{"line":7,"column":31},"end":{"line":7,"column":561}},"line":7},"1":{"name":"defineProperties","decl":{"start":{"line":7,"column":42},"end":{"line":7,"column":58}},"loc":{"start":{"line":7,"column":74},"end":{"line":7,"column":349}},"line":7},"2":{"name":"(anonymous_2)","decl":{"start":{"line":7,"column":357},"end":{"line":7,"column":358}},"loc":{"start":{"line":7,"column":405},"end":{"line":7,"column":558}},"line":7},"3":{"name":"_classCallCheck","decl":{"start":{"line":9,"column":9},"end":{"line":9,"column":24}},"loc":{"start":{"line":9,"column":48},"end":{"line":9,"column":153}},"line":9},"4":{"name":"(anonymous_4)","decl":{"start":{"line":14,"column":19},"end":{"line":14,"column":20}},"loc":{"start":{"line":14,"column":31},"end":{"line":86,"column":1}},"line":14},"5":{"name":"HelperFuncts","decl":{"start":{"line":15,"column":11},"end":{"line":15,"column":23}},"loc":{"start":{"line":15,"column":26},"end":{"line":17,"column":3}},"line":15},"6":{"name":"getField","decl":{"start":{"line":29,"column":20},"end":{"line":29,"column":28}},"loc":{"start":{"line":29,"column":52},"end":{"line":34,"column":5}},"line":29},"7":{"name":"getObject","decl":{"start":{"line":43,"column":20},"end":{"line":43,"column":29}},"loc":{"start":{"line":43,"column":57},"end":{"line":48,"column":5}},"line":43},"8":{"name":"getObjectByField","decl":{"start":{"line":60,"column":20},"end":{"line":60,"column":36}},"loc":{"start":{"line":60,"column":78},"end":{"line":67,"column":5}},"line":60},"9":{"name":"(anonymous_9)","decl":{"start":{"line":61,"column":29},"end":{"line":61,"column":30}},"loc":{"start":{"line":61,"column":54},"end":{"line":66,"column":7}},"line":61},"10":{"name":"getFields","decl":{"start":{"line":77,"column":20},"end":{"line":77,"column":29}},"loc":{"start":{"line":77,"column":51},"end":{"line":82,"column":5}},"line":77},"11":{"name":"getImgUrl","decl":{"start":{"line":88,"column":45},"end":{"line":88,"column":54}},"loc":{"start":{"line":88,"column":61},"end":{"line":99,"column":1}},"line":88}},"branchMap":{"0":{"loc":{"start":{"line":7,"column":168},"end":{"line":7,"column":198}},"type":"binary-expr","locations":[{"start":{"line":7,"column":168},"end":{"line":7,"column":189}},{"start":{"line":7,"column":193},"end":{"line":7,"column":198}}],"line":7},"1":{"loc":{"start":{"line":7,"column":232},"end":{"line":7,"column":286}},"type":"if","locations":[{"start":{"line":7,"column":232},"end":{"line":7,"column":286}},{"start":{"line":7,"column":232},"end":{"line":7,"column":286}}],"line":7},"2":{"loc":{"start":{"line":7,"column":407},"end":{"line":7,"column":475}},"type":"if","locations":[{"start":{"line":7,"column":407},"end":{"line":7,"column":475}},{"start":{"line":7,"column":407},"end":{"line":7,"column":475}}],"line":7},"3":{"loc":{"start":{"line":7,"column":476},"end":{"line":7,"column":536}},"type":"if","locations":[{"start":{"line":7,"column":476},"end":{"line":7,"column":536}},{"start":{"line":7,"column":476},"end":{"line":7,"column":536}}],"line":7},"4":{"loc":{"start":{"line":9,"column":50},"end":{"line":9,"column":151}},"type":"if","locations":[{"start":{"line":9,"column":50},"end":{"line":9,"column":151}},{"start":{"line":9,"column":50},"end":{"line":9,"column":151}}],"line":9},"5":{"loc":{"start":{"line":44,"column":6},"end":{"line":46,"column":7}},"type":"if","locations":[{"start":{"line":44,"column":6},"end":{"line":46,"column":7}},{"start":{"line":44,"column":6},"end":{"line":46,"column":7}}],"line":44},"6":{"loc":{"start":{"line":62,"column":8},"end":{"line":64,"column":9}},"type":"if","locations":[{"start":{"line":62,"column":8},"end":{"line":64,"column":9}},{"start":{"line":62,"column":8},"end":{"line":64,"column":9}}],"line":62},"7":{"loc":{"start":{"line":78,"column":6},"end":{"line":80,"column":7}},"type":"if","locations":[{"start":{"line":78,"column":6},"end":{"line":80,"column":7}},{"start":{"line":78,"column":6},"end":{"line":80,"column":7}}],"line":78},"8":{"loc":{"start":{"line":89,"column":2},"end":{"line":91,"column":3}},"type":"if","locations":[{"start":{"line":89,"column":2},"end":{"line":91,"column":3}},{"start":{"line":89,"column":2},"end":{"line":91,"column":3}}],"line":89},"9":{"loc":{"start":{"line":93,"column":2},"end":{"line":95,"column":3}},"type":"if","locations":[{"start":{"line":93,"column":2},"end":{"line":95,"column":3}},{"start":{"line":93,"column":2},"end":{"line":95,"column":3}}],"line":93}},"s":{"0":1,"1":1,"2":1,"3":4,"4":4,"5":4,"6":4,"7":4,"8":4,"9":1,"10":1,"11":1,"12":1,"13":0,"14":1,"15":0,"16":0,"17":1,"18":0,"19":1,"20":0,"21":0,"22":0,"23":0,"24":0,"25":0,"26":0,"27":0,"28":0,"29":0,"30":0,"31":0,"32":0,"33":0,"34":1,"35":1,"36":4,"37":0,"38":4,"39":4,"40":0,"41":4,"42":4,"43":4,"44":1},"f":{"0":1,"1":1,"2":1,"3":0,"4":1,"5":0,"6":0,"7":0,"8":0,"9":0,"10":0,"11":4},"b":{"0":[4,4],"1":[4,0],"2":[1,0],"3":[0,1],"4":[0,0],"5":[0,0],"6":[0,0],"7":[0,0],"8":[0,4],"9":[0,4]},"_coverageSchema":"332fd63041d2c1bcb487cc26dd0d5f7d97098a6c","hash":"089a9aeaf3140abc6670741c7cd29e0a1f5a1a93","contentHash":"f00a0568e6ad34defb85d131c9afdd8b_11.6.0"},"C:\\Users\\TUTU GODFREY\\Desktop\\week2\\eventmanager\\server\\trans\\controllers\\eventController.js":{"path":"C:\\Users\\TUTU GODFREY\\Desktop\\week2\\eventmanager\\server\\trans\\controllers\\eventController.js","statementMap":{"0":{"start":{"line":3,"column":0},"end":{"line":5,"column":3}},"1":{"start":{"line":7,"column":19},"end":{"line":7,"column":563}},"2":{"start":{"line":7,"column":76},"end":{"line":7,"column":347}},"3":{"start":{"line":7,"column":134},"end":{"line":7,"column":142}},"4":{"start":{"line":7,"column":144},"end":{"line":7,"column":199}},"5":{"start":{"line":7,"column":200},"end":{"line":7,"column":231}},"6":{"start":{"line":7,"column":232},"end":{"line":7,"column":286}},"7":{"start":{"line":7,"column":259},"end":{"line":7,"column":286}},"8":{"start":{"line":7,"column":287},"end":{"line":7,"column":345}},"9":{"start":{"line":7,"column":350},"end":{"line":7,"column":559}},"10":{"start":{"line":7,"column":407},"end":{"line":7,"column":475}},"11":{"start":{"line":7,"column":423},"end":{"line":7,"column":475}},"12":{"start":{"line":7,"column":476},"end":{"line":7,"column":536}},"13":{"start":{"line":7,"column":493},"end":{"line":7,"column":536}},"14":{"start":{"line":7,"column":537},"end":{"line":7,"column":556}},"15":{"start":{"line":9,"column":14},"end":{"line":9,"column":36}},"16":{"start":{"line":11,"column":15},"end":{"line":11,"column":46}},"17":{"start":{"line":13,"column":20},"end":{"line":13,"column":54}},"18":{"start":{"line":15,"column":39},"end":{"line":15,"column":93}},"19":{"start":{"line":17,"column":50},"end":{"line":17,"column":151}},"20":{"start":{"line":17,"column":92},"end":{"line":17,"column":149}},"21":{"start":{"line":19,"column":13},"end":{"line":19,"column":36}},"22":{"start":{"line":20,"column":14},"end":{"line":20,"column":38}},"23":{"start":{"line":21,"column":12},"end":{"line":21,"column":34}},"24":{"start":{"line":23,"column":23},"end":{"line":240,"column":3}},"25":{"start":{"line":25,"column":4},"end":{"line":25,"column":44}},"26":{"start":{"line":28,"column":2},"end":{"line":237,"column":6}},"27":{"start":{"line":34,"column":21},"end":{"line":34,"column":52}},"28":{"start":{"line":35,"column":6},"end":{"line":73,"column":9}},"29":{"start":{"line":40,"column":8},"end":{"line":69,"column":9}},"30":{"start":{"line":41,"column":10},"end":{"line":68,"column":13}},"31":{"start":{"line":47,"column":12},"end":{"line":62,"column":13}},"32":{"start":{"line":49,"column":32},"end":{"line":49,"column":75}},"33":{"start":{"line":50,"column":14},"end":{"line":61,"column":17}},"34":{"start":{"line":58,"column":16},"end":{"line":58,"column":51}},"35":{"start":{"line":60,"column":16},"end":{"line":60,"column":51}},"36":{"start":{"line":63,"column":12},"end":{"line":65,"column":15}},"37":{"start":{"line":67,"column":12},"end":{"line":67,"column":47}},"38":{"start":{"line":70,"column":8},"end":{"line":70,"column":69}},"39":{"start":{"line":72,"column":8},"end":{"line":72,"column":43}},"40":{"start":{"line":81,"column":19},"end":{"line":81,"column":48}},"41":{"start":{"line":82,"column":20},"end":{"line":82,"column":52}},"42":{"start":{"line":83,"column":6},"end":{"line":118,"column":9}},"43":{"start":{"line":88,"column":8},"end":{"line":114,"column":9}},"44":{"start":{"line":89,"column":10},"end":{"line":113,"column":13}},"45":{"start":{"line":95,"column":12},"end":{"line":109,"column":13}},"46":{"start":{"line":96,"column":14},"end":{"line":108,"column":17}},"47":{"start":{"line":105,"column":16},"end":{"line":105,"column":58}},"48":{"start":{"line":107,"column":16},"end":{"line":107,"column":51}},"49":{"start":{"line":110,"column":12},"end":{"line":110,"column":85}},"50":{"start":{"line":112,"column":12},"end":{"line":112,"column":47}},"51":{"start":{"line":115,"column":8},"end":{"line":115,"column":83}},"52":{"start":{"line":117,"column":8},"end":{"line":117,"column":43}},"53":{"start":{"line":126,"column":21},"end":{"line":126,"column":54}},"54":{"start":{"line":127,"column":6},"end":{"line":152,"column":9}},"55":{"start":{"line":132,"column":8},"end":{"line":148,"column":9}},"56":{"start":{"line":133,"column":10},"end":{"line":147,"column":13}},"57":{"start":{"line":138,"column":12},"end":{"line":140,"column":13}},"58":{"start":{"line":139,"column":14},"end":{"line":139,"column":49}},"59":{"start":{"line":141,"column":12},"end":{"line":141,"column":87}},"60":{"start":{"line":143,"column":12},"end":{"line":146,"column":15}},"61":{"start":{"line":149,"column":8},"end":{"line":149,"column":69}},"62":{"start":{"line":151,"column":8},"end":{"line":151,"column":43}},"63":{"start":{"line":159,"column":19},"end":{"line":159,"column":50}},"64":{"start":{"line":160,"column":6},"end":{"line":182,"column":9}},"65":{"start":{"line":165,"column":8},"end":{"line":175,"column":9}},"66":{"start":{"line":166,"column":10},"end":{"line":174,"column":13}},"67":{"start":{"line":171,"column":12},"end":{"line":171,"column":52}},"68":{"start":{"line":173,"column":12},"end":{"line":173,"column":47}},"69":{"start":{"line":176,"column":8},"end":{"line":176,"column":81}},"70":{"start":{"line":178,"column":8},"end":{"line":181,"column":11}},"71":{"start":{"line":189,"column":6},"end":{"line":196,"column":9}},"72":{"start":{"line":190,"column":8},"end":{"line":192,"column":9}},"73":{"start":{"line":191,"column":10},"end":{"line":191,"column":42}},"74":{"start":{"line":193,"column":8},"end":{"line":193,"column":67}},"75":{"start":{"line":195,"column":8},"end":{"line":195,"column":43}},"76":{"start":{"line":204,"column":20},"end":{"line":204,"column":52}},"77":{"start":{"line":205,"column":6},"end":{"line":216,"column":9}},"78":{"start":{"line":210,"column":8},"end":{"line":212,"column":9}},"79":{"start":{"line":211,"column":10},"end":{"line":211,"column":38}},"80":{"start":{"line":213,"column":8},"end":{"line":213,"column":68}},"81":{"start":{"line":215,"column":8},"end":{"line":215,"column":43}},"82":{"start":{"line":224,"column":20},"end":{"line":224,"column":52}},"83":{"start":{"line":225,"column":19},"end":{"line":225,"column":48}},"84":{"start":{"line":226,"column":6},"end":{"line":235,"column":9}},"85":{"start":{"line":232,"column":8},"end":{"line":232,"column":77}},"86":{"start":{"line":234,"column":8},"end":{"line":234,"column":43}},"87":{"start":{"line":239,"column":2},"end":{"line":239,"column":26}},"88":{"start":{"line":242,"column":0},"end":{"line":242,"column":35}}},"fnMap":{"0":{"name":"(anonymous_0)","decl":{"start":{"line":7,"column":19},"end":{"line":7,"column":20}},"loc":{"start":{"line":7,"column":31},"end":{"line":7,"column":561}},"line":7},"1":{"name":"defineProperties","decl":{"start":{"line":7,"column":42},"end":{"line":7,"column":58}},"loc":{"start":{"line":7,"column":74},"end":{"line":7,"column":349}},"line":7},"2":{"name":"(anonymous_2)","decl":{"start":{"line":7,"column":357},"end":{"line":7,"column":358}},"loc":{"start":{"line":7,"column":405},"end":{"line":7,"column":558}},"line":7},"3":{"name":"_interopRequireDefault","decl":{"start":{"line":15,"column":9},"end":{"line":15,"column":31}},"loc":{"start":{"line":15,"column":37},"end":{"line":15,"column":95}},"line":15},"4":{"name":"_classCallCheck","decl":{"start":{"line":17,"column":9},"end":{"line":17,"column":24}},"loc":{"start":{"line":17,"column":48},"end":{"line":17,"column":153}},"line":17},"5":{"name":"(anonymous_5)","decl":{"start":{"line":23,"column":23},"end":{"line":23,"column":24}},"loc":{"start":{"line":23,"column":35},"end":{"line":240,"column":1}},"line":23},"6":{"name":"EventsController","decl":{"start":{"line":24,"column":11},"end":{"line":24,"column":27}},"loc":{"start":{"line":24,"column":30},"end":{"line":26,"column":3}},"line":24},"7":{"name":"addEvent","decl":{"start":{"line":33,"column":20},"end":{"line":33,"column":28}},"loc":{"start":{"line":33,"column":39},"end":{"line":74,"column":5}},"line":33},"8":{"name":"(anonymous_8)","decl":{"start":{"line":39,"column":14},"end":{"line":39,"column":15}},"loc":{"start":{"line":39,"column":37},"end":{"line":71,"column":7}},"line":39},"9":{"name":"(anonymous_9)","decl":{"start":{"line":46,"column":18},"end":{"line":46,"column":19}},"loc":{"start":{"line":46,"column":40},"end":{"line":66,"column":11}},"line":46},"10":{"name":"(anonymous_10)","decl":{"start":{"line":57,"column":22},"end":{"line":57,"column":23}},"loc":{"start":{"line":57,"column":39},"end":{"line":59,"column":15}},"line":57},"11":{"name":"(anonymous_11)","decl":{"start":{"line":59,"column":23},"end":{"line":59,"column":24}},"loc":{"start":{"line":59,"column":40},"end":{"line":61,"column":15}},"line":59},"12":{"name":"(anonymous_12)","decl":{"start":{"line":66,"column":19},"end":{"line":66,"column":20}},"loc":{"start":{"line":66,"column":36},"end":{"line":68,"column":11}},"line":66},"13":{"name":"(anonymous_13)","decl":{"start":{"line":71,"column":15},"end":{"line":71,"column":16}},"loc":{"start":{"line":71,"column":32},"end":{"line":73,"column":7}},"line":71},"14":{"name":"updateEvent","decl":{"start":{"line":80,"column":20},"end":{"line":80,"column":31}},"loc":{"start":{"line":80,"column":42},"end":{"line":119,"column":5}},"line":80},"15":{"name":"(anonymous_15)","decl":{"start":{"line":87,"column":14},"end":{"line":87,"column":15}},"loc":{"start":{"line":87,"column":30},"end":{"line":116,"column":7}},"line":87},"16":{"name":"(anonymous_16)","decl":{"start":{"line":94,"column":18},"end":{"line":94,"column":19}},"loc":{"start":{"line":94,"column":35},"end":{"line":111,"column":11}},"line":94},"17":{"name":"(anonymous_17)","decl":{"start":{"line":104,"column":22},"end":{"line":104,"column":23}},"loc":{"start":{"line":104,"column":46},"end":{"line":106,"column":15}},"line":104},"18":{"name":"(anonymous_18)","decl":{"start":{"line":106,"column":23},"end":{"line":106,"column":24}},"loc":{"start":{"line":106,"column":40},"end":{"line":108,"column":15}},"line":106},"19":{"name":"(anonymous_19)","decl":{"start":{"line":111,"column":19},"end":{"line":111,"column":20}},"loc":{"start":{"line":111,"column":36},"end":{"line":113,"column":11}},"line":111},"20":{"name":"(anonymous_20)","decl":{"start":{"line":116,"column":15},"end":{"line":116,"column":16}},"loc":{"start":{"line":116,"column":32},"end":{"line":118,"column":7}},"line":116},"21":{"name":"getCenterEvents","decl":{"start":{"line":125,"column":20},"end":{"line":125,"column":35}},"loc":{"start":{"line":125,"column":46},"end":{"line":153,"column":5}},"line":125},"22":{"name":"(anonymous_22)","decl":{"start":{"line":131,"column":14},"end":{"line":131,"column":15}},"loc":{"start":{"line":131,"column":37},"end":{"line":150,"column":7}},"line":131},"23":{"name":"(anonymous_23)","decl":{"start":{"line":137,"column":18},"end":{"line":137,"column":19}},"loc":{"start":{"line":137,"column":42},"end":{"line":142,"column":11}},"line":137},"24":{"name":"(anonymous_24)","decl":{"start":{"line":142,"column":19},"end":{"line":142,"column":20}},"loc":{"start":{"line":142,"column":36},"end":{"line":147,"column":11}},"line":142},"25":{"name":"(anonymous_25)","decl":{"start":{"line":150,"column":15},"end":{"line":150,"column":16}},"loc":{"start":{"line":150,"column":32},"end":{"line":152,"column":7}},"line":150},"26":{"name":"getUsersEvents","decl":{"start":{"line":158,"column":20},"end":{"line":158,"column":34}},"loc":{"start":{"line":158,"column":45},"end":{"line":183,"column":5}},"line":158},"27":{"name":"(anonymous_27)","decl":{"start":{"line":164,"column":14},"end":{"line":164,"column":15}},"loc":{"start":{"line":164,"column":30},"end":{"line":177,"column":7}},"line":164},"28":{"name":"(anonymous_28)","decl":{"start":{"line":170,"column":18},"end":{"line":170,"column":19}},"loc":{"start":{"line":170,"column":40},"end":{"line":172,"column":11}},"line":170},"29":{"name":"(anonymous_29)","decl":{"start":{"line":172,"column":19},"end":{"line":172,"column":20}},"loc":{"start":{"line":172,"column":36},"end":{"line":174,"column":11}},"line":172},"30":{"name":"(anonymous_30)","decl":{"start":{"line":177,"column":15},"end":{"line":177,"column":16}},"loc":{"start":{"line":177,"column":32},"end":{"line":182,"column":7}},"line":177},"31":{"name":"getEvents","decl":{"start":{"line":188,"column":20},"end":{"line":188,"column":29}},"loc":{"start":{"line":188,"column":40},"end":{"line":197,"column":5}},"line":188},"32":{"name":"(anonymous_32)","decl":{"start":{"line":189,"column":35},"end":{"line":189,"column":36}},"loc":{"start":{"line":189,"column":56},"end":{"line":194,"column":7}},"line":189},"33":{"name":"(anonymous_33)","decl":{"start":{"line":194,"column":15},"end":{"line":194,"column":16}},"loc":{"start":{"line":194,"column":32},"end":{"line":196,"column":7}},"line":194},"34":{"name":"getEvent","decl":{"start":{"line":203,"column":20},"end":{"line":203,"column":28}},"loc":{"start":{"line":203,"column":39},"end":{"line":217,"column":5}},"line":203},"35":{"name":"(anonymous_35)","decl":{"start":{"line":209,"column":14},"end":{"line":209,"column":15}},"loc":{"start":{"line":209,"column":31},"end":{"line":214,"column":7}},"line":209},"36":{"name":"(anonymous_36)","decl":{"start":{"line":214,"column":15},"end":{"line":214,"column":16}},"loc":{"start":{"line":214,"column":32},"end":{"line":216,"column":7}},"line":214},"37":{"name":"deleteEvent","decl":{"start":{"line":223,"column":20},"end":{"line":223,"column":31}},"loc":{"start":{"line":223,"column":42},"end":{"line":236,"column":5}},"line":223},"38":{"name":"(anonymous_38)","decl":{"start":{"line":231,"column":14},"end":{"line":231,"column":15}},"loc":{"start":{"line":231,"column":31},"end":{"line":233,"column":7}},"line":231},"39":{"name":"(anonymous_39)","decl":{"start":{"line":233,"column":15},"end":{"line":233,"column":16}},"loc":{"start":{"line":233,"column":32},"end":{"line":235,"column":7}},"line":233}},"branchMap":{"0":{"loc":{"start":{"line":7,"column":168},"end":{"line":7,"column":198}},"type":"binary-expr","locations":[{"start":{"line":7,"column":168},"end":{"line":7,"column":189}},{"start":{"line":7,"column":193},"end":{"line":7,"column":198}}],"line":7},"1":{"loc":{"start":{"line":7,"column":232},"end":{"line":7,"column":286}},"type":"if","locations":[{"start":{"line":7,"column":232},"end":{"line":7,"column":286}},{"start":{"line":7,"column":232},"end":{"line":7,"column":286}}],"line":7},"2":{"loc":{"start":{"line":7,"column":407},"end":{"line":7,"column":475}},"type":"if","locations":[{"start":{"line":7,"column":407},"end":{"line":7,"column":475}},{"start":{"line":7,"column":407},"end":{"line":7,"column":475}}],"line":7},"3":{"loc":{"start":{"line":7,"column":476},"end":{"line":7,"column":536}},"type":"if","locations":[{"start":{"line":7,"column":476},"end":{"line":7,"column":536}},{"start":{"line":7,"column":476},"end":{"line":7,"column":536}}],"line":7},"4":{"loc":{"start":{"line":15,"column":46},"end":{"line":15,"column":92}},"type":"cond-expr","locations":[{"start":{"line":15,"column":70},"end":{"line":15,"column":73}},{"start":{"line":15,"column":76},"end":{"line":15,"column":92}}],"line":15},"5":{"loc":{"start":{"line":15,"column":46},"end":{"line":15,"column":67}},"type":"binary-expr","locations":[{"start":{"line":15,"column":46},"end":{"line":15,"column":49}},{"start":{"line":15,"column":53},"end":{"line":15,"column":67}}],"line":15},"6":{"loc":{"start":{"line":17,"column":50},"end":{"line":17,"column":151}},"type":"if","locations":[{"start":{"line":17,"column":50},"end":{"line":17,"column":151}},{"start":{"line":17,"column":50},"end":{"line":17,"column":151}}],"line":17},"7":{"loc":{"start":{"line":40,"column":8},"end":{"line":69,"column":9}},"type":"if","locations":[{"start":{"line":40,"column":8},"end":{"line":69,"column":9}},{"start":{"line":40,"column":8},"end":{"line":69,"column":9}}],"line":40},"8":{"loc":{"start":{"line":47,"column":12},"end":{"line":62,"column":13}},"type":"if","locations":[{"start":{"line":47,"column":12},"end":{"line":62,"column":13}},{"start":{"line":47,"column":12},"end":{"line":62,"column":13}}],"line":47},"9":{"loc":{"start":{"line":88,"column":8},"end":{"line":114,"column":9}},"type":"if","locations":[{"start":{"line":88,"column":8},"end":{"line":114,"column":9}},{"start":{"line":88,"column":8},"end":{"line":114,"column":9}}],"line":88},"10":{"loc":{"start":{"line":95,"column":12},"end":{"line":109,"column":13}},"type":"if","locations":[{"start":{"line":95,"column":12},"end":{"line":109,"column":13}},{"start":{"line":95,"column":12},"end":{"line":109,"column":13}}],"line":95},"11":{"loc":{"start":{"line":97,"column":27},"end":{"line":97,"column":64}},"type":"binary-expr","locations":[{"start":{"line":97,"column":27},"end":{"line":97,"column":45}},{"start":{"line":97,"column":49},"end":{"line":97,"column":64}}],"line":97},"12":{"loc":{"start":{"line":98,"column":27},"end":{"line":98,"column":64}},"type":"binary-expr","locations":[{"start":{"line":98,"column":27},"end":{"line":98,"column":45}},{"start":{"line":98,"column":49},"end":{"line":98,"column":64}}],"line":98},"13":{"loc":{"start":{"line":99,"column":28},"end":{"line":99,"column":67}},"type":"binary-expr","locations":[{"start":{"line":99,"column":28},"end":{"line":99,"column":47}},{"start":{"line":99,"column":51},"end":{"line":99,"column":67}}],"line":99},"14":{"loc":{"start":{"line":100,"column":24},"end":{"line":100,"column":55}},"type":"binary-expr","locations":[{"start":{"line":100,"column":24},"end":{"line":100,"column":39}},{"start":{"line":100,"column":43},"end":{"line":100,"column":55}}],"line":100},"15":{"loc":{"start":{"line":101,"column":25},"end":{"line":101,"column":58}},"type":"binary-expr","locations":[{"start":{"line":101,"column":25},"end":{"line":101,"column":41}},{"start":{"line":101,"column":45},"end":{"line":101,"column":58}}],"line":101},"16":{"loc":{"start":{"line":102,"column":24},"end":{"line":102,"column":55}},"type":"binary-expr","locations":[{"start":{"line":102,"column":24},"end":{"line":102,"column":39}},{"start":{"line":102,"column":43},"end":{"line":102,"column":55}}],"line":102},"17":{"loc":{"start":{"line":103,"column":26},"end":{"line":103,"column":61}},"type":"binary-expr","locations":[{"start":{"line":103,"column":26},"end":{"line":103,"column":43}},{"start":{"line":103,"column":47},"end":{"line":103,"column":61}}],"line":103},"18":{"loc":{"start":{"line":132,"column":8},"end":{"line":148,"column":9}},"type":"if","locations":[{"start":{"line":132,"column":8},"end":{"line":148,"column":9}},{"start":{"line":132,"column":8},"end":{"line":148,"column":9}}],"line":132},"19":{"loc":{"start":{"line":138,"column":12},"end":{"line":140,"column":13}},"type":"if","locations":[{"start":{"line":138,"column":12},"end":{"line":140,"column":13}},{"start":{"line":138,"column":12},"end":{"line":140,"column":13}}],"line":138},"20":{"loc":{"start":{"line":165,"column":8},"end":{"line":175,"column":9}},"type":"if","locations":[{"start":{"line":165,"column":8},"end":{"line":175,"column":9}},{"start":{"line":165,"column":8},"end":{"line":175,"column":9}}],"line":165},"21":{"loc":{"start":{"line":190,"column":8},"end":{"line":192,"column":9}},"type":"if","locations":[{"start":{"line":190,"column":8},"end":{"line":192,"column":9}},{"start":{"line":190,"column":8},"end":{"line":192,"column":9}}],"line":190},"22":{"loc":{"start":{"line":210,"column":8},"end":{"line":212,"column":9}},"type":"if","locations":[{"start":{"line":210,"column":8},"end":{"line":212,"column":9}},{"start":{"line":210,"column":8},"end":{"line":212,"column":9}}],"line":210}},"s":{"0":1,"1":1,"2":1,"3":7,"4":7,"5":7,"6":7,"7":7,"8":7,"9":1,"10":1,"11":1,"12":1,"13":0,"14":1,"15":1,"16":1,"17":1,"18":1,"19":1,"20":0,"21":1,"22":1,"23":1,"24":1,"25":1,"26":1,"27":1,"28":1,"29":1,"30":1,"31":1,"32":1,"33":1,"34":1,"35":0,"36":0,"37":0,"38":0,"39":0,"40":1,"41":1,"42":1,"43":1,"44":1,"45":1,"46":1,"47":1,"48":0,"49":0,"50":0,"51":0,"52":0,"53":0,"54":0,"55":0,"56":0,"57":0,"58":0,"59":0,"60":0,"61":0,"62":0,"63":0,"64":0,"65":0,"66":0,"67":0,"68":0,"69":0,"70":0,"71":0,"72":0,"73":0,"74":0,"75":0,"76":0,"77":0,"78":0,"79":0,"80":0,"81":0,"82":0,"83":0,"84":0,"85":0,"86":0,"87":1,"88":1},"f":{"0":1,"1":1,"2":1,"3":1,"4":1,"5":1,"6":1,"7":1,"8":1,"9":1,"10":1,"11":0,"12":0,"13":0,"14":1,"15":1,"16":1,"17":1,"18":0,"19":0,"20":0,"21":0,"22":0,"23":0,"24":0,"25":0,"26":0,"27":0,"28":0,"29":0,"30":0,"31":0,"32":0,"33":0,"34":0,"35":0,"36":0,"37":0,"38":0,"39":0},"b":{"0":[7,7],"1":[7,0],"2":[1,0],"3":[0,1],"4":[1,0],"5":[1,1],"6":[0,1],"7":[1,0],"8":[1,0],"9":[1,0],"10":[1,0],"11":[1,0],"12":[1,1],"13":[1,1],"14":[1,1],"15":[1,1],"16":[1,0],"17":[1,0],"18":[0,0],"19":[0,0],"20":[0,0],"21":[0,0],"22":[0,0]},"_coverageSchema":"332fd63041d2c1bcb487cc26dd0d5f7d97098a6c","hash":"10fd43c6ea78f6d914b7dd509bf78e1d43c712b2","contentHash":"f8c4b051b2fe40c7ee44019d8b61afd9_11.6.0"},"C:\\Users\\TUTU GODFREY\\Desktop\\week2\\eventmanager\\server\\trans\\controllers\\usersController.js":{"path":"C:\\Users\\TUTU GODFREY\\Desktop\\week2\\eventmanager\\server\\trans\\controllers\\usersController.js","statementMap":{"0":{"start":{"line":3,"column":0},"end":{"line":5,"column":3}},"1":{"start":{"line":7,"column":19},"end":{"line":7,"column":563}},"2":{"start":{"line":7,"column":76},"end":{"line":7,"column":347}},"3":{"start":{"line":7,"column":134},"end":{"line":7,"column":142}},"4":{"start":{"line":7,"column":144},"end":{"line":7,"column":199}},"5":{"start":{"line":7,"column":200},"end":{"line":7,"column":231}},"6":{"start":{"line":7,"column":232},"end":{"line":7,"col
[...]
art":{"line":42,"column":16},"end":{"line":42,"column":17}},"loc":{"start":{"line":42,"column":32},"end":{"line":54,"column":9}},"line":42},"9":{"name":"(anonymous_9)","decl":{"start":{"line":47,"column":20},"end":{"line":47,"column":21}},"loc":{"start":{"line":47,"column":39},"end":{"line":49,"column":13}},"line":47},"10":{"name":"(anonymous_10)","decl":{"start":{"line":49,"column":21},"end":{"line":49,"column":22}},"loc":{"start":{"line":49,"column":38},"end":{"line":51,"column":13}},"line":49},"11":{"name":"(anonymous_11)","decl":{"start":{"line":54,"column":17},"end":{"line":54,"column":18}},"loc":{"start":{"line":54,"column":34},"end":{"line":56,"column":9}},"line":54},"12":{"name":"getNotifications","decl":{"start":{"line":62,"column":20},"end":{"line":62,"column":36}},"loc":{"start":{"line":62,"column":47},"end":{"line":87,"column":5}},"line":62},"13":{"name":"(anonymous_13)","decl":{"start":{"line":68,"column":14},"end":{"line":68,"column":15}},"loc":{"start":{"line":68,"column":30},"end":{"line":84,"column":7}},"line":68},"14":{"name":"(anonymous_14)","decl":{"start":{"line":74,"column":18},"end":{"line":74,"column":19}},"loc":{"start":{"line":74,"column":46},"end":{"line":76,"column":11}},"line":74},"15":{"name":"(anonymous_15)","decl":{"start":{"line":76,"column":19},"end":{"line":76,"column":20}},"loc":{"start":{"line":76,"column":36},"end":{"line":81,"column":11}},"line":76},"16":{"name":"(anonymous_16)","decl":{"start":{"line":84,"column":15},"end":{"line":84,"column":16}},"loc":{"start":{"line":84,"column":32},"end":{"line":86,"column":7}},"line":84},"17":{"name":"getAllNotifications","decl":{"start":{"line":92,"column":20},"end":{"line":92,"column":39}},"loc":{"start":{"line":92,"column":50},"end":{"line":101,"column":5}},"line":92},"18":{"name":"(anonymous_18)","decl":{"start":{"line":93,"column":38},"end":{"line":93,"column":39}},"loc":{"start":{"line":93,"column":66},"end":{"line":95,"column":7}},"line":93},"19":{"name":"(anonymous_19)","decl":{"start":{"line":95,"column":15},"end":{"line":95,"column":16}},"loc":{"start":{"line":95,"column":32},"end":{"line":100,"column":7}},"line":95}},"branchMap":{"0":{"loc":{"start":{"line":7,"column":168},"end":{"line":7,"column":198}},"type":"binary-expr","locations":[{"start":{"line":7,"column":168},"end":{"line":7,"column":189}},{"start":{"line":7,"column":193},"end":{"line":7,"column":198}}],"line":7},"1":{"loc":{"start":{"line":7,"column":232},"end":{"line":7,"column":286}},"type":"if","locations":[{"start":{"line":7,"column":232},"end":{"line":7,"column":286}},{"start":{"line":7,"column":232},"end":{"line":7,"column":286}}],"line":7},"2":{"loc":{"start":{"line":7,"column":407},"end":{"line":7,"column":475}},"type":"if","locations":[{"start":{"line":7,"column":407},"end":{"line":7,"column":475}},{"start":{"line":7,"column":407},"end":{"line":7,"column":475}}],"line":7},"3":{"loc":{"start":{"line":7,"column":476},"end":{"line":7,"column":536}},"type":"if","locations":[{"start":{"line":7,"column":476},"end":{"line":7,"column":536}},{"start":{"line":7,"column":476},"end":{"line":7,"column":536}}],"line":7},"4":{"loc":{"start":{"line":13,"column":46},"end":{"line":13,"column":92}},"type":"cond-expr","locations":[{"start":{"line":13,"column":70},"end":{"line":13,"column":73}},{"start":{"line":13,"column":76},"end":{"line":13,"column":92}}],"line":13},"5":{"loc":{"start":{"line":13,"column":46},"end":{"line":13,"column":67}},"type":"binary-expr","locations":[{"start":{"line":13,"column":46},"end":{"line":13,"column":49}},{"start":{"line":13,"column":53},"end":{"line":13,"column":67}}],"line":13},"6":{"loc":{"start":{"line":15,"column":50},"end":{"line":15,"column":151}},"type":"if","locations":[{"start":{"line":15,"column":50},"end":{"line":15,"column":151}},{"start":{"line":15,"column":50},"end":{"line":15,"column":151}}],"line":15},"7":{"loc":{"start":{"line":33,"column":6},"end":{"line":57,"column":7}},"type":"if","locations":[{"start":{"line":33,"column":6},"end":{"line":57,"column":7}},{"start":{"line":33,"column":6},"end":{"line":57,"column":7}}],"line":33},"8":{"loc":{"start":{"line":43,"column":10},"end":{"line":52,"column":11}},"type":"if","locations":[{"start":{"line":43,"column":10},"end":{"line":52,"column":11}},{"start":{"line":43,"column":10},"end":{"line":52,"column":11}}],"line":43},"9":{"loc":{"start":{"line":69,"column":8},"end":{"line":82,"column":9}},"type":"if","locations":[{"start":{"line":69,"column":8},"end":{"line":82,"column":9}},{"start":{"line":69,"column":8},"end":{"line":82,"column":9}}],"line":69}},"s":{"0":1,"1":1,"2":1,"3":3,"4":3,"5":3,"6":3,"7":3,"8":3,"9":1,"10":1,"11":1,"12":1,"13":0,"14":1,"15":1,"16":1,"17":1,"18":1,"19":0,"20":1,"21":1,"22":1,"23":1,"24":1,"25":1,"26":1,"27":1,"28":1,"29":1,"30":1,"31":1,"32":1,"33":0,"34":0,"35":0,"36":0,"37":1,"38":1,"39":1,"40":1,"41":1,"42":0,"43":0,"44":0,"45":0,"46":0,"47":0,"48":1,"49":1},"f":{"0":1,"1":1,"2":1,"3":1,"4":1,"5":1,"6":1,"7":1,"8":1,"9":1,"10":0,"11":0,"12":1,"13":1,"14":1,"15":0,"16":0,"17":0,"18":0,"19":0},"b":{"0":[3,3],"1":[3,0],"2":[1,0],"3":[0,1],"4":[1,0],"5":[1,1],"6":[0,1],"7":[1,0],"8":[1,0],"9":[1,0]},"_coverageSchema":"332fd63041d2c1bcb487cc26dd0d5f7d97098a6c","hash":"c4add449c5ca875157a44d717b10687acb34078b","contentHash":"9a35c376e12663c7f5b14077407c7c3b_11.6.0"},"C:\\Users\\TUTU GODFREY\\Desktop\\week2\\eventmanager\\server\\trans\\test\\testApi.js":{"path":"C:\\Users\\TUTU GODFREY\\Desktop\\week2\\eventmanager\\server\\trans\\test\\testApi.js","statementMap":{"0":{"start":{"line":3,"column":12},"end":{"line":3,"column":27}},"1":{"start":{"line":5,"column":13},"end":{"line":5,"column":42}},"2":{"start":{"line":7,"column":16},"end":{"line":7,"column":36}},"3":{"start":{"line":9,"column":17},"end":{"line":9,"column":50}},"4":{"start":{"line":11,"column":11},"end":{"line":11,"column":30}},"5":{"start":{"line":13,"column":12},"end":{"line":13,"column":40}},"6":{"start":{"line":15,"column":13},"end":{"line":15,"column":41}},"7":{"start":{"line":17,"column":14},"end":{"line":17,"column":44}},"8":{"start":{"line":19,"column":39},"end":{"line":19,"column":93}},"9":{"start":{"line":21,"column":12},"end":{"line":21,"column":33}},"10":{"start":{"line":22,"column":13},"end":{"line":22,"column":35}},"11":{"start":{"line":23,"column":14},"end":{"line":23,"column":37}},"12":{"start":{"line":24,"column":20},"end":{"line":24,"column":49}},"13":{"start":{"line":26,"column":13},"end":{"line":26,"column":32}},"14":{"start":{"line":27,"column":13},"end":{"line":27,"column":34}},"15":{"start":{"line":29,"column":10},"end":{"line":29,"column":32}},"16":{"start":{"line":30,"column":0},"end":{"line":30,"column":39}},"17":{"start":{"line":32,"column":16},"end":{"line":32,"column":18}},"18":{"start":{"line":33,"column":18},"end":{"line":33,"column":20}},"19":{"start":{"line":34,"column":19},"end":{"line":34,"column":21}},"20":{"start":{"line":35,"column":18},"end":{"line":35,"column":20}},"21":{"start":{"line":36,"column":12},"end":{"line":36,"column":14}},"22":{"start":{"line":38,"column":0},"end":{"line":180,"column":1}},"23":{"start":{"line":40,"column":2},"end":{"line":40,"column":102}},"24":{"start":{"line":42,"column":2},"end":{"line":179,"column":5}},"25":{"start":{"line":43,"column":4},"end":{"line":53,"column":7}},"26":{"start":{"line":44,"column":6},"end":{"line":52,"column":9}},"27":{"start":{"line":45,"column":8},"end":{"line":45,"column":51}},"28":{"start":{"line":47,"column":8},"end":{"line":47,"column":43}},"29":{"start":{"line":49,"column":8},"end":{"line":49,"column":44}},"30":{"start":{"line":51,"column":8},"end":{"line":51,"column":20}},"31":{"start":{"line":56,"column":4},"end":{"line":62,"column":7}},"32":{"start":{"line":57,"column":6},"end":{"line":61,"column":9}},"33":{"start":{"line":58,"column":8},"end":{"line":60,"column":11}},"34":{"start":{"line":59,"column":10},"end":{"line":59,"column":46}},"35":{"start":{"line":64,"column":4},"end":{"line":109,"column":7}},"36":{"start":{"line":65,"column":6},"end":{"line":73,"column":9}},"37":{"start":{"line":66,"column":8},"end":{"line":72,"column":11}},"38":{"start":{"line":69,"column":10},"end":{"line":69,"column":45}},"39":{"start":{"line":70,"column":10},"end":{"line":70,"column":42}},"40":{"start":{"line":71,"column":10},"end":{"line":71,"column":46}},"41":{"start":{"line":75,"column":6},"end":{"line":84,"column":9}},"42":{"start":{"line":76,"column":8},"end":{"line":83,"column":11}},"43":{"start":{"line":80,"column":10},"end":{"line":80,"column":48}},"44":{"start":{"line":81,"column":10},"end":{"line":81,"column":42}},"45":{"start":{"line":82,"column":10},"end":{"line":82,"column":46}},"46":{"start":{"line":86,"column":6},"end":{"line":92,"column":9}},"47":{"start":{"line":87,"column":8},"end":{"line":91,"column":11}},"48":{"start":{"line":88,"column":10},"end":{"line":88,"column":47}},"49":{"start":{"line":89,"column":10},"end":{"line":89,"column":42}},"50":{"start":{"line":90,"column":10},"end":{"line":90,"column":46}},"51":{"start":{"line":94,"column":6},"end":{"line":108,"column":9}},"52":{"start":{"line":95,"column":27},"end":{"line":103,"column":9}},"53":{"start":{"line":104,"column":8},"end":{"line":107,"column":11}},"54":{"start":{"line":105,"column":10},"end":{"line":105,"column":42}},"55":{"start":{"line":106,"column":10},"end":{"line":106,"column":46}},"56":{"start":{"line":110,"column":4},"end":{"line":149,"column":7}},"57":{"start":{"line":111,"column":6},"end":{"line":117,"column":9}},"58":{"start":{"line":112,"column":8},"end":{"line":116,"column":11}},"59":{"start":{"line":113,"column":10},"end":{"line":113,"column":47}},"60":{"start":{"line":114,"column":10},"end":{"line":114,"column":42}},"61":{"start":{"line":115,"column":10},"end":{"line":115,"column":46}},"62":{"start":{"line":119,"column":6},"end":{"line":128,"column":9}},"63":{"start":{"line":120,"column":8},"end":{"line":127,"column":11}},"64":{"start":{"line":124,"column":10},"end":{"line":124,"column":48}},"65":{"start":{"line":125,"column":10},"end":{"line":125,"column":42}},"66":{"start":{"line":126,"column":10},"end":{"line":126,"column":46}},"67":{"start":{"line":130,"column":6},"end":{"line":136,"column":9}},"68":{"start":{"line":131,"column":8},"end":{"line":135,"column":11}},"69":{"start":{"line":132,"column":10},"end":{"line":132,"column":41}},"70":{"start":{"line":133,"column":10},"end":{"line":133,"column":42}},"71":{"start":{"line":134,"column":10},"end":{"line":134,"column":46}},"72":{"start":{"line":138,"column":6},"end":{"line":148,"column":9}},"73":{"start":{"line":139,"column":26},"end":{"line":143,"column":9}},"74":{"start":{"line":144,"column":8},"end":{"line":147,"column":11}},"75":{"start":{"line":145,"column":10},"end":{"line":145,"column":42}},"76":{"start":{"line":146,"column":10},"end":{"line":146,"column":46}},"77":{"start":{"line":150,"column":4},"end":{"line":178,"column":7}},"78":{"start":{"line":151,"column":6},"end":{"line":160,"column":9}},"79":{"start":{"line":152,"column":8},"end":{"line":159,"column":11}},"80":{"start":{"line":156,"column":10},"end":{"line":156,"column":48}},"81":{"start":{"line":157,"column":10},"end":{"line":157,"column":42}},"82":{"start":{"line":158,"column":10},"end":{"line":158,"column":46}},"83":{"start":{"line":162,"column":6},"end":{"line":171,"column":9}},"84":{"start":{"line":163,"column":27},"end":{"line":167,"column":9}},"85":{"start":{"line":168,"column":8},"end":{"line":170,"column":11}},"86":{"start":{"line":169,"column":10},"end":{"line":169,"column":42}},"87":{"start":{"line":173,"column":6},"end":{"line":177,"column":9}},"88":{"start":{"line":174,"column":8},"end":{"line":176,"column":11}},"89":{"start":{"line":175,"column":10},"end":{"line":175,"column":42}}},"fnMap":{"0":{"name":"_interopRequireDefault","decl":{"start":{"line":19,"column":9},"end":{"line":19,"column":31}},"loc":{"start":{"line":19,"column":37},"end":{"line":19,"column":95}},"line":19},"1":{"name":"(anonymous_1)","decl":{"start":{"line":42,"column":25},"end":{"line":42,"column":26}},"loc":{"start":{"line":42,"column":37},"end":{"line":179,"column":3}},"line":42},"2":{"name":"(anonymous_2)","decl":{"start":{"line":43,"column":29},"end":{"line":43,"column":30}},"loc":{"start":{"line":43,"column":41},"end":{"line":53,"column":5}},"line":43},"3":{"name":"(anonymous_3)","decl":{"start":{"line":44,"column":48},"end":{"line":44,"column":49}},"loc":{"start":{"line":44,"column":60},"end":{"line":46,"column":7}},"line":44},"4":{"name":"(anonymous_4)","decl":{"start":{"line":46,"column":14},"end":{"line":46,"column":15}},"loc":{"start":{"line":46,"column":26},"end":{"line":48,"column":7}},"line":46},"5":{"name":"(anonymous_5)","decl":{"start":{"line":48,"column":14},"end":{"line":48,"column":15}},"loc":{"start":{"line":48,"column":26},"end":{"line":50,"column":7}},"line":48},"6":{"name":"(anonymous_6)","decl":{"start":{"line":50,"column":15},"end":{"line":50,"column":16}},"loc":{"start":{"line":50,"column":32},"end":{"line":52,"column":7}},"line":50},"7":{"name":"(anonymous_7)","decl":{"start":{"line":56,"column":21},"end":{"line":56,"column":22}},"loc":{"start":{"line":56,"column":33},"end":{"line":62,"column":5}},"line":56},"8":{"name":"(anonymous_8)","decl":{"start":{"line":57,"column":42},"end":{"line":57,"column":43}},"loc":{"start":{"line":57,"column":54},"end":{"line":61,"column":7}},"line":57},"9":{"name":"(anonymous_9)","decl":{"start":{"line":58,"column":57},"end":{"line":58,"column":58}},"loc":{"start":{"line":58,"column":72},"end":{"line":60,"column":9}},"line":58},"10":{"name":"(anonymous_10)","decl":{"start":{"line":64,"column":27},"end":{"line":64,"column":28}},"loc":{"start":{"line":64,"column":39},"end":{"line":109,"column":5}},"line":64},"11":{"name":"(anonymous_11)","decl":{"start":{"line":65,"column":41},"end":{"line":65,"column":42}},"loc":{"start":{"line":65,"column":53},"end":{"line":73,"column":7}},"line":65},"12":{"name":"(anonymous_12)","decl":{"start":{"line":68,"column":75},"end":{"line":68,"column":76}},"loc":{"start":{"line":68,"column":90},"end":{"line":72,"column":9}},"line":68},"13":{"name":"(anonymous_13)","decl":{"start":{"line":75,"column":58},"end":{"line":75,"column":59}},"loc":{"start":{"line":75,"column":70},"end":{"line":84,"column":7}},"line":75},"14":{"name":"(anonymous_14)","decl":{"start":{"line":79,"column":16},"end":{"line":79,"column":17}},"loc":{"start":{"line":79,"column":31},"end":{"line":83,"column":9}},"line":79},"15":{"name":"(anonymous_15)","decl":{"start":{"line":86,"column":39},"end":{"line":86,"column":40}},"loc":{"start":{"line":86,"column":51},"end":{"line":92,"column":7}},"line":86},"16":{"name":"(anonymous_16)","decl":{"start":{"line":87,"column":464},"end":{"line":87,"column":465}},"loc":{"start":{"line":87,"column":479},"end":{"line":91,"column":9}},"line":87},"17":{"name":"(anonymous_17)","decl":{"start":{"line":94,"column":42},"end":{"line":94,"column":43}},"loc":{"start":{"line":94,"column":54},"end":{"line":108,"column":7}},"line":94},"18":{"name":"(anonymous_18)","decl":{"start":{"line":104,"column":148},"end":{"line":104,"column":149}},"loc":{"start":{"line":104,"column":163},"end":{"line":107,"column":9}},"line":104},"19":{"name":"(anonymous_19)","decl":{"start":{"line":110,"column":30},"end":{"line":110,"column":31}},"loc":{"start":{"line":110,"column":42},"end":{"line":149,"column":5}},"line":110},"20":{"name":"(anonymous_20)","decl":{"start":{"line":111,"column":43},"end":{"line":111,"column":44}},"loc":{"start":{"line":111,"column":55},"end":{"line":117,"column":7}},"line":111},"21":{"name":"(anonymous_21)","decl":{"start":{"line":112,"column":475},"end":{"line":112,"column":476}},"loc":{"start":{"line":112,"column":490},"end":{"line":116,"column":9}},"line":112},"22":{"name":"(anonymous_22)","decl":{"start":{"line":119,"column":60},"end":{"line":119,"column":61}},"loc":{"start":{"line":119,"column":72},"end":{"line":128,"column":7}},"line":119},"23":{"name":"(anonymous_23)","decl":{"start":{"line":123,"column":16},"end":{"line":123,"column":17}},"loc":{"start":{"line":123,"column":31},"end":{"line":127,"column":9}},"line":123},"24":{"name":"(anonymous_24)","decl":{"start":{"line":130,"column":32},"end":{"line":130,"column":33}},"loc":{"start":{"line":130,"column":44},"end":{"line":136,"column":7}},"line":130},"25":{"name":"(anonymous_25)","decl":{"start":{"line":131,"column":444},"end":{"line":131,"column":445}},"loc":{"start":{"line":131,"column":459},"end":{"line":135,"column":9}},"line":131},"26":{"name":"(anonymous_26)","decl":{"start":{"line":138,"column":35},"end":{"line":138,"column":36}},"loc":{"start":{"line":138,"column":47},"end":{"line":148,"column":7}},"line":138},"27":{"name":"(anonymous_27)","decl":{"start":{"line":144,"column":140},"end":{"line":144,"column":141}},"loc":{"start":{"line":144,"column":155},"end":{"line":147,"column":9}},"line":144},"28":{"name":"(anonymous_28)","decl":{"start":{"line":150,"column":30},"end":{"line":150,"column":31}},"loc":{"start":{"line":150,"column":42},"end":{"line":178,"column":5}},"line":150},"29":{"name":"(anonymous_29)","decl":{"start":{"line":151,"column":57},"end":{"line":151,"column":58}},"loc":{"start":{"line":151,"column":69},"end":{"line":160,"column":7}},"line":151},"30":{"name":"(anonymous_30)","decl":{"start":{"line":155,"column":16},"end":{"line":155,"column":17}},"loc":{"start":{"line":155,"column":31},"end":{"line":159,"column":9}},"line":155},"31":{"name":"(anonymous_31)","decl":{"start":{"line":162,"column":36},"end":{"line":162,"column":37}},"loc":{"start":{"line":162,"column":48},"end":{"line":171,"column":7}},"line":162},"32":{"name":"(anonymous_32)","decl":{"start":{"line":168,"column":137},"end":{"line":168,"column":138}},"loc":{"start":{"line":168,"column":152},"end":{"line":170,"column":9}},"line":168},"33":{"name":"(anonymous_33)","decl":{"start":{"line":173,"column":29},"end":{"line":173,"column":30}},"loc":{"start":{"line":173,"column":41},"end":{"line":177,"column":7}},"line":173},"34":{"name":"(anonymous_34)","decl":{"start":{"line":174,"column":135},"end":{"line":174,"column":136}},"loc":{"start":{"line":174,"column":150},"end":{"line":176,"column":9}},"line":174}},"branchMap":{"0":{"loc":{"start":{"line":19,"column":46},"end":{"line":19,"column":92}},"type":"cond-expr","locations":[{"start":{"line":19,"column":70},"end":{"line":19,"column":73}},{"start":{"line":19,"column":76},"end":{"line":19,"column":92}}],"line":19},"1":{"loc":{"start":{"line":19,"column":46},"end":{"line":19,"column":67}},"type":"binary-expr","locations":[{"start":{"line":19,"column":46},"end":{"line":19,"column":49}},{"start":{"line":19,"column":53},"end":{"line":19,"column":67}}],"line":19},"2":{"loc":{"start":{"line":38,"column":0},"end":{"line":180,"column":1}},"type":"if","locations":[{"start":{"line":38,"column":0},"end":{"line":180,"column":1}},{"start":{"line":38,"column":0},"end":{"line":180,"column":1}}],"line":38}},"s":{"0":1,"1":1,"2":1,"3":1,"4":1,"5":1,"6":1,"7":1,"8":4,"9":1,"10":1,"11":1,"12":1,"13":1,"14":1,"15":1,"16":1,"17":1,"18":1,"19":1,"20":1,"21":1,"22":1,"23":0,"24":1,"25":1,"26":1,"27":1,"28":1,"29":1,"30":0,"31":1,"32":1,"33":1,"34":1,"35":1,"36":1,"37":1,"38":1,"39":1,"40":1,"41":1,"42":1,"43":1,"44":1,"45":1,"46":1,"47":1,"48":1,"49":1,"50":1,"51":1,"52":1,"53":1,"54":1,"55":1,"56":1,"57":1,"58":1,"59":1,"60":1,"61":1,"62":1,"63":1,"64":1,"65":1,"66":1,"67":1,"68":1,"69":1,"70":1,"71":1,"72":1,"73":1,"74":1,"75":1,"76":1,"77":1,"78":1,"79":1,"80":1,"81":1,"82":1,"83":1,"84":1,"85":1,"86":1,"87":1,"88":1,"89":1},"f":{"0":4,"1":1,"2":1,"3":1,"4":1,"5":1,"6":0,"7":1,"8":1,"9":1,"10":1,"11":1,"12":1,"13":1,"14":1,"15":1,"16":1,"17":1,"18":1,"19":1,"20":1,"21":1,"22":1,"23":1,"24":1,"25":1,"26":1,"27":1,"28":1,"29":1,"30":1,"31":1,"32":1,"33":1,"34":1},"b":{"0":[2,2],"1":[4,4],"2":[0,1]},"_coverageSchema":"332fd63041d2c1bcb487cc26dd0d5f7d97098a6c","hash":"4dcd03b383e1f5ab76a248f5e06daf6e3187b2b0","contentHash":"4877285a1f88c560a9011f587937810a_11.6.0"}}