{"C:\\Users\\TUTU GODFREY\\Desktop\\EventManager\\server\\trans\\app.js":{"path":"C:\\Users\\TUTU GODFREY\\Desktop\\EventManager\\server\\trans\\app.js","s":{"1":1,"2":1,"3":1,"4":1,"5":1,"6":1,"7":1,"8":1,"9":1,"10":1,"11":1,"12":1,"13":1,"14":1,"15":0,"16":1,"17":1,"18":1,"19":1,"20":1,"21":1,"22":1,"23":1,"24":1,"25":1,"26":1,"27":1,"28":5,"29":1,"30":1,"31":0,"32":1,"33":1,"34":1,"35":1,"36":1,"37":1,"38":1,"39":1,"40":1,"41":1,"42":1,"43":1,"44":1,"45":1,"46":1,"47":1,"48":1},"b":{"1":[1,1],"2":[1,0],"3":[1,0],"4":[0,1],"5":[1,4],"6":[5,5],"7":[0,1]},"f":{"1":1,"2":1,"3":1,"4":5,"5":1,"6":1,"7":1,"8":1},"fnMap":{"1":{"name":"(anonymous_1)","line":7,"loc":{"start":{"line":7,"column":19},"end":{"line":7,"column":31}}},"2":{"name":"defineProperties","line":7,"loc":{"start":{"line":7,"column":33},"end":{"line":7,"column":74}}},"3":{"name":"(anonymous_3)","line":7,"loc":{"start":{"line":7,"column":357},"end":{"line":7,"column":405}}},"4":{"name":"_interopRequireDefault","line":30,"loc":{"start":{"line":30,"column":0},"end":{"line":30,"column":37}}},"5":{"name":"_classCallCheck","line":32,"loc":{"start":{"line":32,"column":0},"end":{"line":32,"column":48}}},"6":{"name":"(anonymous_6)","line":38,"loc":{"start":{"line":38,"column":13},"end":{"line":38,"column":25}}},"7":{"name":"Server","line":39,"loc":{"start":{"line":39,"column":2},"end":{"line":39,"column":20}}},"8":{"name":"expressServer","line":51,"loc":{"start":{"line":51,"column":11},"end":{"line":51,"column":36}}}},"statementMap":{"1":{"start":{"line":3,"column":0},"end":{"line":5,"column":3}},"2":{"start":{"line":7,"column":0},"end":{"line":7,"column":564}},"3":{"start":{"line":7,"column":33},"end":{"line":7,"column":349}},"4":{"start":{"line":7,"column":76},"end":{"line":7,"column":347}},"5":{"start":{"line":7,"column":117},"end":{"line":7,"column":143}},"6":{"start":{"line":7,"column":144},"end":{"line":7,"column":199}},"7":{"start":{"line":7,"column":200},"end":{"line":7,"column":231}},"8":{"start":{"line":7,"column":232},"end":{"line":7,"column":286}},"9":{"start":{"line":7,"column":259},"end":{"line":7,"column":286}},"10":{"start":{"line":7,"column":287},"end":{"line":7,"column":345}},"11":{"start":{"line":7,"column":350},"end":{"line":7,"column":559}},"12":{"start":{"line":7,"column":407},"end":{"line":7,"column":475}},"13":{"start":{"line":7,"column":423},"end":{"line":7,"column":475}},"14":{"start":{"line":7,"column":476},"end":{"line":7,"column":536}},"15":{"start":{"line":7,"column":493},"end":{"line":7,"column":536}},"16":{"start":{"line":7,"column":537},"end":{"line":7,"column":556}},"17":{"start":{"line":10,"column":0},"end":{"line":10,"column":28}},"18":{"start":{"line":12,"column":0},"end":{"line":12,"column":43}},"19":{"start":{"line":14,"column":0},"end":{"line":14,"column":34}},"20":{"start":{"line":16,"column":0},"end":{"line":16,"column":49}},"21":{"start":{"line":18,"column":0},"end":{"line":18,"column":41}},"22":{"start":{"line":20,"column":0},"end":{"line":20,"column":55}},"23":{"start":{"line":22,"column":0},"end":{"line":22,"column":32}},"24":{"start":{"line":24,"column":0},"end":{"line":24,"column":47}},"25":{"start":{"line":26,"column":0},"end":{"line":26,"column":39}},"26":{"start":{"line":28,"column":0},"end":{"line":28,"column":45}},"27":{"start":{"line":30,"column":0},"end":{"line":30,"column":95}},"28":{"start":{"line":30,"column":39},"end":{"line":30,"column":93}},"29":{"start":{"line":32,"column":0},"end":{"line":32,"column":153}},"30":{"start":{"line":32,"column":50},"end":{"line":32,"column":151}},"31":{"start":{"line":32,"column":92},"end":{"line":32,"column":149}},"32":{"start":{"line":34,"column":0},"end":{"line":34,"column":34}},"33":{"start":{"line":38,"column":0},"end":{"line":61,"column":4}},"34":{"start":{"line":39,"column":2},"end":{"line":47,"column":3}},"35":{"start":{"line":40,"column":4},"end":{"line":40,"column":34}},"36":{"start":{"line":42,"column":4},"end":{"line":42,"column":31}},"37":{"start":{"line":43,"column":4},"end":{"line":43,"column":37}},"38":{"start":{"line":44,"column":4},"end":{"line":44,"column":43}},"39":{"start":{"line":45,"column":4},"end":{"line":45,"column":35}},"40":{"start":{"line":46,"column":4},"end":{"line":46,"column":23}},"41":{"start":{"line":49,"column":2},"end":{"line":58,"column":6}},"42":{"start":{"line":52,"column":6},"end":{"line":52,"column":32}},"43":{"start":{"line":53,"column":6},"end":{"line":53,"column":68}},"44":{"start":{"line":54,"column":6},"end":{"line":54,"column":43}},"45":{"start":{"line":55,"column":6},"end":{"line":55,"column":34}},"46":{"start":{"line":56,"column":6},"end":{"line":56,"column":22}},"47":{"start":{"line":60,"column":2},"end":{"line":60,"column":16}},"48":{"start":{"line":63,"column":0},"end":{"line":63,"column":25}}},"branchMap":{"1":{"line":7,"type":"binary-expr","locations":[{"start":{"line":7,"column":168},"end":{"line":7,"column":189}},{"start":{"line":7,"column":193},"end":{"line":7,"column":198}}]},"2":{"line":7,"type":"if","locations":[{"start":{"line":7,"column":232},"end":{"line":7,"column":232}},{"start":{"line":7,"column":232},"end":{"line":7,"column":232}}]},"3":{"line":7,"type":"if","locations":[{"start":{"line":7,"column":407},"end":{"line":7,"column":407}},{"start":{"line":7,"column":407},"end":{"line":7,"column":407}}]},"4":{"line":7,"type":"if","locations":[{"start":{"line":7,"column":476},"end":{"line":7,"column":476}},{"start":{"line":7,"column":476},"end":{"line":7,"column":476}}]},"5":{"line":30,"type":"cond-expr","locations":[{"start":{"line":30,"column":70},"end":{"line":30,"column":73}},{"start":{"line":30,"column":76},"end":{"line":30,"column":92}}]},"6":{"line":30,"type":"binary-expr","locations":[{"start":{"line":30,"column":46},"end":{"line":30,"column":49}},{"start":{"line":30,"column":53},"end":{"line":30,"column":67}}]},"7":{"line":32,"type":"if","locations":[{"start":{"line":32,"column":50},"end":{"line":32,"column":50}},{"start":{"line":32,"column":50},"end":{"line":32,"column":50}}]}}},"C:\\Users\\TUTU GODFREY\\Desktop\\EventManager\\server\\trans\\routes\\index.js":{"path":"C:\\Users\\TUTU GODFREY\\Desktop\\EventManager\\server\\trans\\routes\\index.js","s":{"1":1,"2":1,"3":1,"4":1,"5":1,"6":1,"7":1,"8":1,"9":1,"10":1,"11":1,"12":1,"13":1,"14":1,"15":0,"16":1,"17":1,"18":1,"19":1,"20":1,"21":1,"22":2,"23":1,"24":1,"25":0,"26":1,"27":1,"28":1,"29":1,"30":1,"31":1,"32":1,"33":0,"34":1,"35":1,"36":1,"37":1,"38":1,"39":1,"40":1,"41":1,"42":1,"43":1,"44":1,"45":1,"46":1},"b":{"1":[1,1],"2":[1,0],"3":[1,0],"4":[0,1],"5":[2,0],"6":[2,2],"7":[0,1]},"f":{"1":1,"2":1,"3":1,"4":2,"5":1,"6":1,"7":1,"8":1,"9":0},"fnMap":{"1":{"name":"(anonymous_1)","line":7,"loc":{"start":{"line":7,"column":19},"end":{"line":7,"column":31}}},"2":{"name":"defineProperties","line":7,"loc":{"start":{"line":7,"column":33},"end":{"line":7,"column":74}}},"3":{"name":"(anonymous_3)","line":7,"loc":{"start":{"line":7,"column":357},"end":{"line":7,"column":405}}},"4":{"name":"_interopRequireDefault","line":19,"loc":{"start":{"line":19,"column":0},"end":{"line":19,"column":37}}},"5":{"name":"_classCallCheck","line":21,"loc":{"start":{"line":21,"column":0},"end":{"line":21,"column":48}}},"6":{"name":"(anonymous_6)","line":25,"loc":{"start":{"line":25,"column":13},"end":{"line":25,"column":25}}},"7":{"name":"Routes","line":26,"loc":{"start":{"line":26,"column":2},"end":{"line":26,"column":20}}},"8":{"name":"routes","line":32,"loc":{"start":{"line":32,"column":11},"end":{"line":32,"column":32}}},"9":{"name":"(anonymous_9)","line":33,"loc":{"start":{"line":33,"column":19},"end":{"line":33,"column":39}}}},"statementMap":{"1":{"start":{"line":3,"column":0},"end":{"line":5,"column":3}},"2":{"start":{"line":7,"column":0},"end":{"line":7,"column":564}},"3":{"start":{"line":7,"column":33},"end":{"line":7,"column":349}},"4":{"start":{"line":7,"column":76},"end":{"line":7,"column":347}},"5":{"start":{"line":7,"column":117},"end":{"line":7,"column":143}},"6":{"start":{"line":7,"column":144},"end":{"line":7,"column":199}},"7":{"start":{"line":7,"column":200},"end":{"line":7,"column":231}},"8":{"start":{"line":7,"column":232},"end":{"line":7,"column":286}},"9":{"start":{"line":7,"column":259},"end":{"line":7,"column":286}},"10":{"start":{"line":7,"column":287},"end":{"line":7,"column":345}},"11":{"start":{"line":7,"column":350},"end":{"line":7,"column":559}},"12":{"start":{"line":7,"column":407},"end":{"line":7,"column":475}},"13":{"start":{"line":7,"column":423},"end":{"line":7,"column":475}},"14":{"start":{"line":7,"column":476},"end":{"line":7,"column":536}},"15":{"start":{"line":7,"column":493},"end":{"line":7,"column":536}},"16":{"start":{"line":7,"column":537},"end":{"line":7,"column":556}},"17":{"start":{"line":11,"column":0},"end":{"line":11,"column":79}},"18":{"start":{"line":13,"column":0},"end":{"line":13,"column":77}},"19":{"start":{"line":15,"column":0},"end":{"line":15,"column":67}},"20":{"start":{"line":17,"column":0},"end":{"line":17,"column":65}},"21":{"start":{"line":19,"column":0},"end":{"line":19,"column":95}},"22":{"start":{"line":19,"column":39},"end":{"line":19,"column":93}},"23":{"start":{"line":21,"column":0},"end":{"line":21,"column":153}},"24":{"start":{"line":21,"column":50},"end":{"line":21,"column":151}},"25":{"start":{"line":21,"column":92},"end":{"line":21,"column":149}},"26":{"start":{"line":23,"column":0},"end":{"line":23,"column":56}},"27":{"start":{"line":24,"column":0},"end":{"line":24,"column":45}},"28":{"start":{"line":25,"column":0},"end":{"line":55,"column":4}},"29":{"start":{"line":26,"column":2},"end":{"line":28,"column":3}},"30":{"start":{"line":27,"column":4},"end":{"line":27,"column":34}},"31":{"start":{"line":30,"column":2},"end":{"line":52,"column":6}},"32":{"start":{"line":33,"column":6},"end":{"line":35,"column":9}},"33":{"start":{"line":34,"column":8},"end":{"line":34,"column":55}},"34":{"start":{"line":38,"column":6},"end":{"line":38,"column":59}},"35":{"start":{"line":39,"column":6},"end":{"line":39,"column":59}},"36":{"start":{"line":40,"column":6},"end":{"line":40,"column":68}},"37":{"start":{"line":41,"column":6},"end":{"line":41,"column":71}},"38":{"start":{"line":44,"column":6},"end":{"line":44,"column":47}},"39":{"start":{"line":45,"column":6},"end":{"line":45,"column":58}},"40":{"start":{"line":46,"column":6},"end":{"line":46,"column":47}},"41":{"start":{"line":47,"column":6},"end":{"line":47,"column":71}},"42":{"start":{"line":48,"column":6},"end":{"line":48,"column":61}},"43":{"start":{"line":49,"column":6},"end":{"line":49,"column":61}},"44":{"start":{"line":50,"column":6},"end":{"line":50,"column":61}},"45":{"start":{"line":54,"column":2},"end":{"line":54,"column":16}},"46":{"start":{"line":57,"column":0},"end":{"line":57,"column":25}}},"branchMap":{"1":{"line":7,"type":"binary-expr","locations":[{"start":{"line":7,"column":168},"end":{"line":7,"column":189}},{"start":{"line":7,"column":193},"end":{"line":7,"column":198}}]},"2":{"line":7,"type":"if","locations":[{"start":{"line":7,"column":232},"end":{"line":7,"column":232}},{"start":{"line":7,"column":232},"end":{"line":7,"column":232}}]},"3":{"line":7,"type":"if","locations":[{"start":{"line":7,"column":407},"end":{"line":7,"column":407}},{"start":{"line":7,"column":407},"end":{"line":7,"column":407}}]},"4":{"line":7,"type":"if","locations":[{"start":{"line":7,"column":476},"end":{"line":7,"column":476}},{"start":{"line":7,"column":476},"end":{"line":7,"column":476}}]},"5":{"line":19,"type":"cond-expr","locations":[{"start":{"line":19,"column":70},"end":{"line":19,"column":73}},{"start":{"line":19,"column":76},"end":{"line":19,"column":92}}]},"6":{"line":19,"type":"binary-expr","locations":[{"start":{"line":19,"column":46},"end":{"line":19,"column":49}},{"start":{"line":19,"column":53},"end":{"line":19,"column":67}}]},"7":{"line":21,"type":"if","locations":[{"start":{"line":21,"column":50},"end":{"line":21,"column":50}},{"start":{"line":21,"column":50},"end":{"line":21,"column":50}}]}}},"C:\\Users\\TUTU GODFREY\\Desktop\\EventManager\\server\\trans\\controllers\\eventCenterController.js":{"path":"C:\\Users\\TUTU GODFREY\\Desktop\\EventManager\\server\\trans\\controllers\\eventCenterController.js","s":{"1":1,"2":1,"3":1,"4":1,"5":4,"6":4,"7":4,"8":4,"9":4,"10":4,"11":1,"12":1,"13":1,"14":1,"15":0,"16":1,"17":1,"18":1,"19":1,"20":1,"21":1,"22":1,"23":1,"24":3,"25":1,"26":1,"27":0,"28":1,"29":1,"30":1,"31":1,"32":1,"33":1,"34":0,"35":0,"36":0,"37":0,"38":0,"39":0,"40":0,"41":0,"42":0,"43":0,"44":0,"45":0,"46":0,"47":0,"48":0,"49":0,"50":0,"51":0,"52":0,"53":0,"54":0,"55":0,"56":0,"57":0,"58":0,"59":0,"60":0,"61":0,"62":0,"63":0,"64":0,"65":0,"66":0,"67":0,"68":0,"69":0,"70":0,"71":0,"72":0,"73":0,"74":0,"75":0,"76":0,"77":0,"78":0,"79":0,"80":0,"81":0,"82":0,"83":0,"84":1,"85":1},"b":{"1":[4,4],"2":[4,0],"3":[1,0],"4":[0,1],"5":[3,0],"6":[3,3],"7":[0,1],"8":[0,0],"9":[0,0],"10":[0,0],"11":[0,0],"12":[0,0],"13":[0,0],"14":[0,0],"15":[0,0],"16":[0,0],"17":[0,0],"18":[0,0],"19":[0,0],"20":[0,0]},"f":{"1":1,"2":1,"3":1,"4":3,"5":1,"6":1,"7":1,"8":0,"9":0,"10":0,"11":0},"fnMap":{"1":{"name":"(anonymous_1)","line":7,"loc":{"start":{"line":7,"column":19},"end":{"line":7,"column":31}}},"2":{"name":"defineProperties","line":7,"loc":{"start":{"line":7,"column":33},"end":{"line":7,"column":74}}},"3":{"name":"(anonymous_3)","line":7,"loc":{"start":{"line":7,"column":357},"end":{"line":7,"column":405}}},"4":{"name":"_interopRequireDefault","line":21,"loc":{"start":{"line":21,"column":0},"end":{"line":21,"column":37}}},"5":{"name":"_classCallCheck","line":23,"loc":{"start":{"line":23,"column":0},"end":{"line":23,"column":48}}},"6":{"name":"(anonymous_6)","line":28,"loc":{"start":{"line":28,"column":28},"end":{"line":28,"column":40}}},"7":{"name":"EventCenterController","line":29,"loc":{"start":{"line":29,"column":2},"end":{"line":29,"column":35}}},"8":{"name":"addEventCenter","line":39,"loc":{"start":{"line":39,"column":11},"end":{"line":39,"column":45}}},"9":{"name":"getEventCenters","line":55,"loc":{"start":{"line":55,"column":11},"end":{"line":55,"column":46}}},"10":{"name":"getEventCenter","line":62,"loc":{"start":{"line":62,"column":11},"end":{"line":62,"column":45}}},"11":{"name":"updateEventCenter","line":102,"loc":{"start":{"line":102,"column":11},"end":{"line":102,"column":48}}}},"statementMap":{"1":{"start":{"line":3,"column":0},"end":{"line":5,"column":3}},"2":{"start":{"line":7,"column":0},"end":{"line":7,"column":564}},"3":{"start":{"line":7,"column":33},"end":{"line":7,"column":349}},"4":{"start":{"line":7,"column":76},"end":{"line":7,"column":347}},"5":{"start":{"line":7,"column":117},"end":{"line":7,"column":143}},"6":{"start":{"line":7,"column":144},"end":{"line":7,"column":199}},"7":{"start":{"line":7,"column":200},"end":{"line":7,"column":231}},"8":{"start":{"line":7,"column":232},"end":{"line":7,"column":286}},"9":{"start":{"line":7,"column":259},"end":{"line":7,"column":286}},"10":{"start":{"line":7,"column":287},"end":{"line":7,"column":345}},"11":{"start":{"line":7,"column":350},"end":{"line":7,"column":559}},"12":{"start":{"line":7,"column":407},"end":{"line":7,"column":475}},"13":{"start":{"line":7,"column":423},"end":{"line":7,"column":475}},"14":{"start":{"line":7,"column":476},"end":{"line":7,"column":536}},"15":{"start":{"line":7,"column":493},"end":{"line":7,"column":536}},"16":{"start":{"line":7,"column":537},"end":{"line":7,"column":556}},"17":{"start":{"line":9,"column":0},"end":{"line":9,"column":54}},"18":{"start":{"line":11,"column":0},"end":{"line":11,"column":57}},"19":{"start":{"line":13,"column":0},"end":{"line":13,"column":66}},"20":{"start":{"line":15,"column":0},"end":{"line":15,"column":69}},"21":{"start":{"line":17,"column":0},"end":{"line":17,"column":41}},"22":{"start":{"line":19,"column":0},"end":{"line":19,"column":45}},"23":{"start":{"line":21,"column":0},"end":{"line":21,"column":95}},"24":{"start":{"line":21,"column":39},"end":{"line":21,"column":93}},"25":{"start":{"line":23,"column":0},"end":{"line":23,"column":153}},"26":{"start":{"line":23,"column":50},"end":{"line":23,"column":151}},"27":{"start":{"line":23,"column":92},"end":{"line":23,"column":149}},"28":{"start":{"line":26,"column":0},"end":{"line":26,"column":35}},"29":{"start":{"line":28,"column":0},"end":{"line":155,"column":4}},"30":{"start":{"line":29,"column":2},"end":{"line":33,"column":3}},"31":{"start":{"line":30,"column":4},"end":{"line":30,"column":49}},"32":{"start":{"line":32,"column":4},"end":{"line":32,"column":52}},"33":{"start":{"line":37,"column":2},"end":{"line":152,"column":6}},"34":{"start":{"line":40,"column":6},"end":{"line":40,"column":82}},"35":{"start":{"line":41,"column":6},"end":{"line":47,"column":8}},"36":{"start":{"line":48,"column":6},"end":{"line":48,"column":55}},"37":{"start":{"line":49,"column":6},"end":{"line":49,"column":43}},"38":{"start":{"line":56,"column":6},"end":{"line":56,"column":56}},"39":{"start":{"line":63,"column":6},"end":{"line":63,"column":51}},"40":{"start":{"line":65,"column":6},"end":{"line":65,"column":43}},"41":{"start":{"line":66,"column":6},"end":{"line":66,"column":36}},"42":{"start":{"line":67,"column":6},"end":{"line":67,"column":37}},"43":{"start":{"line":69,"column":6},"end":{"line":95,"column":7}},"44":{"start":{"line":70,"column":8},"end":{"line":78,"column":9}},"45":{"start":{"line":71,"column":10},"end":{"line":71,"column":40}},"46":{"start":{"line":73,"column":10},"end":{"line":77,"column":11}},"47":{"start":{"line":75,"column":12},"end":{"line":75,"column":46}},"48":{"start":{"line":76,"column":12},"end":{"line":76,"column":18}},"49":{"start":{"line":83,"column":8},"end":{"line":83,"column":33}},"50":{"start":{"line":84,"column":8},"end":{"line":84,"column":29}},"51":{"start":{"line":86,"column":8},"end":{"line":94,"column":9}},"52":{"start":{"line":87,"column":10},"end":{"line":89,"column":11}},"53":{"start":{"line":88,"column":12},"end":{"line":88,"column":31}},"54":{"start":{"line":91,"column":10},"end":{"line":93,"column":11}},"55":{"start":{"line":92,"column":12},"end":{"line":92,"column":33}},"56":{"start":{"line":97,"column":6},"end":{"line":97,"column":47}},"57":{"start":{"line":103,"column":6},"end":{"line":103,"column":51}},"58":{"start":{"line":105,"column":6},"end":{"line":105,"column":34}},"59":{"start":{"line":106,"column":6},"end":{"line":106,"column":32}},"60":{"start":{"line":107,"column":6},"end":{"line":107,"column":44}},"61":{"start":{"line":108,"column":6},"end":{"line":108,"column":37}},"62":{"start":{"line":109,"column":6},"end":{"line":109,"column":38}},"63":{"start":{"line":111,"column":6},"end":{"line":143,"column":7}},"64":{"start":{"line":112,"column":8},"end":{"line":129,"column":9}},"65":{"start":{"line":113,"column":10},"end":{"line":113,"column":41}},"66":{"start":{"line":115,"column":10},"end":{"line":128,"column":11}},"67":{"start":{"line":116,"column":12},"end":{"line":116,"column":39}},"68":{"start":{"line":117,"column":12},"end":{"line":117,"column":76}},"69":{"start":{"line":118,"column":12},"end":{"line":118,"column":70}},"70":{"start":{"line":119,"column":12},"end":{"line":119,"column":76}},"71":{"start":{"line":120,"column":12},"end":{"line":120,"column":58}},"72":{"start":{"line":121,"column":12},"end":{"line":127,"column":14}},"73":{"start":{"line":131,"column":8},"end":{"line":131,"column":34}},"74":{"start":{"line":132,"column":8},"end":{"line":132,"column":30}},"75":{"start":{"line":134,"column":8},"end":{"line":142,"column":9}},"76":{"start":{"line":135,"column":10},"end":{"line":137,"column":11}},"77":{"start":{"line":136,"column":12},"end":{"line":136,"column":32}},"78":{"start":{"line":139,"column":10},"end":{"line":141,"column":11}},"79":{"start":{"line":140,"column":12},"end":{"line":140,"column":34}},"80":{"start":{"line":145,"column":6},"end":{"line":145,"column":77}},"81":{"start":{"line":146,"column":6},"end":{"line":150,"column":7}},"82":{"start":{"line":147,"column":8},"end":{"line":147,"column":45}},"83":{"start":{"line":149,"column":8},"end":{"line":149,"column":42}},"84":{"start":{"line":154,"column":2},"end":{"line":154,"column":31}},"85":{"start":{"line":156,"column":0},"end":{"line":156,"column":40}}},"branchMap":{"1":{"line":7,"type":"binary-expr","locations":[{"start":{"line":7,"column":168},"end":{"line":7,"column":189}},{"start":{"line":7,"column":193},"end":{"line":7,"column":198}}]},"2":{"line":7,"type":"if","locations":[{"start":{"line":7,"column":232},"end":{"line":7,"column":232}},{"start":{"line":7,"column":232},"end":{"line":7,"column":232}}]},"3":{"line":7,"type":"if","locations":[{"start":{"line":7,"column":407},"end":{"line":7,"column":407}},{"start":{"line":7,"column":407},"end":{"line":7,"column":407}}]},"4":{"line":7,"type":"if","locations":[{"start":{"line":7,"column":476},"end":{"line":7,"column":476}},{"start":{"line":7,"column":476},"end":{"line":7,"column":476}}]},"5":{"line":21,"type":"cond-expr","locations":[{"start":{"line":21,"column":70},"end":{"line":21,"column":73}},{"start":{"line":21,"column":76},"end":{"line":21,"column":92}}]},"6":{"line":21,"type":"binary-expr","locations":[{"start":{"line":21,"column":46},"end":{"line":21,"column":49}},{"start":{"line":21,"column":53},"end":{"line":21,"column":67}}]},"7":{"line":23,"type":"if","locations":[{"start":{"line":23,"column":50},"end":{"line":23,"column":50}},{"start":{"line":23,"column":50},"end":{"line":23,"column":50}}]},"8":{"line":73,"type":"if","locations":[{"start":{"line":73,"column":10},"end":{"line":73,"column":10}},{"start":{"line":73,"column":10},"end":{"line":73,"column":10}}]},"9":{"line":87,"type":"if","locations":[{"start":{"line":87,"column":10},"end":{"line":87,"column":10}},{"start":{"line":87,"column":10},"end":{"line":87,"column":10}}]},"10":{"line":87,"type":"binary-expr","locations":[{"start":{"line":87,"column":14},"end":{"line":87,"column":40}},{"start":{"line":87,"column":44},"end":{"line":87,"column":60}}]},"11":{"line":91,"type":"if","locations":[{"start":{"line":91,"column":10},"end":{"line":91,"column":10}},{"start":{"line":91,"column":10},"end":{"line":91,"column":10}}]},"12":{"line":115,"type":"if","locations":[{"start":{"line":115,"column":10},"end":{"line":115,"column":10}},{"start":{"line":115,"column":10},"end":{"line":115,"column":10}}]},"13":{"line":117,"type":"binary-expr","locations":[{"start":{"line":117,"column":29},"end":{"line":117,"column":48}},{"start":{"line":117,"column":52},"end":{"line":117,"column":75}}]},"14":{"line":118,"type":"binary-expr","locations":[{"start":{"line":118,"column":27},"end":{"line":118,"column":44}},{"start":{"line":118,"column":48},"end":{"line":118,"column":69}}]},"15":{"line":119,"type":"binary-expr","locations":[{"start":{"line":119,"column":29},"end":{"line":119,"column":48}},{"start":{"line":119,"column":52},"end":{"line":119,"column":75}}]},"16":{"line":120,"type":"binary-expr","locations":[{"start":{"line":120,"column":23},"end":{"line":120,"column":36}},{"start":{"line":120,"column":40},"end":{"line":120,"column":57}}]},"17":{"line":135,"type":"if","locations":[{"start":{"line":135,"column":10},"end":{"line":135,"column":10}},{"start":{"line":135,"column":10},"end":{"line":135,"column":10}}]},"18":{"line":135,"type":"binary-expr","locations":[{"start":{"line":135,"column":14},"end":{"line":135,"column":41}},{"start":{"line":135,"column":45},"end":{"line":135,"column":62}}]},"19":{"line":139,"type":"if","locations":[{"start":{"line":139,"column":10},"end":{"line":139,"column":10}},{"start":{"line":139,"column":10},"end":{"line":139,"column":10}}]},"20":{"line":146,"type":"if","locations":[{"start":{"line":146,"column":6},"end":{"line":146,"column":6}},{"start":{"line":146,"column":6},"end":{"line":146,"column":6}}]}}},"C:\\Users\\TUTU GODFREY\\Desktop\\EventManager\\server\\trans\\models\\eventsModel.js":{"path":"C:\\Users\\TUTU GODFREY\\Desktop\\EventManager\\server\\trans\\models\\eventsModel.js","s":{"1":1,"2":1,"3":1},"b":{},"f":{},"fnMap":{},"statementMap":{"1":{"start":{"line":3,"column":0},"end":{"line":5,"column":3}},"2":{"start":{"line":8,"column":0},"end":{"line":35,"column":3}},"3":{"start":{"line":37,"column":0},"end":{"line":37,"column":25}}},"branchMap":{}},"C:\\Users\\TUTU GODFREY\\Desktop\\EventManager\\server\\trans\\models\\eventCentersModel.js":{"path":"C:\\Users\\TUTU GODFREY\\Desktop\\EventManager\\server\\trans\\models\\eventCentersModel.js","s":{"1":1,"2":1,"3":1},"b":{},"f":{},"fnMap":{},"statementMap":{"1":{"start":{"line":3,"column":0},"end":{"line":5,"column":3}},"2":{"start":{"line":8,"column":0},"end":{"line":20,"column":3}},"3":{"start":{"line":22,"column":0},"end":{"line":22,"column":31}}},"branchMap":{}},"C:\\Users\\TUTU GODFREY\\Desktop\\EventManager\\server\\trans\\funcs\\funcs.js":{"path":"C:\\Users\\TUTU GODFREY\\Desktop\\EventManager\\server\\trans\\funcs\\funcs.js","s":{"1":1,"2":1,"3":1,"4":1,"5":3,"6":3,"7":3,"8":3,"9":3,"10":3,"11":1,"12":1,"13":1,"14":1,"15":0,"16":1,"17":1,"18":2,"19":0,"20":1,"21":1,"22":2,"23":1,"24":0,"25":0,"26":0,"27":0,"28":0,"29":0,"30":0,"31":0,"32":0,"33":0,"34":0,"35":0,"36":0,"37":0,"38":0,"39":0,"40":0,"41":0,"42":0,"43":0,"44":0,"45":0,"46":1,"47":1},"b":{"1":[3,3],"2":[3,0],"3":[1,0],"4":[0,1],"5":[0,2],"6":[0,0],"7":[0,0],"8":[0,0],"9":[0,0],"10":[0,0]},"f":{"1":1,"2":1,"3":1,"4":2,"5":1,"6":2,"7":0,"8":0,"9":0},"fnMap":{"1":{"name":"(anonymous_1)","line":7,"loc":{"start":{"line":7,"column":19},"end":{"line":7,"column":31}}},"2":{"name":"defineProperties","line":7,"loc":{"start":{"line":7,"column":33},"end":{"line":7,"column":74}}},"3":{"name":"(anonymous_3)","line":7,"loc":{"start":{"line":7,"column":357},"end":{"line":7,"column":405}}},"4":{"name":"_classCallCheck","line":9,"loc":{"start":{"line":9,"column":0},"end":{"line":9,"column":48}}},"5":{"name":"(anonymous_5)","line":14,"loc":{"start":{"line":14,"column":13},"end":{"line":14,"column":25}}},"6":{"name":"Functs","line":15,"loc":{"start":{"line":15,"column":2},"end":{"line":15,"column":20}}},"7":{"name":"getField","line":21,"loc":{"start":{"line":21,"column":11},"end":{"line":21,"column":52}}},"8":{"name":"getObject","line":31,"loc":{"start":{"line":31,"column":11},"end":{"line":31,"column":56}}},"9":{"name":"getFields","line":63,"loc":{"start":{"line":63,"column":11},"end":{"line":63,"column":51}}}},"statementMap":{"1":{"start":{"line":3,"column":0},"end":{"line":5,"column":3}},"2":{"start":{"line":7,"column":0},"end":{"line":7,"column":564}},"3":{"start":{"line":7,"column":33},"end":{"line":7,"column":349}},"4":{"start":{"line":7,"column":76},"end":{"line":7,"column":347}},"5":{"start":{"line":7,"column":117},"end":{"line":7,"column":143}},"6":{"start":{"line":7,"column":144},"end":{"line":7,"column":199}},"7":{"start":{"line":7,"column":200},"end":{"line":7,"column":231}},"8":{"start":{"line":7,"column":232},"end":{"line":7,"column":286}},"9":{"start":{"line":7,"column":259},"end":{"line":7,"column":286}},"10":{"start":{"line":7,"column":287},"end":{"line":7,"column":345}},"11":{"start":{"line":7,"column":350},"end":{"line":7,"column":559}},"12":{"start":{"line":7,"column":407},"end":{"line":7,"column":475}},"13":{"start":{"line":7,"column":423},"end":{"line":7,"column":475}},"14":{"start":{"line":7,"column":476},"end":{"line":7,"column":536}},"15":{"start":{"line":7,"column":493},"end":{"line":7,"column":536}},"16":{"start":{"line":7,"column":537},"end":{"line":7,"column":556}},"17":{"start":{"line":9,"column":0},"end":{"line":9,"column":153}},"18":{"start":{"line":9,"column":50},"end":{"line":9,"column":151}},"19":{"start":{"line":9,"column":92},"end":{"line":9,"column":149}},"20":{"start":{"line":14,"column":0},"end":{"line":72,"column":4}},"21":{"start":{"line":15,"column":2},"end":{"line":17,"column":3}},"22":{"start":{"line":16,"column":4},"end":{"line":16,"column":34}},"23":{"start":{"line":19,"column":2},"end":{"line":69,"column":6}},"24":{"start":{"line":22,"column":6},"end":{"line":22,"column":39}},"25":{"start":{"line":23,"column":6},"end":{"line":23,"column":37}},"26":{"start":{"line":24,"column":6},"end":{"line":24,"column":43}},"27":{"start":{"line":25,"column":6},"end":{"line":25,"column":24}},"28":{"start":{"line":32,"column":6},"end":{"line":32,"column":43}},"29":{"start":{"line":33,"column":6},"end":{"line":33,"column":36}},"30":{"start":{"line":34,"column":6},"end":{"line":34,"column":37}},"31":{"start":{"line":36,"column":6},"end":{"line":57,"column":7}},"32":{"start":{"line":37,"column":8},"end":{"line":43,"column":9}},"33":{"start":{"line":38,"column":10},"end":{"line":38,"column":42}},"34":{"start":{"line":40,"column":10},"end":{"line":42,"column":11}},"35":{"start":{"line":41,"column":12},"end":{"line":41,"column":33}},"36":{"start":{"line":45,"column":8},"end":{"line":45,"column":33}},"37":{"start":{"line":46,"column":8},"end":{"line":46,"column":29}},"38":{"start":{"line":48,"column":8},"end":{"line":56,"column":9}},"39":{"start":{"line":49,"column":10},"end":{"line":51,"column":11}},"40":{"start":{"line":50,"column":12},"end":{"line":50,"column":31}},"41":{"start":{"line":53,"column":10},"end":{"line":55,"column":11}},"42":{"start":{"line":54,"column":12},"end":{"line":54,"column":33}},"43":{"start":{"line":64,"column":6},"end":{"line":66,"column":7}},"44":{"start":{"line":65,"column":8},"end":{"line":65,"column":35}},"45":{"start":{"line":67,"column":6},"end":{"line":67,"column":18}},"46":{"start":{"line":71,"column":2},"end":{"line":71,"column":16}},"47":{"start":{"line":74,"column":0},"end":{"line":74,"column":25}}},"branchMap":{"1":{"line":7,"type":"binary-expr","locations":[{"start":{"line":7,"column":168},"end":{"line":7,"column":189}},{"start":{"line":7,"column":193},"end":{"line":7,"column":198}}]},"2":{"line":7,"type":"if","locations":[{"start":{"line":7,"column":232},"end":{"line":7,"column":232}},{"start":{"line":7,"column":232},"end":{"line":7,"column":232}}]},"3":{"line":7,"type":"if","locations":[{"start":{"line":7,"column":407},"end":{"line":7,"column":407}},{"start":{"line":7,"column":407},"end":{"line":7,"column":407}}]},"4":{"line":7,"type":"if","locations":[{"start":{"line":7,"column":476},"end":{"line":7,"column":476}},{"start":{"line":7,"column":476},"end":{"line":7,"column":476}}]},"5":{"line":9,"type":"if","locations":[{"start":{"line":9,"column":50},"end":{"line":9,"column":50}},{"start":{"line":9,"column":50},"end":{"line":9,"column":50}}]},"6":{"line":40,"type":"if","locations":[{"start":{"line":40,"column":10},"end":{"line":40,"column":10}},{"start":{"line":40,"column":10},"end":{"line":40,"column":10}}]},"7":{"line":49,"type":"if","locations":[{"start":{"line":49,"column":10},"end":{"line":49,"column":10}},{"start":{"line":49,"column":10},"end":{"line":49,"column":10}}]},"8":{"line":49,"type":"binary-expr","locations":[{"start":{"line":49,"column":14},"end":{"line":49,"column":40}},{"start":{"line":49,"column":44},"end":{"line":49,"column":60}}]},"9":{"line":53,"type":"if","locations":[{"start":{"line":53,"column":10},"end":{"line":53,"column":10}},{"start":{"line":53,"column":10},"end":{"line":53,"column":10}}]},"10":{"line":64,"type":"if","locations":[{"start":{"line":64,"column":6},"end":{"line":64,"column":6}},{"start":{"line":64,"column":6},"end":{"line":64,"column":6}}]}}},"C:\\Users\\TUTU GODFREY\\Desktop\\EventManager\\server\\trans\\controllers\\eventController.js":{"path":"C:\\Users\\TUTU GODFREY\\Desktop\\EventManager\\server\\trans\\controllers\\eventController.js","s":{"1":1,"2":1,"3":1,"4":1,"5":7,"6":7,"7":7,"8":7,"9":7,"10":7,"11":1,"12":1,"13":1,"14":1,"15":0,"16":1,"17":1,"18":1,"19":1,"20":1,"21":1,"22":1,"23":1,"24":3,"25":1,"26":1,"27":0,"28":1,"29":1,"30":1,"31":1,"32":1,"33":1,"34":0,"35":0,"36":0,"37":0,"38":0,"39":0,"40":0,"41":0,"42":0,"43":0,"44":0,"45":0,"46":0,"47":0,"48":0,"49":0,"50":0,"51":0,"52":0,"53":0,"54":0,"55":0,"56":0,"57":0,"58":0,"59":0,"60":0,"61":0,"62":0,"63":0,"64":0,"65":0,"66":0,"67":0,"68":0,"69":0,"70":0,"71":0,"72":0,"73":0,"74":0,"75":0,"76":0,"77":0,"78":0,"79":0,"80":0,"81":0,"82":0,"83":0,"84":0,"85":0,"86":0,"87":0,"88":0,"89":0,"90":0,"91":0,"92":0,"93":0,"94":0,"95":0,"96":0,"97":0,"98":0,"99":0,"100":0,"101":0,"102":0,"103":0,"104":0,"105":0,"106":0,"107":0,"108":0,"109":0,"110":0,"111":0,"112":0,"113":0,"114":0,"115":0,"116":0,"117":0,"118":0,"119":0,"120":0,"121":0,"122":0,"123":0,"124":0,"125":0,"126":0,"127":0,"128":0,"129":0,"130":0,"131":0,"132":0,"133":0,"134":0,"135":0,"136":0,"137":0,"138":0,"139":0,"140":0,"141":0,"142":0,"143":0,"144":0,"145":0,"146":0,"147":0,"148":0,"149":0,"150":1,"151":1},"b":{"1":[7,7],"2":[7,0],"3":[1,0],"4":[0,1],"5":[3,0],"6":[3,3],"7":[0,1],"8":[0,0],"9":[0,0],"10":[0,0],"11":[0,0],"12":[0,0],"13":[0,0],"14":[0,0],"15":[0,0],"16":[0,0],"17":[0,0],"18":[0,0],"19":[0,0],"20":[0,0],"21":[0,0],"22":[0,0],"23":[0,0],"24":[0,0],"25":[0,0],"26":[0,0],"27":[0,0],"28":[0,0],"29":[0,0],"30":[0,0],"31":[0,0],"32":[0,0],"33":[0,0],"34":[0,0],"35":[0,0],"36":[0,0],"37":[0,0],"38":[0,0]},"f":{"1":1,"2":1,"3":1,"4":3,"5":1,"6":1,"7":1,"8":0,"9":0,"10":0,"11":0,"12":0,"13":0,"14":0},"fnMap":{"1":{"name":"(anonymous_1)","line":7,"loc":{"start":{"line":7,"column":19},"end":{"line":7,"column":31}}},"2":{"name":"defineProperties","line":7,"loc":{"start":{"line":7,"column":33},"end":{"line":7,"column":74}}},"3":{"name":"(anonymous_3)","line":7,"loc":{"start":{"line":7,"column":357},"end":{"line":7,"column":405}}},"4":{"name":"_interopRequireDefault","line":21,"loc":{"start":{"line":21,"column":0},"end":{"line":21,"column":37}}},"5":{"name":"_classCallCheck","line":23,"loc":{"start":{"line":23,"column":0},"end":{"line":23,"column":48}}},"6":{"name":"(anonymous_6)","line":28,"loc":{"start":{"line":28,"column":23},"end":{"line":28,"column":35}}},"7":{"name":"EventsController","line":29,"loc":{"start":{"line":29,"column":2},"end":{"line":29,"column":30}}},"8":{"name":"addEvent","line":40,"loc":{"start":{"line":40,"column":11},"end":{"line":40,"column":39}}},"9":{"name":"updateEvent","line":60,"loc":{"start":{"line":60,"column":11},"end":{"line":60,"column":42}}},"10":{"name":"getCenterEvents","line":122,"loc":{"start":{"line":122,"column":11},"end":{"line":122,"column":46}}},"11":{"name":"getUsersEvents","line":163,"loc":{"start":{"line":163,"column":11},"end":{"line":163,"column":45}}},"12":{"name":"getEvents","line":203,"loc":{"start":{"line":203,"column":11},"end":{"line":203,"column":40}}},"13":{"name":"getEvent","line":215,"loc":{"start":{"line":215,"column":11},"end":{"line":215,"column":39}}},"14":{"name":"deleteEvent","line":252,"loc":{"start":{"line":252,"column":11},"end":{"line":252,"column":42}}}},"statementMap":{"1":{"start":{"line":3,"column":0},"end":{"line":5,"column":3}},"2":{"start":{"line":7,"column":0},"end":{"line":7,"column":564}},"3":{"start":{"line":7,"column":33},"end":{"line":7,"column":349}},"4":{"start":{"line":7,"column":76},"end":{"line":7,"column":347}},"5":{"start":{"line":7,"column":117},"end":{"line":7,"column":143}},"6":{"start":{"line":7,"column":144},"end":{"line":7,"column":199}},"7":{"start":{"line":7,"column":200},"end":{"line":7,"column":231}},"8":{"start":{"line":7,"column":232},"end":{"line":7,"column":286}},"9":{"start":{"line":7,"column":259},"end":{"line":7,"column":286}},"10":{"start":{"line":7,"column":287},"end":{"line":7,"column":345}},"11":{"start":{"line":7,"column":350},"end":{"line":7,"column":559}},"12":{"start":{"line":7,"column":407},"end":{"line":7,"column":475}},"13":{"start":{"line":7,"column":423},"end":{"line":7,"column":475}},"14":{"start":{"line":7,"column":476},"end":{"line":7,"column":536}},"15":{"start":{"line":7,"column":493},"end":{"line":7,"column":536}},"16":{"start":{"line":7,"column":537},"end":{"line":7,"column":556}},"17":{"start":{"line":9,"column":0},"end":{"line":9,"column":54}},"18":{"start":{"line":11,"column":0},"end":{"line":11,"column":57}},"19":{"start":{"line":13,"column":0},"end":{"line":13,"column":66}},"20":{"start":{"line":15,"column":0},"end":{"line":15,"column":69}},"21":{"start":{"line":17,"column":0},"end":{"line":17,"column":41}},"22":{"start":{"line":19,"column":0},"end":{"line":19,"column":45}},"23":{"start":{"line":21,"column":0},"end":{"line":21,"column":95}},"24":{"start":{"line":21,"column":39},"end":{"line":21,"column":93}},"25":{"start":{"line":23,"column":0},"end":{"line":23,"column":153}},"26":{"start":{"line":23,"column":50},"end":{"line":23,"column":151}},"27":{"start":{"line":23,"column":92},"end":{"line":23,"column":149}},"28":{"start":{"line":26,"column":0},"end":{"line":26,"column":35}},"29":{"start":{"line":28,"column":0},"end":{"line":288,"column":4}},"30":{"start":{"line":29,"column":2},"end":{"line":33,"column":3}},"31":{"start":{"line":30,"column":4},"end":{"line":30,"column":44}},"32":{"start":{"line":32,"column":4},"end":{"line":32,"column":40}},"33":{"start":{"line":38,"column":2},"end":{"line":285,"column":6}},"34":{"start":{"line":41,"column":6},"end":{"line":41,"column":74}},"35":{"start":{"line":42,"column":6},"end":{"line":51,"column":8}},"36":{"start":{"line":52,"column":6},"end":{"line":52,"column":43}},"37":{"start":{"line":53,"column":6},"end":{"line":53,"column":37}},"38":{"start":{"line":61,"column":6},"end":{"line":61,"column":44}},"39":{"start":{"line":62,"column":6},"end":{"line":62,"column":65}},"40":{"start":{"line":63,"column":6},"end":{"line":63,"column":28}},"41":{"start":{"line":64,"column":6},"end":{"line":64,"column":31}},"42":{"start":{"line":65,"column":6},"end":{"line":65,"column":43}},"43":{"start":{"line":66,"column":6},"end":{"line":66,"column":36}},"44":{"start":{"line":67,"column":6},"end":{"line":67,"column":37}},"45":{"start":{"line":69,"column":6},"end":{"line":108,"column":7}},"46":{"start":{"line":70,"column":8},"end":{"line":94,"column":9}},"47":{"start":{"line":71,"column":10},"end":{"line":71,"column":34}},"48":{"start":{"line":73,"column":10},"end":{"line":93,"column":11}},"49":{"start":{"line":74,"column":12},"end":{"line":74,"column":32}},"50":{"start":{"line":75,"column":12},"end":{"line":75,"column":29}},"51":{"start":{"line":76,"column":12},"end":{"line":76,"column":70}},"52":{"start":{"line":77,"column":12},"end":{"line":77,"column":64}},"53":{"start":{"line":78,"column":12},"end":{"line":78,"column":70}},"54":{"start":{"line":79,"column":12},"end":{"line":79,"column":73}},"55":{"start":{"line":80,"column":12},"end":{"line":80,"column":73}},"56":{"start":{"line":81,"column":12},"end":{"line":81,"column":64}},"57":{"start":{"line":82,"column":12},"end":{"line":82,"column":61}},"58":{"start":{"line":83,"column":12},"end":{"line":92,"column":14}},"59":{"start":{"line":96,"column":8},"end":{"line":96,"column":33}},"60":{"start":{"line":97,"column":8},"end":{"line":97,"column":29}},"61":{"start":{"line":99,"column":8},"end":{"line":107,"column":9}},"62":{"start":{"line":100,"column":10},"end":{"line":102,"column":11}},"63":{"start":{"line":101,"column":12},"end":{"line":101,"column":31}},"64":{"start":{"line":104,"column":10},"end":{"line":106,"column":11}},"65":{"start":{"line":105,"column":12},"end":{"line":105,"column":33}},"66":{"start":{"line":110,"column":6},"end":{"line":110,"column":64}},"67":{"start":{"line":111,"column":6},"end":{"line":115,"column":7}},"68":{"start":{"line":112,"column":8},"end":{"line":112,"column":39}},"69":{"start":{"line":114,"column":8},"end":{"line":114,"column":72}},"70":{"start":{"line":123,"column":6},"end":{"line":123,"column":51}},"71":{"start":{"line":124,"column":6},"end":{"line":124,"column":31}},"72":{"start":{"line":125,"column":6},"end":{"line":125,"column":44}},"73":{"start":{"line":126,"column":6},"end":{"line":126,"column":37}},"74":{"start":{"line":127,"column":6},"end":{"line":127,"column":38}},"75":{"start":{"line":129,"column":6},"end":{"line":150,"column":7}},"76":{"start":{"line":130,"column":8},"end":{"line":136,"column":9}},"77":{"start":{"line":131,"column":10},"end":{"line":131,"column":35}},"78":{"start":{"line":133,"column":10},"end":{"line":135,"column":11}},"79":{"start":{"line":134,"column":12},"end":{"line":134,"column":40}},"80":{"start":{"line":138,"column":8},"end":{"line":138,"column":34}},"81":{"start":{"line":139,"column":8},"end":{"line":139,"column":30}},"82":{"start":{"line":141,"column":8},"end":{"line":149,"column":9}},"83":{"start":{"line":142,"column":10},"end":{"line":144,"column":11}},"84":{"start":{"line":143,"column":12},"end":{"line":143,"column":32}},"85":{"start":{"line":146,"column":10},"end":{"line":148,"column":11}},"86":{"start":{"line":147,"column":12},"end":{"line":147,"column":34}},"87":{"start":{"line":152,"column":6},"end":{"line":156,"column":7}},"88":{"start":{"line":153,"column":8},"end":{"line":153,"column":46}},"89":{"start":{"line":155,"column":8},"end":{"line":155,"column":60}},"90":{"start":{"line":164,"column":6},"end":{"line":164,"column":49}},"91":{"start":{"line":165,"column":6},"end":{"line":165,"column":30}},"92":{"start":{"line":166,"column":6},"end":{"line":166,"column":44}},"93":{"start":{"line":167,"column":6},"end":{"line":167,"column":37}},"94":{"start":{"line":168,"column":6},"end":{"line":168,"column":38}},"95":{"start":{"line":170,"column":6},"end":{"line":191,"column":7}},"96":{"start":{"line":171,"column":8},"end":{"line":177,"column":9}},"97":{"start":{"line":172,"column":10},"end":{"line":172,"column":35}},"98":{"start":{"line":174,"column":10},"end":{"line":176,"column":11}},"99":{"start":{"line":175,"column":12},"end":{"line":175,"column":39}},"100":{"start":{"line":179,"column":8},"end":{"line":179,"column":34}},"101":{"start":{"line":180,"column":8},"end":{"line":180,"column":30}},"102":{"start":{"line":182,"column":8},"end":{"line":190,"column":9}},"103":{"start":{"line":183,"column":10},"end":{"line":185,"column":11}},"104":{"start":{"line":184,"column":12},"end":{"line":184,"column":32}},"105":{"start":{"line":187,"column":10},"end":{"line":189,"column":11}},"106":{"start":{"line":188,"column":12},"end":{"line":188,"column":34}},"107":{"start":{"line":193,"column":6},"end":{"line":197,"column":7}},"108":{"start":{"line":194,"column":8},"end":{"line":194,"column":45}},"109":{"start":{"line":196,"column":8},"end":{"line":196,"column":61}},"110":{"start":{"line":204,"column":6},"end":{"line":208,"column":7}},"111":{"start":{"line":205,"column":8},"end":{"line":205,"column":52}},"112":{"start":{"line":207,"column":8},"end":{"line":207,"column":55}},"113":{"start":{"line":216,"column":6},"end":{"line":216,"column":49}},"114":{"start":{"line":217,"column":6},"end":{"line":217,"column":44}},"115":{"start":{"line":218,"column":6},"end":{"line":218,"column":37}},"116":{"start":{"line":219,"column":6},"end":{"line":219,"column":38}},"117":{"start":{"line":221,"column":6},"end":{"line":243,"column":7}},"118":{"start":{"line":222,"column":8},"end":{"line":229,"column":9}},"119":{"start":{"line":223,"column":10},"end":{"line":223,"column":35}},"120":{"start":{"line":225,"column":10},"end":{"line":228,"column":11}},"121":{"start":{"line":226,"column":12},"end":{"line":226,"column":40}},"122":{"start":{"line":227,"column":12},"end":{"line":227,"column":18}},"123":{"start":{"line":231,"column":8},"end":{"line":231,"column":34}},"124":{"start":{"line":232,"column":8},"end":{"line":232,"column":30}},"125":{"start":{"line":234,"column":8},"end":{"line":242,"column":9}},"126":{"start":{"line":235,"column":10},"end":{"line":237,"column":11}},"127":{"start":{"line":236,"column":12},"end":{"line":236,"column":32}},"128":{"start":{"line":239,"column":10},"end":{"line":241,"column":11}},"129":{"start":{"line":240,"column":12},"end":{"line":240,"column":34}},"130":{"start":{"line":245,"column":6},"end":{"line":245,"column":53}},"131":{"start":{"line":253,"column":6},"end":{"line":253,"column":49}},"132":{"start":{"line":254,"column":6},"end":{"line":254,"column":44}},"133":{"start":{"line":255,"column":6},"end":{"line":255,"column":37}},"134":{"start":{"line":256,"column":6},"end":{"line":256,"column":38}},"135":{"start":{"line":258,"column":6},"end":{"line":281,"column":7}},"136":{"start":{"line":259,"column":8},"end":{"line":267,"column":9}},"137":{"start":{"line":260,"column":10},"end":{"line":260,"column":35}},"138":{"start":{"line":262,"column":10},"end":{"line":266,"column":11}},"139":{"start":{"line":263,"column":12},"end":{"line":263,"column":48}},"140":{"start":{"line":264,"column":12},"end":{"line":264,"column":57}},"141":{"start":{"line":265,"column":12},"end":{"line":265,"column":18}},"142":{"start":{"line":269,"column":8},"end":{"line":269,"column":34}},"143":{"start":{"line":270,"column":8},"end":{"line":270,"column":30}},"144":{"start":{"line":272,"column":8},"end":{"line":280,"column":9}},"145":{"start":{"line":273,"column":10},"end":{"line":275,"column":11}},"146":{"start":{"line":274,"column":12},"end":{"line":274,"column":32}},"147":{"start":{"line":277,"column":10},"end":{"line":279,"column":11}},"148":{"start":{"line":278,"column":12},"end":{"line":278,"column":34}},"149":{"start":{"line":283,"column":6},"end":{"line":283,"column":76}},"150":{"start":{"line":287,"column":2},"end":{"line":287,"column":26}},"151":{"start":{"line":290,"column":0},"end":{"line":290,"column":35}}},"branchMap":{"1":{"line":7,"type":"binary-expr","locations":[{"start":{"line":7,"column":168},"end":{"line":7,"column":189}},{"start":{"line":7,"column":193},"end":{"line":7,"column":198}}]},"2":{"line":7,"type":"if","locations":[{"start":{"line":7,"column":232},"end":{"line":7,"column":232}},{"start":{"line":7,"column":232},"end":{"line":7,"column":232}}]},"3":{"line":7,"type":"if","locations":[{"start":{"line":7,"column":407},"end":{"line":7,"column":407}},{"start":{"line":7,"column":407},"end":{"line":7,"column":407}}]},"4":{"line":7,"type":"if","locations":[{"start":{"line":7,"column":476},"end":{"line":7,"column":476}},{"start":{"line":7,"column":476},"end":{"line":7,"column":476}}]},"5":{"line":21,"type":"cond-expr","locations":[{"start":{"line":21,"column":70},"end":{"line":21,"column":73}},{"start":{"line":21,"column":76},"end":{"line":21,"column":92}}]},"6":{"line":21,"type":"binary-expr","locations":[{"start":{"line":21,"column":46},"end":{"line":21,"column":49}},{"start":{"line":21,"column":53},"end":{"line":21,"column":67}}]},"7":{"line":23,"type":"if","locations":[{"start":{"line":23,"column":50},"end":{"line":23,"column":50}},{"start":{"line":23,"column":50},"end":{"line":23,"column":50}}]},"8":{"line":73,"type":"if","locations":[{"start":{"line":73,"column":10},"end":{"line":73,"column":10}},{"start":{"line":73,"column":10},"end":{"line":73,"column":10}}]},"9":{"line":76,"type":"binary-expr","locations":[{"start":{"line":76,"column":29},"end":{"line":76,"column":48}},{"start":{"line":76,"column":52},"end":{"line":76,"column":69}}]},"10":{"line":77,"type":"binary-expr","locations":[{"start":{"line":77,"column":27},"end":{"line":77,"column":44}},{"start":{"line":77,"column":48},"end":{"line":77,"column":63}}]},"11":{"line":78,"type":"binary-expr","locations":[{"start":{"line":78,"column":29},"end":{"line":78,"column":48}},{"start":{"line":78,"column":52},"end":{"line":78,"column":69}}]},"12":{"line":79,"type":"binary-expr","locations":[{"start":{"line":79,"column":30},"end":{"line":79,"column":50}},{"start":{"line":79,"column":54},"end":{"line":79,"column":72}}]},"13":{"line":80,"type":"binary-expr","locations":[{"start":{"line":80,"column":30},"end":{"line":80,"column":50}},{"start":{"line":80,"column":54},"end":{"line":80,"column":72}}]},"14":{"line":81,"type":"binary-expr","locations":[{"start":{"line":81,"column":27},"end":{"line":81,"column":44}},{"start":{"line":81,"column":48},"end":{"line":81,"column":63}}]},"15":{"line":82,"type":"binary-expr","locations":[{"start":{"line":82,"column":26},"end":{"line":82,"column":42}},{"start":{"line":82,"column":46},"end":{"line":82,"column":60}}]},"16":{"line":100,"type":"if","locations":[{"start":{"line":100,"column":10},"end":{"line":100,"column":10}},{"start":{"line":100,"column":10},"end":{"line":100,"column":10}}]},"17":{"line":100,"type":"binary-expr","locations":[{"start":{"line":100,"column":14},"end":{"line":100,"column":40}},{"start":{"line":100,"column":44},"end":{"line":100,"column":60}}]},"18":{"line":104,"type":"if","locations":[{"start":{"line":104,"column":10},"end":{"line":104,"column":10}},{"start":{"line":104,"column":10},"end":{"line":104,"column":10}}]},"19":{"line":111,"type":"if","locations":[{"start":{"line":111,"column":6},"end":{"line":111,"column":6}},{"start":{"line":111,"column":6},"end":{"line":111,"column":6}}]},"20":{"line":133,"type":"if","locations":[{"start":{"line":133,"column":10},"end":{"line":133,"column":10}},{"start":{"line":133,"column":10},"end":{"line":133,"column":10}}]},"21":{"line":142,"type":"if","locations":[{"start":{"line":142,"column":10},"end":{"line":142,"column":10}},{"start":{"line":142,"column":10},"end":{"line":142,"column":10}}]},"22":{"line":142,"type":"binary-expr","locations":[{"start":{"line":142,"column":14},"end":{"line":142,"column":41}},{"start":{"line":142,"column":45},"end":{"line":142,"column":62}}]},"23":{"line":146,"type":"if","locations":[{"start":{"line":146,"column":10},"end":{"line":146,"column":10}},{"start":{"line":146,"column":10},"end":{"line":146,"column":10}}]},"24":{"line":152,"type":"if","locations":[{"start":{"line":152,"column":6},"end":{"line":152,"column":6}},{"start":{"line":152,"column":6},"end":{"line":152,"column":6}}]},"25":{"line":174,"type":"if","locations":[{"start":{"line":174,"column":10},"end":{"line":174,"column":10}},{"start":{"line":174,"column":10},"end":{"line":174,"column":10}}]},"26":{"line":183,"type":"if","locations":[{"start":{"line":183,"column":10},"end":{"line":183,"column":10}},{"start":{"line":183,"column":10},"end":{"line":183,"column":10}}]},"27":{"line":183,"type":"binary-expr","locations":[{"start":{"line":183,"column":14},"end":{"line":183,"column":41}},{"start":{"line":183,"column":45},"end":{"line":183,"column":62}}]},"28":{"line":187,"type":"if","locations":[{"start":{"line":187,"column":10},"end":{"line":187,"column":10}},{"start":{"line":187,"column":10},"end":{"line":187,"column":10}}]},"29":{"line":193,"type":"if","locations":[{"start":{"line":193,"column":6},"end":{"line":193,"column":6}},{"start":{"line":193,"column":6},"end":{"line":193,"column":6}}]},"30":{"line":204,"type":"if","locations":[{"start":{"line":204,"column":6},"end":{"line":204,"column":6}},{"start":{"line":204,"column":6},"end":{"line":204,"column":6}}]},"31":{"line":225,"type":"if","locations":[{"start":{"line":225,"column":10},"end":{"line":225,"column":10}},{"start":{"line":225,"column":10},"end":{"line":225,"column":10}}]},"32":{"line":235,"type":"if","locations":[{"start":{"line":235,"column":10},"end":{"line":235,"column":10}},{"start":{"line":235,"column":10},"end":{"line":235,"column":10}}]},"33":{"line":235,"type":"binary-expr","locations":[{"start":{"line":235,"column":14},"end":{"line":235,"column":41}},{"start":{"line":235,"column":45},"end":{"line":235,"column":62}}]},"34":{"line":239,"type":"if","locations":[{"start":{"line":239,"column":10},"end":{"line":239,"column":10}},{"start":{"line":239,"column":10},"end":{"line":239,"column":10}}]},"35":{"line":262,"type":"if","locations":[{"start":{"line":262,"column":10},"end":{"line":262,"column":10}},{"start":{"line":262,"column":10},"end":{"line":262,"column":10}}]},"36":{"line":273,"type":"if","locations":[{"start":{"line":273,"column":10},"end":{"line":273,"column":10}},{"start":{"line":273,"column":10},"end":{"line":273,"column":10}}]},"37":{"line":273,"type":"binary-expr","locations":[{"start":{"line":273,"column":14},"end":{"line":273,"column":41}},{"start":{"line":273,"column":45},"end":{"line":273,"column":62}}]},"38":{"line":277,"type":"if","locations":[{"start":{"line":277,"column":10},"end":{"line":277,"column":10}},{"start":{"line":277,"column":10},"end":{"line":277,"column":10}}]}}}}