{"C:\\Users\\TUTU GODFREY\\Desktop\\EventManager\\server\\trans\\app.js":{"path":"C:\\Users\\TUTU GODFREY\\Desktop\\EventManager\\server\\trans\\app.js","s":{"1":1,"2":1,"3":1,"4":1,"5":1,"6":1,"7":1,"8":1,"9":1,"10":1,"11":1,"12":1,"13":1,"14":1,"15":0,"16":1,"17":1,"18":1,"19":1,"20":1,"21":1,"22":1,"23":1,"24":1,"25":1,"26":1,"27":1,"28":5,"29":1,"30":1,"31":0,"32":1,"33":1,"34":1,"35":1,"36":1,"37":1,"38":1,"39":1,"40":1,"41":1,"42":0,"43":0,"44":0,"45":0,"46":0,"47":0,"48":0,"49":1,"50":1},"b":{"1":[1,1],"2":[1,0],"3":[1,0],"4":[0,1],"5":[1,4],"6":[5,5],"7":[0,1]},"f":{"1":1,"2":1,"3":1,"4":5,"5":1,"6":1,"7":1,"8":0,"9":0},"fnMap":{"1":{"name":"(anonymous_1)","line":7,"loc":{"start":{"line":7,"column":19},"end":{"line":7,"column":31}}},"2":{"name":"defineProperties","line":7,"loc":{"start":{"line":7,"column":33},"end":{"line":7,"column":74}}},"3":{"name":"(anonymous_3)","line":7,"loc":{"start":{"line":7,"column":357},"end":{"line":7,"column":405}}},"4":{"name":"_interopRequireDefault","line":30,"loc":{"start":{"line":30,"column":0},"end":{"line":30,"column":37}}},"5":{"name":"_classCallCheck","line":32,"loc":{"start":{"line":32,"column":0},"end":{"line":32,"column":48}}},"6":{"name":"(anonymous_6)","line":38,"loc":{"start":{"line":38,"column":13},"end":{"line":38,"column":25}}},"7":{"name":"Server","line":39,"loc":{"start":{"line":39,"column":2},"end":{"line":39,"column":20}}},"8":{"name":"expressServer","line":52,"loc":{"start":{"line":52,"column":11},"end":{"line":52,"column":36}}},"9":{"name":"(anonymous_9)","line":58,"loc":{"start":{"line":58,"column":24},"end":{"line":58,"column":44}}}},"statementMap":{"1":{"start":{"line":3,"column":0},"end":{"line":5,"column":3}},"2":{"start":{"line":7,"column":0},"end":{"line":7,"column":564}},"3":{"start":{"line":7,"column":33},"end":{"line":7,"column":349}},"4":{"start":{"line":7,"column":76},"end":{"line":7,"column":347}},"5":{"start":{"line":7,"column":117},"end":{"line":7,"column":143}},"6":{"start":{"line":7,"column":144},"end":{"line":7,"column":199}},"7":{"start":{"line":7,"column":200},"end":{"line":7,"column":231}},"8":{"start":{"line":7,"column":232},"end":{"line":7,"column":286}},"9":{"start":{"line":7,"column":259},"end":{"line":7,"column":286}},"10":{"start":{"line":7,"column":287},"end":{"line":7,"column":345}},"11":{"start":{"line":7,"column":350},"end":{"line":7,"column":559}},"12":{"start":{"line":7,"column":407},"end":{"line":7,"column":475}},"13":{"start":{"line":7,"column":423},"end":{"line":7,"column":475}},"14":{"start":{"line":7,"column":476},"end":{"line":7,"column":536}},"15":{"start":{"line":7,"column":493},"end":{"line":7,"column":536}},"16":{"start":{"line":7,"column":537},"end":{"line":7,"column":556}},"17":{"start":{"line":10,"column":0},"end":{"line":10,"column":28}},"18":{"start":{"line":12,"column":0},"end":{"line":12,"column":43}},"19":{"start":{"line":14,"column":0},"end":{"line":14,"column":34}},"20":{"start":{"line":16,"column":0},"end":{"line":16,"column":49}},"21":{"start":{"line":18,"column":0},"end":{"line":18,"column":41}},"22":{"start":{"line":20,"column":0},"end":{"line":20,"column":55}},"23":{"start":{"line":22,"column":0},"end":{"line":22,"column":32}},"24":{"start":{"line":24,"column":0},"end":{"line":24,"column":47}},"25":{"start":{"line":26,"column":0},"end":{"line":26,"column":39}},"26":{"start":{"line":28,"column":0},"end":{"line":28,"column":45}},"27":{"start":{"line":30,"column":0},"end":{"line":30,"column":95}},"28":{"start":{"line":30,"column":39},"end":{"line":30,"column":93}},"29":{"start":{"line":32,"column":0},"end":{"line":32,"column":153}},"30":{"start":{"line":32,"column":50},"end":{"line":32,"column":151}},"31":{"start":{"line":32,"column":92},"end":{"line":32,"column":149}},"32":{"start":{"line":34,"column":0},"end":{"line":34,"column":34}},"33":{"start":{"line":38,"column":0},"end":{"line":70,"column":4}},"34":{"start":{"line":39,"column":2},"end":{"line":48,"column":3}},"35":{"start":{"line":40,"column":4},"end":{"line":40,"column":34}},"36":{"start":{"line":42,"column":4},"end":{"line":42,"column":31}},"37":{"start":{"line":43,"column":4},"end":{"line":43,"column":37}},"38":{"start":{"line":44,"column":4},"end":{"line":44,"column":43}},"39":{"start":{"line":46,"column":4},"end":{"line":46,"column":35}},"40":{"start":{"line":47,"column":4},"end":{"line":47,"column":23}},"41":{"start":{"line":50,"column":2},"end":{"line":67,"column":6}},"42":{"start":{"line":53,"column":6},"end":{"line":53,"column":32}},"43":{"start":{"line":54,"column":6},"end":{"line":54,"column":68}},"44":{"start":{"line":55,"column":6},"end":{"line":55,"column":43}},"45":{"start":{"line":58,"column":6},"end":{"line":62,"column":9}},"46":{"start":{"line":59,"column":8},"end":{"line":61,"column":11}},"47":{"start":{"line":64,"column":6},"end":{"line":64,"column":34}},"48":{"start":{"line":65,"column":6},"end":{"line":65,"column":22}},"49":{"start":{"line":69,"column":2},"end":{"line":69,"column":16}},"50":{"start":{"line":77,"column":0},"end":{"line":77,"column":25}}},"branchMap":{"1":{"line":7,"type":"binary-expr","locations":[{"start":{"line":7,"column":168},"end":{"line":7,"column":189}},{"start":{"line":7,"column":193},"end":{"line":7,"column":198}}]},"2":{"line":7,"type":"if","locations":[{"start":{"line":7,"column":232},"end":{"line":7,"column":232}},{"start":{"line":7,"column":232},"end":{"line":7,"column":232}}]},"3":{"line":7,"type":"if","locations":[{"start":{"line":7,"column":407},"end":{"line":7,"column":407}},{"start":{"line":7,"column":407},"end":{"line":7,"column":407}}]},"4":{"line":7,"type":"if","locations":[{"start":{"line":7,"column":476},"end":{"line":7,"column":476}},{"start":{"line":7,"column":476},"end":{"line":7,"column":476}}]},"5":{"line":30,"type":"cond-expr","locations":[{"start":{"line":30,"column":70},"end":{"line":30,"column":73}},{"start":{"line":30,"column":76},"end":{"line":30,"column":92}}]},"6":{"line":30,"type":"binary-expr","locations":[{"start":{"line":30,"column":46},"end":{"line":30,"column":49}},{"start":{"line":30,"column":53},"end":{"line":30,"column":67}}]},"7":{"line":32,"type":"if","locations":[{"start":{"line":32,"column":50},"end":{"line":32,"column":50}},{"start":{"line":32,"column":50},"end":{"line":32,"column":50}}]}}},"C:\\Users\\TUTU GODFREY\\Desktop\\EventManager\\server\\trans\\routes\\index.js":{"path":"C:\\Users\\TUTU GODFREY\\Desktop\\EventManager\\server\\trans\\routes\\index.js","s":{"1":1,"2":1,"3":1,"4":1,"5":1,"6":1,"7":1,"8":1,"9":1,"10":1,"11":1,"12":1,"13":1,"14":1,"15":0,"16":1,"17":1,"18":1,"19":1,"20":1,"21":1,"22":1,"23":1,"24":3,"25":1,"26":1,"27":0,"28":1,"29":1,"30":1,"31":1,"32":1,"33":1,"34":0,"35":0,"36":0,"37":0,"38":0,"39":0,"40":0,"41":0,"42":0,"43":0,"44":1,"45":1},"b":{"1":[1,1],"2":[1,0],"3":[1,0],"4":[0,1],"5":[2,1],"6":[3,3],"7":[0,1]},"f":{"1":1,"2":1,"3":1,"4":3,"5":1,"6":1,"7":1,"8":0,"9":0},"fnMap":{"1":{"name":"(anonymous_1)","line":7,"loc":{"start":{"line":7,"column":19},"end":{"line":7,"column":31}}},"2":{"name":"defineProperties","line":7,"loc":{"start":{"line":7,"column":33},"end":{"line":7,"column":74}}},"3":{"name":"(anonymous_3)","line":7,"loc":{"start":{"line":7,"column":357},"end":{"line":7,"column":405}}},"4":{"name":"_interopRequireDefault","line":23,"loc":{"start":{"line":23,"column":0},"end":{"line":23,"column":37}}},"5":{"name":"_classCallCheck","line":25,"loc":{"start":{"line":25,"column":0},"end":{"line":25,"column":48}}},"6":{"name":"(anonymous_6)","line":30,"loc":{"start":{"line":30,"column":13},"end":{"line":30,"column":25}}},"7":{"name":"Routes","line":31,"loc":{"start":{"line":31,"column":2},"end":{"line":31,"column":20}}},"8":{"name":"routes","line":37,"loc":{"start":{"line":37,"column":11},"end":{"line":37,"column":32}}},"9":{"name":"(anonymous_9)","line":38,"loc":{"start":{"line":38,"column":19},"end":{"line":38,"column":39}}}},"statementMap":{"1":{"start":{"line":3,"column":0},"end":{"line":5,"column":3}},"2":{"start":{"line":7,"column":0},"end":{"line":7,"column":564}},"3":{"start":{"line":7,"column":33},"end":{"line":7,"column":349}},"4":{"start":{"line":7,"column":76},"end":{"line":7,"column":347}},"5":{"start":{"line":7,"column":117},"end":{"line":7,"column":143}},"6":{"start":{"line":7,"column":144},"end":{"line":7,"column":199}},"7":{"start":{"line":7,"column":200},"end":{"line":7,"column":231}},"8":{"start":{"line":7,"column":232},"end":{"line":7,"column":286}},"9":{"start":{"line":7,"column":259},"end":{"line":7,"column":286}},"10":{"start":{"line":7,"column":287},"end":{"line":7,"column":345}},"11":{"start":{"line":7,"column":350},"end":{"line":7,"column":559}},"12":{"start":{"line":7,"column":407},"end":{"line":7,"column":475}},"13":{"start":{"line":7,"column":423},"end":{"line":7,"column":475}},"14":{"start":{"line":7,"column":476},"end":{"line":7,"column":536}},"15":{"start":{"line":7,"column":493},"end":{"line":7,"column":536}},"16":{"start":{"line":7,"column":537},"end":{"line":7,"column":556}},"17":{"start":{"line":11,"column":0},"end":{"line":11,"column":34}},"18":{"start":{"line":13,"column":0},"end":{"line":13,"column":49}},"19":{"start":{"line":15,"column":0},"end":{"line":15,"column":79}},"20":{"start":{"line":17,"column":0},"end":{"line":17,"column":77}},"21":{"start":{"line":19,"column":0},"end":{"line":19,"column":67}},"22":{"start":{"line":21,"column":0},"end":{"line":21,"column":65}},"23":{"start":{"line":23,"column":0},"end":{"line":23,"column":95}},"24":{"start":{"line":23,"column":39},"end":{"line":23,"column":93}},"25":{"start":{"line":25,"column":0},"end":{"line":25,"column":153}},"26":{"start":{"line":25,"column":50},"end":{"line":25,"column":151}},"27":{"start":{"line":25,"column":92},"end":{"line":25,"column":149}},"28":{"start":{"line":27,"column":0},"end":{"line":27,"column":56}},"29":{"start":{"line":28,"column":0},"end":{"line":28,"column":45}},"30":{"start":{"line":30,"column":0},"end":{"line":57,"column":4}},"31":{"start":{"line":31,"column":2},"end":{"line":33,"column":3}},"32":{"start":{"line":32,"column":4},"end":{"line":32,"column":34}},"33":{"start":{"line":35,"column":2},"end":{"line":54,"column":6}},"34":{"start":{"line":38,"column":6},"end":{"line":40,"column":9}},"35":{"start":{"line":39,"column":8},"end":{"line":39,"column":55}},"36":{"start":{"line":43,"column":6},"end":{"line":43,"column":59}},"37":{"start":{"line":44,"column":6},"end":{"line":44,"column":59}},"38":{"start":{"line":45,"column":6},"end":{"line":45,"column":68}},"39":{"start":{"line":46,"column":6},"end":{"line":46,"column":71}},"40":{"start":{"line":49,"column":6},"end":{"line":49,"column":47}},"41":{"start":{"line":50,"column":6},"end":{"line":50,"column":58}},"42":{"start":{"line":51,"column":6},"end":{"line":51,"column":61}},"43":{"start":{"line":52,"column":6},"end":{"line":52,"column":56}},"44":{"start":{"line":56,"column":2},"end":{"line":56,"column":16}},"45":{"start":{"line":59,"column":0},"end":{"line":59,"column":25}}},"branchMap":{"1":{"line":7,"type":"binary-expr","locations":[{"start":{"line":7,"column":168},"end":{"line":7,"column":189}},{"start":{"line":7,"column":193},"end":{"line":7,"column":198}}]},"2":{"line":7,"type":"if","locations":[{"start":{"line":7,"column":232},"end":{"line":7,"column":232}},{"start":{"line":7,"column":232},"end":{"line":7,"column":232}}]},"3":{"line":7,"type":"if","locations":[{"start":{"line":7,"column":407},"end":{"line":7,"column":407}},{"start":{"line":7,"column":407},"end":{"line":7,"column":407}}]},"4":{"line":7,"type":"if","locations":[{"start":{"line":7,"column":476},"end":{"line":7,"column":476}},{"start":{"line":7,"column":476},"end":{"line":7,"column":476}}]},"5":{"line":23,"type":"cond-expr","locations":[{"start":{"line":23,"column":70},"end":{"line":23,"column":73}},{"start":{"line":23,"column":76},"end":{"line":23,"column":92}}]},"6":{"line":23,"type":"binary-expr","locations":[{"start":{"line":23,"column":46},"end":{"line":23,"column":49}},{"start":{"line":23,"column":53},"end":{"line":23,"column":67}}]},"7":{"line":25,"type":"if","locations":[{"start":{"line":25,"column":50},"end":{"line":25,"column":50}},{"start":{"line":25,"column":50},"end":{"line":25,"column":50}}]}}},"C:\\Users\\TUTU GODFREY\\Desktop\\EventManager\\server\\trans\\controllers\\eventCenterController.js":{"path":"C:\\Users\\TUTU GODFREY\\Desktop\\EventManager\\server\\trans\\controllers\\eventCenterController.js","s":{"1":1,"2":1,"3":1,"4":1,"5":4,"6":4,"7":4,"8":4,"9":4,"10":4,"11":1,"12":1,"13":1,"14":1,"15":0,"16":1,"17":1,"18":1,"19":1,"20":1,"21":1,"22":1,"23":1,"24":3,"25":1,"26":1,"27":0,"28":1,"29":1,"30":1,"31":1,"32":1,"33":1,"34":0,"35":0,"36":0,"37":0,"38":0,"39":0,"40":0,"41":0,"42":0,"43":0,"44":0,"45":0,"46":0,"47":0,"48":0,"49":0,"50":0,"51":0,"52":0,"53":0,"54":0,"55":0,"56":0,"57":0,"58":0,"59":0,"60":0,"61":0,"62":0,"63":0,"64":0,"65":0,"66":0,"67":0,"68":0,"69":0,"70":0,"71":0,"72":0,"73":0,"74":0,"75":0,"76":0,"77":0,"78":0,"79":0,"80":0,"81":0,"82":0,"83":1,"84":1},"b":{"1":[4,4],"2":[4,0],"3":[1,0],"4":[0,1],"5":[3,0],"6":[3,3],"7":[0,1],"8":[0,0],"9":[0,0],"10":[0,0],"11":[0,0],"12":[0,0],"13":[0,0],"14":[0,0],"15":[0,0],"16":[0,0],"17":[0,0],"18":[0,0],"19":[0,0],"20":[0,0]},"f":{"1":1,"2":1,"3":1,"4":3,"5":1,"6":1,"7":1,"8":0,"9":0,"10":0,"11":0},"fnMap":{"1":{"name":"(anonymous_1)","line":7,"loc":{"start":{"line":7,"column":19},"end":{"line":7,"column":31}}},"2":{"name":"defineProperties","line":7,"loc":{"start":{"line":7,"column":33},"end":{"line":7,"column":74}}},"3":{"name":"(anonymous_3)","line":7,"loc":{"start":{"line":7,"column":357},"end":{"line":7,"column":405}}},"4":{"name":"_interopRequireDefault","line":21,"loc":{"start":{"line":21,"column":0},"end":{"line":21,"column":37}}},"5":{"name":"_classCallCheck","line":23,"loc":{"start":{"line":23,"column":0},"end":{"line":23,"column":48}}},"6":{"name":"(anonymous_6)","line":28,"loc":{"start":{"line":28,"column":28},"end":{"line":28,"column":40}}},"7":{"name":"EventCenterController","line":29,"loc":{"start":{"line":29,"column":2},"end":{"line":29,"column":35}}},"8":{"name":"addEventCenter","line":39,"loc":{"start":{"line":39,"column":11},"end":{"line":39,"column":45}}},"9":{"name":"getEventCenters","line":55,"loc":{"start":{"line":55,"column":11},"end":{"line":55,"column":46}}},"10":{"name":"getEventCenter","line":62,"loc":{"start":{"line":62,"column":11},"end":{"line":62,"column":45}}},"11":{"name":"updateEventCenter","line":96,"loc":{"start":{"line":96,"column":11},"end":{"line":96,"column":48}}}},"statementMap":{"1":{"start":{"line":3,"column":0},"end":{"line":5,"column":3}},"2":{"start":{"line":7,"column":0},"end":{"line":7,"column":564}},"3":{"start":{"line":7,"column":33},"end":{"line":7,"column":349}},"4":{"start":{"line":7,"column":76},"end":{"line":7,"column":347}},"5":{"start":{"line":7,"column":117},"end":{"line":7,"column":143}},"6":{"start":{"line":7,"column":144},"end":{"line":7,"column":199}},"7":{"start":{"line":7,"column":200},"end":{"line":7,"column":231}},"8":{"start":{"line":7,"column":232},"end":{"line":7,"column":286}},"9":{"start":{"line":7,"column":259},"end":{"line":7,"column":286}},"10":{"start":{"line":7,"column":287},"end":{"line":7,"column":345}},"11":{"start":{"line":7,"column":350},"end":{"line":7,"column":559}},"12":{"start":{"line":7,"column":407},"end":{"line":7,"column":475}},"13":{"start":{"line":7,"column":423},"end":{"line":7,"column":475}},"14":{"start":{"line":7,"column":476},"end":{"line":7,"column":536}},"15":{"start":{"line":7,"column":493},"end":{"line":7,"column":536}},"16":{"start":{"line":7,"column":537},"end":{"line":7,"column":556}},"17":{"start":{"line":9,"column":0},"end":{"line":9,"column":54}},"18":{"start":{"line":11,"column":0},"end":{"line":11,"column":57}},"19":{"start":{"line":13,"column":0},"end":{"line":13,"column":66}},"20":{"start":{"line":15,"column":0},"end":{"line":15,"column":69}},"21":{"start":{"line":17,"column":0},"end":{"line":17,"column":41}},"22":{"start":{"line":19,"column":0},"end":{"line":19,"column":45}},"23":{"start":{"line":21,"column":0},"end":{"line":21,"column":95}},"24":{"start":{"line":21,"column":39},"end":{"line":21,"column":93}},"25":{"start":{"line":23,"column":0},"end":{"line":23,"column":153}},"26":{"start":{"line":23,"column":50},"end":{"line":23,"column":151}},"27":{"start":{"line":23,"column":92},"end":{"line":23,"column":149}},"28":{"start":{"line":26,"column":0},"end":{"line":26,"column":35}},"29":{"start":{"line":28,"column":0},"end":{"line":147,"column":4}},"30":{"start":{"line":29,"column":2},"end":{"line":33,"column":3}},"31":{"start":{"line":30,"column":4},"end":{"line":30,"column":49}},"32":{"start":{"line":32,"column":4},"end":{"line":32,"column":52}},"33":{"start":{"line":37,"column":2},"end":{"line":144,"column":6}},"34":{"start":{"line":40,"column":6},"end":{"line":40,"column":57}},"35":{"start":{"line":41,"column":6},"end":{"line":47,"column":8}},"36":{"start":{"line":48,"column":6},"end":{"line":48,"column":55}},"37":{"start":{"line":49,"column":6},"end":{"line":49,"column":43}},"38":{"start":{"line":56,"column":6},"end":{"line":56,"column":56}},"39":{"start":{"line":63,"column":6},"end":{"line":63,"column":51}},"40":{"start":{"line":64,"column":6},"end":{"line":64,"column":84}},"41":{"start":{"line":65,"column":6},"end":{"line":65,"column":43}},"42":{"start":{"line":66,"column":6},"end":{"line":66,"column":36}},"43":{"start":{"line":67,"column":6},"end":{"line":67,"column":37}},"44":{"start":{"line":69,"column":6},"end":{"line":92,"column":7}},"45":{"start":{"line":70,"column":8},"end":{"line":78,"column":9}},"46":{"start":{"line":71,"column":10},"end":{"line":71,"column":40}},"47":{"start":{"line":73,"column":10},"end":{"line":77,"column":11}},"48":{"start":{"line":74,"column":12},"end":{"line":74,"column":46}},"49":{"start":{"line":76,"column":12},"end":{"line":76,"column":53}},"50":{"start":{"line":80,"column":8},"end":{"line":80,"column":33}},"51":{"start":{"line":81,"column":8},"end":{"line":81,"column":29}},"52":{"start":{"line":83,"column":8},"end":{"line":91,"column":9}},"53":{"start":{"line":84,"column":10},"end":{"line":86,"column":11}},"54":{"start":{"line":85,"column":12},"end":{"line":85,"column":31}},"55":{"start":{"line":88,"column":10},"end":{"line":90,"column":11}},"56":{"start":{"line":89,"column":12},"end":{"line":89,"column":33}},"57":{"start":{"line":97,"column":6},"end":{"line":97,"column":51}},"58":{"start":{"line":98,"column":6},"end":{"line":98,"column":84}},"59":{"start":{"line":99,"column":6},"end":{"line":99,"column":34}},"60":{"start":{"line":100,"column":6},"end":{"line":100,"column":44}},"61":{"start":{"line":101,"column":6},"end":{"line":101,"column":37}},"62":{"start":{"line":102,"column":6},"end":{"line":102,"column":38}},"63":{"start":{"line":104,"column":6},"end":{"line":135,"column":7}},"64":{"start":{"line":105,"column":8},"end":{"line":121,"column":9}},"65":{"start":{"line":106,"column":10},"end":{"line":106,"column":41}},"66":{"start":{"line":108,"column":10},"end":{"line":120,"column":11}},"67":{"start":{"line":109,"column":12},"end":{"line":109,"column":76}},"68":{"start":{"line":110,"column":12},"end":{"line":110,"column":70}},"69":{"start":{"line":111,"column":12},"end":{"line":111,"column":76}},"70":{"start":{"line":112,"column":12},"end":{"line":112,"column":58}},"71":{"start":{"line":113,"column":12},"end":{"line":119,"column":14}},"72":{"start":{"line":123,"column":8},"end":{"line":123,"column":34}},"73":{"start":{"line":124,"column":8},"end":{"line":124,"column":30}},"74":{"start":{"line":126,"column":8},"end":{"line":134,"column":9}},"75":{"start":{"line":127,"column":10},"end":{"line":129,"column":11}},"76":{"start":{"line":128,"column":12},"end":{"line":128,"column":32}},"77":{"start":{"line":131,"column":10},"end":{"line":133,"column":11}},"78":{"start":{"line":132,"column":12},"end":{"line":132,"column":34}},"79":{"start":{"line":137,"column":6},"end":{"line":137,"column":47}},"80":{"start":{"line":138,"column":6},"end":{"line":142,"column":7}},"81":{"start":{"line":139,"column":8},"end":{"line":139,"column":45}},"82":{"start":{"line":141,"column":8},"end":{"line":141,"column":42}},"83":{"start":{"line":146,"column":2},"end":{"line":146,"column":31}},"84":{"start":{"line":148,"column":0},"end":{"line":148,"column":40}}},"branchMap":{"1":{"line":7,"type":"binary-expr","locations":[{"start":{"line":7,"column":168},"end":{"line":7,"column":189}},{"start":{"line":7,"column":193},"end":{"line":7,"column":198}}]},"2":{"line":7,"type":"if","locations":[{"start":{"line":7,"column":232},"end":{"line":7,"column":232}},{"start":{"line":7,"column":232},"end":{"line":7,"column":232}}]},"3":{"line":7,"type":"if","locations":[{"start":{"line":7,"column":407},"end":{"line":7,"column":407}},{"start":{"line":7,"column":407},"end":{"line":7,"column":407}}]},"4":{"line":7,"type":"if","locations":[{"start":{"line":7,"column":476},"end":{"line":7,"column":476}},{"start":{"line":7,"column":476},"end":{"line":7,"column":476}}]},"5":{"line":21,"type":"cond-expr","locations":[{"start":{"line":21,"column":70},"end":{"line":21,"column":73}},{"start":{"line":21,"column":76},"end":{"line":21,"column":92}}]},"6":{"line":21,"type":"binary-expr","locations":[{"start":{"line":21,"column":46},"end":{"line":21,"column":49}},{"start":{"line":21,"column":53},"end":{"line":21,"column":67}}]},"7":{"line":23,"type":"if","locations":[{"start":{"line":23,"column":50},"end":{"line":23,"column":50}},{"start":{"line":23,"column":50},"end":{"line":23,"column":50}}]},"8":{"line":73,"type":"if","locations":[{"start":{"line":73,"column":10},"end":{"line":73,"column":10}},{"start":{"line":73,"column":10},"end":{"line":73,"column":10}}]},"9":{"line":84,"type":"if","locations":[{"start":{"line":84,"column":10},"end":{"line":84,"column":10}},{"start":{"line":84,"column":10},"end":{"line":84,"column":10}}]},"10":{"line":84,"type":"binary-expr","locations":[{"start":{"line":84,"column":14},"end":{"line":84,"column":40}},{"start":{"line":84,"column":44},"end":{"line":84,"column":60}}]},"11":{"line":88,"type":"if","locations":[{"start":{"line":88,"column":10},"end":{"line":88,"column":10}},{"start":{"line":88,"column":10},"end":{"line":88,"column":10}}]},"12":{"line":108,"type":"if","locations":[{"start":{"line":108,"column":10},"end":{"line":108,"column":10}},{"start":{"line":108,"column":10},"end":{"line":108,"column":10}}]},"13":{"line":109,"type":"binary-expr","locations":[{"start":{"line":109,"column":29},"end":{"line":109,"column":48}},{"start":{"line":109,"column":52},"end":{"line":109,"column":75}}]},"14":{"line":110,"type":"binary-expr","locations":[{"start":{"line":110,"column":27},"end":{"line":110,"column":44}},{"start":{"line":110,"column":48},"end":{"line":110,"column":69}}]},"15":{"line":111,"type":"binary-expr","locations":[{"start":{"line":111,"column":29},"end":{"line":111,"column":48}},{"start":{"line":111,"column":52},"end":{"line":111,"column":75}}]},"16":{"line":112,"type":"binary-expr","locations":[{"start":{"line":112,"column":23},"end":{"line":112,"column":36}},{"start":{"line":112,"column":40},"end":{"line":112,"column":57}}]},"17":{"line":127,"type":"if","locations":[{"start":{"line":127,"column":10},"end":{"line":127,"column":10}},{"start":{"line":127,"column":10},"end":{"line":127,"column":10}}]},"18":{"line":127,"type":"binary-expr","locations":[{"start":{"line":127,"column":14},"end":{"line":127,"column":41}},{"start":{"line":127,"column":45},"end":{"line":127,"column":62}}]},"19":{"line":131,"type":"if","locations":[{"start":{"line":131,"column":10},"end":{"line":131,"column":10}},{"start":{"line":131,"column":10},"end":{"line":131,"column":10}}]},"20":{"line":138,"type":"if","locations":[{"start":{"line":138,"column":6},"end":{"line":138,"column":6}},{"start":{"line":138,"column":6},"end":{"line":138,"column":6}}]}}},"C:\\Users\\TUTU GODFREY\\Desktop\\EventManager\\server\\trans\\models\\eventsModel.js":{"path":"C:\\Users\\TUTU GODFREY\\Desktop\\EventManager\\server\\trans\\models\\eventsModel.js","s":{"1":1,"2":1,"3":1},"b":{},"f":{},"fnMap":{},"statementMap":{"1":{"start":{"line":3,"column":0},"end":{"line":5,"column":3}},"2":{"start":{"line":8,"column":0},"end":{"line":17,"column":3}},"3":{"start":{"line":19,"column":0},"end":{"line":19,"column":25}}},"branchMap":{}},"C:\\Users\\TUTU GODFREY\\Desktop\\EventManager\\server\\trans\\models\\eventCentersModel.js":{"path":"C:\\Users\\TUTU GODFREY\\Desktop\\EventManager\\server\\trans\\models\\eventCentersModel.js","s":{"1":1,"2":1,"3":1},"b":{},"f":{},"fnMap":{},"statementMap":{"1":{"start":{"line":3,"column":0},"end":{"line":5,"column":3}},"2":{"start":{"line":8,"column":0},"end":{"line":20,"column":3}},"3":{"start":{"line":22,"column":0},"end":{"line":22,"column":31}}},"branchMap":{}},"C:\\Users\\TUTU GODFREY\\Desktop\\EventManager\\server\\trans\\funcs\\funcs.js":{"path":"C:\\Users\\TUTU GODFREY\\Desktop\\EventManager\\server\\trans\\funcs\\funcs.js","s":{"1":1,"2":1,"3":1,"4":1,"5":3,"6":3,"7":3,"8":3,"9":3,"10":3,"11":1,"12":1,"13":1,"14":1,"15":0,"16":1,"17":1,"18":2,"19":0,"20":1,"21":1,"22":2,"23":1,"24":0,"25":0,"26":0,"27":0,"28":0,"29":0,"30":0,"31":0,"32":0,"33":0,"34":0,"35":0,"36":0,"37":0,"38":0,"39":0,"40":0,"41":0,"42":0,"43":0,"44":0,"45":0,"46":0,"47":1,"48":1},"b":{"1":[3,3],"2":[3,0],"3":[1,0],"4":[0,1],"5":[0,2],"6":[0,0],"7":[0,0],"8":[0,0],"9":[0,0],"10":[0,0]},"f":{"1":1,"2":1,"3":1,"4":2,"5":1,"6":2,"7":0,"8":0,"9":0},"fnMap":{"1":{"name":"(anonymous_1)","line":7,"loc":{"start":{"line":7,"column":19},"end":{"line":7,"column":31}}},"2":{"name":"defineProperties","line":7,"loc":{"start":{"line":7,"column":33},"end":{"line":7,"column":74}}},"3":{"name":"(anonymous_3)","line":7,"loc":{"start":{"line":7,"column":357},"end":{"line":7,"column":405}}},"4":{"name":"_classCallCheck","line":9,"loc":{"start":{"line":9,"column":0},"end":{"line":9,"column":48}}},"5":{"name":"(anonymous_5)","line":14,"loc":{"start":{"line":14,"column":13},"end":{"line":14,"column":25}}},"6":{"name":"Functs","line":15,"loc":{"start":{"line":15,"column":2},"end":{"line":15,"column":20}}},"7":{"name":"getId","line":21,"loc":{"start":{"line":21,"column":11},"end":{"line":21,"column":37}}},"8":{"name":"verifyId","line":31,"loc":{"start":{"line":31,"column":11},"end":{"line":31,"column":56}}},"9":{"name":"getField","line":64,"loc":{"start":{"line":64,"column":11},"end":{"line":64,"column":50}}}},"statementMap":{"1":{"start":{"line":3,"column":0},"end":{"line":5,"column":3}},"2":{"start":{"line":7,"column":0},"end":{"line":7,"column":564}},"3":{"start":{"line":7,"column":33},"end":{"line":7,"column":349}},"4":{"start":{"line":7,"column":76},"end":{"line":7,"column":347}},"5":{"start":{"line":7,"column":117},"end":{"line":7,"column":143}},"6":{"start":{"line":7,"column":144},"end":{"line":7,"column":199}},"7":{"start":{"line":7,"column":200},"end":{"line":7,"column":231}},"8":{"start":{"line":7,"column":232},"end":{"line":7,"column":286}},"9":{"start":{"line":7,"column":259},"end":{"line":7,"column":286}},"10":{"start":{"line":7,"column":287},"end":{"line":7,"column":345}},"11":{"start":{"line":7,"column":350},"end":{"line":7,"column":559}},"12":{"start":{"line":7,"column":407},"end":{"line":7,"column":475}},"13":{"start":{"line":7,"column":423},"end":{"line":7,"column":475}},"14":{"start":{"line":7,"column":476},"end":{"line":7,"column":536}},"15":{"start":{"line":7,"column":493},"end":{"line":7,"column":536}},"16":{"start":{"line":7,"column":537},"end":{"line":7,"column":556}},"17":{"start":{"line":9,"column":0},"end":{"line":9,"column":153}},"18":{"start":{"line":9,"column":50},"end":{"line":9,"column":151}},"19":{"start":{"line":9,"column":92},"end":{"line":9,"column":149}},"20":{"start":{"line":14,"column":0},"end":{"line":73,"column":4}},"21":{"start":{"line":15,"column":2},"end":{"line":17,"column":3}},"22":{"start":{"line":16,"column":4},"end":{"line":16,"column":34}},"23":{"start":{"line":19,"column":2},"end":{"line":70,"column":6}},"24":{"start":{"line":22,"column":6},"end":{"line":22,"column":40}},"25":{"start":{"line":23,"column":6},"end":{"line":23,"column":52}},"26":{"start":{"line":24,"column":6},"end":{"line":24,"column":37}},"27":{"start":{"line":25,"column":6},"end":{"line":25,"column":23}},"28":{"start":{"line":32,"column":6},"end":{"line":32,"column":43}},"29":{"start":{"line":33,"column":6},"end":{"line":33,"column":36}},"30":{"start":{"line":34,"column":6},"end":{"line":34,"column":37}},"31":{"start":{"line":36,"column":6},"end":{"line":58,"column":7}},"32":{"start":{"line":37,"column":8},"end":{"line":44,"column":9}},"33":{"start":{"line":38,"column":10},"end":{"line":38,"column":42}},"34":{"start":{"line":40,"column":10},"end":{"line":42,"column":11}},"35":{"start":{"line":41,"column":12},"end":{"line":41,"column":45}},"36":{"start":{"line":43,"column":10},"end":{"line":43,"column":23}},"37":{"start":{"line":46,"column":8},"end":{"line":46,"column":33}},"38":{"start":{"line":47,"column":8},"end":{"line":47,"column":29}},"39":{"start":{"line":49,"column":8},"end":{"line":57,"column":9}},"40":{"start":{"line":50,"column":10},"end":{"line":52,"column":11}},"41":{"start":{"line":51,"column":12},"end":{"line":51,"column":31}},"42":{"start":{"line":54,"column":10},"end":{"line":56,"column":11}},"43":{"start":{"line":55,"column":12},"end":{"line":55,"column":33}},"44":{"start":{"line":65,"column":6},"end":{"line":67,"column":7}},"45":{"start":{"line":66,"column":8},"end":{"line":66,"column":35}},"46":{"start":{"line":68,"column":6},"end":{"line":68,"column":18}},"47":{"start":{"line":72,"column":2},"end":{"line":72,"column":16}},"48":{"start":{"line":75,"column":0},"end":{"line":75,"column":25}}},"branchMap":{"1":{"line":7,"type":"binary-expr","locations":[{"start":{"line":7,"column":168},"end":{"line":7,"column":189}},{"start":{"line":7,"column":193},"end":{"line":7,"column":198}}]},"2":{"line":7,"type":"if","locations":[{"start":{"line":7,"column":232},"end":{"line":7,"column":232}},{"start":{"line":7,"column":232},"end":{"line":7,"column":232}}]},"3":{"line":7,"type":"if","locations":[{"start":{"line":7,"column":407},"end":{"line":7,"column":407}},{"start":{"line":7,"column":407},"end":{"line":7,"column":407}}]},"4":{"line":7,"type":"if","locations":[{"start":{"line":7,"column":476},"end":{"line":7,"column":476}},{"start":{"line":7,"column":476},"end":{"line":7,"column":476}}]},"5":{"line":9,"type":"if","locations":[{"start":{"line":9,"column":50},"end":{"line":9,"column":50}},{"start":{"line":9,"column":50},"end":{"line":9,"column":50}}]},"6":{"line":40,"type":"if","locations":[{"start":{"line":40,"column":10},"end":{"line":40,"column":10}},{"start":{"line":40,"column":10},"end":{"line":40,"column":10}}]},"7":{"line":50,"type":"if","locations":[{"start":{"line":50,"column":10},"end":{"line":50,"column":10}},{"start":{"line":50,"column":10},"end":{"line":50,"column":10}}]},"8":{"line":50,"type":"binary-expr","locations":[{"start":{"line":50,"column":14},"end":{"line":50,"column":40}},{"start":{"line":50,"column":44},"end":{"line":50,"column":60}}]},"9":{"line":54,"type":"if","locations":[{"start":{"line":54,"column":10},"end":{"line":54,"column":10}},{"start":{"line":54,"column":10},"end":{"line":54,"column":10}}]},"10":{"line":65,"type":"if","locations":[{"start":{"line":65,"column":6},"end":{"line":65,"column":6}},{"start":{"line":65,"column":6},"end":{"line":65,"column":6}}]}}},"C:\\Users\\TUTU GODFREY\\Desktop\\EventManager\\server\\trans\\controllers\\eventController.js":{"path":"C:\\Users\\TUTU GODFREY\\Desktop\\EventManager\\server\\trans\\controllers\\eventController.js","s":{"1":1,"2":1,"3":1,"4":1,"5":4,"6":4,"7":4,"8":4,"9":4,"10":4,"11":1,"12":1,"13":1,"14":1,"15":0,"16":1,"17":1,"18":1,"19":1,"20":1,"21":1,"22":1,"23":1,"24":3,"25":1,"26":1,"27":0,"28":1,"29":1,"30":1,"31":1,"32":1,"33":1,"34":0,"35":0,"36":0,"37":0,"38":0,"39":0,"40":0,"41":0,"42":0,"43":0,"44":0,"45":0,"46":0,"47":0,"48":0,"49":0,"50":0,"51":0,"52":0,"53":0,"54":0,"55":0,"56":0,"57":0,"58":0,"59":0,"60":0,"61":0,"62":0,"63":0,"64":0,"65":0,"66":0,"67":0,"68":0,"69":0,"70":0,"71":0,"72":0,"73":0,"74":0,"75":0,"76":0,"77":0,"78":0,"79":0,"80":0,"81":0,"82":0,"83":0,"84":0,"85":0,"86":0,"87":0,"88":0,"89":0,"90":0,"91":0,"92":0,"93":0,"94":0,"95":0,"96":0,"97":0,"98":0,"99":0,"100":0,"101":0,"102":0,"103":0,"104":0,"105":0,"106":0,"107":0,"108":0,"109":0,"110":1,"111":1},"b":{"1":[4,4],"2":[4,0],"3":[1,0],"4":[0,1],"5":[3,0],"6":[3,3],"7":[0,1],"8":[0,0],"9":[0,0],"10":[0,0],"11":[0,0],"12":[0,0],"13":[0,0],"14":[0,0],"15":[0,0],"16":[0,0],"17":[0,0],"18":[0,0],"19":[0,0],"20":[0,0],"21":[0,0],"22":[0,0],"23":[0,0],"24":[0,0],"25":[0,0],"26":[0,0],"27":[0,0],"28":[0,0],"29":[0,0]},"f":{"1":1,"2":1,"3":1,"4":3,"5":1,"6":1,"7":1,"8":0,"9":0,"10":0,"11":0},"fnMap":{"1":{"name":"(anonymous_1)","line":7,"loc":{"start":{"line":7,"column":19},"end":{"line":7,"column":31}}},"2":{"name":"defineProperties","line":7,"loc":{"start":{"line":7,"column":33},"end":{"line":7,"column":74}}},"3":{"name":"(anonymous_3)","line":7,"loc":{"start":{"line":7,"column":357},"end":{"line":7,"column":405}}},"4":{"name":"_interopRequireDefault","line":21,"loc":{"start":{"line":21,"column":0},"end":{"line":21,"column":37}}},"5":{"name":"_classCallCheck","line":23,"loc":{"start":{"line":23,"column":0},"end":{"line":23,"column":48}}},"6":{"name":"(anonymous_6)","line":28,"loc":{"start":{"line":28,"column":23},"end":{"line":28,"column":35}}},"7":{"name":"EventsController","line":29,"loc":{"start":{"line":29,"column":2},"end":{"line":29,"column":30}}},"8":{"name":"addEvent","line":40,"loc":{"start":{"line":40,"column":11},"end":{"line":40,"column":39}}},"9":{"name":"updateEvent","line":60,"loc":{"start":{"line":60,"column":11},"end":{"line":60,"column":42}}},"10":{"name":"getEvents","line":120,"loc":{"start":{"line":120,"column":11},"end":{"line":120,"column":40}}},"11":{"name":"deleteEvent","line":161,"loc":{"start":{"line":161,"column":11},"end":{"line":161,"column":42}}}},"statementMap":{"1":{"start":{"line":3,"column":0},"end":{"line":5,"column":3}},"2":{"start":{"line":7,"column":0},"end":{"line":7,"column":564}},"3":{"start":{"line":7,"column":33},"end":{"line":7,"column":349}},"4":{"start":{"line":7,"column":76},"end":{"line":7,"column":347}},"5":{"start":{"line":7,"column":117},"end":{"line":7,"column":143}},"6":{"start":{"line":7,"column":144},"end":{"line":7,"column":199}},"7":{"start":{"line":7,"column":200},"end":{"line":7,"column":231}},"8":{"start":{"line":7,"column":232},"end":{"line":7,"column":286}},"9":{"start":{"line":7,"column":259},"end":{"line":7,"column":286}},"10":{"start":{"line":7,"column":287},"end":{"line":7,"column":345}},"11":{"start":{"line":7,"column":350},"end":{"line":7,"column":559}},"12":{"start":{"line":7,"column":407},"end":{"line":7,"column":475}},"13":{"start":{"line":7,"column":423},"end":{"line":7,"column":475}},"14":{"start":{"line":7,"column":476},"end":{"line":7,"column":536}},"15":{"start":{"line":7,"column":493},"end":{"line":7,"column":536}},"16":{"start":{"line":7,"column":537},"end":{"line":7,"column":556}},"17":{"start":{"line":9,"column":0},"end":{"line":9,"column":54}},"18":{"start":{"line":11,"column":0},"end":{"line":11,"column":57}},"19":{"start":{"line":13,"column":0},"end":{"line":13,"column":66}},"20":{"start":{"line":15,"column":0},"end":{"line":15,"column":69}},"21":{"start":{"line":17,"column":0},"end":{"line":17,"column":41}},"22":{"start":{"line":19,"column":0},"end":{"line":19,"column":45}},"23":{"start":{"line":21,"column":0},"end":{"line":21,"column":95}},"24":{"start":{"line":21,"column":39},"end":{"line":21,"column":93}},"25":{"start":{"line":23,"column":0},"end":{"line":23,"column":153}},"26":{"start":{"line":23,"column":50},"end":{"line":23,"column":151}},"27":{"start":{"line":23,"column":92},"end":{"line":23,"column":149}},"28":{"start":{"line":26,"column":0},"end":{"line":26,"column":35}},"29":{"start":{"line":28,"column":0},"end":{"line":202,"column":4}},"30":{"start":{"line":29,"column":2},"end":{"line":33,"column":3}},"31":{"start":{"line":30,"column":4},"end":{"line":30,"column":44}},"32":{"start":{"line":32,"column":4},"end":{"line":32,"column":40}},"33":{"start":{"line":38,"column":2},"end":{"line":199,"column":6}},"34":{"start":{"line":41,"column":6},"end":{"line":41,"column":51}},"35":{"start":{"line":42,"column":6},"end":{"line":51,"column":8}},"36":{"start":{"line":52,"column":6},"end":{"line":52,"column":43}},"37":{"start":{"line":53,"column":6},"end":{"line":53,"column":37}},"38":{"start":{"line":61,"column":6},"end":{"line":61,"column":49}},"39":{"start":{"line":62,"column":6},"end":{"line":62,"column":71}},"40":{"start":{"line":63,"column":6},"end":{"line":63,"column":28}},"41":{"start":{"line":64,"column":6},"end":{"line":64,"column":43}},"42":{"start":{"line":65,"column":6},"end":{"line":65,"column":36}},"43":{"start":{"line":66,"column":6},"end":{"line":66,"column":37}},"44":{"start":{"line":68,"column":6},"end":{"line":106,"column":7}},"45":{"start":{"line":69,"column":8},"end":{"line":92,"column":9}},"46":{"start":{"line":70,"column":10},"end":{"line":70,"column":34}},"47":{"start":{"line":72,"column":10},"end":{"line":91,"column":11}},"48":{"start":{"line":73,"column":12},"end":{"line":73,"column":29}},"49":{"start":{"line":74,"column":12},"end":{"line":74,"column":68}},"50":{"start":{"line":75,"column":12},"end":{"line":75,"column":64}},"51":{"start":{"line":76,"column":12},"end":{"line":76,"column":70}},"52":{"start":{"line":77,"column":12},"end":{"line":77,"column":73}},"53":{"start":{"line":78,"column":12},"end":{"line":78,"column":73}},"54":{"start":{"line":79,"column":12},"end":{"line":79,"column":64}},"55":{"start":{"line":80,"column":12},"end":{"line":80,"column":61}},"56":{"start":{"line":81,"column":12},"end":{"line":90,"column":14}},"57":{"start":{"line":94,"column":8},"end":{"line":94,"column":33}},"58":{"start":{"line":95,"column":8},"end":{"line":95,"column":29}},"59":{"start":{"line":97,"column":8},"end":{"line":105,"column":9}},"60":{"start":{"line":98,"column":10},"end":{"line":100,"column":11}},"61":{"start":{"line":99,"column":12},"end":{"line":99,"column":31}},"62":{"start":{"line":102,"column":10},"end":{"line":104,"column":11}},"63":{"start":{"line":103,"column":12},"end":{"line":103,"column":33}},"64":{"start":{"line":108,"column":6},"end":{"line":108,"column":61}},"65":{"start":{"line":109,"column":6},"end":{"line":113,"column":7}},"66":{"start":{"line":110,"column":8},"end":{"line":110,"column":39}},"67":{"start":{"line":112,"column":8},"end":{"line":112,"column":59}},"68":{"start":{"line":121,"column":6},"end":{"line":121,"column":39}},"69":{"start":{"line":122,"column":6},"end":{"line":122,"column":30}},"70":{"start":{"line":123,"column":6},"end":{"line":123,"column":44}},"71":{"start":{"line":124,"column":6},"end":{"line":124,"column":37}},"72":{"start":{"line":125,"column":6},"end":{"line":125,"column":38}},"73":{"start":{"line":127,"column":6},"end":{"line":148,"column":7}},"74":{"start":{"line":128,"column":8},"end":{"line":134,"column":9}},"75":{"start":{"line":129,"column":10},"end":{"line":129,"column":35}},"76":{"start":{"line":131,"column":10},"end":{"line":133,"column":11}},"77":{"start":{"line":132,"column":12},"end":{"line":132,"column":39}},"78":{"start":{"line":136,"column":8},"end":{"line":136,"column":34}},"79":{"start":{"line":137,"column":8},"end":{"line":137,"column":30}},"80":{"start":{"line":139,"column":8},"end":{"line":147,"column":9}},"81":{"start":{"line":140,"column":10},"end":{"line":142,"column":11}},"82":{"start":{"line":141,"column":12},"end":{"line":141,"column":32}},"83":{"start":{"line":144,"column":10},"end":{"line":146,"column":11}},"84":{"start":{"line":145,"column":12},"end":{"line":145,"column":34}},"85":{"start":{"line":150,"column":6},"end":{"line":154,"column":7}},"86":{"start":{"line":151,"column":8},"end":{"line":151,"column":45}},"87":{"start":{"line":153,"column":8},"end":{"line":153,"column":42}},"88":{"start":{"line":162,"column":6},"end":{"line":162,"column":37}},"89":{"start":{"line":163,"column":6},"end":{"line":163,"column":71}},"90":{"start":{"line":164,"column":6},"end":{"line":164,"column":28}},"91":{"start":{"line":165,"column":6},"end":{"line":165,"column":44}},"92":{"start":{"line":166,"column":6},"end":{"line":166,"column":37}},"93":{"start":{"line":167,"column":6},"end":{"line":167,"column":38}},"94":{"start":{"line":169,"column":6},"end":{"line":190,"column":7}},"95":{"start":{"line":170,"column":8},"end":{"line":176,"column":9}},"96":{"start":{"line":171,"column":10},"end":{"line":171,"column":35}},"97":{"start":{"line":173,"column":10},"end":{"line":175,"column":11}},"98":{"start":{"line":174,"column":12},"end":{"line":174,"column":60}},"99":{"start":{"line":178,"column":8},"end":{"line":178,"column":34}},"100":{"start":{"line":179,"column":8},"end":{"line":179,"column":30}},"101":{"start":{"line":181,"column":8},"end":{"line":189,"column":9}},"102":{"start":{"line":182,"column":10},"end":{"line":184,"column":11}},"103":{"start":{"line":183,"column":12},"end":{"line":183,"column":32}},"104":{"start":{"line":186,"column":10},"end":{"line":188,"column":11}},"105":{"start":{"line":187,"column":12},"end":{"line":187,"column":34}},"106":{"start":{"line":192,"column":6},"end":{"line":197,"column":7}},"107":{"start":{"line":193,"column":8},"end":{"line":193,"column":47}},"108":{"start":{"line":194,"column":8},"end":{"line":194,"column":40}},"109":{"start":{"line":196,"column":8},"end":{"line":196,"column":59}},"110":{"start":{"line":201,"column":2},"end":{"line":201,"column":26}},"111":{"start":{"line":204,"column":0},"end":{"line":204,"column":35}}},"branchMap":{"1":{"line":7,"type":"binary-expr","locations":[{"start":{"line":7,"column":168},"end":{"line":7,"column":189}},{"start":{"line":7,"column":193},"end":{"line":7,"column":198}}]},"2":{"line":7,"type":"if","locations":[{"start":{"line":7,"column":232},"end":{"line":7,"column":232}},{"start":{"line":7,"column":232},"end":{"line":7,"column":232}}]},"3":{"line":7,"type":"if","locations":[{"start":{"line":7,"column":407},"end":{"line":7,"column":407}},{"start":{"line":7,"column":407},"end":{"line":7,"column":407}}]},"4":{"line":7,"type":"if","locations":[{"start":{"line":7,"column":476},"end":{"line":7,"column":476}},{"start":{"line":7,"column":476},"end":{"line":7,"column":476}}]},"5":{"line":21,"type":"cond-expr","locations":[{"start":{"line":21,"column":70},"end":{"line":21,"column":73}},{"start":{"line":21,"column":76},"end":{"line":21,"column":92}}]},"6":{"line":21,"type":"binary-expr","locations":[{"start":{"line":21,"column":46},"end":{"line":21,"column":49}},{"start":{"line":21,"column":53},"end":{"line":21,"column":67}}]},"7":{"line":23,"type":"if","locations":[{"start":{"line":23,"column":50},"end":{"line":23,"column":50}},{"start":{"line":23,"column":50},"end":{"line":23,"column":50}}]},"8":{"line":72,"type":"if","locations":[{"start":{"line":72,"column":10},"end":{"line":72,"column":10}},{"start":{"line":72,"column":10},"end":{"line":72,"column":10}}]},"9":{"line":74,"type":"binary-expr","locations":[{"start":{"line":74,"column":29},"end":{"line":74,"column":46}},{"start":{"line":74,"column":50},"end":{"line":74,"column":67}}]},"10":{"line":75,"type":"binary-expr","locations":[{"start":{"line":75,"column":27},"end":{"line":75,"column":44}},{"start":{"line":75,"column":48},"end":{"line":75,"column":63}}]},"11":{"line":76,"type":"binary-expr","locations":[{"start":{"line":76,"column":29},"end":{"line":76,"column":48}},{"start":{"line":76,"column":52},"end":{"line":76,"column":69}}]},"12":{"line":77,"type":"binary-expr","locations":[{"start":{"line":77,"column":30},"end":{"line":77,"column":50}},{"start":{"line":77,"column":54},"end":{"line":77,"column":72}}]},"13":{"line":78,"type":"binary-expr","locations":[{"start":{"line":78,"column":30},"end":{"line":78,"column":50}},{"start":{"line":78,"column":54},"end":{"line":78,"column":72}}]},"14":{"line":79,"type":"binary-expr","locations":[{"start":{"line":79,"column":27},"end":{"line":79,"column":44}},{"start":{"line":79,"column":48},"end":{"line":79,"column":63}}]},"15":{"line":80,"type":"binary-expr","locations":[{"start":{"line":80,"column":26},"end":{"line":80,"column":42}},{"start":{"line":80,"column":46},"end":{"line":80,"column":60}}]},"16":{"line":98,"type":"if","locations":[{"start":{"line":98,"column":10},"end":{"line":98,"column":10}},{"start":{"line":98,"column":10},"end":{"line":98,"column":10}}]},"17":{"line":98,"type":"binary-expr","locations":[{"start":{"line":98,"column":14},"end":{"line":98,"column":40}},{"start":{"line":98,"column":44},"end":{"line":98,"column":60}}]},"18":{"line":102,"type":"if","locations":[{"start":{"line":102,"column":10},"end":{"line":102,"column":10}},{"start":{"line":102,"column":10},"end":{"line":102,"column":10}}]},"19":{"line":109,"type":"if","locations":[{"start":{"line":109,"column":6},"end":{"line":109,"column":6}},{"start":{"line":109,"column":6},"end":{"line":109,"column":6}}]},"20":{"line":131,"type":"if","locations":[{"start":{"line":131,"column":10},"end":{"line":131,"column":10}},{"start":{"line":131,"column":10},"end":{"line":131,"column":10}}]},"21":{"line":140,"type":"if","locations":[{"start":{"line":140,"column":10},"end":{"line":140,"column":10}},{"start":{"line":140,"column":10},"end":{"line":140,"column":10}}]},"22":{"line":140,"type":"binary-expr","locations":[{"start":{"line":140,"column":14},"end":{"line":140,"column":41}},{"start":{"line":140,"column":45},"end":{"line":140,"column":62}}]},"23":{"line":144,"type":"if","locations":[{"start":{"line":144,"column":10},"end":{"line":144,"column":10}},{"start":{"line":144,"column":10},"end":{"line":144,"column":10}}]},"24":{"line":150,"type":"if","locations":[{"start":{"line":150,"column":6},"end":{"line":150,"column":6}},{"start":{"line":150,"column":6},"end":{"line":150,"column":6}}]},"25":{"line":173,"type":"if","locations":[{"start":{"line":173,"column":10},"end":{"line":173,"column":10}},{"start":{"line":173,"column":10},"end":{"line":173,"column":10}}]},"26":{"line":182,"type":"if","locations":[{"start":{"line":182,"column":10},"end":{"line":182,"column":10}},{"start":{"line":182,"column":10},"end":{"line":182,"column":10}}]},"27":{"line":182,"type":"binary-expr","locations":[{"start":{"line":182,"column":14},"end":{"line":182,"column":41}},{"start":{"line":182,"column":45},"end":{"line":182,"column":62}}]},"28":{"line":186,"type":"if","locations":[{"start":{"line":186,"column":10},"end":{"line":186,"column":10}},{"start":{"line":186,"column":10},"end":{"line":186,"column":10}}]},"29":{"line":192,"type":"if","locations":[{"start":{"line":192,"column":6},"end":{"line":192,"column":6}},{"start":{"line":192,"column":6},"end":{"line":192,"column":6}}]}}}}