TN:
SF:C:\Users\TUTU GODFREY\Desktop\EventManager\server\trans\app.js
FN:7,(anonymous_1)
FN:7,defineProperties
FN:7,(anonymous_3)
FN:30,_interopRequireDefault
FN:32,_classCallCheck
FN:38,(anonymous_6)
FN:39,Server
FN:51,expressServer
FNF:8
FNH:8
FNDA:1,(anonymous_1)
FNDA:1,defineProperties
FNDA:1,(anonymous_3)
FNDA:5,_interopRequireDefault
FNDA:1,_classCallCheck
FNDA:1,(anonymous_6)
FNDA:1,Server
FNDA:1,expressServer
DA:3,1
DA:7,1
DA:10,1
DA:12,1
DA:14,1
DA:16,1
DA:18,1
DA:20,1
DA:22,1
DA:24,1
DA:26,1
DA:28,1
DA:30,5
DA:32,1
DA:34,1
DA:38,1
DA:39,1
DA:40,1
DA:42,1
DA:43,1
DA:44,1
DA:45,1
DA:46,1
DA:49,1
DA:52,1
DA:53,1
DA:54,1
DA:55,1
DA:56,1
DA:60,1
DA:63,1
LF:31
LH:31
BRDA:7,1,0,1
BRDA:7,1,1,1
BRDA:7,2,0,1
BRDA:7,2,1,0
BRDA:7,3,0,1
BRDA:7,3,1,0
BRDA:7,4,0,0
BRDA:7,4,1,1
BRDA:30,5,0,1
BRDA:30,5,1,4
BRDA:30,6,0,5
BRDA:30,6,1,5
BRDA:32,7,0,0
BRDA:32,7,1,1
BRF:14
BRH:10
end_of_record
TN:
SF:C:\Users\TUTU GODFREY\Desktop\EventManager\server\trans\routes\index.js
FN:7,(anonymous_1)
FN:7,defineProperties
FN:7,(anonymous_3)
FN:19,_interopRequireDefault
FN:21,_classCallCheck
FN:25,(anonymous_6)
FN:26,Routes
FN:32,routes
FN:33,(anonymous_9)
FNF:9
FNH:8
FNDA:1,(anonymous_1)
FNDA:1,defineProperties
FNDA:1,(anonymous_3)
FNDA:2,_interopRequireDefault
FNDA:1,_classCallCheck
FNDA:1,(anonymous_6)
FNDA:1,Routes
FNDA:1,routes
FNDA:0,(anonymous_9)
DA:3,1
DA:7,1
DA:11,1
DA:13,1
DA:15,1
DA:17,1
DA:19,2
DA:21,1
DA:23,1
DA:24,1
DA:25,1
DA:26,1
DA:27,1
DA:30,1
DA:33,1
DA:34,0
DA:38,1
DA:39,1
DA:40,1
DA:41,1
DA:44,1
DA:45,1
DA:46,1
DA:47,1
DA:48,1
DA:49,1
DA:50,1
DA:54,1
DA:57,1
LF:29
LH:28
BRDA:7,1,0,1
BRDA:7,1,1,1
BRDA:7,2,0,1
BRDA:7,2,1,0
BRDA:7,3,0,1
BRDA:7,3,1,0
BRDA:7,4,0,0
BRDA:7,4,1,1
BRDA:19,5,0,2
BRDA:19,5,1,0
BRDA:19,6,0,2
BRDA:19,6,1,2
BRDA:21,7,0,0
BRDA:21,7,1,1
BRF:14
BRH:9
end_of_record
TN:
SF:C:\Users\TUTU GODFREY\Desktop\EventManager\server\trans\controllers\eventCenterController.js
FN:7,(anonymous_1)
FN:7,defineProperties
FN:7,(anonymous_3)
FN:21,_interopRequireDefault
FN:23,_classCallCheck
FN:28,(anonymous_6)
FN:29,EventCenterController
FN:39,addEventCenter
FN:55,getEventCenters
FN:62,getEventCenter
FN:102,updateEventCenter
FNF:11
FNH:7
FNDA:1,(anonymous_1)
FNDA:1,defineProperties
FNDA:1,(anonymous_3)
FNDA:3,_interopRequireDefault
FNDA:1,_classCallCheck
FNDA:1,(anonymous_6)
FNDA:1,EventCenterController
FNDA:0,addEventCenter
FNDA:0,getEventCenters
FNDA:0,getEventCenter
FNDA:0,updateEventCenter
DA:3,1
DA:7,4
DA:9,1
DA:11,1
DA:13,1
DA:15,1
DA:17,1
DA:19,1
DA:21,3
DA:23,1
DA:26,1
DA:28,1
DA:29,1
DA:30,1
DA:32,1
DA:37,1
DA:40,0
DA:41,0
DA:48,0
DA:49,0
DA:56,0
DA:63,0
DA:65,0
DA:66,0
DA:67,0
DA:69,0
DA:70,0
DA:71,0
DA:73,0
DA:75,0
DA:76,0
DA:83,0
DA:84,0
DA:86,0
DA:87,0
DA:88,0
DA:91,0
DA:92,0
DA:97,0
DA:103,0
DA:105,0
DA:106,0
DA:107,0
DA:108,0
DA:109,0
DA:111,0
DA:112,0
DA:113,0
DA:115,0
DA:116,0
DA:117,0
DA:118,0
DA:119,0
DA:120,0
DA:121,0
DA:131,0
DA:132,0
DA:134,0
DA:135,0
DA:136,0
DA:139,0
DA:140,0
DA:145,0
DA:146,0
DA:147,0
DA:149,0
DA:154,1
DA:156,1
LF:68
LH:18
BRDA:7,1,0,4
BRDA:7,1,1,4
BRDA:7,2,0,4
BRDA:7,2,1,0
BRDA:7,3,0,1
BRDA:7,3,1,0
BRDA:7,4,0,0
BRDA:7,4,1,1
BRDA:21,5,0,3
BRDA:21,5,1,0
BRDA:21,6,0,3
BRDA:21,6,1,3
BRDA:23,7,0,0
BRDA:23,7,1,1
BRDA:73,8,0,0
BRDA:73,8,1,0
BRDA:87,9,0,0
BRDA:87,9,1,0
BRDA:87,10,0,0
BRDA:87,10,1,0
BRDA:91,11,0,0
BRDA:91,11,1,0
BRDA:115,12,0,0
BRDA:115,12,1,0
BRDA:117,13,0,0
BRDA:117,13,1,0
BRDA:118,14,0,0
BRDA:118,14,1,0
BRDA:119,15,0,0
BRDA:119,15,1,0
BRDA:120,16,0,0
BRDA:120,16,1,0
BRDA:135,17,0,0
BRDA:135,17,1,0
BRDA:135,18,0,0
BRDA:135,18,1,0
BRDA:139,19,0,0
BRDA:139,19,1,0
BRDA:146,20,0,0
BRDA:146,20,1,0
BRF:40
BRH:9
end_of_record
TN:
SF:C:\Users\TUTU GODFREY\Desktop\EventManager\server\trans\models\eventsModel.js
FNF:0
FNH:0
DA:3,1
DA:8,1
DA:37,1
LF:3
LH:3
BRF:0
BRH:0
end_of_record
TN:
SF:C:\Users\TUTU GODFREY\Desktop\EventManager\server\trans\models\eventCentersModel.js
FNF:0
FNH:0
DA:3,1
DA:8,1
DA:22,1
LF:3
LH:3
BRF:0
BRH:0
end_of_record
TN:
SF:C:\Users\TUTU GODFREY\Desktop\EventManager\server\trans\funcs\funcs.js
FN:7,(anonymous_1)
FN:7,defineProperties
FN:7,(anonymous_3)
FN:9,_classCallCheck
FN:14,(anonymous_5)
FN:15,Functs
FN:21,getField
FN:31,getObject
FN:63,getFields
FNF:9
FNH:6
FNDA:1,(anonymous_1)
FNDA:1,defineProperties
FNDA:1,(anonymous_3)
FNDA:2,_classCallCheck
FNDA:1,(anonymous_5)
FNDA:2,Functs
FNDA:0,getField
FNDA:0,getObject
FNDA:0,getFields
DA:3,1
DA:7,3
DA:9,2
DA:14,1
DA:15,1
DA:16,2
DA:19,1
DA:22,0
DA:23,0
DA:24,0
DA:25,0
DA:32,0
DA:33,0
DA:34,0
DA:36,0
DA:37,0
DA:38,0
DA:40,0
DA:41,0
DA:45,0
DA:46,0
DA:48,0
DA:49,0
DA:50,0
DA:53,0
DA:54,0
DA:64,0
DA:65,0
DA:67,0
DA:71,1
DA:74,1
LF:31
LH:9
BRDA:7,1,0,3
BRDA:7,1,1,3
BRDA:7,2,0,3
BRDA:7,2,1,0
BRDA:7,3,0,1
BRDA:7,3,1,0
BRDA:7,4,0,0
BRDA:7,4,1,1
BRDA:9,5,0,0
BRDA:9,5,1,2
BRDA:40,6,0,0
BRDA:40,6,1,0
BRDA:49,7,0,0
BRDA:49,7,1,0
BRDA:49,8,0,0
BRDA:49,8,1,0
BRDA:53,9,0,0
BRDA:53,9,1,0
BRDA:64,10,0,0
BRDA:64,10,1,0
BRF:20
BRH:6
end_of_record
TN:
SF:C:\Users\TUTU GODFREY\Desktop\EventManager\server\trans\controllers\eventController.js
FN:7,(anonymous_1)
FN:7,defineProperties
FN:7,(anonymous_3)
FN:21,_interopRequireDefault
FN:23,_classCallCheck
FN:28,(anonymous_6)
FN:29,EventsController
FN:40,addEvent
FN:60,updateEvent
FN:122,getCenterEvents
FN:163,getUsersEvents
FN:203,getEvents
FN:215,getEvent
FN:252,deleteEvent
FNF:14
FNH:7
FNDA:1,(anonymous_1)
FNDA:1,defineProperties
FNDA:1,(anonymous_3)
FNDA:3,_interopRequireDefault
FNDA:1,_classCallCheck
FNDA:1,(anonymous_6)
FNDA:1,EventsController
FNDA:0,addEvent
FNDA:0,updateEvent
FNDA:0,getCenterEvents
FNDA:0,getUsersEvents
FNDA:0,getEvents
FNDA:0,getEvent
FNDA:0,deleteEvent
DA:3,1
DA:7,7
DA:9,1
DA:11,1
DA:13,1
DA:15,1
DA:17,1
DA:19,1
DA:21,3
DA:23,1
DA:26,1
DA:28,1
DA:29,1
DA:30,1
DA:32,1
DA:38,1
DA:41,0
DA:42,0
DA:52,0
DA:53,0
DA:61,0
DA:62,0
DA:63,0
DA:64,0
DA:65,0
DA:66,0
DA:67,0
DA:69,0
DA:70,0
DA:71,0
DA:73,0
DA:74,0
DA:75,0
DA:76,0
DA:77,0
DA:78,0
DA:79,0
DA:80,0
DA:81,0
DA:82,0
DA:83,0
DA:96,0
DA:97,0
DA:99,0
DA:100,0
DA:101,0
DA:104,0
DA:105,0
DA:110,0
DA:111,0
DA:112,0
DA:114,0
DA:123,0
DA:124,0
DA:125,0
DA:126,0
DA:127,0
DA:129,0
DA:130,0
DA:131,0
DA:133,0
DA:134,0
DA:138,0
DA:139,0
DA:141,0
DA:142,0
DA:143,0
DA:146,0
DA:147,0
DA:152,0
DA:153,0
DA:155,0
DA:164,0
DA:165,0
DA:166,0
DA:167,0
DA:168,0
DA:170,0
DA:171,0
DA:172,0
DA:174,0
DA:175,0
DA:179,0
DA:180,0
DA:182,0
DA:183,0
DA:184,0
DA:187,0
DA:188,0
DA:193,0
DA:194,0
DA:196,0
DA:204,0
DA:205,0
DA:207,0
DA:216,0
DA:217,0
DA:218,0
DA:219,0
DA:221,0
DA:222,0
DA:223,0
DA:225,0
DA:226,0
DA:227,0
DA:231,0
DA:232,0
DA:234,0
DA:235,0
DA:236,0
DA:239,0
DA:240,0
DA:245,0
DA:253,0
DA:254,0
DA:255,0
DA:256,0
DA:258,0
DA:259,0
DA:260,0
DA:262,0
DA:263,0
DA:264,0
DA:265,0
DA:269,0
DA:270,0
DA:272,0
DA:273,0
DA:274,0
DA:277,0
DA:278,0
DA:283,0
DA:287,1
DA:290,1
LF:134
LH:18
BRDA:7,1,0,7
BRDA:7,1,1,7
BRDA:7,2,0,7
BRDA:7,2,1,0
BRDA:7,3,0,1
BRDA:7,3,1,0
BRDA:7,4,0,0
BRDA:7,4,1,1
BRDA:21,5,0,3
BRDA:21,5,1,0
BRDA:21,6,0,3
BRDA:21,6,1,3
BRDA:23,7,0,0
BRDA:23,7,1,1
BRDA:73,8,0,0
BRDA:73,8,1,0
BRDA:76,9,0,0
BRDA:76,9,1,0
BRDA:77,10,0,0
BRDA:77,10,1,0
BRDA:78,11,0,0
BRDA:78,11,1,0
BRDA:79,12,0,0
BRDA:79,12,1,0
BRDA:80,13,0,0
BRDA:80,13,1,0
BRDA:81,14,0,0
BRDA:81,14,1,0
BRDA:82,15,0,0
BRDA:82,15,1,0
BRDA:100,16,0,0
BRDA:100,16,1,0
BRDA:100,17,0,0
BRDA:100,17,1,0
BRDA:104,18,0,0
BRDA:104,18,1,0
BRDA:111,19,0,0
BRDA:111,19,1,0
BRDA:133,20,0,0
BRDA:133,20,1,0
BRDA:142,21,0,0
BRDA:142,21,1,0
BRDA:142,22,0,0
BRDA:142,22,1,0
BRDA:146,23,0,0
BRDA:146,23,1,0
BRDA:152,24,0,0
BRDA:152,24,1,0
BRDA:174,25,0,0
BRDA:174,25,1,0
BRDA:183,26,0,0
BRDA:183,26,1,0
BRDA:183,27,0,0
BRDA:183,27,1,0
BRDA:187,28,0,0
BRDA:187,28,1,0
BRDA:193,29,0,0
BRDA:193,29,1,0
BRDA:204,30,0,0
BRDA:204,30,1,0
BRDA:225,31,0,0
BRDA:225,31,1,0
BRDA:235,32,0,0
BRDA:235,32,1,0
BRDA:235,33,0,0
BRDA:235,33,1,0
BRDA:239,34,0,0
BRDA:239,34,1,0
BRDA:262,35,0,0
BRDA:262,35,1,0
BRDA:273,36,0,0
BRDA:273,36,1,0
BRDA:273,37,0,0
BRDA:273,37,1,0
BRDA:277,38,0,0
BRDA:277,38,1,0
BRF:76
BRH:9
end_of_record
