{"C:\\Users\\TUTU GODFREY\\Desktop\\week2\\EventManager\\server\\trans\\app.js":{"path":"C:\\Users\\TUTU GODFREY\\Desktop\\week2\\EventManager\\server\\trans\\app.js","s":{"1":1,"2":1,"3":1,"4":1,"5":1,"6":1,"7":1,"8":1,"9":1,"10":1,"11":1,"12":1,"13":1,"14":1,"15":0,"16":1,"17":1,"18":1,"19":1,"20":1,"21":1,"22":1,"23":1,"24":1,"25":1,"26":1,"27":1,"28":5,"29":1,"30":1,"31":0,"32":1,"33":1,"34":1,"35":1,"36":1,"37":1,"38":1,"39":1,"40":1,"41":1,"42":1,"43":1,"44":1,"45":1,"46":1,"47":1},"b":{"1":[1,1],"2":[1,0],"3":[1,0],"4":[0,1],"5":[1,4],"6":[5,5],"7":[0,1]},"f":{"1":1,"2":1,"3":1,"4":5,"5":1,"6":1,"7":1,"8":1},"fnMap":{"1":{"name":"(anonymous_1)","line":7,"loc":{"start":{"line":7,"column":19},"end":{"line":7,"column":31}}},"2":{"name":"defineProperties","line":7,"loc":{"start":{"line":7,"column":33},"end":{"line":7,"column":74}}},"3":{"name":"(anonymous_3)","line":7,"loc":{"start":{"line":7,"column":357},"end":{"line":7,"column":405}}},"4":{"name":"_interopRequireDefault","line":31,"loc":{"start":{"line":31,"column":0},"end":{"line":31,"column":37}}},"5":{"name":"_classCallCheck","line":33,"loc":{"start":{"line":33,"column":0},"end":{"line":33,"column":48}}},"6":{"name":"(anonymous_6)","line":40,"loc":{"start":{"line":40,"column":13},"end":{"line":40,"column":25}}},"7":{"name":"Server","line":41,"loc":{"start":{"line":41,"column":2},"end":{"line":41,"column":20}}},"8":{"name":"expressServer","line":52,"loc":{"start":{"line":52,"column":11},"end":{"line":52,"column":36}}}},"statementMap":{"1":{"start":{"line":3,"column":0},"end":{"line":5,"column":3}},"2":{"start":{"line":7,"column":0},"end":{"line":7,"column":564}},"3":{"start":{"line":7,"column":33},"end":{"line":7,"column":349}},"4":{"start":{"line":7,"column":76},"end":{"line":7,"column":347}},"5":{"start":{"line":7,"column":117},"end":{"line":7,"column":143}},"6":{"start":{"line":7,"column":144},"end":{"line":7,"column":199}},"7":{"start":{"line":7,"column":200},"end":{"line":7,"column":231}},"8":{"start":{"line":7,"column":232},"end":{"line":7,"column":286}},"9":{"start":{"line":7,"column":259},"end":{"line":7,"column":286}},"10":{"start":{"line":7,"column":287},"end":{"line":7,"column":345}},"11":{"start":{"line":7,"column":350},"end":{"line":7,"column":559}},"12":{"start":{"line":7,"column":407},"end":{"line":7,"column":475}},"13":{"start":{"line":7,"column":423},"end":{"line":7,"column":475}},"14":{"start":{"line":7,"column":476},"end":{"line":7,"column":536}},"15":{"start":{"line":7,"column":493},"end":{"line":7,"column":536}},"16":{"start":{"line":7,"column":537},"end":{"line":7,"column":556}},"17":{"start":{"line":11,"column":0},"end":{"line":11,"column":34}},"18":{"start":{"line":13,"column":0},"end":{"line":13,"column":49}},"19":{"start":{"line":15,"column":0},"end":{"line":15,"column":44}},"20":{"start":{"line":17,"column":0},"end":{"line":17,"column":59}},"21":{"start":{"line":19,"column":0},"end":{"line":19,"column":41}},"22":{"start":{"line":21,"column":0},"end":{"line":21,"column":55}},"23":{"start":{"line":23,"column":0},"end":{"line":23,"column":32}},"24":{"start":{"line":25,"column":0},"end":{"line":25,"column":47}},"25":{"start":{"line":27,"column":0},"end":{"line":27,"column":39}},"26":{"start":{"line":29,"column":0},"end":{"line":29,"column":45}},"27":{"start":{"line":31,"column":0},"end":{"line":31,"column":95}},"28":{"start":{"line":31,"column":39},"end":{"line":31,"column":93}},"29":{"start":{"line":33,"column":0},"end":{"line":33,"column":153}},"30":{"start":{"line":33,"column":50},"end":{"line":33,"column":151}},"31":{"start":{"line":33,"column":92},"end":{"line":33,"column":149}},"32":{"start":{"line":36,"column":0},"end":{"line":36,"column":34}},"33":{"start":{"line":40,"column":0},"end":{"line":63,"column":4}},"34":{"start":{"line":41,"column":2},"end":{"line":48,"column":3}},"35":{"start":{"line":42,"column":4},"end":{"line":42,"column":34}},"36":{"start":{"line":44,"column":4},"end":{"line":44,"column":37}},"37":{"start":{"line":45,"column":4},"end":{"line":45,"column":43}},"38":{"start":{"line":46,"column":4},"end":{"line":46,"column":35}},"39":{"start":{"line":47,"column":4},"end":{"line":47,"column":23}},"40":{"start":{"line":50,"column":2},"end":{"line":60,"column":6}},"41":{"start":{"line":53,"column":6},"end":{"line":53,"column":32}},"42":{"start":{"line":54,"column":6},"end":{"line":54,"column":68}},"43":{"start":{"line":55,"column":6},"end":{"line":55,"column":43}},"44":{"start":{"line":57,"column":6},"end":{"line":57,"column":34}},"45":{"start":{"line":58,"column":6},"end":{"line":58,"column":22}},"46":{"start":{"line":62,"column":2},"end":{"line":62,"column":16}},"47":{"start":{"line":65,"column":0},"end":{"line":65,"column":25}}},"branchMap":{"1":{"line":7,"type":"binary-expr","locations":[{"start":{"line":7,"column":168},"end":{"line":7,"column":189}},{"start":{"line":7,"column":193},"end":{"line":7,"column":198}}]},"2":{"line":7,"type":"if","locations":[{"start":{"line":7,"column":232},"end":{"line":7,"column":232}},{"start":{"line":7,"column":232},"end":{"line":7,"column":232}}]},"3":{"line":7,"type":"if","locations":[{"start":{"line":7,"column":407},"end":{"line":7,"column":407}},{"start":{"line":7,"column":407},"end":{"line":7,"column":407}}]},"4":{"line":7,"type":"if","locations":[{"start":{"line":7,"column":476},"end":{"line":7,"column":476}},{"start":{"line":7,"column":476},"end":{"line":7,"column":476}}]},"5":{"line":31,"type":"cond-expr","locations":[{"start":{"line":31,"column":70},"end":{"line":31,"column":73}},{"start":{"line":31,"column":76},"end":{"line":31,"column":92}}]},"6":{"line":31,"type":"binary-expr","locations":[{"start":{"line":31,"column":46},"end":{"line":31,"column":49}},{"start":{"line":31,"column":53},"end":{"line":31,"column":67}}]},"7":{"line":33,"type":"if","locations":[{"start":{"line":33,"column":50},"end":{"line":33,"column":50}},{"start":{"line":33,"column":50},"end":{"line":33,"column":50}}]}}},"C:\\Users\\TUTU GODFREY\\Desktop\\week2\\EventManager\\server\\trans\\routes\\index.js":{"path":"C:\\Users\\TUTU GODFREY\\Desktop\\week2\\EventManager\\server\\trans\\routes\\index.js","s":{"1":1,"2":1,"3":1,"4":1,"5":1,"6":1,"7":1,"8":1,"9":1,"10":1,"11":1,"12":1,"13":1,"14":1,"15":0,"16":1,"17":1,"18":1,"19":1,"20":1,"21":1,"22":1,"23":1,"24":1,"25":1,"26":1,"27":1,"28":1,"29":1,"30":1,"31":1,"32":7,"33":1,"34":1,"35":0,"36":1,"37":1,"38":1,"39":1,"40":1,"41":1,"42":1,"43":1,"44":1,"45":1,"46":1,"47":1,"48":1,"49":1,"50":0,"51":1,"52":1,"53":1,"54":1,"55":0,"56":0,"57":0,"58":0,"59":0,"60":0,"61":0,"62":0,"63":1,"64":1,"65":1,"66":1,"67":1,"68":1,"69":1,"70":1,"71":1,"72":1,"73":1,"74":1,"75":1,"76":1,"77":1,"78":1,"79":1,"80":1,"81":1},"b":{"1":[1,1],"2":[1,0],"3":[1,0],"4":[0,1],"5":[4,3],"6":[7,7],"7":[0,1],"8":[0,0],"9":[0,0],"10":[0,0]},"f":{"1":1,"2":1,"3":1,"4":7,"5":1,"6":1,"7":1,"8":1,"9":0,"10":0,"11":0},"fnMap":{"1":{"name":"(anonymous_1)","line":7,"loc":{"start":{"line":7,"column":19},"end":{"line":7,"column":31}}},"2":{"name":"defineProperties","line":7,"loc":{"start":{"line":7,"column":33},"end":{"line":7,"column":74}}},"3":{"name":"(anonymous_3)","line":7,"loc":{"start":{"line":7,"column":357},"end":{"line":7,"column":405}}},"4":{"name":"_interopRequireDefault","line":39,"loc":{"start":{"line":39,"column":0},"end":{"line":39,"column":37}}},"5":{"name":"_classCallCheck","line":41,"loc":{"start":{"line":41,"column":0},"end":{"line":41,"column":48}}},"6":{"name":"(anonymous_6)","line":48,"loc":{"start":{"line":48,"column":13},"end":{"line":48,"column":25}}},"7":{"name":"Routes","line":49,"loc":{"start":{"line":49,"column":2},"end":{"line":49,"column":20}}},"8":{"name":"routes","line":60,"loc":{"start":{"line":60,"column":11},"end":{"line":60,"column":32}}},"9":{"name":"(anonymous_9)","line":61,"loc":{"start":{"line":61,"column":19},"end":{"line":61,"column":39}}},"10":{"name":"(anonymous_10)","line":70,"loc":{"start":{"line":70,"column":26},"end":{"line":70,"column":52}}},"11":{"name":"(anonymous_11)","line":74,"loc":{"start":{"line":74,"column":71},"end":{"line":74,"column":94}}}},"statementMap":{"1":{"start":{"line":3,"column":0},"end":{"line":5,"column":3}},"2":{"start":{"line":7,"column":0},"end":{"line":7,"column":564}},"3":{"start":{"line":7,"column":33},"end":{"line":7,"column":349}},"4":{"start":{"line":7,"column":76},"end":{"line":7,"column":347}},"5":{"start":{"line":7,"column":117},"end":{"line":7,"column":143}},"6":{"start":{"line":7,"column":144},"end":{"line":7,"column":199}},"7":{"start":{"line":7,"column":200},"end":{"line":7,"column":231}},"8":{"start":{"line":7,"column":232},"end":{"line":7,"column":286}},"9":{"start":{"line":7,"column":259},"end":{"line":7,"column":286}},"10":{"start":{"line":7,"column":287},"end":{"line":7,"column":345}},"11":{"start":{"line":7,"column":350},"end":{"line":7,"column":559}},"12":{"start":{"line":7,"column":407},"end":{"line":7,"column":475}},"13":{"start":{"line":7,"column":423},"end":{"line":7,"column":475}},"14":{"start":{"line":7,"column":476},"end":{"line":7,"column":536}},"15":{"start":{"line":7,"column":493},"end":{"line":7,"column":536}},"16":{"start":{"line":7,"column":537},"end":{"line":7,"column":556}},"17":{"start":{"line":11,"column":0},"end":{"line":11,"column":32}},"18":{"start":{"line":13,"column":0},"end":{"line":13,"column":47}},"19":{"start":{"line":15,"column":0},"end":{"line":15,"column":34}},"20":{"start":{"line":17,"column":0},"end":{"line":17,"column":49}},"21":{"start":{"line":19,"column":0},"end":{"line":19,"column":44}},"22":{"start":{"line":21,"column":0},"end":{"line":21,"column":59}},"23":{"start":{"line":23,"column":0},"end":{"line":23,"column":79}},"24":{"start":{"line":25,"column":0},"end":{"line":25,"column":77}},"25":{"start":{"line":27,"column":0},"end":{"line":27,"column":67}},"26":{"start":{"line":29,"column":0},"end":{"line":29,"column":65}},"27":{"start":{"line":31,"column":0},"end":{"line":31,"column":67}},"28":{"start":{"line":33,"column":0},"end":{"line":33,"column":65}},"29":{"start":{"line":35,"column":0},"end":{"line":35,"column":83}},"30":{"start":{"line":37,"column":0},"end":{"line":37,"column":81}},"31":{"start":{"line":39,"column":0},"end":{"line":39,"column":95}},"32":{"start":{"line":39,"column":39},"end":{"line":39,"column":93}},"33":{"start":{"line":41,"column":0},"end":{"line":41,"column":153}},"34":{"start":{"line":41,"column":50},"end":{"line":41,"column":151}},"35":{"start":{"line":41,"column":92},"end":{"line":41,"column":149}},"36":{"start":{"line":43,"column":0},"end":{"line":43,"column":26}},"37":{"start":{"line":44,"column":0},"end":{"line":44,"column":57}},"38":{"start":{"line":45,"column":0},"end":{"line":45,"column":45}},"39":{"start":{"line":46,"column":0},"end":{"line":46,"column":44}},"40":{"start":{"line":47,"column":0},"end":{"line":47,"column":60}},"41":{"start":{"line":48,"column":0},"end":{"line":111,"column":4}},"42":{"start":{"line":49,"column":2},"end":{"line":56,"column":3}},"43":{"start":{"line":50,"column":4},"end":{"line":50,"column":34}},"44":{"start":{"line":52,"column":4},"end":{"line":52,"column":23}},"45":{"start":{"line":53,"column":4},"end":{"line":53,"column":25}},"46":{"start":{"line":54,"column":4},"end":{"line":54,"column":37}},"47":{"start":{"line":55,"column":4},"end":{"line":55,"column":49}},"48":{"start":{"line":58,"column":2},"end":{"line":108,"column":6}},"49":{"start":{"line":61,"column":6},"end":{"line":63,"column":9}},"50":{"start":{"line":62,"column":8},"end":{"line":62,"column":55}},"51":{"start":{"line":66,"column":6},"end":{"line":66,"column":51}},"52":{"start":{"line":67,"column":6},"end":{"line":67,"column":51}},"53":{"start":{"line":68,"column":6},"end":{"line":68,"column":39}},"54":{"start":{"line":70,"column":6},"end":{"line":84,"column":9}},"55":{"start":{"line":71,"column":8},"end":{"line":71,"column":58}},"56":{"start":{"line":72,"column":8},"end":{"line":72,"column":27}},"57":{"start":{"line":73,"column":8},"end":{"line":83,"column":9}},"58":{"start":{"line":74,"column":10},"end":{"line":80,"column":13}},"59":{"start":{"line":75,"column":12},"end":{"line":79,"column":13}},"60":{"start":{"line":76,"column":14},"end":{"line":76,"column":52}},"61":{"start":{"line":78,"column":14},"end":{"line":78,"column":21}},"62":{"start":{"line":82,"column":10},"end":{"line":82,"column":42}},"63":{"start":{"line":86,"column":6},"end":{"line":86,"column":63}},"64":{"start":{"line":87,"column":6},"end":{"line":87,"column":67}},"65":{"start":{"line":88,"column":6},"end":{"line":88,"column":73}},"66":{"start":{"line":89,"column":6},"end":{"line":89,"column":73}},"67":{"start":{"line":90,"column":6},"end":{"line":90,"column":82}},"68":{"start":{"line":91,"column":6},"end":{"line":91,"column":85}},"69":{"start":{"line":92,"column":6},"end":{"line":92,"column":91}},"70":{"start":{"line":93,"column":6},"end":{"line":93,"column":85}},"71":{"start":{"line":96,"column":6},"end":{"line":96,"column":60}},"72":{"start":{"line":97,"column":6},"end":{"line":97,"column":79}},"73":{"start":{"line":98,"column":6},"end":{"line":98,"column":60}},"74":{"start":{"line":99,"column":6},"end":{"line":99,"column":84}},"75":{"start":{"line":100,"column":6},"end":{"line":100,"column":74}},"76":{"start":{"line":101,"column":6},"end":{"line":101,"column":74}},"77":{"start":{"line":102,"column":6},"end":{"line":102,"column":73}},"78":{"start":{"line":105,"column":6},"end":{"line":105,"column":67}},"79":{"start":{"line":106,"column":6},"end":{"line":106,"column":72}},"80":{"start":{"line":110,"column":2},"end":{"line":110,"column":16}},"81":{"start":{"line":113,"column":0},"end":{"line":113,"column":25}}},"branchMap":{"1":{"line":7,"type":"binary-expr","locations":[{"start":{"line":7,"column":168},"end":{"line":7,"column":189}},{"start":{"line":7,"column":193},"end":{"line":7,"column":198}}]},"2":{"line":7,"type":"if","locations":[{"start":{"line":7,"column":232},"end":{"line":7,"column":232}},{"start":{"line":7,"column":232},"end":{"line":7,"column":232}}]},"3":{"line":7,"type":"if","locations":[{"start":{"line":7,"column":407},"end":{"line":7,"column":407}},{"start":{"line":7,"column":407},"end":{"line":7,"column":407}}]},"4":{"line":7,"type":"if","locations":[{"start":{"line":7,"column":476},"end":{"line":7,"column":476}},{"start":{"line":7,"column":476},"end":{"line":7,"column":476}}]},"5":{"line":39,"type":"cond-expr","locations":[{"start":{"line":39,"column":70},"end":{"line":39,"column":73}},{"start":{"line":39,"column":76},"end":{"line":39,"column":92}}]},"6":{"line":39,"type":"binary-expr","locations":[{"start":{"line":39,"column":46},"end":{"line":39,"column":49}},{"start":{"line":39,"column":53},"end":{"line":39,"column":67}}]},"7":{"line":41,"type":"if","locations":[{"start":{"line":41,"column":50},"end":{"line":41,"column":50}},{"start":{"line":41,"column":50},"end":{"line":41,"column":50}}]},"8":{"line":71,"type":"binary-expr","locations":[{"start":{"line":71,"column":20},"end":{"line":71,"column":34}},{"start":{"line":71,"column":38},"end":{"line":71,"column":57}}]},"9":{"line":73,"type":"if","locations":[{"start":{"line":73,"column":8},"end":{"line":73,"column":8}},{"start":{"line":73,"column":8},"end":{"line":73,"column":8}}]},"10":{"line":75,"type":"if","locations":[{"start":{"line":75,"column":12},"end":{"line":75,"column":12}},{"start":{"line":75,"column":12},"end":{"line":75,"column":12}}]}}},"C:\\Users\\TUTU GODFREY\\Desktop\\week2\\EventManager\\server\\trans\\controllers\\eventCenterController.js":{"path":"C:\\Users\\TUTU GODFREY\\Desktop\\week2\\EventManager\\server\\trans\\controllers\\eventCenterController.js","s":{"1":1,"2":1,"3":1,"4":1,"5":6,"6":6,"7":6,"8":6,"9":6,"10":6,"11":1,"12":1,"13":1,"14":1,"15":0,"16":1,"17":1,"18":1,"19":1,"20":1,"21":1,"22":1,"23":0,"24":1,"25":1,"26":1,"27":1,"28":1,"29":0,"30":0,"31":0,"32":0,"33":0,"34":0,"35":0,"36":0,"37":0,"38":0,"39":0,"40":0,"41":0,"42":0,"43":0,"44":0,"45":0,"46":0,"47":0,"48":0,"49":0,"50":0,"51":0,"52":0,"53":0,"54":0,"55":0,"56":0,"57":0,"58":0,"59":0,"60":0,"61":0,"62":1,"63":1},"b":{"1":[6,6],"2":[6,0],"3":[1,0],"4":[0,1],"5":[1,0],"6":[1,1],"7":[0,1],"8":[0,0],"9":[0,0],"10":[0,0],"11":[0,0],"12":[0,0],"13":[0,0],"14":[0,0],"15":[0,0],"16":[0,0],"17":[0,0],"18":[0,0]},"f":{"1":1,"2":1,"3":1,"4":1,"5":1,"6":1,"7":1,"8":0,"9":0,"10":0,"11":0,"12":0,"13":0,"14":0,"15":0,"16":0,"17":0,"18":0,"19":0,"20":0,"21":0,"22":0,"23":0,"24":0,"25":0,"26":0,"27":0,"28":0},"fnMap":{"1":{"name":"(anonymous_1)","line":7,"loc":{"start":{"line":7,"column":19},"end":{"line":7,"column":31}}},"2":{"name":"defineProperties","line":7,"loc":{"start":{"line":7,"column":33},"end":{"line":7,"column":74}}},"3":{"name":"(anonymous_3)","line":7,"loc":{"start":{"line":7,"column":357},"end":{"line":7,"column":405}}},"4":{"name":"_interopRequireDefault","line":13,"loc":{"start":{"line":13,"column":0},"end":{"line":13,"column":37}}},"5":{"name":"_classCallCheck","line":15,"loc":{"start":{"line":15,"column":0},"end":{"line":15,"column":48}}},"6":{"name":"(anonymous_6)","line":19,"loc":{"start":{"line":19,"column":28},"end":{"line":19,"column":40}}},"7":{"name":"EventCenterController","line":20,"loc":{"start":{"line":20,"column":2},"end":{"line":20,"column":35}}},"8":{"name":"addEventCenter","line":28,"loc":{"start":{"line":28,"column":11},"end":{"line":28,"column":45}}},"9":{"name":"(anonymous_9)","line":33,"loc":{"start":{"line":33,"column":14},"end":{"line":33,"column":37}}},"10":{"name":"(anonymous_10)","line":42,"loc":{"start":{"line":42,"column":18},"end":{"line":42,"column":36}}},"11":{"name":"(anonymous_11)","line":44,"loc":{"start":{"line":44,"column":19},"end":{"line":44,"column":36}}},"12":{"name":"(anonymous_12)","line":50,"loc":{"start":{"line":50,"column":15},"end":{"line":50,"column":32}}},"13":{"name":"getEventCenters","line":59,"loc":{"start":{"line":59,"column":11},"end":{"line":59,"column":46}}},"14":{"name":"(anonymous_14)","line":60,"loc":{"start":{"line":60,"column":36},"end":{"line":60,"column":59}}},"15":{"name":"(anonymous_15)","line":64,"loc":{"start":{"line":64,"column":15},"end":{"line":64,"column":32}}},"16":{"name":"getEventCenter","line":74,"loc":{"start":{"line":74,"column":11},"end":{"line":74,"column":45}}},"17":{"name":"(anonymous_17)","line":80,"loc":{"start":{"line":80,"column":14},"end":{"line":80,"column":37}}},"18":{"name":"(anonymous_18)","line":84,"loc":{"start":{"line":84,"column":15},"end":{"line":84,"column":32}}},"19":{"name":"getCenterByName","line":95,"loc":{"start":{"line":95,"column":11},"end":{"line":95,"column":46}}},"20":{"name":"(anonymous_20)","line":100,"loc":{"start":{"line":100,"column":14},"end":{"line":100,"column":37}}},"21":{"name":"(anonymous_21)","line":106,"loc":{"start":{"line":106,"column":15},"end":{"line":106,"column":32}}},"22":{"name":"getCenterByLocation","line":116,"loc":{"start":{"line":116,"column":11},"end":{"line":116,"column":50}}},"23":{"name":"(anonymous_23)","line":121,"loc":{"start":{"line":121,"column":14},"end":{"line":121,"column":38}}},"24":{"name":"(anonymous_24)","line":125,"loc":{"start":{"line":125,"column":15},"end":{"line":125,"column":32}}},"25":{"name":"updateEventCenter","line":133,"loc":{"start":{"line":133,"column":11},"end":{"line":133,"column":48}}},"26":{"name":"(anonymous_26)","line":139,"loc":{"start":{"line":139,"column":14},"end":{"line":139,"column":37}}},"27":{"name":"(anonymous_27)","line":147,"loc":{"start":{"line":147,"column":18},"end":{"line":147,"column":43}}},"28":{"name":"(anonymous_28)","line":153,"loc":{"start":{"line":153,"column":15},"end":{"line":153,"column":32}}}},"statementMap":{"1":{"start":{"line":3,"column":0},"end":{"line":5,"column":3}},"2":{"start":{"line":7,"column":0},"end":{"line":7,"column":564}},"3":{"start":{"line":7,"column":33},"end":{"line":7,"column":349}},"4":{"start":{"line":7,"column":76},"end":{"line":7,"column":347}},"5":{"start":{"line":7,"column":117},"end":{"line":7,"column":143}},"6":{"start":{"line":7,"column":144},"end":{"line":7,"column":199}},"7":{"start":{"line":7,"column":200},"end":{"line":7,"column":231}},"8":{"start":{"line":7,"column":232},"end":{"line":7,"column":286}},"9":{"start":{"line":7,"column":259},"end":{"line":7,"column":286}},"10":{"start":{"line":7,"column":287},"end":{"line":7,"column":345}},"11":{"start":{"line":7,"column":350},"end":{"line":7,"column":559}},"12":{"start":{"line":7,"column":407},"end":{"line":7,"column":475}},"13":{"start":{"line":7,"column":423},"end":{"line":7,"column":475}},"14":{"start":{"line":7,"column":476},"end":{"line":7,"column":536}},"15":{"start":{"line":7,"column":493},"end":{"line":7,"column":536}},"16":{"start":{"line":7,"column":537},"end":{"line":7,"column":556}},"17":{"start":{"line":9,"column":0},"end":{"line":9,"column":37}},"18":{"start":{"line":11,"column":0},"end":{"line":11,"column":47}},"19":{"start":{"line":13,"column":0},"end":{"line":13,"column":95}},"20":{"start":{"line":13,"column":39},"end":{"line":13,"column":93}},"21":{"start":{"line":15,"column":0},"end":{"line":15,"column":153}},"22":{"start":{"line":15,"column":50},"end":{"line":15,"column":151}},"23":{"start":{"line":15,"column":92},"end":{"line":15,"column":149}},"24":{"start":{"line":17,"column":0},"end":{"line":17,"column":39}},"25":{"start":{"line":19,"column":0},"end":{"line":160,"column":4}},"26":{"start":{"line":20,"column":2},"end":{"line":22,"column":3}},"27":{"start":{"line":21,"column":4},"end":{"line":21,"column":49}},"28":{"start":{"line":24,"column":2},"end":{"line":157,"column":6}},"29":{"start":{"line":29,"column":6},"end":{"line":52,"column":9}},"30":{"start":{"line":34,"column":8},"end":{"line":49,"column":9}},"31":{"start":{"line":35,"column":10},"end":{"line":35,"column":35}},"32":{"start":{"line":36,"column":10},"end":{"line":46,"column":13}},"33":{"start":{"line":43,"column":12},"end":{"line":43,"column":48}},"34":{"start":{"line":45,"column":12},"end":{"line":45,"column":47}},"35":{"start":{"line":48,"column":10},"end":{"line":48,"column":85}},"36":{"start":{"line":51,"column":8},"end":{"line":51,"column":73}},"37":{"start":{"line":60,"column":6},"end":{"line":68,"column":9}},"38":{"start":{"line":61,"column":8},"end":{"line":63,"column":9}},"39":{"start":{"line":62,"column":10},"end":{"line":62,"column":44}},"40":{"start":{"line":65,"column":8},"end":{"line":67,"column":11}},"41":{"start":{"line":75,"column":6},"end":{"line":75,"column":51}},"42":{"start":{"line":76,"column":6},"end":{"line":88,"column":9}},"43":{"start":{"line":81,"column":8},"end":{"line":83,"column":9}},"44":{"start":{"line":82,"column":10},"end":{"line":82,"column":44}},"45":{"start":{"line":85,"column":8},"end":{"line":87,"column":11}},"46":{"start":{"line":96,"column":6},"end":{"line":110,"column":9}},"47":{"start":{"line":101,"column":8},"end":{"line":105,"column":9}},"48":{"start":{"line":102,"column":10},"end":{"line":102,"column":44}},"49":{"start":{"line":104,"column":10},"end":{"line":104,"column":77}},"50":{"start":{"line":107,"column":8},"end":{"line":109,"column":11}},"51":{"start":{"line":117,"column":6},"end":{"line":129,"column":9}},"52":{"start":{"line":122,"column":8},"end":{"line":124,"column":9}},"53":{"start":{"line":123,"column":10},"end":{"line":123,"column":45}},"54":{"start":{"line":126,"column":8},"end":{"line":128,"column":11}},"55":{"start":{"line":134,"column":6},"end":{"line":134,"column":51}},"56":{"start":{"line":135,"column":6},"end":{"line":155,"column":9}},"57":{"start":{"line":140,"column":8},"end":{"line":152,"column":9}},"58":{"start":{"line":141,"column":10},"end":{"line":149,"column":13}},"59":{"start":{"line":148,"column":12},"end":{"line":148,"column":48}},"60":{"start":{"line":151,"column":10},"end":{"line":151,"column":70}},"61":{"start":{"line":154,"column":8},"end":{"line":154,"column":36}},"62":{"start":{"line":159,"column":2},"end":{"line":159,"column":31}},"63":{"start":{"line":161,"column":0},"end":{"line":161,"column":40}}},"branchMap":{"1":{"line":7,"type":"binary-expr","locations":[{"start":{"line":7,"column":168},"end":{"line":7,"column":189}},{"start":{"line":7,"column":193},"end":{"line":7,"column":198}}]},"2":{"line":7,"type":"if","locations":[{"start":{"line":7,"column":232},"end":{"line":7,"column":232}},{"start":{"line":7,"column":232},"end":{"line":7,"column":232}}]},"3":{"line":7,"type":"if","locations":[{"start":{"line":7,"column":407},"end":{"line":7,"column":407}},{"start":{"line":7,"column":407},"end":{"line":7,"column":407}}]},"4":{"line":7,"type":"if","locations":[{"start":{"line":7,"column":476},"end":{"line":7,"column":476}},{"start":{"line":7,"column":476},"end":{"line":7,"column":476}}]},"5":{"line":13,"type":"cond-expr","locations":[{"start":{"line":13,"column":70},"end":{"line":13,"column":73}},{"start":{"line":13,"column":76},"end":{"line":13,"column":92}}]},"6":{"line":13,"type":"binary-expr","locations":[{"start":{"line":13,"column":46},"end":{"line":13,"column":49}},{"start":{"line":13,"column":53},"end":{"line":13,"column":67}}]},"7":{"line":15,"type":"if","locations":[{"start":{"line":15,"column":50},"end":{"line":15,"column":50}},{"start":{"line":15,"column":50},"end":{"line":15,"column":50}}]},"8":{"line":34,"type":"if","locations":[{"start":{"line":34,"column":8},"end":{"line":34,"column":8}},{"start":{"line":34,"column":8},"end":{"line":34,"column":8}}]},"9":{"line":61,"type":"if","locations":[{"start":{"line":61,"column":8},"end":{"line":61,"column":8}},{"start":{"line":61,"column":8},"end":{"line":61,"column":8}}]},"10":{"line":81,"type":"if","locations":[{"start":{"line":81,"column":8},"end":{"line":81,"column":8}},{"start":{"line":81,"column":8},"end":{"line":81,"column":8}}]},"11":{"line":101,"type":"if","locations":[{"start":{"line":101,"column":8},"end":{"line":101,"column":8}},{"start":{"line":101,"column":8},"end":{"line":101,"column":8}}]},"12":{"line":122,"type":"if","locations":[{"start":{"line":122,"column":8},"end":{"line":122,"column":8}},{"start":{"line":122,"column":8},"end":{"line":122,"column":8}}]},"13":{"line":140,"type":"if","locations":[{"start":{"line":140,"column":8},"end":{"line":140,"column":8}},{"start":{"line":140,"column":8},"end":{"line":140,"column":8}}]},"14":{"line":142,"type":"binary-expr","locations":[{"start":{"line":142,"column":18},"end":{"line":142,"column":31}},{"start":{"line":142,"column":35},"end":{"line":142,"column":51}}]},"15":{"line":143,"type":"binary-expr","locations":[{"start":{"line":143,"column":22},"end":{"line":143,"column":39}},{"start":{"line":143,"column":43},"end":{"line":143,"column":63}}]},"16":{"line":144,"type":"binary-expr","locations":[{"start":{"line":144,"column":18},"end":{"line":144,"column":31}},{"start":{"line":144,"column":35},"end":{"line":144,"column":51}}]},"17":{"line":145,"type":"binary-expr","locations":[{"start":{"line":145,"column":18},"end":{"line":145,"column":31}},{"start":{"line":145,"column":35},"end":{"line":145,"column":51}}]},"18":{"line":146,"type":"binary-expr","locations":[{"start":{"line":146,"column":24},"end":{"line":146,"column":43}},{"start":{"line":146,"column":47},"end":{"line":146,"column":69}}]}}},"C:\\Users\\TUTU GODFREY\\Desktop\\week2\\EventManager\\server\\trans\\models\\index.js":{"path":"C:\\Users\\TUTU GODFREY\\Desktop\\week2\\EventManager\\server\\trans\\models\\index.js","s":{"1":1,"2":1,"3":1,"4":1,"5":1,"6":1,"7":1,"8":1,"9":3,"10":1,"11":1,"12":1,"13":1,"14":1,"15":1,"16":0,"17":1,"18":1,"19":10,"20":4,"21":4,"22":1,"23":4,"24":0,"25":1,"26":1,"27":1},"b":{"1":[0,3],"2":[3,3],"3":[1,1],"4":[0,1],"5":[10,10,9],"6":[0,4]},"f":{"1":3,"2":10,"3":4,"4":4},"fnMap":{"1":{"name":"_interopRequireDefault","line":19,"loc":{"start":{"line":19,"column":0},"end":{"line":19,"column":37}}},"2":{"name":"(anonymous_2)","line":34,"loc":{"start":{"line":34,"column":43},"end":{"line":34,"column":59}}},"3":{"name":"(anonymous_3)","line":36,"loc":{"start":{"line":36,"column":11},"end":{"line":36,"column":27}}},"4":{"name":"(anonymous_4)","line":41,"loc":{"start":{"line":41,"column":24},"end":{"line":41,"column":45}}}},"statementMap":{"1":{"start":{"line":3,"column":0},"end":{"line":5,"column":3}},"2":{"start":{"line":7,"column":0},"end":{"line":7,"column":24}},"3":{"start":{"line":9,"column":0},"end":{"line":9,"column":39}},"4":{"start":{"line":11,"column":0},"end":{"line":11,"column":28}},"5":{"start":{"line":13,"column":0},"end":{"line":13,"column":43}},"6":{"start":{"line":15,"column":0},"end":{"line":15,"column":38}},"7":{"start":{"line":17,"column":0},"end":{"line":17,"column":53}},"8":{"start":{"line":19,"column":0},"end":{"line":19,"column":95}},"9":{"start":{"line":19,"column":39},"end":{"line":19,"column":93}},"10":{"start":{"line":21,"column":0},"end":{"line":21,"column":51}},"11":{"start":{"line":22,"column":0},"end":{"line":22,"column":48}},"12":{"start":{"line":24,"column":0},"end":{"line":24,"column":92}},"13":{"start":{"line":26,"column":0},"end":{"line":26,"column":12}},"14":{"start":{"line":27,"column":0},"end":{"line":27,"column":23}},"15":{"start":{"line":28,"column":0},"end":{"line":32,"column":1}},"16":{"start":{"line":29,"column":2},"end":{"line":29,"column":84}},"17":{"start":{"line":31,"column":2},"end":{"line":31,"column":97}},"18":{"start":{"line":34,"column":0},"end":{"line":39,"column":3}},"19":{"start":{"line":35,"column":2},"end":{"line":35,"column":82}},"20":{"start":{"line":37,"column":2},"end":{"line":37,"column":72}},"21":{"start":{"line":38,"column":2},"end":{"line":38,"column":25}},"22":{"start":{"line":41,"column":0},"end":{"line":45,"column":3}},"23":{"start":{"line":42,"column":2},"end":{"line":44,"column":3}},"24":{"start":{"line":43,"column":4},"end":{"line":43,"column":32}},"25":{"start":{"line":47,"column":0},"end":{"line":47,"column":25}},"26":{"start":{"line":48,"column":0},"end":{"line":48,"column":35}},"27":{"start":{"line":50,"column":0},"end":{"line":50,"column":21}}},"branchMap":{"1":{"line":19,"type":"cond-expr","locations":[{"start":{"line":19,"column":70},"end":{"line":19,"column":73}},{"start":{"line":19,"column":76},"end":{"line":19,"column":92}}]},"2":{"line":19,"type":"binary-expr","locations":[{"start":{"line":19,"column":46},"end":{"line":19,"column":49}},{"start":{"line":19,"column":53},"end":{"line":19,"column":67}}]},"3":{"line":22,"type":"binary-expr","locations":[{"start":{"line":22,"column":10},"end":{"line":22,"column":30}},{"start":{"line":22,"column":34},"end":{"line":22,"column":47}}]},"4":{"line":28,"type":"if","locations":[{"start":{"line":28,"column":0},"end":{"line":28,"column":0}},{"start":{"line":28,"column":0},"end":{"line":28,"column":0}}]},"5":{"line":35,"type":"binary-expr","locations":[{"start":{"line":35,"column":9},"end":{"line":35,"column":32}},{"start":{"line":35,"column":36},"end":{"line":35,"column":53}},{"start":{"line":35,"column":57},"end":{"line":35,"column":81}}]},"6":{"line":42,"type":"if","locations":[{"start":{"line":42,"column":2},"end":{"line":42,"column":2}},{"start":{"line":42,"column":2},"end":{"line":42,"column":2}}]}}},"C:\\Users\\TUTU GODFREY\\Desktop\\week2\\EventManager\\server\\trans\\models\\centers.js":{"path":"C:\\Users\\TUTU GODFREY\\Desktop\\week2\\EventManager\\server\\trans\\models\\centers.js","s":{"1":1,"2":1,"3":1,"4":1},"b":{},"f":{"1":1},"fnMap":{"1":{"name":"(anonymous_1)","line":7,"loc":{"start":{"line":7,"column":18},"end":{"line":7,"column":50}}}},"statementMap":{"1":{"start":{"line":3,"column":0},"end":{"line":5,"column":3}},"2":{"start":{"line":7,"column":0},"end":{"line":32,"column":2}},"3":{"start":{"line":8,"column":2},"end":{"line":29,"column":5}},"4":{"start":{"line":31,"column":2},"end":{"line":31,"column":17}}},"branchMap":{}},"C:\\Users\\TUTU GODFREY\\Desktop\\week2\\EventManager\\server\\trans\\models\\events.js":{"path":"C:\\Users\\TUTU GODFREY\\Desktop\\week2\\EventManager\\server\\trans\\models\\events.js","s":{"1":1,"2":1,"3":1,"4":1},"b":{},"f":{"1":1},"fnMap":{"1":{"name":"(anonymous_1)","line":7,"loc":{"start":{"line":7,"column":18},"end":{"line":7,"column":50}}}},"statementMap":{"1":{"start":{"line":3,"column":0},"end":{"line":5,"column":3}},"2":{"start":{"line":7,"column":0},"end":{"line":27,"column":2}},"3":{"start":{"line":8,"column":2},"end":{"line":25,"column":5}},"4":{"start":{"line":26,"column":2},"end":{"line":26,"column":16}}},"branchMap":{}},"C:\\Users\\TUTU GODFREY\\Desktop\\week2\\EventManager\\server\\trans\\models\\notification.js":{"path":"C:\\Users\\TUTU GODFREY\\Desktop\\week2\\EventManager\\server\\trans\\models\\notification.js","s":{"1":1,"2":1,"3":1,"4":1},"b":{},"f":{"1":1},"fnMap":{"1":{"name":"(anonymous_1)","line":7,"loc":{"start":{"line":7,"column":18},"end":{"line":7,"column":50}}}},"statementMap":{"1":{"start":{"line":3,"column":0},"end":{"line":5,"column":3}},"2":{"start":{"line":7,"column":0},"end":{"line":19,"column":2}},"3":{"start":{"line":8,"column":2},"end":{"line":17,"column":5}},"4":{"start":{"line":18,"column":2},"end":{"line":18,"column":23}}},"branchMap":{}},"C:\\Users\\TUTU GODFREY\\Desktop\\week2\\EventManager\\server\\trans\\models\\users.js":{"path":"C:\\Users\\TUTU GODFREY\\Desktop\\week2\\EventManager\\server\\trans\\models\\users.js","s":{"1":1,"2":1,"3":1,"4":1},"b":{},"f":{"1":1},"fnMap":{"1":{"name":"(anonymous_1)","line":7,"loc":{"start":{"line":7,"column":18},"end":{"line":7,"column":50}}}},"statementMap":{"1":{"start":{"line":3,"column":0},"end":{"line":5,"column":3}},"2":{"start":{"line":7,"column":0},"end":{"line":31,"column":2}},"3":{"start":{"line":8,"column":2},"end":{"line":28,"column":5}},"4":{"start":{"line":30,"column":2},"end":{"line":30,"column":15}}},"branchMap":{}},"C:\\Users\\TUTU GODFREY\\Desktop\\week2\\EventManager\\server\\trans\\controllers\\eventController.js":{"path":"C:\\Users\\TUTU GODFREY\\Desktop\\week2\\EventManager\\server\\trans\\controllers\\eventController.js","s":{"1":1,"2":1,"3":1,"4":1,"5":7,"6":7,"7":7,"8":7,"9":7,"10":7,"11":1,"12":1,"13":1,"14":1,"15":0,"16":1,"17":1,"18":1,"19":1,"20":1,"21":1,"22":1,"23":0,"24":1,"25":1,"26":1,"27":1,"28":1,"29":1,"30":1,"31":0,"32":0,"33":0,"34":0,"35":0,"36":0,"37":0,"38":0,"39":0,"40":0,"41":0,"42":0,"43":0,"44":0,"45":0,"46":0,"47":0,"48":0,"49":0,"50":0,"51":0,"52":0,"53":0,"54":0,"55":0,"56":0,"57":0,"58":0,"59":0,"60":0,"61":0,"62":0,"63":0,"64":0,"65":0,"66":0,"67":0,"68":0,"69":0,"70":0,"71":0,"72":0,"73":0,"74":0,"75":0,"76":0,"77":0,"78":0,"79":0,"80":0,"81":0,"82":0,"83":0,"84":0,"85":0,"86":0,"87":0,"88":1,"89":1},"b":{"1":[7,7],"2":[7,0],"3":[1,0],"4":[0,1],"5":[1,0],"6":[1,1],"7":[0,1],"8":[0,0],"9":[0,0],"10":[0,0],"11":[0,0],"12":[0,0],"13":[0,0],"14":[0,0],"15":[0,0],"16":[0,0],"17":[0,0],"18":[0,0]},"f":{"1":1,"2":1,"3":1,"4":1,"5":1,"6":1,"7":1,"8":0,"9":0,"10":0,"11":0,"12":0,"13":0,"14":0,"15":0,"16":0,"17":0,"18":0,"19":0,"20":0,"21":0,"22":0,"23":0,"24":0,"25":0,"26":0,"27":0,"28":0,"29":0,"30":0,"31":0,"32":0,"33":0,"34":0,"35":0,"36":0,"37":0,"38":0,"39":0},"fnMap":{"1":{"name":"(anonymous_1)","line":7,"loc":{"start":{"line":7,"column":19},"end":{"line":7,"column":31}}},"2":{"name":"defineProperties","line":7,"loc":{"start":{"line":7,"column":33},"end":{"line":7,"column":74}}},"3":{"name":"(anonymous_3)","line":7,"loc":{"start":{"line":7,"column":357},"end":{"line":7,"column":405}}},"4":{"name":"_interopRequireDefault","line":13,"loc":{"start":{"line":13,"column":0},"end":{"line":13,"column":37}}},"5":{"name":"_classCallCheck","line":15,"loc":{"start":{"line":15,"column":0},"end":{"line":15,"column":48}}},"6":{"name":"(anonymous_6)","line":21,"loc":{"start":{"line":21,"column":23},"end":{"line":21,"column":35}}},"7":{"name":"EventsController","line":22,"loc":{"start":{"line":22,"column":2},"end":{"line":22,"column":30}}},"8":{"name":"addEvent","line":30,"loc":{"start":{"line":30,"column":11},"end":{"line":30,"column":39}}},"9":{"name":"(anonymous_9)","line":36,"loc":{"start":{"line":36,"column":14},"end":{"line":36,"column":37}}},"10":{"name":"(anonymous_10)","line":43,"loc":{"start":{"line":43,"column":18},"end":{"line":43,"column":40}}},"11":{"name":"(anonymous_11)","line":50,"loc":{"start":{"line":50,"column":22},"end":{"line":50,"column":39}}},"12":{"name":"(anonymous_12)","line":52,"loc":{"start":{"line":52,"column":23},"end":{"line":52,"column":40}}},"13":{"name":"(anonymous_13)","line":58,"loc":{"start":{"line":58,"column":19},"end":{"line":58,"column":36}}},"14":{"name":"(anonymous_14)","line":64,"loc":{"start":{"line":64,"column":15},"end":{"line":64,"column":32}}},"15":{"name":"updateEvent","line":73,"loc":{"start":{"line":73,"column":11},"end":{"line":73,"column":42}}},"16":{"name":"(anonymous_16)","line":80,"loc":{"start":{"line":80,"column":14},"end":{"line":80,"column":30}}},"17":{"name":"(anonymous_17)","line":87,"loc":{"start":{"line":87,"column":18},"end":{"line":87,"column":35}}},"18":{"name":"(anonymous_18)","line":92,"loc":{"start":{"line":92,"column":22},"end":{"line":92,"column":46}}},"19":{"name":"(anonymous_19)","line":94,"loc":{"start":{"line":94,"column":23},"end":{"line":94,"column":40}}},"20":{"name":"(anonymous_20)","line":100,"loc":{"start":{"line":100,"column":19},"end":{"line":100,"column":36}}},"21":{"name":"(anonymous_21)","line":106,"loc":{"start":{"line":106,"column":15},"end":{"line":106,"column":32}}},"22":{"name":"getCenterEvents","line":115,"loc":{"start":{"line":115,"column":11},"end":{"line":115,"column":46}}},"23":{"name":"(anonymous_23)","line":121,"loc":{"start":{"line":121,"column":14},"end":{"line":121,"column":37}}},"24":{"name":"(anonymous_24)","line":128,"loc":{"start":{"line":128,"column":18},"end":{"line":128,"column":36}}},"25":{"name":"(anonymous_25)","line":134,"loc":{"start":{"line":134,"column":19},"end":{"line":134,"column":36}}},"26":{"name":"(anonymous_26)","line":138,"loc":{"start":{"line":138,"column":15},"end":{"line":138,"column":32}}},"27":{"name":"getUsersEvents","line":147,"loc":{"start":{"line":147,"column":11},"end":{"line":147,"column":45}}},"28":{"name":"(anonymous_28)","line":153,"loc":{"start":{"line":153,"column":14},"end":{"line":153,"column":30}}},"29":{"name":"(anonymous_29)","line":159,"loc":{"start":{"line":159,"column":18},"end":{"line":159,"column":40}}},"30":{"name":"(anonymous_30)","line":165,"loc":{"start":{"line":165,"column":15},"end":{"line":165,"column":32}}},"31":{"name":"getEvents","line":173,"loc":{"start":{"line":173,"column":11},"end":{"line":173,"column":40}}},"32":{"name":"(anonymous_32)","line":174,"loc":{"start":{"line":174,"column":35},"end":{"line":174,"column":53}}},"33":{"name":"(anonymous_33)","line":180,"loc":{"start":{"line":180,"column":15},"end":{"line":180,"column":32}}},"34":{"name":"getEvent","line":189,"loc":{"start":{"line":189,"column":11},"end":{"line":189,"column":39}}},"35":{"name":"(anonymous_35)","line":195,"loc":{"start":{"line":195,"column":14},"end":{"line":195,"column":31}}},"36":{"name":"(anonymous_36)","line":201,"loc":{"start":{"line":201,"column":15},"end":{"line":201,"column":32}}},"37":{"name":"deleteEvent","line":210,"loc":{"start":{"line":210,"column":11},"end":{"line":210,"column":42}}},"38":{"name":"(anonymous_38)","line":216,"loc":{"start":{"line":216,"column":14},"end":{"line":216,"column":31}}},"39":{"name":"(anonymous_39)","line":218,"loc":{"start":{"line":218,"column":15},"end":{"line":218,"column":32}}}},"statementMap":{"1":{"start":{"line":3,"column":0},"end":{"line":5,"column":3}},"2":{"start":{"line":7,"column":0},"end":{"line":7,"column":564}},"3":{"start":{"line":7,"column":33},"end":{"line":7,"column":349}},"4":{"start":{"line":7,"column":76},"end":{"line":7,"column":347}},"5":{"start":{"line":7,"column":117},"end":{"line":7,"column":143}},"6":{"start":{"line":7,"column":144},"end":{"line":7,"column":199}},"7":{"start":{"line":7,"column":200},"end":{"line":7,"column":231}},"8":{"start":{"line":7,"column":232},"end":{"line":7,"column":286}},"9":{"start":{"line":7,"column":259},"end":{"line":7,"column":286}},"10":{"start":{"line":7,"column":287},"end":{"line":7,"column":345}},"11":{"start":{"line":7,"column":350},"end":{"line":7,"column":559}},"12":{"start":{"line":7,"column":407},"end":{"line":7,"column":475}},"13":{"start":{"line":7,"column":423},"end":{"line":7,"column":475}},"14":{"start":{"line":7,"column":476},"end":{"line":7,"column":536}},"15":{"start":{"line":7,"column":493},"end":{"line":7,"column":536}},"16":{"start":{"line":7,"column":537},"end":{"line":7,"column":556}},"17":{"start":{"line":9,"column":0},"end":{"line":9,"column":37}},"18":{"start":{"line":11,"column":0},"end":{"line":11,"column":47}},"19":{"start":{"line":13,"column":0},"end":{"line":13,"column":95}},"20":{"start":{"line":13,"column":39},"end":{"line":13,"column":93}},"21":{"start":{"line":15,"column":0},"end":{"line":15,"column":153}},"22":{"start":{"line":15,"column":50},"end":{"line":15,"column":151}},"23":{"start":{"line":15,"column":92},"end":{"line":15,"column":149}},"24":{"start":{"line":17,"column":0},"end":{"line":17,"column":37}},"25":{"start":{"line":18,"column":0},"end":{"line":18,"column":39}},"26":{"start":{"line":19,"column":0},"end":{"line":19,"column":35}},"27":{"start":{"line":21,"column":0},"end":{"line":225,"column":4}},"28":{"start":{"line":22,"column":2},"end":{"line":24,"column":3}},"29":{"start":{"line":23,"column":4},"end":{"line":23,"column":44}},"30":{"start":{"line":26,"column":2},"end":{"line":222,"column":6}},"31":{"start":{"line":31,"column":6},"end":{"line":31,"column":49}},"32":{"start":{"line":32,"column":6},"end":{"line":66,"column":9}},"33":{"start":{"line":37,"column":8},"end":{"line":63,"column":9}},"34":{"start":{"line":38,"column":10},"end":{"line":60,"column":13}},"35":{"start":{"line":44,"column":12},"end":{"line":57,"column":13}},"36":{"start":{"line":45,"column":14},"end":{"line":54,"column":17}},"37":{"start":{"line":51,"column":16},"end":{"line":51,"column":51}},"38":{"start":{"line":53,"column":16},"end":{"line":53,"column":51}},"39":{"start":{"line":56,"column":14},"end":{"line":56,"column":186}},"40":{"start":{"line":59,"column":12},"end":{"line":59,"column":47}},"41":{"start":{"line":62,"column":10},"end":{"line":62,"column":64}},"42":{"start":{"line":65,"column":8},"end":{"line":65,"column":43}},"43":{"start":{"line":74,"column":6},"end":{"line":74,"column":47}},"44":{"start":{"line":75,"column":6},"end":{"line":75,"column":49}},"45":{"start":{"line":76,"column":6},"end":{"line":108,"column":9}},"46":{"start":{"line":81,"column":8},"end":{"line":105,"column":9}},"47":{"start":{"line":82,"column":10},"end":{"line":102,"column":13}},"48":{"start":{"line":88,"column":12},"end":{"line":99,"column":13}},"49":{"start":{"line":89,"column":14},"end":{"line":96,"column":17}},"50":{"start":{"line":93,"column":16},"end":{"line":93,"column":58}},"51":{"start":{"line":95,"column":16},"end":{"line":95,"column":51}},"52":{"start":{"line":98,"column":14},"end":{"line":98,"column":80}},"53":{"start":{"line":101,"column":12},"end":{"line":101,"column":47}},"54":{"start":{"line":104,"column":10},"end":{"line":104,"column":78}},"55":{"start":{"line":107,"column":8},"end":{"line":107,"column":43}},"56":{"start":{"line":116,"column":6},"end":{"line":116,"column":51}},"57":{"start":{"line":117,"column":6},"end":{"line":140,"column":9}},"58":{"start":{"line":122,"column":8},"end":{"line":122,"column":53}},"59":{"start":{"line":123,"column":8},"end":{"line":137,"column":9}},"60":{"start":{"line":124,"column":10},"end":{"line":136,"column":13}},"61":{"start":{"line":129,"column":12},"end":{"line":133,"column":13}},"62":{"start":{"line":130,"column":14},"end":{"line":130,"column":43}},"63":{"start":{"line":132,"column":14},"end":{"line":132,"column":82}},"64":{"start":{"line":135,"column":12},"end":{"line":135,"column":87}},"65":{"start":{"line":139,"column":8},"end":{"line":139,"column":74}},"66":{"start":{"line":148,"column":6},"end":{"line":148,"column":47}},"67":{"start":{"line":149,"column":6},"end":{"line":167,"column":9}},"68":{"start":{"line":154,"column":8},"end":{"line":164,"column":9}},"69":{"start":{"line":155,"column":10},"end":{"line":161,"column":13}},"70":{"start":{"line":160,"column":12},"end":{"line":160,"column":52}},"71":{"start":{"line":163,"column":10},"end":{"line":163,"column":76}},"72":{"start":{"line":166,"column":8},"end":{"line":166,"column":67}},"73":{"start":{"line":174,"column":6},"end":{"line":182,"column":9}},"74":{"start":{"line":175,"column":8},"end":{"line":179,"column":9}},"75":{"start":{"line":176,"column":10},"end":{"line":176,"column":39}},"76":{"start":{"line":178,"column":10},"end":{"line":178,"column":62}},"77":{"start":{"line":181,"column":8},"end":{"line":181,"column":38}},"78":{"start":{"line":190,"column":6},"end":{"line":190,"column":49}},"79":{"start":{"line":191,"column":6},"end":{"line":203,"column":9}},"80":{"start":{"line":196,"column":8},"end":{"line":200,"column":9}},"81":{"start":{"line":197,"column":10},"end":{"line":197,"column":38}},"82":{"start":{"line":199,"column":10},"end":{"line":199,"column":63}},"83":{"start":{"line":202,"column":8},"end":{"line":202,"column":43}},"84":{"start":{"line":211,"column":6},"end":{"line":211,"column":49}},"85":{"start":{"line":212,"column":6},"end":{"line":220,"column":9}},"86":{"start":{"line":217,"column":8},"end":{"line":217,"column":77}},"87":{"start":{"line":219,"column":8},"end":{"line":219,"column":43}},"88":{"start":{"line":224,"column":2},"end":{"line":224,"column":26}},"89":{"start":{"line":227,"column":0},"end":{"line":227,"column":35}}},"branchMap":{"1":{"line":7,"type":"binary-expr","locations":[{"start":{"line":7,"column":168},"end":{"line":7,"column":189}},{"start":{"line":7,"column":193},"end":{"line":7,"column":198}}]},"2":{"line":7,"type":"if","locations":[{"start":{"line":7,"column":232},"end":{"line":7,"column":232}},{"start":{"line":7,"column":232},"end":{"line":7,"column":232}}]},"3":{"line":7,"type":"if","locations":[{"start":{"line":7,"column":407},"end":{"line":7,"column":407}},{"start":{"line":7,"column":407},"end":{"line":7,"column":407}}]},"4":{"line":7,"type":"if","locations":[{"start":{"line":7,"column":476},"end":{"line":7,"column":476}},{"start":{"line":7,"column":476},"end":{"line":7,"column":476}}]},"5":{"line":13,"type":"cond-expr","locations":[{"start":{"line":13,"column":70},"end":{"line":13,"column":73}},{"start":{"line":13,"column":76},"end":{"line":13,"column":92}}]},"6":{"line":13,"type":"binary-expr","locations":[{"start":{"line":13,"column":46},"end":{"line":13,"column":49}},{"start":{"line":13,"column":53},"end":{"line":13,"column":67}}]},"7":{"line":15,"type":"if","locations":[{"start":{"line":15,"column":50},"end":{"line":15,"column":50}},{"start":{"line":15,"column":50},"end":{"line":15,"column":50}}]},"8":{"line":37,"type":"if","locations":[{"start":{"line":37,"column":8},"end":{"line":37,"column":8}},{"start":{"line":37,"column":8},"end":{"line":37,"column":8}}]},"9":{"line":44,"type":"if","locations":[{"start":{"line":44,"column":12},"end":{"line":44,"column":12}},{"start":{"line":44,"column":12},"end":{"line":44,"column":12}}]},"10":{"line":81,"type":"if","locations":[{"start":{"line":81,"column":8},"end":{"line":81,"column":8}},{"start":{"line":81,"column":8},"end":{"line":81,"column":8}}]},"11":{"line":88,"type":"if","locations":[{"start":{"line":88,"column":12},"end":{"line":88,"column":12}},{"start":{"line":88,"column":12},"end":{"line":88,"column":12}}]},"12":{"line":90,"type":"binary-expr","locations":[{"start":{"line":90,"column":22},"end":{"line":90,"column":35}},{"start":{"line":90,"column":39},"end":{"line":90,"column":49}}]},"13":{"line":91,"type":"binary-expr","locations":[{"start":{"line":91,"column":22},"end":{"line":91,"column":35}},{"start":{"line":91,"column":39},"end":{"line":91,"column":49}}]},"14":{"line":123,"type":"if","locations":[{"start":{"line":123,"column":8},"end":{"line":123,"column":8}},{"start":{"line":123,"column":8},"end":{"line":123,"column":8}}]},"15":{"line":129,"type":"if","locations":[{"start":{"line":129,"column":12},"end":{"line":129,"column":12}},{"start":{"line":129,"column":12},"end":{"line":129,"column":12}}]},"16":{"line":154,"type":"if","locations":[{"start":{"line":154,"column":8},"end":{"line":154,"column":8}},{"start":{"line":154,"column":8},"end":{"line":154,"column":8}}]},"17":{"line":175,"type":"if","locations":[{"start":{"line":175,"column":8},"end":{"line":175,"column":8}},{"start":{"line":175,"column":8},"end":{"line":175,"column":8}}]},"18":{"line":196,"type":"if","locations":[{"start":{"line":196,"column":8},"end":{"line":196,"column":8}},{"start":{"line":196,"column":8},"end":{"line":196,"column":8}}]}}},"C:\\Users\\TUTU GODFREY\\Desktop\\week2\\EventManager\\server\\trans\\controllers\\usersController.js":{"path":"C:\\Users\\TUTU GODFREY\\Desktop\\week2\\EventManager\\server\\trans\\controllers\\usersController.js","s":{"1":1,"2":1,"3":1,"4":1,"5":4,"6":4,"7":4,"8":4,"9":4,"10":4,"11":1,"12":1,"13":1,"14":1,"15":0,"16":1,"17":1,"18":1,"19":1,"20":1,"21":1,"22":1,"23":1,"24":1,"25":1,"26":4,"27":1,"28":1,"29":0,"30":1,"31":1,"32":1,"33":1,"34":1,"35":1,"36":0,"37":0,"38":0,"39":0,"40":0,"41":0,"42":0,"43":0,"44":0,"45":0,"46":0,"47":0,"48":0,"49":0,"50":0,"51":0,"52":0,"53":0,"54":0,"55":0,"56":0,"57":0,"58":0,"59":0,"60":0,"61":0,"62":0,"63":0,"64":0,"65":0,"66":0,"67":0,"68":0,"69":0,"70":0,"71":0,"72":0,"73":0,"74":0,"75":0,"76":1,"77":1},"b":{"1":[4,4],"2":[4,0],"3":[1,0],"4":[0,1],"5":[1,3],"6":[4,4],"7":[0,1],"8":[0,0],"9":[0,0],"10":[0,0],"11":[0,0],"12":[0,0],"13":[0,0],"14":[0,0],"15":[0,0],"16":[0,0]},"f":{"1":1,"2":1,"3":1,"4":4,"5":1,"6":1,"7":1,"8":0,"9":0,"10":0,"11":0,"12":0,"13":0,"14":0,"15":0,"16":0,"17":0,"18":0,"19":0,"20":0,"21":0,"22":0,"23":0,"24":0},"fnMap":{"1":{"name":"(anonymous_1)","line":7,"loc":{"start":{"line":7,"column":19},"end":{"line":7,"column":31}}},"2":{"name":"defineProperties","line":7,"loc":{"start":{"line":7,"column":33},"end":{"line":7,"column":74}}},"3":{"name":"(anonymous_3)","line":7,"loc":{"start":{"line":7,"column":357},"end":{"line":7,"column":405}}},"4":{"name":"_interopRequireDefault","line":26,"loc":{"start":{"line":26,"column":0},"end":{"line":26,"column":37}}},"5":{"name":"_classCallCheck","line":28,"loc":{"start":{"line":28,"column":0},"end":{"line":28,"column":48}}},"6":{"name":"(anonymous_6)","line":33,"loc":{"start":{"line":33,"column":22},"end":{"line":33,"column":34}}},"7":{"name":"UsersController","line":34,"loc":{"start":{"line":34,"column":1},"end":{"line":34,"column":28}}},"8":{"name":"signup","line":42,"loc":{"start":{"line":42,"column":9},"end":{"line":42,"column":35}}},"9":{"name":"(anonymous_9)","line":47,"loc":{"start":{"line":47,"column":11},"end":{"line":47,"column":27}}},"10":{"name":"(anonymous_10)","line":53,"loc":{"start":{"line":53,"column":35},"end":{"line":53,"column":56}}},"11":{"name":"(anonymous_11)","line":54,"loc":{"start":{"line":54,"column":44},"end":{"line":54,"column":65}}},"12":{"name":"(anonymous_12)","line":62,"loc":{"start":{"line":62,"column":16},"end":{"line":62,"column":34}}},"13":{"name":"(anonymous_13)","line":64,"loc":{"start":{"line":64,"column":17},"end":{"line":64,"column":34}}},"14":{"name":"(anonymous_14)","line":77,"loc":{"start":{"line":77,"column":12},"end":{"line":77,"column":29}}},"15":{"name":"signin","line":86,"loc":{"start":{"line":86,"column":9},"end":{"line":86,"column":35}}},"16":{"name":"(anonymous_16)","line":91,"loc":{"start":{"line":91,"column":11},"end":{"line":91,"column":27}}},"17":{"name":"(anonymous_17)","line":107,"loc":{"start":{"line":107,"column":12},"end":{"line":107,"column":29}}},"18":{"name":"getUser","line":115,"loc":{"start":{"line":115,"column":9},"end":{"line":115,"column":36}}},"19":{"name":"(anonymous_19)","line":121,"loc":{"start":{"line":121,"column":11},"end":{"line":121,"column":27}}},"20":{"name":"(anonymous_20)","line":127,"loc":{"start":{"line":127,"column":12},"end":{"line":127,"column":29}}},"21":{"name":"updateUsers","line":133,"loc":{"start":{"line":133,"column":9},"end":{"line":133,"column":40}}},"22":{"name":"(anonymous_22)","line":139,"loc":{"start":{"line":139,"column":11},"end":{"line":139,"column":27}}},"23":{"name":"(anonymous_23)","line":147,"loc":{"start":{"line":147,"column":11},"end":{"line":147,"column":27}}},"24":{"name":"(anonymous_24)","line":149,"loc":{"start":{"line":149,"column":12},"end":{"line":149,"column":29}}}},"statementMap":{"1":{"start":{"line":3,"column":0},"end":{"line":5,"column":3}},"2":{"start":{"line":7,"column":0},"end":{"line":7,"column":564}},"3":{"start":{"line":7,"column":33},"end":{"line":7,"column":349}},"4":{"start":{"line":7,"column":76},"end":{"line":7,"column":347}},"5":{"start":{"line":7,"column":117},"end":{"line":7,"column":143}},"6":{"start":{"line":7,"column":144},"end":{"line":7,"column":199}},"7":{"start":{"line":7,"column":200},"end":{"line":7,"column":231}},"8":{"start":{"line":7,"column":232},"end":{"line":7,"column":286}},"9":{"start":{"line":7,"column":259},"end":{"line":7,"column":286}},"10":{"start":{"line":7,"column":287},"end":{"line":7,"column":345}},"11":{"start":{"line":7,"column":350},"end":{"line":7,"column":559}},"12":{"start":{"line":7,"column":407},"end":{"line":7,"column":475}},"13":{"start":{"line":7,"column":423},"end":{"line":7,"column":475}},"14":{"start":{"line":7,"column":476},"end":{"line":7,"column":536}},"15":{"start":{"line":7,"column":493},"end":{"line":7,"column":536}},"16":{"start":{"line":7,"column":537},"end":{"line":7,"column":556}},"17":{"start":{"line":10,"column":0},"end":{"line":10,"column":32}},"18":{"start":{"line":12,"column":0},"end":{"line":12,"column":47}},"19":{"start":{"line":14,"column":0},"end":{"line":14,"column":44}},"20":{"start":{"line":16,"column":0},"end":{"line":16,"column":59}},"21":{"start":{"line":18,"column":0},"end":{"line":18,"column":32}},"22":{"start":{"line":20,"column":0},"end":{"line":20,"column":47}},"23":{"start":{"line":22,"column":0},"end":{"line":22,"column":37}},"24":{"start":{"line":24,"column":0},"end":{"line":24,"column":47}},"25":{"start":{"line":26,"column":0},"end":{"line":26,"column":95}},"26":{"start":{"line":26,"column":39},"end":{"line":26,"column":93}},"27":{"start":{"line":28,"column":0},"end":{"line":28,"column":153}},"28":{"start":{"line":28,"column":50},"end":{"line":28,"column":151}},"29":{"start":{"line":28,"column":92},"end":{"line":28,"column":149}},"30":{"start":{"line":30,"column":0},"end":{"line":30,"column":35}},"31":{"start":{"line":31,"column":0},"end":{"line":31,"column":26}},"32":{"start":{"line":33,"column":0},"end":{"line":156,"column":4}},"33":{"start":{"line":34,"column":1},"end":{"line":36,"column":2}},"34":{"start":{"line":35,"column":2},"end":{"line":35,"column":41}},"35":{"start":{"line":38,"column":1},"end":{"line":153,"column":5}},"36":{"start":{"line":43,"column":3},"end":{"line":79,"column":6}},"37":{"start":{"line":48,"column":4},"end":{"line":76,"column":5}},"38":{"start":{"line":49,"column":5},"end":{"line":49,"column":36}},"39":{"start":{"line":50,"column":5},"end":{"line":50,"column":36}},"40":{"start":{"line":51,"column":5},"end":{"line":51,"column":25}},"41":{"start":{"line":52,"column":5},"end":{"line":72,"column":6}},"42":{"start":{"line":53,"column":6},"end":{"line":68,"column":9}},"43":{"start":{"line":54,"column":7},"end":{"line":67,"column":10}},"44":{"start":{"line":55,"column":8},"end":{"line":55,"column":22}},"45":{"start":{"line":56,"column":8},"end":{"line":66,"column":11}},"46":{"start":{"line":63,"column":9},"end":{"line":63,"column":45}},"47":{"start":{"line":65,"column":9},"end":{"line":65,"column":44}},"48":{"start":{"line":71,"column":6},"end":{"line":71,"column":67}},"49":{"start":{"line":75,"column":5},"end":{"line":75,"column":86}},"50":{"start":{"line":78,"column":4},"end":{"line":78,"column":39}},"51":{"start":{"line":87,"column":3},"end":{"line":109,"column":6}},"52":{"start":{"line":92,"column":4},"end":{"line":106,"column":5}},"53":{"start":{"line":93,"column":5},"end":{"line":93,"column":35}},"54":{"start":{"line":94,"column":5},"end":{"line":94,"column":40}},"55":{"start":{"line":95,"column":5},"end":{"line":95,"column":38}},"56":{"start":{"line":96,"column":5},"end":{"line":96,"column":80}},"57":{"start":{"line":97,"column":5},"end":{"line":103,"column":6}},"58":{"start":{"line":98,"column":6},"end":{"line":98,"column":39}},"59":{"start":{"line":99,"column":6},"end":{"line":99,"column":118}},"60":{"start":{"line":100,"column":6},"end":{"line":100,"column":45}},"61":{"start":{"line":102,"column":6},"end":{"line":102,"column":67}},"62":{"start":{"line":105,"column":5},"end":{"line":105,"column":71}},"63":{"start":{"line":108,"column":4},"end":{"line":108,"column":39}},"64":{"start":{"line":116,"column":3},"end":{"line":116,"column":44}},"65":{"start":{"line":117,"column":3},"end":{"line":129,"column":6}},"66":{"start":{"line":122,"column":4},"end":{"line":126,"column":5}},"67":{"start":{"line":123,"column":5},"end":{"line":123,"column":32}},"68":{"start":{"line":125,"column":5},"end":{"line":125,"column":57}},"69":{"start":{"line":128,"column":4},"end":{"line":128,"column":39}},"70":{"start":{"line":134,"column":3},"end":{"line":134,"column":44}},"71":{"start":{"line":135,"column":3},"end":{"line":151,"column":6}},"72":{"start":{"line":140,"column":4},"end":{"line":146,"column":5}},"73":{"start":{"line":141,"column":5},"end":{"line":145,"column":8}},"74":{"start":{"line":148,"column":4},"end":{"line":148,"column":38}},"75":{"start":{"line":150,"column":4},"end":{"line":150,"column":39}},"76":{"start":{"line":155,"column":1},"end":{"line":155,"column":24}},"77":{"start":{"line":158,"column":0},"end":{"line":158,"column":34}}},"branchMap":{"1":{"line":7,"type":"binary-expr","locations":[{"start":{"line":7,"column":168},"end":{"line":7,"column":189}},{"start":{"line":7,"column":193},"end":{"line":7,"column":198}}]},"2":{"line":7,"type":"if","locations":[{"start":{"line":7,"column":232},"end":{"line":7,"column":232}},{"start":{"line":7,"column":232},"end":{"line":7,"column":232}}]},"3":{"line":7,"type":"if","locations":[{"start":{"line":7,"column":407},"end":{"line":7,"column":407}},{"start":{"line":7,"column":407},"end":{"line":7,"column":407}}]},"4":{"line":7,"type":"if","locations":[{"start":{"line":7,"column":476},"end":{"line":7,"column":476}},{"start":{"line":7,"column":476},"end":{"line":7,"column":476}}]},"5":{"line":26,"type":"cond-expr","locations":[{"start":{"line":26,"column":70},"end":{"line":26,"column":73}},{"start":{"line":26,"column":76},"end":{"line":26,"column":92}}]},"6":{"line":26,"type":"binary-expr","locations":[{"start":{"line":26,"column":46},"end":{"line":26,"column":49}},{"start":{"line":26,"column":53},"end":{"line":26,"column":67}}]},"7":{"line":28,"type":"if","locations":[{"start":{"line":28,"column":50},"end":{"line":28,"column":50}},{"start":{"line":28,"column":50},"end":{"line":28,"column":50}}]},"8":{"line":48,"type":"if","locations":[{"start":{"line":48,"column":4},"end":{"line":48,"column":4}},{"start":{"line":48,"column":4},"end":{"line":48,"column":4}}]},"9":{"line":52,"type":"if","locations":[{"start":{"line":52,"column":5},"end":{"line":52,"column":5}},{"start":{"line":52,"column":5},"end":{"line":52,"column":5}}]},"10":{"line":92,"type":"if","locations":[{"start":{"line":92,"column":4},"end":{"line":92,"column":4}},{"start":{"line":92,"column":4},"end":{"line":92,"column":4}}]},"11":{"line":97,"type":"if","locations":[{"start":{"line":97,"column":5},"end":{"line":97,"column":5}},{"start":{"line":97,"column":5},"end":{"line":97,"column":5}}]},"12":{"line":122,"type":"if","locations":[{"start":{"line":122,"column":4},"end":{"line":122,"column":4}},{"start":{"line":122,"column":4},"end":{"line":122,"column":4}}]},"13":{"line":140,"type":"if","locations":[{"start":{"line":140,"column":4},"end":{"line":140,"column":4}},{"start":{"line":140,"column":4},"end":{"line":140,"column":4}}]},"14":{"line":142,"type":"binary-expr","locations":[{"start":{"line":142,"column":16},"end":{"line":142,"column":33}},{"start":{"line":142,"column":37},"end":{"line":142,"column":50}}]},"15":{"line":143,"type":"binary-expr","locations":[{"start":{"line":143,"column":16},"end":{"line":143,"column":33}},{"start":{"line":143,"column":37},"end":{"line":143,"column":50}}]},"16":{"line":144,"type":"binary-expr","locations":[{"start":{"line":144,"column":13},"end":{"line":144,"column":27}},{"start":{"line":144,"column":31},"end":{"line":144,"column":41}}]}}},"C:\\Users\\TUTU GODFREY\\Desktop\\week2\\EventManager\\server\\trans\\controllers\\notificationsController.js":{"path":"C:\\Users\\TUTU GODFREY\\Desktop\\week2\\EventManager\\server\\trans\\controllers\\notificationsController.js","s":{"1":1,"2":1,"3":1,"4":1,"5":2,"6":2,"7":2,"8":2,"9":2,"10":2,"11":1,"12":1,"13":1,"14":1,"15":0,"16":1,"17":1,"18":1,"19":1,"20":1,"21":1,"22":1,"23":0,"24":1,"25":1,"26":1,"27":1,"28":1,"29":1,"30":0,"31":0,"32":0,"33":0,"34":0,"35":0,"36":0,"37":0,"38":0,"39":0,"40":0,"41":0,"42":0,"43":0,"44":0,"45":0,"46":0,"47":0,"48":0,"49":0,"50":1,"51":1},"b":{"1":[2,2],"2":[2,0],"3":[1,0],"4":[0,1],"5":[1,0],"6":[1,1],"7":[0,1],"8":[0,0],"9":[0,0],"10":[0,0]},"f":{"1":1,"2":1,"3":1,"4":1,"5":1,"6":1,"7":1,"8":0,"9":0,"10":0,"11":0,"12":0,"13":0,"14":0,"15":0,"16":0,"17":0},"fnMap":{"1":{"name":"(anonymous_1)","line":7,"loc":{"start":{"line":7,"column":19},"end":{"line":7,"column":31}}},"2":{"name":"defineProperties","line":7,"loc":{"start":{"line":7,"column":33},"end":{"line":7,"column":74}}},"3":{"name":"(anonymous_3)","line":7,"loc":{"start":{"line":7,"column":357},"end":{"line":7,"column":405}}},"4":{"name":"_interopRequireDefault","line":13,"loc":{"start":{"line":13,"column":0},"end":{"line":13,"column":37}}},"5":{"name":"_classCallCheck","line":15,"loc":{"start":{"line":15,"column":0},"end":{"line":15,"column":48}}},"6":{"name":"(anonymous_6)","line":20,"loc":{"start":{"line":20,"column":20},"end":{"line":20,"column":32}}},"7":{"name":"Notifications","line":21,"loc":{"start":{"line":21,"column":1},"end":{"line":21,"column":26}}},"8":{"name":"createNotification","line":29,"loc":{"start":{"line":29,"column":9},"end":{"line":29,"column":47}}},"9":{"name":"(anonymous_9)","line":39,"loc":{"start":{"line":39,"column":12},"end":{"line":39,"column":28}}},"10":{"name":"(anonymous_10)","line":45,"loc":{"start":{"line":45,"column":14},"end":{"line":45,"column":33}}},"11":{"name":"(anonymous_11)","line":47,"loc":{"start":{"line":47,"column":15},"end":{"line":47,"column":32}}},"12":{"name":"(anonymous_12)","line":53,"loc":{"start":{"line":53,"column":13},"end":{"line":53,"column":30}}},"13":{"name":"getNotifications","line":60,"loc":{"start":{"line":60,"column":9},"end":{"line":60,"column":45}}},"14":{"name":"(anonymous_14)","line":66,"loc":{"start":{"line":66,"column":11},"end":{"line":66,"column":27}}},"15":{"name":"(anonymous_15)","line":72,"loc":{"start":{"line":72,"column":13},"end":{"line":72,"column":38}}},"16":{"name":"(anonymous_16)","line":74,"loc":{"start":{"line":74,"column":14},"end":{"line":74,"column":31}}},"17":{"name":"(anonymous_17)","line":80,"loc":{"start":{"line":80,"column":12},"end":{"line":80,"column":29}}}},"statementMap":{"1":{"start":{"line":3,"column":0},"end":{"line":5,"column":3}},"2":{"start":{"line":7,"column":0},"end":{"line":7,"column":564}},"3":{"start":{"line":7,"column":33},"end":{"line":7,"column":349}},"4":{"start":{"line":7,"column":76},"end":{"line":7,"column":347}},"5":{"start":{"line":7,"column":117},"end":{"line":7,"column":143}},"6":{"start":{"line":7,"column":144},"end":{"line":7,"column":199}},"7":{"start":{"line":7,"column":200},"end":{"line":7,"column":231}},"8":{"start":{"line":7,"column":232},"end":{"line":7,"column":286}},"9":{"start":{"line":7,"column":259},"end":{"line":7,"column":286}},"10":{"start":{"line":7,"column":287},"end":{"line":7,"column":345}},"11":{"start":{"line":7,"column":350},"end":{"line":7,"column":559}},"12":{"start":{"line":7,"column":407},"end":{"line":7,"column":475}},"13":{"start":{"line":7,"column":423},"end":{"line":7,"column":475}},"14":{"start":{"line":7,"column":476},"end":{"line":7,"column":536}},"15":{"start":{"line":7,"column":493},"end":{"line":7,"column":536}},"16":{"start":{"line":7,"column":537},"end":{"line":7,"column":556}},"17":{"start":{"line":9,"column":0},"end":{"line":9,"column":37}},"18":{"start":{"line":11,"column":0},"end":{"line":11,"column":47}},"19":{"start":{"line":13,"column":0},"end":{"line":13,"column":95}},"20":{"start":{"line":13,"column":39},"end":{"line":13,"column":93}},"21":{"start":{"line":15,"column":0},"end":{"line":15,"column":153}},"22":{"start":{"line":15,"column":50},"end":{"line":15,"column":151}},"23":{"start":{"line":15,"column":92},"end":{"line":15,"column":149}},"24":{"start":{"line":17,"column":0},"end":{"line":17,"column":51}},"25":{"start":{"line":18,"column":0},"end":{"line":18,"column":35}},"26":{"start":{"line":20,"column":0},"end":{"line":89,"column":4}},"27":{"start":{"line":21,"column":1},"end":{"line":23,"column":2}},"28":{"start":{"line":22,"column":2},"end":{"line":22,"column":39}},"29":{"start":{"line":25,"column":1},"end":{"line":86,"column":5}},"30":{"start":{"line":30,"column":3},"end":{"line":30,"column":36}},"31":{"start":{"line":31,"column":3},"end":{"line":56,"column":4}},"32":{"start":{"line":32,"column":4},"end":{"line":32,"column":43}},"33":{"start":{"line":33,"column":4},"end":{"line":33,"column":35}},"34":{"start":{"line":34,"column":4},"end":{"line":55,"column":7}},"35":{"start":{"line":40,"column":5},"end":{"line":52,"column":6}},"36":{"start":{"line":41,"column":6},"end":{"line":41,"column":33}},"37":{"start":{"line":42,"column":6},"end":{"line":49,"column":9}},"38":{"start":{"line":46,"column":7},"end":{"line":46,"column":44}},"39":{"start":{"line":48,"column":7},"end":{"line":48,"column":42}},"40":{"start":{"line":51,"column":6},"end":{"line":51,"column":58}},"41":{"start":{"line":54,"column":5},"end":{"line":54,"column":40}},"42":{"start":{"line":61,"column":3},"end":{"line":61,"column":44}},"43":{"start":{"line":62,"column":3},"end":{"line":82,"column":6}},"44":{"start":{"line":67,"column":4},"end":{"line":79,"column":5}},"45":{"start":{"line":68,"column":5},"end":{"line":76,"column":8}},"46":{"start":{"line":73,"column":6},"end":{"line":73,"column":49}},"47":{"start":{"line":75,"column":6},"end":{"line":75,"column":70}},"48":{"start":{"line":78,"column":5},"end":{"line":78,"column":64}},"49":{"start":{"line":81,"column":4},"end":{"line":81,"column":39}},"50":{"start":{"line":88,"column":1},"end":{"line":88,"column":22}},"51":{"start":{"line":91,"column":0},"end":{"line":91,"column":32}}},"branchMap":{"1":{"line":7,"type":"binary-expr","locations":[{"start":{"line":7,"column":168},"end":{"line":7,"column":189}},{"start":{"line":7,"column":193},"end":{"line":7,"column":198}}]},"2":{"line":7,"type":"if","locations":[{"start":{"line":7,"column":232},"end":{"line":7,"column":232}},{"start":{"line":7,"column":232},"end":{"line":7,"column":232}}]},"3":{"line":7,"type":"if","locations":[{"start":{"line":7,"column":407},"end":{"line":7,"column":407}},{"start":{"line":7,"column":407},"end":{"line":7,"column":407}}]},"4":{"line":7,"type":"if","locations":[{"start":{"line":7,"column":476},"end":{"line":7,"column":476}},{"start":{"line":7,"column":476},"end":{"line":7,"column":476}}]},"5":{"line":13,"type":"cond-expr","locations":[{"start":{"line":13,"column":70},"end":{"line":13,"column":73}},{"start":{"line":13,"column":76},"end":{"line":13,"column":92}}]},"6":{"line":13,"type":"binary-expr","locations":[{"start":{"line":13,"column":46},"end":{"line":13,"column":49}},{"start":{"line":13,"column":53},"end":{"line":13,"column":67}}]},"7":{"line":15,"type":"if","locations":[{"start":{"line":15,"column":50},"end":{"line":15,"column":50}},{"start":{"line":15,"column":50},"end":{"line":15,"column":50}}]},"8":{"line":31,"type":"if","locations":[{"start":{"line":31,"column":3},"end":{"line":31,"column":3}},{"start":{"line":31,"column":3},"end":{"line":31,"column":3}}]},"9":{"line":40,"type":"if","locations":[{"start":{"line":40,"column":5},"end":{"line":40,"column":5}},{"start":{"line":40,"column":5},"end":{"line":40,"column":5}}]},"10":{"line":67,"type":"if","locations":[{"start":{"line":67,"column":4},"end":{"line":67,"column":4}},{"start":{"line":67,"column":4},"end":{"line":67,"column":4}}]}}}}