TN:
SF:C:\Users\TUTU GODFREY\Desktop\week2\EventManager\server\trans\app.js
FN:7,(anonymous_1)
FN:7,defineProperties
FN:7,(anonymous_3)
FN:31,_interopRequireDefault
FN:33,_classCallCheck
FN:40,(anonymous_6)
FN:41,Server
FN:52,expressServer
FNF:8
FNH:8
FNDA:1,(anonymous_1)
FNDA:1,defineProperties
FNDA:1,(anonymous_3)
FNDA:5,_interopRequireDefault
FNDA:1,_classCallCheck
FNDA:1,(anonymous_6)
FNDA:1,Server
FNDA:1,expressServer
DA:3,1
DA:7,1
DA:11,1
DA:13,1
DA:15,1
DA:17,1
DA:19,1
DA:21,1
DA:23,1
DA:25,1
DA:27,1
DA:29,1
DA:31,5
DA:33,1
DA:36,1
DA:40,1
DA:41,1
DA:42,1
DA:44,1
DA:45,1
DA:46,1
DA:47,1
DA:50,1
DA:53,1
DA:54,1
DA:55,1
DA:57,1
DA:58,1
DA:62,1
DA:65,1
LF:30
LH:30
BRDA:7,1,0,1
BRDA:7,1,1,1
BRDA:7,2,0,1
BRDA:7,2,1,0
BRDA:7,3,0,1
BRDA:7,3,1,0
BRDA:7,4,0,0
BRDA:7,4,1,1
BRDA:31,5,0,1
BRDA:31,5,1,4
BRDA:31,6,0,5
BRDA:31,6,1,5
BRDA:33,7,0,0
BRDA:33,7,1,1
BRF:14
BRH:10
end_of_record
TN:
SF:C:\Users\TUTU GODFREY\Desktop\week2\EventManager\server\trans\routes\index.js
FN:7,(anonymous_1)
FN:7,defineProperties
FN:7,(anonymous_3)
FN:39,_interopRequireDefault
FN:41,_classCallCheck
FN:48,(anonymous_6)
FN:49,Routes
FN:60,routes
FN:61,(anonymous_9)
FN:70,(anonymous_10)
FN:74,(anonymous_11)
FNF:11
FNH:8
FNDA:1,(anonymous_1)
FNDA:1,defineProperties
FNDA:1,(anonymous_3)
FNDA:7,_interopRequireDefault
FNDA:1,_classCallCheck
FNDA:1,(anonymous_6)
FNDA:1,Routes
FNDA:1,routes
FNDA:0,(anonymous_9)
FNDA:0,(anonymous_10)
FNDA:0,(anonymous_11)
DA:3,1
DA:7,1
DA:11,1
DA:13,1
DA:15,1
DA:17,1
DA:19,1
DA:21,1
DA:23,1
DA:25,1
DA:27,1
DA:29,1
DA:31,1
DA:33,1
DA:35,1
DA:37,1
DA:39,7
DA:41,1
DA:43,1
DA:44,1
DA:45,1
DA:46,1
DA:47,1
DA:48,1
DA:49,1
DA:50,1
DA:52,1
DA:53,1
DA:54,1
DA:55,1
DA:58,1
DA:61,1
DA:62,0
DA:66,1
DA:67,1
DA:68,1
DA:70,1
DA:71,0
DA:72,0
DA:73,0
DA:74,0
DA:75,0
DA:76,0
DA:78,0
DA:82,0
DA:86,1
DA:87,1
DA:88,1
DA:89,1
DA:90,1
DA:91,1
DA:92,1
DA:93,1
DA:96,1
DA:97,1
DA:98,1
DA:99,1
DA:100,1
DA:101,1
DA:102,1
DA:105,1
DA:106,1
DA:110,1
DA:113,1
LF:64
LH:55
BRDA:7,1,0,1
BRDA:7,1,1,1
BRDA:7,2,0,1
BRDA:7,2,1,0
BRDA:7,3,0,1
BRDA:7,3,1,0
BRDA:7,4,0,0
BRDA:7,4,1,1
BRDA:39,5,0,4
BRDA:39,5,1,3
BRDA:39,6,0,7
BRDA:39,6,1,7
BRDA:41,7,0,0
BRDA:41,7,1,1
BRDA:71,8,0,0
BRDA:71,8,1,0
BRDA:73,9,0,0
BRDA:73,9,1,0
BRDA:75,10,0,0
BRDA:75,10,1,0
BRF:20
BRH:10
end_of_record
TN:
SF:C:\Users\TUTU GODFREY\Desktop\week2\EventManager\server\trans\controllers\eventCenterController.js
FN:7,(anonymous_1)
FN:7,defineProperties
FN:7,(anonymous_3)
FN:13,_interopRequireDefault
FN:15,_classCallCheck
FN:19,(anonymous_6)
FN:20,EventCenterController
FN:28,addEventCenter
FN:33,(anonymous_9)
FN:42,(anonymous_10)
FN:44,(anonymous_11)
FN:50,(anonymous_12)
FN:59,getEventCenters
FN:60,(anonymous_14)
FN:64,(anonymous_15)
FN:74,getEventCenter
FN:80,(anonymous_17)
FN:84,(anonymous_18)
FN:95,getCenterByName
FN:100,(anonymous_20)
FN:106,(anonymous_21)
FN:116,getCenterByLocation
FN:121,(anonymous_23)
FN:125,(anonymous_24)
FN:133,updateEventCenter
FN:139,(anonymous_26)
FN:147,(anonymous_27)
FN:153,(anonymous_28)
FNF:28
FNH:7
FNDA:1,(anonymous_1)
FNDA:1,defineProperties
FNDA:1,(anonymous_3)
FNDA:1,_interopRequireDefault
FNDA:1,_classCallCheck
FNDA:1,(anonymous_6)
FNDA:1,EventCenterController
FNDA:0,addEventCenter
FNDA:0,(anonymous_9)
FNDA:0,(anonymous_10)
FNDA:0,(anonymous_11)
FNDA:0,(anonymous_12)
FNDA:0,getEventCenters
FNDA:0,(anonymous_14)
FNDA:0,(anonymous_15)
FNDA:0,getEventCenter
FNDA:0,(anonymous_17)
FNDA:0,(anonymous_18)
FNDA:0,getCenterByName
FNDA:0,(anonymous_20)
FNDA:0,(anonymous_21)
FNDA:0,getCenterByLocation
FNDA:0,(anonymous_23)
FNDA:0,(anonymous_24)
FNDA:0,updateEventCenter
FNDA:0,(anonymous_26)
FNDA:0,(anonymous_27)
FNDA:0,(anonymous_28)
DA:3,1
DA:7,6
DA:9,1
DA:11,1
DA:13,1
DA:15,1
DA:17,1
DA:19,1
DA:20,1
DA:21,1
DA:24,1
DA:29,0
DA:34,0
DA:35,0
DA:36,0
DA:43,0
DA:45,0
DA:48,0
DA:51,0
DA:60,0
DA:61,0
DA:62,0
DA:65,0
DA:75,0
DA:76,0
DA:81,0
DA:82,0
DA:85,0
DA:96,0
DA:101,0
DA:102,0
DA:104,0
DA:107,0
DA:117,0
DA:122,0
DA:123,0
DA:126,0
DA:134,0
DA:135,0
DA:140,0
DA:141,0
DA:148,0
DA:151,0
DA:154,0
DA:159,1
DA:161,1
LF:46
LH:13
BRDA:7,1,0,6
BRDA:7,1,1,6
BRDA:7,2,0,6
BRDA:7,2,1,0
BRDA:7,3,0,1
BRDA:7,3,1,0
BRDA:7,4,0,0
BRDA:7,4,1,1
BRDA:13,5,0,1
BRDA:13,5,1,0
BRDA:13,6,0,1
BRDA:13,6,1,1
BRDA:15,7,0,0
BRDA:15,7,1,1
BRDA:34,8,0,0
BRDA:34,8,1,0
BRDA:61,9,0,0
BRDA:61,9,1,0
BRDA:81,10,0,0
BRDA:81,10,1,0
BRDA:101,11,0,0
BRDA:101,11,1,0
BRDA:122,12,0,0
BRDA:122,12,1,0
BRDA:140,13,0,0
BRDA:140,13,1,0
BRDA:142,14,0,0
BRDA:142,14,1,0
BRDA:143,15,0,0
BRDA:143,15,1,0
BRDA:144,16,0,0
BRDA:144,16,1,0
BRDA:145,17,0,0
BRDA:145,17,1,0
BRDA:146,18,0,0
BRDA:146,18,1,0
BRF:36
BRH:9
end_of_record
TN:
SF:C:\Users\TUTU GODFREY\Desktop\week2\EventManager\server\trans\models\index.js
FN:19,_interopRequireDefault
FN:34,(anonymous_2)
FN:36,(anonymous_3)
FN:41,(anonymous_4)
FNF:4
FNH:4
FNDA:3,_interopRequireDefault
FNDA:10,(anonymous_2)
FNDA:4,(anonymous_3)
FNDA:4,(anonymous_4)
DA:3,1
DA:7,1
DA:9,1
DA:11,1
DA:13,1
DA:15,1
DA:17,1
DA:19,3
DA:21,1
DA:22,1
DA:24,1
DA:26,1
DA:27,1
DA:28,1
DA:29,0
DA:31,1
DA:34,1
DA:35,10
DA:37,4
DA:38,4
DA:41,1
DA:42,4
DA:43,0
DA:47,1
DA:48,1
DA:50,1
LF:26
LH:24
BRDA:19,1,0,0
BRDA:19,1,1,3
BRDA:19,2,0,3
BRDA:19,2,1,3
BRDA:22,3,0,1
BRDA:22,3,1,1
BRDA:28,4,0,0
BRDA:28,4,1,1
BRDA:35,5,0,10
BRDA:35,5,1,10
BRDA:35,5,2,9
BRDA:42,6,0,0
BRDA:42,6,1,4
BRF:13
BRH:10
end_of_record
TN:
SF:C:\Users\TUTU GODFREY\Desktop\week2\EventManager\server\trans\models\centers.js
FN:7,(anonymous_1)
FNF:1
FNH:1
FNDA:1,(anonymous_1)
DA:3,1
DA:7,1
DA:8,1
DA:31,1
LF:4
LH:4
BRF:0
BRH:0
end_of_record
TN:
SF:C:\Users\TUTU GODFREY\Desktop\week2\EventManager\server\trans\models\events.js
FN:7,(anonymous_1)
FNF:1
FNH:1
FNDA:1,(anonymous_1)
DA:3,1
DA:7,1
DA:8,1
DA:26,1
LF:4
LH:4
BRF:0
BRH:0
end_of_record
TN:
SF:C:\Users\TUTU GODFREY\Desktop\week2\EventManager\server\trans\models\notification.js
FN:7,(anonymous_1)
FNF:1
FNH:1
FNDA:1,(anonymous_1)
DA:3,1
DA:7,1
DA:8,1
DA:18,1
LF:4
LH:4
BRF:0
BRH:0
end_of_record
TN:
SF:C:\Users\TUTU GODFREY\Desktop\week2\EventManager\server\trans\models\users.js
FN:7,(anonymous_1)
FNF:1
FNH:1
FNDA:1,(anonymous_1)
DA:3,1
DA:7,1
DA:8,1
DA:30,1
LF:4
LH:4
BRF:0
BRH:0
end_of_record
TN:
SF:C:\Users\TUTU GODFREY\Desktop\week2\EventManager\server\trans\controllers\eventController.js
FN:7,(anonymous_1)
FN:7,defineProperties
FN:7,(anonymous_3)
FN:13,_interopRequireDefault
FN:15,_classCallCheck
FN:21,(anonymous_6)
FN:22,EventsController
FN:30,addEvent
FN:36,(anonymous_9)
FN:43,(anonymous_10)
FN:50,(anonymous_11)
FN:52,(anonymous_12)
FN:58,(anonymous_13)
FN:64,(anonymous_14)
FN:73,updateEvent
FN:80,(anonymous_16)
FN:87,(anonymous_17)
FN:92,(anonymous_18)
FN:94,(anonymous_19)
FN:100,(anonymous_20)
FN:106,(anonymous_21)
FN:115,getCenterEvents
FN:121,(anonymous_23)
FN:128,(anonymous_24)
FN:134,(anonymous_25)
FN:138,(anonymous_26)
FN:147,getUsersEvents
FN:153,(anonymous_28)
FN:159,(anonymous_29)
FN:165,(anonymous_30)
FN:173,getEvents
FN:174,(anonymous_32)
FN:180,(anonymous_33)
FN:189,getEvent
FN:195,(anonymous_35)
FN:201,(anonymous_36)
FN:210,deleteEvent
FN:216,(anonymous_38)
FN:218,(anonymous_39)
FNF:39
FNH:7
FNDA:1,(anonymous_1)
FNDA:1,defineProperties
FNDA:1,(anonymous_3)
FNDA:1,_interopRequireDefault
FNDA:1,_classCallCheck
FNDA:1,(anonymous_6)
FNDA:1,EventsController
FNDA:0,addEvent
FNDA:0,(anonymous_9)
FNDA:0,(anonymous_10)
FNDA:0,(anonymous_11)
FNDA:0,(anonymous_12)
FNDA:0,(anonymous_13)
FNDA:0,(anonymous_14)
FNDA:0,updateEvent
FNDA:0,(anonymous_16)
FNDA:0,(anonymous_17)
FNDA:0,(anonymous_18)
FNDA:0,(anonymous_19)
FNDA:0,(anonymous_20)
FNDA:0,(anonymous_21)
FNDA:0,getCenterEvents
FNDA:0,(anonymous_23)
FNDA:0,(anonymous_24)
FNDA:0,(anonymous_25)
FNDA:0,(anonymous_26)
FNDA:0,getUsersEvents
FNDA:0,(anonymous_28)
FNDA:0,(anonymous_29)
FNDA:0,(anonymous_30)
FNDA:0,getEvents
FNDA:0,(anonymous_32)
FNDA:0,(anonymous_33)
FNDA:0,getEvent
FNDA:0,(anonymous_35)
FNDA:0,(anonymous_36)
FNDA:0,deleteEvent
FNDA:0,(anonymous_38)
FNDA:0,(anonymous_39)
DA:3,1
DA:7,7
DA:9,1
DA:11,1
DA:13,1
DA:15,1
DA:17,1
DA:18,1
DA:19,1
DA:21,1
DA:22,1
DA:23,1
DA:26,1
DA:31,0
DA:32,0
DA:37,0
DA:38,0
DA:44,0
DA:45,0
DA:51,0
DA:53,0
DA:56,0
DA:59,0
DA:62,0
DA:65,0
DA:74,0
DA:75,0
DA:76,0
DA:81,0
DA:82,0
DA:88,0
DA:89,0
DA:93,0
DA:95,0
DA:98,0
DA:101,0
DA:104,0
DA:107,0
DA:116,0
DA:117,0
DA:122,0
DA:123,0
DA:124,0
DA:129,0
DA:130,0
DA:132,0
DA:135,0
DA:139,0
DA:148,0
DA:149,0
DA:154,0
DA:155,0
DA:160,0
DA:163,0
DA:166,0
DA:174,0
DA:175,0
DA:176,0
DA:178,0
DA:181,0
DA:190,0
DA:191,0
DA:196,0
DA:197,0
DA:199,0
DA:202,0
DA:211,0
DA:212,0
DA:217,0
DA:219,0
DA:224,1
DA:227,1
LF:72
LH:15
BRDA:7,1,0,7
BRDA:7,1,1,7
BRDA:7,2,0,7
BRDA:7,2,1,0
BRDA:7,3,0,1
BRDA:7,3,1,0
BRDA:7,4,0,0
BRDA:7,4,1,1
BRDA:13,5,0,1
BRDA:13,5,1,0
BRDA:13,6,0,1
BRDA:13,6,1,1
BRDA:15,7,0,0
BRDA:15,7,1,1
BRDA:37,8,0,0
BRDA:37,8,1,0
BRDA:44,9,0,0
BRDA:44,9,1,0
BRDA:81,10,0,0
BRDA:81,10,1,0
BRDA:88,11,0,0
BRDA:88,11,1,0
BRDA:90,12,0,0
BRDA:90,12,1,0
BRDA:91,13,0,0
BRDA:91,13,1,0
BRDA:123,14,0,0
BRDA:123,14,1,0
BRDA:129,15,0,0
BRDA:129,15,1,0
BRDA:154,16,0,0
BRDA:154,16,1,0
BRDA:175,17,0,0
BRDA:175,17,1,0
BRDA:196,18,0,0
BRDA:196,18,1,0
BRF:36
BRH:9
end_of_record
TN:
SF:C:\Users\TUTU GODFREY\Desktop\week2\EventManager\server\trans\controllers\usersController.js
FN:7,(anonymous_1)
FN:7,defineProperties
FN:7,(anonymous_3)
FN:26,_interopRequireDefault
FN:28,_classCallCheck
FN:33,(anonymous_6)
FN:34,UsersController
FN:42,signup
FN:47,(anonymous_9)
FN:53,(anonymous_10)
FN:54,(anonymous_11)
FN:62,(anonymous_12)
FN:64,(anonymous_13)
FN:77,(anonymous_14)
FN:86,signin
FN:91,(anonymous_16)
FN:107,(anonymous_17)
FN:115,getUser
FN:121,(anonymous_19)
FN:127,(anonymous_20)
FN:133,updateUsers
FN:139,(anonymous_22)
FN:147,(anonymous_23)
FN:149,(anonymous_24)
FNF:24
FNH:7
FNDA:1,(anonymous_1)
FNDA:1,defineProperties
FNDA:1,(anonymous_3)
FNDA:4,_interopRequireDefault
FNDA:1,_classCallCheck
FNDA:1,(anonymous_6)
FNDA:1,UsersController
FNDA:0,signup
FNDA:0,(anonymous_9)
FNDA:0,(anonymous_10)
FNDA:0,(anonymous_11)
FNDA:0,(anonymous_12)
FNDA:0,(anonymous_13)
FNDA:0,(anonymous_14)
FNDA:0,signin
FNDA:0,(anonymous_16)
FNDA:0,(anonymous_17)
FNDA:0,getUser
FNDA:0,(anonymous_19)
FNDA:0,(anonymous_20)
FNDA:0,updateUsers
FNDA:0,(anonymous_22)
FNDA:0,(anonymous_23)
FNDA:0,(anonymous_24)
DA:3,1
DA:7,4
DA:10,1
DA:12,1
DA:14,1
DA:16,1
DA:18,1
DA:20,1
DA:22,1
DA:24,1
DA:26,4
DA:28,1
DA:30,1
DA:31,1
DA:33,1
DA:34,1
DA:35,1
DA:38,1
DA:43,0
DA:48,0
DA:49,0
DA:50,0
DA:51,0
DA:52,0
DA:53,0
DA:54,0
DA:55,0
DA:56,0
DA:63,0
DA:65,0
DA:71,0
DA:75,0
DA:78,0
DA:87,0
DA:92,0
DA:93,0
DA:94,0
DA:95,0
DA:96,0
DA:97,0
DA:98,0
DA:99,0
DA:100,0
DA:102,0
DA:105,0
DA:108,0
DA:116,0
DA:117,0
DA:122,0
DA:123,0
DA:125,0
DA:128,0
DA:134,0
DA:135,0
DA:140,0
DA:141,0
DA:148,0
DA:150,0
DA:155,1
DA:158,1
LF:60
LH:20
BRDA:7,1,0,4
BRDA:7,1,1,4
BRDA:7,2,0,4
BRDA:7,2,1,0
BRDA:7,3,0,1
BRDA:7,3,1,0
BRDA:7,4,0,0
BRDA:7,4,1,1
BRDA:26,5,0,1
BRDA:26,5,1,3
BRDA:26,6,0,4
BRDA:26,6,1,4
BRDA:28,7,0,0
BRDA:28,7,1,1
BRDA:48,8,0,0
BRDA:48,8,1,0
BRDA:52,9,0,0
BRDA:52,9,1,0
BRDA:92,10,0,0
BRDA:92,10,1,0
BRDA:97,11,0,0
BRDA:97,11,1,0
BRDA:122,12,0,0
BRDA:122,12,1,0
BRDA:140,13,0,0
BRDA:140,13,1,0
BRDA:142,14,0,0
BRDA:142,14,1,0
BRDA:143,15,0,0
BRDA:143,15,1,0
BRDA:144,16,0,0
BRDA:144,16,1,0
BRF:32
BRH:10
end_of_record
TN:
SF:C:\Users\TUTU GODFREY\Desktop\week2\EventManager\server\trans\controllers\notificationsController.js
FN:7,(anonymous_1)
FN:7,defineProperties
FN:7,(anonymous_3)
FN:13,_interopRequireDefault
FN:15,_classCallCheck
FN:20,(anonymous_6)
FN:21,Notifications
FN:29,createNotification
FN:39,(anonymous_9)
FN:45,(anonymous_10)
FN:47,(anonymous_11)
FN:53,(anonymous_12)
FN:60,getNotifications
FN:66,(anonymous_14)
FN:72,(anonymous_15)
FN:74,(anonymous_16)
FN:80,(anonymous_17)
FNF:17
FNH:7
FNDA:1,(anonymous_1)
FNDA:1,defineProperties
FNDA:1,(anonymous_3)
FNDA:1,_interopRequireDefault
FNDA:1,_classCallCheck
FNDA:1,(anonymous_6)
FNDA:1,Notifications
FNDA:0,createNotification
FNDA:0,(anonymous_9)
FNDA:0,(anonymous_10)
FNDA:0,(anonymous_11)
FNDA:0,(anonymous_12)
FNDA:0,getNotifications
FNDA:0,(anonymous_14)
FNDA:0,(anonymous_15)
FNDA:0,(anonymous_16)
FNDA:0,(anonymous_17)
DA:3,1
DA:7,2
DA:9,1
DA:11,1
DA:13,1
DA:15,1
DA:17,1
DA:18,1
DA:20,1
DA:21,1
DA:22,1
DA:25,1
DA:30,0
DA:31,0
DA:32,0
DA:33,0
DA:34,0
DA:40,0
DA:41,0
DA:42,0
DA:46,0
DA:48,0
DA:51,0
DA:54,0
DA:61,0
DA:62,0
DA:67,0
DA:68,0
DA:73,0
DA:75,0
DA:78,0
DA:81,0
DA:88,1
DA:91,1
LF:34
LH:14
BRDA:7,1,0,2
BRDA:7,1,1,2
BRDA:7,2,0,2
BRDA:7,2,1,0
BRDA:7,3,0,1
BRDA:7,3,1,0
BRDA:7,4,0,0
BRDA:7,4,1,1
BRDA:13,5,0,1
BRDA:13,5,1,0
BRDA:13,6,0,1
BRDA:13,6,1,1
BRDA:15,7,0,0
BRDA:15,7,1,1
BRDA:31,8,0,0
BRDA:31,8,1,0
BRDA:40,9,0,0
BRDA:40,9,1,0
BRDA:67,10,0,0
BRDA:67,10,1,0
BRF:20
BRH:9
end_of_record
